2018-07-29 13:56:48,189 INFO <function database_to_datarepo at 0x09D04ED0>: 0.5977 seconds.
2018-07-29 13:56:48,985 INFO <function database_to_datarepo at 0x09D04ED0>: 0.7951 seconds.
2018-07-29 13:56:49,816 INFO <function database_to_datarepo at 0x09D04ED0>: 0.8309 seconds.
2018-07-29 13:56:50,767 INFO <function database_to_datarepo at 0x09D04ED0>: 0.95 seconds.
2018-07-29 13:56:51,641 INFO <function database_to_datarepo at 0x09D04ED0>: 0.8737 seconds.
2018-07-29 13:56:52,086 INFO <function database_to_datarepo at 0x09D04ED0>: 0.4445 seconds.
2018-07-29 13:56:53,265 INFO <function database_to_datarepo at 0x09D04ED0>: 1.1773 seconds.
2018-07-29 13:56:53,893 INFO <function database_to_datarepo at 0x09D04ED0>: 0.6205 seconds.
2018-07-29 13:56:55,043 INFO <function database_to_datarepo at 0x09D04ED0>: 1.1497 seconds.
2018-07-29 13:56:55,849 INFO <function database_to_datarepo at 0x09D04ED0>: 0.805 seconds.
2018-07-29 13:56:56,604 INFO <function database_to_datarepo at 0x09D04ED0>: 0.7544 seconds.
2018-07-29 13:56:57,557 INFO <function database_to_datarepo at 0x09D04ED0>: 0.9534 seconds.
2018-07-29 13:56:57,559 INFO make a entry trade
2018-07-29 13:56:57,560 INFO make a exit trade
2018-07-29 13:56:57,560 INFO profit is 0.2765399999999971
2018-07-29 13:56:57,562 INFO make a entry trade
2018-07-29 13:56:57,562 INFO make a exit trade
2018-07-29 13:56:57,563 INFO profit is 0.5408799999999871
2018-07-29 13:56:57,564 INFO make a entry trade
2018-07-29 13:56:57,565 INFO make a exit trade
2018-07-29 13:56:57,566 INFO profit is 0.7175399999999854
2018-07-29 13:56:57,567 INFO make a entry trade
2018-07-29 13:56:57,567 INFO make a exit trade
2018-07-29 13:56:57,568 INFO profit is 0.2375200000000035
2018-07-29 13:56:57,569 INFO make a entry trade
2018-07-29 13:56:57,570 INFO make a exit trade
2018-07-29 13:56:57,570 INFO profit is 0.40611999999998716
2018-07-29 13:56:57,572 INFO make a entry trade
2018-07-29 13:56:57,573 INFO make a exit trade
2018-07-29 13:56:57,573 INFO profit is 0.5029400000000095
2018-07-29 13:56:57,574 INFO make a entry trade
2018-07-29 13:56:57,575 INFO make a exit trade
2018-07-29 13:56:57,576 INFO profit is 0.2864399999999989
2018-07-29 13:56:57,579 INFO make a entry trade
2018-07-29 13:56:57,579 INFO make a exit trade
2018-07-29 13:56:57,580 INFO profit is 0.45253999999999905
2018-07-29 13:56:57,581 INFO make a entry trade
2018-07-29 13:56:57,581 INFO make a exit trade
2018-07-29 13:56:57,582 INFO profit is 0.3102399999999932
2018-07-29 13:56:57,583 INFO make a entry trade
2018-07-29 13:56:57,584 INFO make a exit trade
2018-07-29 13:56:57,584 INFO profit is 0.3174800000000033
2018-07-29 13:56:57,585 INFO make a entry trade
2018-07-29 13:56:57,586 INFO make a exit trade
2018-07-29 13:56:57,587 INFO profit is 0.44811999999998875
2018-07-29 13:56:57,588 INFO make a entry trade
2018-07-29 13:56:57,589 INFO make a exit trade
2018-07-29 13:56:57,589 INFO profit is 0.25411999999998613
2018-07-29 13:56:57,590 INFO make a entry trade
2018-07-29 13:56:57,591 INFO make a exit trade
2018-07-29 13:56:57,591 INFO profit is 0.3911199999999866
2018-07-29 13:56:57,592 INFO make a entry trade
2018-07-29 13:56:57,593 INFO make a exit trade
2018-07-29 13:56:57,594 INFO profit is 0.45861999999999625
2018-07-29 13:56:57,595 INFO make a entry trade
2018-07-29 13:56:57,595 INFO make a exit trade
2018-07-29 13:56:57,596 INFO profit is 0.35300000000000864
2018-07-29 13:56:57,598 INFO make a entry trade
2018-07-29 13:56:57,598 INFO make a exit trade
2018-07-29 13:56:57,599 INFO profit is 0.4193000000000069
2018-07-29 13:56:57,600 INFO make a entry trade
2018-07-29 13:56:57,600 INFO make a exit trade
2018-07-29 13:56:57,601 INFO profit is 0.32929999999998927
2018-07-29 13:56:57,602 INFO make a entry trade
2018-07-29 13:56:57,603 INFO make a exit trade
2018-07-29 13:56:57,604 INFO profit is 0.40630000000000166
2018-07-29 13:56:57,606 INFO make a entry trade
2018-07-29 13:56:57,607 INFO make a exit trade
2018-07-29 13:56:57,608 INFO profit is 1.2036999999999978
2018-07-29 13:56:57,611 INFO make a entry trade
2018-07-29 13:56:57,612 INFO make a exit trade
2018-07-29 13:56:57,612 INFO profit is 0.9038000000000181
2018-07-29 13:56:57,614 INFO make a entry trade
2018-07-29 13:56:57,615 INFO make a exit trade
2018-07-29 13:56:57,616 INFO profit is 1.0062000000000069
2018-07-29 13:56:57,620 INFO make a entry trade
2018-07-29 13:56:57,622 INFO make a exit trade
2018-07-29 13:56:57,623 INFO profit is 0.3718599999999981
2018-07-29 13:56:57,624 INFO make a entry trade
2018-07-29 13:56:57,624 INFO make a exit trade
2018-07-29 13:56:57,625 INFO profit is 0.3332799999999878
2018-07-29 13:56:57,626 INFO make a entry trade
2018-07-29 13:56:57,627 INFO make a exit trade
2018-07-29 13:56:57,628 INFO profit is 0.17900000000001626
2018-07-29 13:56:57,629 INFO make a entry trade
2018-07-29 13:56:57,630 INFO make a exit trade
2018-07-29 13:56:57,630 INFO profit is 0.3229599999999948
2018-07-29 13:56:57,632 INFO make a entry trade
2018-07-29 13:56:57,633 INFO make a exit trade
2018-07-29 13:56:57,633 INFO profit is 0.3592999999999904
2018-07-29 13:56:57,635 INFO make a entry trade
2018-07-29 13:56:57,636 INFO make a exit trade
2018-07-29 13:56:57,638 INFO profit is 0.41191999999999496
2018-07-29 13:56:57,640 INFO make a entry trade
2018-07-29 13:56:57,641 INFO make a exit trade
2018-07-29 13:56:57,641 INFO profit is 0.21012000000000342
2018-07-29 13:56:57,642 INFO make a entry trade
2018-07-29 13:56:57,643 INFO make a exit trade
2018-07-29 13:56:57,644 INFO profit is 0.4286200000000093
2018-07-29 13:56:57,646 INFO make a entry trade
2018-07-29 13:56:57,646 INFO make a exit trade
2018-07-29 13:56:57,647 INFO profit is 0.2542399999999958
2018-07-29 13:56:57,648 INFO make a entry trade
2018-07-29 13:56:57,648 INFO make a exit trade
2018-07-29 13:56:57,649 INFO profit is 0.3334599999999881
2018-07-29 13:56:57,657 INFO make a entry trade
2018-07-29 13:56:57,657 INFO make a exit trade
2018-07-29 13:56:57,658 INFO profit is 0.2538799999999952
2018-07-29 13:56:57,659 INFO make a entry trade
2018-07-29 13:56:57,659 INFO make a exit trade
2018-07-29 13:56:57,660 INFO profit is 0.40445999999998605
2018-07-29 13:56:57,661 INFO make a entry trade
2018-07-29 13:56:57,662 INFO make a exit trade
2018-07-29 13:56:57,662 INFO profit is 0.3121399999999852
2018-07-29 13:56:57,664 INFO make a entry trade
2018-07-29 13:56:57,665 INFO make a exit trade
2018-07-29 13:56:57,665 INFO profit is 0.21805999999999415
2018-07-29 13:56:57,666 INFO make a entry trade
2018-07-29 13:56:57,666 INFO make a exit trade
2018-07-29 13:56:57,667 INFO profit is 0.25245999999999924
2018-07-29 13:56:57,671 INFO make a entry trade
2018-07-29 13:56:57,672 INFO make a exit trade
2018-07-29 13:56:57,673 INFO profit is 0.33476000000000283
2018-07-29 13:56:57,674 INFO make a entry trade
2018-07-29 13:56:57,675 INFO make a exit trade
2018-07-29 13:56:57,675 INFO profit is 0.2587600000000094
2018-07-29 13:56:57,676 INFO make a entry trade
2018-07-29 13:56:57,677 INFO make a exit trade
2018-07-29 13:56:57,678 INFO profit is 0.5537199999999984
2018-07-29 13:56:57,680 INFO make a entry trade
2018-07-29 13:56:57,680 INFO make a exit trade
2018-07-29 13:56:57,681 INFO profit is 0.3584200000000095
2018-07-29 13:56:57,683 INFO The profits are [0.27654, 0.54088, 0.71754, 0.23752, 0.40612, 0.50294, 0.28644, 0.45254, 0.31024, 0.31748, 0.44812, 0.25412, 0.39112, 0.45862, 0.353, 0.4193, 0.3293, 0.4063, 1.2037, 0.9038, 1.0062, 0.37186, 0.33328, 0.179, 0.32296, 0.3593, 0.41192, 0.21012, 0.42862, 0.25424, 0.33346, 0.25388, 0.40446, 0.31214, 0.21806, 0.25246, 0.33476, 0.25876, 0.55372, 0.35842]
2018-07-29 13:56:57,684 INFO <function Strategy.run_simulation at 0x09D0BDF8>: 0.1261 seconds.
2018-07-29 13:56:57,685 INFO [{'instrument': 'AUD/USD', 'trades': [<Modules.Trade.Trade object at 0x0CD86910>, <Modules.Trade.Trade object at 0x0CD868D0>, <Modules.Trade.Trade object at 0x0CD86850>, <Modules.Trade.Trade object at 0x0CD869B0>, <Modules.Trade.Trade object at 0x0CD86890>, <Modules.Trade.Trade object at 0x0CD86810>, <Modules.Trade.Trade object at 0x0CD86770>, <Modules.Trade.Trade object at 0x0CD867F0>, <Modules.Trade.Trade object at 0x0CD868F0>, <Modules.Trade.Trade object at 0x0CD869F0>, <Modules.Trade.Trade object at 0x0CD86950>, <Modules.Trade.Trade object at 0x0CD867B0>, <Modules.Trade.Trade object at 0x0CD86930>, <Modules.Trade.Trade object at 0x0CD86830>, <Modules.Trade.Trade object at 0x0CD86990>, <Modules.Trade.Trade object at 0x0CD86870>, <Modules.Trade.Trade object at 0x0CD869D0>, <Modules.Trade.Trade object at 0x0CD86970>, <Modules.Trade.Trade object at 0x0CD86A10>, <Modules.Trade.Trade object at 0x0CD86A50>, <Modules.Trade.Trade object at 0x0CD86A70>, <Modules.Trade.Trade object at 0x0CD86A90>, <Modules.Trade.Trade object at 0x0CD86AB0>, <Modules.Trade.Trade object at 0x0CD86AD0>, <Modules.Trade.Trade object at 0x0CD86AF0>, <Modules.Trade.Trade object at 0x0CD86B10>, <Modules.Trade.Trade object at 0x0CD86B30>, <Modules.Trade.Trade object at 0x0CD86B50>, <Modules.Trade.Trade object at 0x0CD86B70>, <Modules.Trade.Trade object at 0x0CD86B90>, <Modules.Trade.Trade object at 0x0CD86BB0>, <Modules.Trade.Trade object at 0x0CD86BD0>, <Modules.Trade.Trade object at 0x0CD86BF0>, <Modules.Trade.Trade object at 0x0CD86C10>, <Modules.Trade.Trade object at 0x0CD86C30>, <Modules.Trade.Trade object at 0x0CD86C50>, <Modules.Trade.Trade object at 0x0CD86C70>, <Modules.Trade.Trade object at 0x0CD86C90>, <Modules.Trade.Trade object at 0x0CD86CB0>, <Modules.Trade.Trade object at 0x0CD86CD0>], 'datetimes': [], 'cashs ts': array([10000.     , 10000.     , 10000.     , 10000.     , 10000.     ,
       10000.     , 10000.     , 10000.     , 10000.     , 10000.     ,
       10000.     , 10000.     , 10000.     , 10000.     , 10000.     ,
       10000.     , 10000.     , 10000.     , 10000.     , 10000.     ,
       10000.     , 10000.     , 10000.     , 10000.     , 10000.     ,
       10000.27654, 10000.27654, 10000.27654, 10000.81742, 10000.81742,
       10000.81742, 10000.81742, 10000.81742, 10000.81742, 10000.81742,
       10000.81742, 10000.81742, 10000.81742, 10000.81742, 10000.81742,
       10000.81742, 10000.81742, 10000.81742, 10000.81742, 10000.81742,
       10000.81742, 10000.81742, 10001.53496, 10001.53496, 10001.53496,
       10001.53496, 10001.53496, 10001.53496, 10001.77248, 10001.77248,
       10002.1786 , 10002.1786 , 10002.1786 , 10002.1786 , 10002.1786 ,
       10002.1786 , 10002.1786 , 10002.1786 , 10002.1786 , 10002.1786 ,
       10002.1786 , 10002.1786 , 10002.1786 , 10002.68154, 10002.68154,
       10002.68154, 10002.96798, 10002.96798, 10002.96798, 10002.96798,
       10002.96798, 10002.96798, 10002.96798, 10002.96798, 10002.96798,
       10002.96798, 10002.96798, 10002.96798, 10002.96798, 10002.96798,
       10002.96798, 10002.96798, 10002.96798, 10002.96798, 10002.96798,
       10002.96798, 10002.96798, 10003.42052, 10003.73076, 10003.73076,
       10003.73076, 10003.73076, 10003.73076, 10003.73076, 10003.73076,
       10003.73076, 10004.04824, 10004.49636, 10004.49636, 10004.49636,
       10004.49636, 10004.75048, 10005.1416 , 10005.1416 , 10005.60022,
       10005.60022, 10005.60022, 10005.95322, 10005.95322, 10005.95322,
       10005.95322, 10005.95322, 10005.95322, 10005.95322, 10005.95322,
       10005.95322, 10005.95322, 10005.95322, 10005.95322, 10005.95322,
       10005.95322, 10005.95322, 10005.95322, 10006.37252, 10006.37252,
       10006.70182, 10006.70182, 10006.70182, 10007.10812, 10007.10812,
       10007.10812, 10007.10812, 10008.31182, 10008.31182, 10008.31182,
       10008.31182, 10008.31182, 10008.31182, 10008.31182, 10008.31182,
       10008.31182, 10008.31182, 10008.31182, 10008.31182, 10008.31182,
       10008.31182, 10008.31182, 10008.31182, 10008.31182, 10008.31182,
       10008.31182, 10008.31182, 10008.31182, 10008.31182, 10008.31182,
       10008.31182, 10008.31182, 10008.31182, 10008.31182, 10008.31182,
       10008.31182, 10008.31182, 10008.31182, 10008.31182, 10008.31182,
       10008.31182, 10008.31182, 10008.31182, 10008.31182, 10008.31182,
       10008.31182, 10008.31182, 10008.31182, 10008.31182, 10008.31182,
       10008.31182, 10008.31182, 10008.31182, 10008.31182, 10008.31182,
       10008.31182, 10008.31182, 10008.31182, 10008.31182, 10008.31182,
       10008.31182, 10008.31182, 10008.31182, 10009.21562, 10009.21562,
       10009.21562, 10009.21562, 10009.21562, 10009.21562, 10009.21562,
       10009.21562, 10009.21562, 10009.21562, 10009.21562, 10009.21562,
       10010.22182, 10010.22182, 10010.22182, 10010.22182, 10010.22182,
       10010.22182, 10010.22182, 10010.22182, 10010.22182, 10010.22182,
       10010.22182, 10010.22182, 10010.22182, 10010.22182, 10010.22182,
       10010.22182, 10010.22182, 10010.22182, 10010.22182, 10010.22182,
       10010.22182, 10010.22182, 10010.22182, 10010.22182, 10010.22182,
       10010.22182, 10010.22182, 10010.22182, 10010.22182, 10010.22182,
       10010.22182, 10010.22182, 10010.22182, 10010.22182, 10010.22182,
       10010.22182, 10010.22182, 10010.22182, 10010.22182, 10010.22182,
       10010.22182, 10010.22182, 10010.22182, 10010.22182, 10010.22182,
       10010.22182, 10010.22182, 10010.22182, 10010.22182, 10010.22182,
       10010.22182, 10010.22182, 10010.22182, 10010.59368, 10010.59368,
       10010.59368, 10010.92696, 10010.92696, 10010.92696, 10010.92696,
       10010.92696, 10010.92696, 10010.92696, 10011.10596, 10011.10596,
       10011.10596, 10011.10596, 10011.42892, 10011.42892, 10011.42892,
       10011.42892, 10011.42892, 10011.42892, 10011.42892, 10011.42892,
       10011.42892, 10011.42892, 10011.42892, 10011.42892, 10011.42892,
       10011.42892, 10011.42892, 10011.42892, 10011.42892, 10011.42892,
       10011.42892, 10011.42892, 10011.42892, 10011.42892, 10011.42892,
       10011.42892, 10011.42892, 10011.78822, 10011.78822, 10011.78822,
       10011.78822, 10011.78822, 10011.78822, 10011.78822, 10011.78822,
       10011.78822, 10011.78822, 10012.20014, 10012.20014, 10012.20014,
       10012.20014, 10012.20014, 10012.20014, 10012.20014, 10012.20014,
       10012.20014, 10012.41026, 10012.41026, 10012.41026, 10012.83888,
       10012.83888, 10012.83888, 10012.83888, 10012.83888, 10012.83888,
       10012.83888, 10012.83888, 10012.83888, 10012.83888, 10012.83888,
       10012.83888, 10013.09312, 10013.42658, 10013.42658, 10013.42658,
       10013.42658, 10013.42658, 10013.42658, 10013.42658, 10013.42658,
       10013.42658, 10013.42658, 10013.42658, 10013.42658, 10013.42658,
       10013.42658, 10013.42658, 10013.42658, 10013.42658, 10013.42658,
       10013.42658, 10013.42658, 10013.42658, 10013.42658, 10013.42658,
       10013.42658, 10013.42658, 10013.42658, 10013.42658, 10013.42658,
       10013.42658, 10013.42658, 10013.42658, 10013.42658, 10013.42658,
       10013.42658, 10013.42658, 10013.42658, 10013.42658, 10013.42658,
       10013.42658, 10013.42658, 10013.42658, 10013.42658, 10013.42658,
       10013.42658, 10013.42658, 10013.42658, 10013.68046, 10013.68046,
       10014.08492, 10014.08492, 10014.08492, 10014.08492, 10014.08492,
       10014.08492, 10014.08492, 10014.08492, 10014.08492, 10014.08492,
       10014.08492, 10014.08492, 10014.08492, 10014.39706, 10014.39706,
       10014.39706, 10014.39706, 10014.39706, 10014.39706, 10014.39706,
       10014.39706, 10014.39706, 10014.39706, 10014.39706, 10014.39706,
       10014.39706, 10014.39706, 10014.39706, 10014.39706, 10014.39706,
       10014.39706, 10014.39706, 10014.39706, 10014.39706, 10014.61512,
       10014.86758, 10014.86758, 10014.86758, 10014.86758, 10014.86758,
       10014.86758, 10014.86758, 10014.86758, 10014.86758, 10014.86758,
       10014.86758, 10014.86758, 10014.86758, 10014.86758, 10014.86758,
       10014.86758, 10014.86758, 10014.86758, 10014.86758, 10014.86758,
       10014.86758, 10014.86758, 10014.86758, 10015.20234, 10015.4611 ,
       10015.4611 , 10015.4611 , 10016.01482, 10016.01482, 10016.01482,
       10016.01482, 10016.01482, 10016.01482, 10016.01482, 10016.01482,
       10016.01482, 10016.01482, 10016.01482, 10016.01482, 10016.01482,
       10016.01482, 10016.01482, 10016.01482, 10016.01482, 10016.01482,
       10016.01482, 10016.37324, 10016.37324, 10016.37324, 10016.37324,
       10016.37324, 10016.37324, 10016.37324, 10016.37324, 10016.37324]), 'profits ts': array([0.27654, 0.54088, 0.71754, 0.23752, 0.40612, 0.50294, 0.28644,
       0.45254, 0.31024, 0.31748, 0.44812, 0.25412, 0.39112, 0.45862,
       0.353  , 0.4193 , 0.3293 , 0.4063 , 1.2037 , 0.9038 , 1.0062 ,
       0.37186, 0.33328, 0.179  , 0.32296, 0.3593 , 0.41192, 0.21012,
       0.42862, 0.25424, 0.33346, 0.25388, 0.40446, 0.31214, 0.21806,
       0.25246, 0.33476, 0.25876, 0.55372, 0.35842]), 'cum profits ts': array([ 0.27654,  0.81742,  1.53496,  1.77248,  2.1786 ,  2.68154,
        2.96798,  3.42052,  3.73076,  4.04824,  4.49636,  4.75048,
        5.1416 ,  5.60022,  5.95322,  6.37252,  6.70182,  7.10812,
        8.31182,  9.21562, 10.22182, 10.59368, 10.92696, 11.10596,
       11.42892, 11.78822, 12.20014, 12.41026, 12.83888, 13.09312,
       13.42658, 13.68046, 14.08492, 14.39706, 14.61512, 14.86758,
       15.20234, 15.4611 , 16.01482, 16.37324]), 'cum profit final': 16.3732, 'sharpe': 9.303809968159733}]
2018-07-29 13:56:57,731 INFO 1
2018-07-29 13:56:58,031 INFO Could not load matplotlib icon: can't use "pyimage10" as iconphoto: not a photo image
