2018-07-20 14:44:58,769 INFO 
The datarepo is: 
bins_D1: []
bins_H4: []
bins_m1: []
2018-07-20 14:44:58,771 INFO 
The datarepo is: 
bins_D1: []
bins_H4: []
bins_m1: []
2018-07-20 14:44:58,772 INFO 
The datarepo is: 
bins_D1: []
bins_H4: []
bins_m1: []
2018-07-20 14:44:58,773 INFO 
The datarepo is: 
bins_D1: []
bins_H4: []
bins_m1: []
2018-07-20 14:44:58,774 INFO 
The datarepo is: 
bins_D1: []
bins_H4: []
bins_m1: []
2018-07-20 14:44:58,775 INFO 
The datarepo is: 
bins_D1: []
bins_H4: []
bins_m1: []
2018-07-20 14:44:58,776 INFO 
The datarepo is: 
bins_D1: []
bins_H4: []
bins_m1: []
2018-07-20 14:44:58,777 INFO 
The datarepo is: 
bins_D1: []
bins_H4: []
bins_m1: []
2018-07-20 14:44:58,778 INFO 
The datarepo is: 
bins_D1: []
bins_H4: []
bins_m1: []
2018-07-20 14:44:58,780 INFO 
The datarepo is: 
bins_D1: []
bins_H4: []
bins_m1: []
2018-07-20 14:44:58,781 INFO 
The datarepo is: 
bins_D1: []
bins_H4: []
bins_m1: []
2018-07-20 14:44:58,783 INFO 
The datarepo is: 
bins_D1: []
bins_H4: []
bins_m1: []
2018-07-20 14:44:58,784 INFO 
The datarepo is: 
bins_D1: []
bins_H4: []
bins_m1: []
2018-07-20 14:44:58,785 INFO 
The datarepo is: 
bins_D1: []
bins_H4: []
bins_m1: []
2018-07-20 14:44:58,785 INFO 
The datarepo is: 
bins_D1: []
bins_H4: []
bins_m1: []
2018-07-20 14:44:58,786 INFO 
The datarepo is: 
bins_D1: []
bins_H4: []
bins_m1: []
2018-07-20 14:44:58,788 INFO 
The datarepo is: 
bins_D1: []
bins_H4: []
bins_m1: []
2018-07-20 14:44:58,789 INFO 
The datarepo is: 
bins_D1: []
bins_H4: []
bins_m1: []
2018-07-20 14:44:58,791 INFO 
The datarepo is: 
bins_D1: []
bins_H4: []
bins_m1: []
2018-07-20 14:44:58,792 INFO 
The datarepo is: 
bins_D1: []
bins_H4: []
bins_m1: []
2018-07-20 14:44:58,794 INFO 
The datarepo is: 
bins_D1: []
bins_H4: []
bins_m1: []
2018-07-20 14:44:58,795 INFO 
The datarepo is: 
bins_D1: []
bins_H4: []
bins_m1: []
2018-07-20 14:44:58,795 INFO 
The datarepo is: 
bins_D1: []
bins_H4: []
bins_m1: []
2018-07-20 14:44:58,796 INFO 
The datarepo is: 
bins_D1: []
bins_H4: []
bins_m1: []
2018-07-20 14:44:58,797 INFO 
The datarepo is: 
bins_D1: []
bins_H4: []
bins_m1: []
2018-07-20 14:44:58,800 INFO 
The datarepo is: 
bins_D1: []
bins_H4: []
bins_m1: []
2018-07-20 14:44:58,803 INFO 
The datarepo is: 
bins_D1: []
bins_H4: []
bins_m1: []
2018-07-20 14:44:58,804 INFO 
The datarepo is: 
bins_D1: []
bins_H4: []
bins_m1: []
2018-07-20 14:44:58,805 INFO 
The datarepo is: 
bins_D1: []
bins_H4: []
bins_m1: []
2018-07-20 14:44:58,806 INFO 
The datarepo is: 
bins_D1: []
bins_H4: []
bins_m1: []
2018-07-20 14:44:58,807 INFO 
The datarepo is: 
bins_D1: []
bins_H4: []
bins_m1: []
2018-07-20 14:44:58,809 INFO 
The datarepo is: 
bins_D1: []
bins_H4: []
bins_m1: []
2018-07-20 14:44:58,811 INFO 
The datarepo is: 
bins_D1: []
bins_H4: []
bins_m1: []
2018-07-20 14:44:58,813 INFO 
The datarepo is: 
bins_D1: []
bins_H4: []
bins_m1: []
2018-07-20 14:44:58,814 INFO 
The datarepo is: 
bins_D1: []
bins_H4: []
bins_m1: []
2018-07-20 14:44:58,815 INFO 
The datarepo is: 
bins_D1: []
bins_H4: []
bins_m1: []
2018-07-20 14:44:58,819 INFO 
The datarepo is: 
bins_D1: []
bins_H4: []
bins_m1: []
2018-07-20 14:44:58,821 INFO 
The datarepo is: 
bins_D1: []
bins_H4: []
bins_m1: []
2018-07-20 14:44:58,822 INFO 
The datarepo is: 
bins_D1: []
bins_H4: []
bins_m1: []
2018-07-20 14:44:58,824 INFO 
The datarepo is: 
bins_D1: []
bins_H4: []
bins_m1: []
2018-07-20 14:44:58,825 INFO 
The datarepo is: 
bins_D1: []
bins_H4: []
bins_m1: []
2018-07-20 14:44:58,826 INFO 
The datarepo is: 
bins_D1: []
bins_H4: []
bins_m1: []
2018-07-20 14:44:58,826 INFO 
The datarepo is: 
bins_D1: []
bins_H4: []
bins_m1: []
2018-07-20 14:44:58,827 INFO 
The datarepo is: 
bins_D1: []
bins_H4: []
bins_m1: []
2018-07-20 14:44:58,828 INFO 
The datarepo is: 
bins_D1: []
bins_H4: []
bins_m1: []
2018-07-20 14:44:58,829 INFO 
The datarepo is: 
bins_D1: []
bins_H4: []
bins_m1: []
2018-07-20 14:44:58,830 INFO 
The datarepo is: 
bins_D1: []
bins_H4: []
bins_m1: []
2018-07-20 14:44:58,834 INFO 
The datarepo is: 
bins_D1: []
bins_H4: []
bins_m1: []
2018-07-20 14:44:58,838 INFO 
The datarepo is: 
bins_D1: []
bins_H4: []
bins_m1: []
2018-07-20 14:44:58,838 INFO 
The datarepo is: 
bins_D1: []
bins_H4: []
bins_m1: []
2018-07-20 14:44:58,840 INFO 
The datarepo is: 
bins_D1: []
bins_H4: []
bins_m1: []
2018-07-20 14:44:58,843 INFO 
The datarepo is: 
bins_D1: []
bins_H4: []
bins_m1: []
2018-07-20 14:44:58,844 INFO 
The datarepo is: 
bins_D1: []
bins_H4: []
bins_m1: []
2018-07-20 14:44:58,845 INFO 
The datarepo is: 
bins_D1: []
bins_H4: []
bins_m1: []
2018-07-20 14:44:58,847 INFO 
The datarepo is: 
bins_D1: []
bins_H4: []
bins_m1: []
2018-07-20 14:44:58,847 INFO 
The datarepo is: 
bins_D1: []
bins_H4: []
bins_m1: []
2018-07-20 14:44:58,848 INFO 
The datarepo is: 
bins_D1: []
bins_H4: []
bins_m1: []
2018-07-20 14:44:58,849 INFO 
The datarepo is: 
bins_D1: []
bins_H4: []
bins_m1: []
2018-07-20 14:44:58,853 INFO 
The datarepo is: 
bins_D1: []
bins_H4: []
bins_m1: []
2018-07-20 14:44:58,855 INFO 
The datarepo is: 
bins_D1: []
bins_H4: []
bins_m1: []
2018-07-20 14:44:58,855 INFO 
The datarepo is: 
bins_D1: []
bins_H4: []
bins_m1: []
2018-07-20 14:44:58,856 INFO 
The datarepo is: 
bins_D1: []
bins_H4: []
bins_m1: []
2018-07-20 14:44:58,858 INFO 
The datarepo is: 
bins_D1: []
bins_H4: []
bins_m1: []
2018-07-20 14:44:58,859 INFO 
The datarepo is: 
bins_D1: []
bins_H4: []
bins_m1: []
2018-07-20 14:44:58,859 INFO 
The datarepo is: 
bins_D1: []
bins_H4: []
bins_m1: []
2018-07-20 14:44:58,860 INFO 
The datarepo is: 
bins_D1: []
bins_H4: []
bins_m1: []
2018-07-20 14:44:58,861 INFO 
The datarepo is: 
bins_D1: []
bins_H4: []
bins_m1: []
2018-07-20 14:44:58,863 INFO 
The datarepo is: 
bins_D1: []
bins_H4: []
bins_m1: []
2018-07-20 14:44:58,865 INFO 
The datarepo is: 
bins_D1: []
bins_H4: []
bins_m1: []
2018-07-20 14:44:58,869 INFO 
The datarepo is: 
bins_D1: []
bins_H4: []
bins_m1: []
2018-07-20 14:44:58,871 INFO 
The datarepo is: 
bins_D1: []
bins_H4: []
bins_m1: []
2018-07-20 14:44:58,873 INFO 
The datarepo is: 
bins_D1: []
bins_H4: []
bins_m1: []
2018-07-20 14:44:58,874 INFO 
The datarepo is: 
bins_D1: []
bins_H4: []
bins_m1: []
2018-07-20 14:44:58,876 INFO 
The datarepo is: 
bins_D1: []
bins_H4: []
bins_m1: []
2018-07-20 14:44:58,877 INFO 
The datarepo is: 
bins_D1: []
bins_H4: []
bins_m1: []
2018-07-20 14:44:58,878 INFO 
The datarepo is: 
bins_D1: []
bins_H4: []
bins_m1: []
2018-07-20 14:44:58,879 INFO 
The datarepo is: 
bins_D1: []
bins_H4: []
bins_m1: []
2018-07-20 14:44:58,880 INFO 
The datarepo is: 
bins_D1: []
bins_H4: []
bins_m1: []
2018-07-20 14:44:58,881 INFO 
The datarepo is: 
bins_D1: []
bins_H4: []
bins_m1: []
2018-07-20 14:44:58,882 INFO 
The datarepo is: 
bins_D1: []
bins_H4: []
bins_m1: []
2018-07-20 14:44:58,886 INFO 
The datarepo is: 
bins_D1: []
bins_H4: []
bins_m1: []
2018-07-20 14:44:58,888 INFO 
The datarepo is: 
bins_D1: []
bins_H4: []
bins_m1: []
2018-07-20 14:44:58,890 INFO 
The datarepo is: 
bins_D1: []
bins_H4: []
bins_m1: []
2018-07-20 14:44:58,891 INFO 
The datarepo is: 
bins_D1: []
bins_H4: []
bins_m1: []
2018-07-20 14:44:58,892 INFO 
The datarepo is: 
bins_D1: []
bins_H4: []
bins_m1: []
2018-07-20 14:44:58,893 INFO 
The datarepo is: 
bins_D1: []
bins_H4: []
bins_m1: []
2018-07-20 14:44:58,894 INFO 
The datarepo is: 
bins_D1: []
bins_H4: []
bins_m1: []
2018-07-20 14:44:58,896 INFO 
The datarepo is: 
bins_D1: []
bins_H4: []
bins_m1: []
2018-07-20 14:44:58,897 INFO 
The datarepo is: 
bins_D1: []
bins_H4: []
bins_m1: []
2018-07-20 14:44:58,898 INFO 
The datarepo is: 
bins_D1: []
bins_H4: []
bins_m1: []
2018-07-20 14:44:58,901 INFO 
The datarepo is: 
bins_D1: []
bins_H4: []
bins_m1: []
2018-07-20 14:44:58,904 INFO 
The datarepo is: 
bins_D1: []
bins_H4: []
bins_m1: []
2018-07-20 14:44:58,905 INFO 
The datarepo is: 
bins_D1: []
bins_H4: []
bins_m1: []
2018-07-20 14:44:58,906 INFO 
The datarepo is: 
bins_D1: []
bins_H4: []
bins_m1: []
2018-07-20 14:44:58,908 INFO 
The datarepo is: 
bins_D1: []
bins_H4: []
bins_m1: []
2018-07-20 14:44:58,908 INFO 
The datarepo is: 
bins_D1: []
bins_H4: []
bins_m1: []
2018-07-20 14:44:58,909 INFO 
The datarepo is: 
bins_D1: []
bins_H4: []
bins_m1: []
2018-07-20 14:44:58,910 INFO 
The datarepo is: 
bins_D1: []
bins_H4: []
bins_m1: []
2018-07-20 14:44:58,911 INFO 
The datarepo is: 
bins_D1: []
bins_H4: []
bins_m1: []
2018-07-20 14:44:58,912 INFO 
The datarepo is: 
bins_D1: []
bins_H4: []
bins_m1: []
2018-07-20 14:44:58,913 INFO 
The datarepo is: 
bins_D1: []
bins_H4: []
bins_m1: []
2018-07-20 14:44:58,914 INFO 
The datarepo is: 
bins_D1: []
bins_H4: []
bins_m1: []
2018-07-20 14:44:58,915 INFO 
The datarepo is: 
bins_D1: []
bins_H4: []
bins_m1: []
2018-07-20 14:44:58,916 INFO 
The datarepo is: 
bins_D1: []
bins_H4: []
bins_m1: []
2018-07-20 14:44:58,920 INFO 
The datarepo is: 
bins_D1: []
bins_H4: []
bins_m1: []
2018-07-20 14:44:58,921 INFO 
The datarepo is: 
bins_D1: []
bins_H4: []
bins_m1: []
2018-07-20 14:44:58,922 INFO 
The datarepo is: 
bins_D1: []
bins_H4: []
bins_m1: []
2018-07-20 14:44:58,924 INFO 
The datarepo is: 
bins_D1: []
bins_H4: []
bins_m1: []
2018-07-20 14:44:58,925 INFO 
The datarepo is: 
bins_D1: []
bins_H4: []
bins_m1: []
2018-07-20 14:44:58,926 INFO 
The datarepo is: 
bins_D1: []
bins_H4: []
bins_m1: []
2018-07-20 14:44:58,928 INFO 
The datarepo is: 
bins_D1: []
bins_H4: []
bins_m1: []
2018-07-20 14:44:58,930 INFO 
The datarepo is: 
bins_D1: []
bins_H4: []
bins_m1: []
2018-07-20 14:44:58,931 INFO 
The datarepo is: 
bins_D1: []
bins_H4: []
bins_m1: []
2018-07-20 14:44:58,932 INFO 
The datarepo is: 
bins_D1: []
bins_H4: []
bins_m1: []
2018-07-20 14:44:58,936 INFO 
The datarepo is: 
bins_D1: []
bins_H4: []
bins_m1: []
2018-07-20 14:44:58,937 INFO 
The datarepo is: 
bins_D1: []
bins_H4: []
bins_m1: []
2018-07-20 14:44:58,938 INFO 
The datarepo is: 
bins_D1: []
bins_H4: []
bins_m1: []
2018-07-20 14:44:58,940 INFO 
The datarepo is: 
bins_D1: []
bins_H4: []
bins_m1: []
2018-07-20 14:44:58,940 INFO 
The datarepo is: 
bins_D1: []
bins_H4: []
bins_m1: []
2018-07-20 14:44:58,941 INFO 
The datarepo is: 
bins_D1: []
bins_H4: []
bins_m1: []
2018-07-20 14:44:58,942 INFO 
The datarepo is: 
bins_D1: []
bins_H4: []
bins_m1: []
2018-07-20 14:44:58,943 INFO 
The datarepo is: 
bins_D1: []
bins_H4: []
bins_m1: []
2018-07-20 14:44:58,944 INFO 
The datarepo is: 
bins_D1: []
bins_H4: []
bins_m1: []
2018-07-20 14:44:58,946 INFO 
The datarepo is: 
bins_D1: []
bins_H4: []
bins_m1: []
2018-07-20 14:44:58,947 INFO 
The datarepo is: 
bins_D1: []
bins_H4: []
bins_m1: []
2018-07-20 14:44:58,950 INFO 
The datarepo is: 
bins_D1: []
bins_H4: []
bins_m1: []
2018-07-20 14:44:58,953 INFO 
The datarepo is: 
bins_D1: []
bins_H4: []
bins_m1: []
2018-07-20 14:44:58,954 INFO 
The datarepo is: 
bins_D1: []
bins_H4: []
bins_m1: []
2018-07-20 14:44:58,955 INFO 
The datarepo is: 
bins_D1: []
bins_H4: []
bins_m1: []
2018-07-20 14:44:58,957 INFO 
The datarepo is: 
bins_D1: []
bins_H4: []
bins_m1: []
2018-07-20 14:44:58,959 INFO 
The datarepo is: 
bins_D1: []
bins_H4: []
bins_m1: []
2018-07-20 14:44:58,960 INFO 
The datarepo is: 
bins_D1: []
bins_H4: []
bins_m1: []
2018-07-20 14:44:58,962 INFO 
The datarepo is: 
bins_D1: []
bins_H4: []
bins_m1: []
2018-07-20 14:44:58,963 INFO 
The datarepo is: 
bins_D1: []
bins_H4: []
bins_m1: []
2018-07-20 14:44:58,964 INFO 
The datarepo is: 
bins_D1: []
bins_H4: []
bins_m1: []
2018-07-20 14:44:58,965 INFO 
The datarepo is: 
bins_D1: []
bins_H4: []
bins_m1: []
2018-07-20 14:44:58,967 INFO 
The datarepo is: 
bins_D1: []
bins_H4: []
bins_m1: []
2018-07-20 14:44:58,970 INFO 
The datarepo is: 
bins_D1: []
bins_H4: []
bins_m1: []
2018-07-20 14:44:58,972 INFO 
The datarepo is: 
bins_D1: []
bins_H4: []
bins_m1: []
2018-07-20 14:44:58,973 INFO 
The datarepo is: 
bins_D1: []
bins_H4: []
bins_m1: []
2018-07-20 14:44:58,974 INFO 
The datarepo is: 
bins_D1: []
bins_H4: []
bins_m1: []
2018-07-20 14:44:58,975 INFO 
The datarepo is: 
bins_D1: []
bins_H4: []
bins_m1: []
2018-07-20 14:44:58,977 INFO 
The datarepo is: 
bins_D1: []
bins_H4: []
bins_m1: []
2018-07-20 14:44:58,978 INFO 
The datarepo is: 
bins_D1: []
bins_H4: []
bins_m1: []
2018-07-20 14:44:58,979 INFO 
The datarepo is: 
bins_D1: []
bins_H4: []
bins_m1: []
2018-07-20 14:44:58,981 INFO 
The datarepo is: 
bins_D1: []
bins_H4: []
bins_m1: []
2018-07-20 14:44:58,982 INFO 
The datarepo is: 
bins_D1: []
bins_H4: []
bins_m1: []
2018-07-20 14:44:58,986 INFO 
The datarepo is: 
bins_D1: []
bins_H4: []
bins_m1: []
2018-07-20 14:44:58,988 INFO 
The datarepo is: 
bins_D1: []
bins_H4: []
bins_m1: []
2018-07-20 14:44:58,989 INFO 
The datarepo is: 
bins_D1: []
bins_H4: []
bins_m1: []
2018-07-20 14:44:58,990 INFO 
The datarepo is: 
bins_D1: []
bins_H4: []
bins_m1: []
2018-07-20 14:44:58,991 INFO 
The datarepo is: 
bins_D1: []
bins_H4: []
bins_m1: []
2018-07-20 14:44:58,993 INFO 
The datarepo is: 
bins_D1: []
bins_H4: []
bins_m1: []
2018-07-20 14:44:58,994 INFO 
The datarepo is: 
bins_D1: []
bins_H4: []
bins_m1: []
2018-07-20 14:44:58,995 INFO 
The datarepo is: 
bins_D1: []
bins_H4: []
bins_m1: []
2018-07-20 14:44:58,996 INFO 
The datarepo is: 
bins_D1: []
bins_H4: []
bins_m1: []
2018-07-20 14:44:58,997 INFO 
The datarepo is: 
bins_D1: []
bins_H4: []
bins_m1: []
2018-07-20 14:44:58,998 INFO 
The datarepo is: 
bins_D1: []
bins_H4: []
bins_m1: []
2018-07-20 14:44:58,999 INFO 
The datarepo is: 
bins_D1: []
bins_H4: []
bins_m1: []
2018-07-20 14:44:59,003 INFO 
The datarepo is: 
bins_D1: []
bins_H4: []
bins_m1: []
2018-07-20 14:44:59,005 INFO 
The datarepo is: 
bins_D1: []
bins_H4: []
bins_m1: []
2018-07-20 14:44:59,006 INFO 
The datarepo is: 
bins_D1: []
bins_H4: []
bins_m1: []
2018-07-20 14:44:59,007 INFO 
The datarepo is: 
bins_D1: []
bins_H4: []
bins_m1: []
2018-07-20 14:44:59,008 INFO 
The datarepo is: 
bins_D1: []
bins_H4: []
bins_m1: []
2018-07-20 14:44:59,009 INFO 
The datarepo is: 
bins_D1: []
bins_H4: []
bins_m1: []
2018-07-20 14:44:59,010 INFO 
The datarepo is: 
bins_D1: []
bins_H4: []
bins_m1: []
2018-07-20 14:44:59,013 INFO 
The datarepo is: 
bins_D1: []
bins_H4: []
bins_m1: []
2018-07-20 14:44:59,014 INFO 
The datarepo is: 
bins_D1: []
bins_H4: []
bins_m1: []
2018-07-20 14:44:59,015 INFO 
The datarepo is: 
bins_D1: []
bins_H4: []
bins_m1: []
2018-07-20 14:44:59,018 INFO 
The datarepo is: 
bins_D1: []
bins_H4: []
bins_m1: []
2018-07-20 14:44:59,020 INFO 
The datarepo is: 
bins_D1: []
bins_H4: []
bins_m1: []
2018-07-20 14:44:59,022 INFO 
The datarepo is: 
bins_D1: []
bins_H4: []
bins_m1: []
2018-07-20 14:44:59,023 INFO 
The datarepo is: 
bins_D1: []
bins_H4: []
bins_m1: []
2018-07-20 14:44:59,024 INFO 
The datarepo is: 
bins_D1: []
bins_H4: []
bins_m1: []
2018-07-20 14:44:59,025 INFO 
The datarepo is: 
bins_D1: []
bins_H4: []
bins_m1: []
2018-07-20 14:44:59,026 INFO 
The datarepo is: 
bins_D1: []
bins_H4: []
bins_m1: []
2018-07-20 14:44:59,028 INFO 
The datarepo is: 
bins_D1: []
bins_H4: []
bins_m1: []
2018-07-20 14:44:59,029 INFO 
The datarepo is: 
bins_D1: []
bins_H4: []
bins_m1: []
2018-07-20 14:44:59,030 INFO 
The datarepo is: 
bins_D1: []
bins_H4: []
bins_m1: []
2018-07-20 14:44:59,031 INFO 
The datarepo is: 
bins_D1: []
bins_H4: []
bins_m1: []
2018-07-20 14:44:59,036 INFO 
The datarepo is: 
bins_D1: []
bins_H4: []
bins_m1: []
2018-07-20 14:44:59,038 INFO 
The datarepo is: 
bins_D1: []
bins_H4: []
bins_m1: []
2018-07-20 14:44:59,040 INFO 
The datarepo is: 
bins_D1: []
bins_H4: []
bins_m1: []
2018-07-20 14:44:59,041 INFO 
The datarepo is: 
bins_D1: []
bins_H4: []
bins_m1: []
2018-07-20 14:44:59,043 INFO 
The datarepo is: 
bins_D1: []
bins_H4: []
bins_m1: []
2018-07-20 14:44:59,044 INFO 
The datarepo is: 
bins_D1: []
bins_H4: []
bins_m1: []
2018-07-20 14:44:59,045 INFO 
The datarepo is: 
bins_D1: []
bins_H4: []
bins_m1: []
2018-07-20 14:44:59,046 INFO 
The datarepo is: 
bins_D1: []
bins_H4: []
bins_m1: []
2018-07-20 14:44:59,047 INFO 
The datarepo is: 
bins_D1: []
bins_H4: []
bins_m1: []
2018-07-20 14:44:59,048 INFO 
The datarepo is: 
bins_D1: []
bins_H4: []
bins_m1: []
2018-07-20 14:44:59,050 INFO 
The datarepo is: 
bins_D1: []
bins_H4: []
bins_m1: []
2018-07-20 14:44:59,053 INFO 
The datarepo is: 
bins_D1: []
bins_H4: []
bins_m1: []
2018-07-20 14:44:59,054 INFO 
The datarepo is: 
bins_D1: []
bins_H4: []
bins_m1: []
2018-07-20 14:44:59,056 INFO 
The datarepo is: 
bins_D1: []
bins_H4: []
bins_m1: []
2018-07-20 14:44:59,057 INFO 
The datarepo is: 
bins_D1: []
bins_H4: []
bins_m1: []
2018-07-20 14:44:59,058 INFO 
The datarepo is: 
bins_D1: []
bins_H4: []
bins_m1: []
2018-07-20 14:44:59,059 INFO 
The datarepo is: 
bins_D1: []
bins_H4: []
bins_m1: []
2018-07-20 14:44:59,060 INFO 
The datarepo is: 
bins_D1: []
bins_H4: []
bins_m1: []
2018-07-20 14:44:59,061 INFO 
The datarepo is: 
bins_D1: []
bins_H4: []
bins_m1: []
2018-07-20 14:44:59,063 INFO 
The datarepo is: 
bins_D1: []
bins_H4: []
bins_m1: []
2018-07-20 14:44:59,065 INFO 
The datarepo is: 
bins_D1: []
bins_H4: []
bins_m1: []
2018-07-20 14:44:59,067 INFO 
The datarepo is: 
bins_D1: []
bins_H4: []
bins_m1: []
2018-07-20 14:44:59,070 INFO 
The datarepo is: 
bins_D1: []
bins_H4: []
bins_m1: []
2018-07-20 14:44:59,072 INFO 
The datarepo is: 
bins_D1: []
bins_H4: []
bins_m1: []
2018-07-20 14:44:59,073 INFO 
The datarepo is: 
bins_D1: []
bins_H4: []
bins_m1: []
2018-07-20 14:44:59,074 INFO 
The datarepo is: 
bins_D1: []
bins_H4: []
bins_m1: []
2018-07-20 14:44:59,075 INFO 
The datarepo is: 
bins_D1: []
bins_H4: []
bins_m1: []
2018-07-20 14:44:59,076 INFO 
The datarepo is: 
bins_D1: []
bins_H4: []
bins_m1: []
2018-07-20 14:44:59,077 INFO 
The datarepo is: 
bins_D1: []
bins_H4: []
bins_m1: []
2018-07-20 14:44:59,078 INFO 
The datarepo is: 
bins_D1: []
bins_H4: []
bins_m1: []
2018-07-20 14:44:59,078 INFO 
The datarepo is: 
bins_D1: []
bins_H4: []
bins_m1: []
2018-07-20 14:44:59,079 INFO 
The datarepo is: 
bins_D1: []
bins_H4: []
bins_m1: []
2018-07-20 14:44:59,080 INFO 
The datarepo is: 
bins_D1: []
bins_H4: []
bins_m1: []
2018-07-20 14:44:59,081 INFO 
The datarepo is: 
bins_D1: []
bins_H4: []
bins_m1: []
2018-07-20 14:44:59,082 INFO 
The datarepo is: 
bins_D1: []
bins_H4: []
bins_m1: []
2018-07-20 14:44:59,085 INFO 
The datarepo is: 
bins_D1: []
bins_H4: []
bins_m1: []
2018-07-20 14:44:59,088 INFO 
The datarepo is: 
bins_D1: []
bins_H4: []
bins_m1: []
2018-07-20 14:44:59,089 INFO 
The datarepo is: 
bins_D1: []
bins_H4: []
bins_m1: []
2018-07-20 14:44:59,090 INFO 
The datarepo is: 
bins_D1: []
bins_H4: []
bins_m1: []
2018-07-20 14:44:59,091 INFO 
The datarepo is: 
bins_D1: []
bins_H4: []
bins_m1: []
2018-07-20 14:44:59,092 INFO 
The datarepo is: 
bins_D1: []
bins_H4: []
bins_m1: []
2018-07-20 14:44:59,094 INFO 
The datarepo is: 
bins_D1: []
bins_H4: []
bins_m1: []
2018-07-20 14:44:59,096 INFO 
The datarepo is: 
bins_D1: []
bins_H4: []
bins_m1: []
2018-07-20 14:44:59,099 INFO 
The datarepo is: 
bins_D1: []
bins_H4: []
bins_m1: []
2018-07-20 14:44:59,103 INFO 
The datarepo is: 
bins_D1: []
bins_H4: []
bins_m1: []
2018-07-20 14:44:59,106 INFO 
The datarepo is: 
bins_D1: []
bins_H4: []
bins_m1: []
2018-07-20 14:44:59,107 INFO 
The datarepo is: 
bins_D1: []
bins_H4: []
bins_m1: []
2018-07-20 14:44:59,109 INFO 
The datarepo is: 
bins_D1: []
bins_H4: []
bins_m1: []
2018-07-20 14:44:59,110 INFO 
The datarepo is: 
bins_D1: []
bins_H4: []
bins_m1: []
2018-07-20 14:44:59,111 INFO 
The datarepo is: 
bins_D1: []
bins_H4: []
bins_m1: []
2018-07-20 14:44:59,112 INFO 
The datarepo is: 
bins_D1: []
bins_H4: []
bins_m1: []
2018-07-20 14:44:59,113 INFO 
The datarepo is: 
bins_D1: []
bins_H4: []
bins_m1: []
2018-07-20 14:44:59,114 INFO 
The datarepo is: 
bins_D1: []
bins_H4: []
bins_m1: []
2018-07-20 14:44:59,115 INFO 
The datarepo is: 
bins_D1: []
bins_H4: []
bins_m1: []
2018-07-20 14:44:59,120 INFO 
The datarepo is: 
bins_D1: []
bins_H4: []
bins_m1: []
2018-07-20 14:44:59,121 INFO 
The datarepo is: 
bins_D1: []
bins_H4: []
bins_m1: []
2018-07-20 14:44:59,123 INFO 
The datarepo is: 
bins_D1: []
bins_H4: []
bins_m1: []
2018-07-20 14:44:59,124 INFO 
The datarepo is: 
bins_D1: []
bins_H4: []
bins_m1: []
2018-07-20 14:44:59,125 INFO 
The datarepo is: 
bins_D1: []
bins_H4: []
bins_m1: []
2018-07-20 14:44:59,126 INFO 
The datarepo is: 
bins_D1: []
bins_H4: []
bins_m1: []
2018-07-20 14:44:59,128 INFO 
The datarepo is: 
bins_D1: []
bins_H4: []
bins_m1: []
2018-07-20 14:44:59,130 INFO 
The datarepo is: 
bins_D1: []
bins_H4: []
bins_m1: []
2018-07-20 14:44:59,131 INFO 
The datarepo is: 
bins_D1: []
bins_H4: []
bins_m1: []
2018-07-20 14:44:59,132 INFO 
The datarepo is: 
bins_D1: []
bins_H4: []
bins_m1: []
2018-07-20 14:44:59,136 INFO 
The datarepo is: 
bins_D1: []
bins_H4: []
bins_m1: []
2018-07-20 14:44:59,137 INFO 
The datarepo is: 
bins_D1: []
bins_H4: []
bins_m1: []
2018-07-20 14:44:59,139 INFO 
The datarepo is: 
bins_D1: []
bins_H4: []
bins_m1: []
2018-07-20 14:44:59,140 INFO 
The datarepo is: 
bins_D1: []
bins_H4: []
bins_m1: []
2018-07-20 14:44:59,141 INFO 
The datarepo is: 
bins_D1: []
bins_H4: []
bins_m1: []
2018-07-20 14:44:59,142 INFO 
The datarepo is: 
bins_D1: []
bins_H4: []
bins_m1: []
2018-07-20 14:44:59,143 INFO 
The datarepo is: 
bins_D1: []
bins_H4: []
bins_m1: []
2018-07-20 14:44:59,144 INFO 
The datarepo is: 
bins_D1: []
bins_H4: []
bins_m1: []
2018-07-20 14:44:59,145 INFO 
The datarepo is: 
bins_D1: []
bins_H4: []
bins_m1: []
2018-07-20 14:44:59,146 INFO 
The datarepo is: 
bins_D1: []
bins_H4: []
bins_m1: []
2018-07-20 14:44:59,147 INFO 
The datarepo is: 
bins_D1: []
bins_H4: []
bins_m1: []
2018-07-20 14:44:59,148 INFO 
The datarepo is: 
bins_D1: []
bins_H4: []
bins_m1: []
2018-07-20 14:44:59,153 INFO 
The datarepo is: 
bins_D1: []
bins_H4: []
bins_m1: []
2018-07-20 14:44:59,155 INFO 
The datarepo is: 
bins_D1: []
bins_H4: []
bins_m1: []
2018-07-20 14:44:59,157 INFO 
The datarepo is: 
bins_D1: []
bins_H4: []
bins_m1: []
2018-07-20 14:44:59,158 INFO 
The datarepo is: 
bins_D1: []
bins_H4: []
bins_m1: []
2018-07-20 14:44:59,159 INFO 
The datarepo is: 
bins_D1: []
bins_H4: []
bins_m1: []
2018-07-20 14:44:59,161 INFO 
The datarepo is: 
bins_D1: []
bins_H4: []
bins_m1: []
2018-07-20 14:44:59,163 INFO 
The datarepo is: 
bins_D1: []
bins_H4: []
bins_m1: []
2018-07-20 14:44:59,164 INFO 
The datarepo is: 
bins_D1: []
bins_H4: []
bins_m1: []
2018-07-20 14:44:59,165 INFO 
The datarepo is: 
bins_D1: []
bins_H4: []
bins_m1: []
2018-07-20 14:44:59,166 INFO 
The datarepo is: 
bins_D1: []
bins_H4: []
bins_m1: []
2018-07-20 14:44:59,170 INFO 
The datarepo is: 
bins_D1: []
bins_H4: []
bins_m1: []
2018-07-20 14:44:59,172 INFO 
The datarepo is: 
bins_D1: []
bins_H4: []
bins_m1: []
2018-07-20 14:44:59,173 INFO 
The datarepo is: 
bins_D1: []
bins_H4: []
bins_m1: []
2018-07-20 14:44:59,174 INFO 
The datarepo is: 
bins_D1: []
bins_H4: []
bins_m1: []
2018-07-20 14:44:59,175 INFO 
The datarepo is: 
bins_D1: []
bins_H4: []
bins_m1: []
2018-07-20 14:44:59,176 INFO 
The datarepo is: 
bins_D1: []
bins_H4: []
bins_m1: []
2018-07-20 14:44:59,177 INFO 
The datarepo is: 
bins_D1: []
bins_H4: []
bins_m1: []
2018-07-20 14:44:59,178 INFO 
The datarepo is: 
bins_D1: []
bins_H4: []
bins_m1: []
2018-07-20 14:44:59,179 INFO 
The datarepo is: 
bins_D1: []
bins_H4: []
bins_m1: []
2018-07-20 14:44:59,180 INFO 
The datarepo is: 
bins_D1: []
bins_H4: []
bins_m1: []
2018-07-20 14:44:59,182 INFO 
The datarepo is: 
bins_D1: []
bins_H4: []
bins_m1: []
2018-07-20 14:44:59,184 INFO 
The datarepo is: 
bins_D1: []
bins_H4: []
bins_m1: []
2018-07-20 14:44:59,187 INFO 
The datarepo is: 
bins_D1: []
bins_H4: []
bins_m1: []
2018-07-20 14:44:59,188 INFO 
The datarepo is: 
bins_D1: []
bins_H4: []
bins_m1: []
2018-07-20 14:44:59,189 INFO 
The datarepo is: 
bins_D1: []
bins_H4: []
bins_m1: []
2018-07-20 14:44:59,190 INFO 
The datarepo is: 
bins_D1: []
bins_H4: []
bins_m1: []
2018-07-20 14:44:59,191 INFO 
The datarepo is: 
bins_D1: []
bins_H4: []
bins_m1: []
2018-07-20 14:44:59,193 INFO 
The datarepo is: 
bins_D1: []
bins_H4: []
bins_m1: []
2018-07-20 14:44:59,194 INFO 
The datarepo is: 
bins_D1: []
bins_H4: []
bins_m1: []
2018-07-20 14:44:59,195 INFO 
The datarepo is: 
bins_D1: []
bins_H4: []
bins_m1: []
2018-07-20 14:44:59,196 INFO 
The datarepo is: 
bins_D1: []
bins_H4: []
bins_m1: []
2018-07-20 14:44:59,197 INFO 
The datarepo is: 
bins_D1: []
bins_H4: []
bins_m1: []
2018-07-20 14:44:59,197 INFO 
The datarepo is: 
bins_D1: []
bins_H4: []
bins_m1: []
2018-07-20 14:44:59,198 INFO 
The datarepo is: 
bins_D1: []
bins_H4: []
bins_m1: []
2018-07-20 14:44:59,199 INFO 
The datarepo is: 
bins_D1: []
bins_H4: []
bins_m1: []
2018-07-20 14:44:59,203 INFO 
The datarepo is: 
bins_D1: []
bins_H4: []
bins_m1: []
2018-07-20 14:44:59,205 INFO 
The datarepo is: 
bins_D1: []
bins_H4: []
bins_m1: []
2018-07-20 14:44:59,207 INFO 
The datarepo is: 
bins_D1: []
bins_H4: []
bins_m1: []
2018-07-20 14:44:59,208 INFO 
The datarepo is: 
bins_D1: []
bins_H4: []
bins_m1: []
2018-07-20 14:44:59,208 INFO 
The datarepo is: 
bins_D1: []
bins_H4: []
bins_m1: []
2018-07-20 14:44:59,209 INFO 
The datarepo is: 
bins_D1: []
bins_H4: []
bins_m1: []
2018-07-20 14:44:59,210 INFO 
The datarepo is: 
bins_D1: []
bins_H4: []
bins_m1: []
2018-07-20 14:44:59,211 INFO 
The datarepo is: 
bins_D1: []
bins_H4: []
bins_m1: []
2018-07-20 14:44:59,213 INFO 
The datarepo is: 
bins_D1: []
bins_H4: []
bins_m1: []
2018-07-20 14:44:59,215 INFO 
The datarepo is: 
bins_D1: []
bins_H4: []
bins_m1: []
2018-07-20 14:44:59,216 INFO 
The datarepo is: 
bins_D1: []
bins_H4: []
bins_m1: []
2018-07-20 14:44:59,219 INFO 
The datarepo is: 
bins_D1: []
bins_H4: []
bins_m1: []
2018-07-20 14:44:59,221 INFO 
The datarepo is: 
bins_D1: []
bins_H4: []
bins_m1: []
2018-07-20 14:44:59,222 INFO 
The datarepo is: 
bins_D1: []
bins_H4: []
bins_m1: []
2018-07-20 14:44:59,224 INFO 
The datarepo is: 
bins_D1: []
bins_H4: []
bins_m1: []
2018-07-20 14:44:59,225 INFO 
The datarepo is: 
bins_D1: []
bins_H4: []
bins_m1: []
2018-07-20 14:44:59,226 INFO 
The datarepo is: 
bins_D1: []
bins_H4: []
bins_m1: []
2018-07-20 14:44:59,227 INFO 
The datarepo is: 
bins_D1: []
bins_H4: []
bins_m1: []
2018-07-20 14:44:59,228 INFO 
The datarepo is: 
bins_D1: []
bins_H4: []
bins_m1: []
2018-07-20 14:44:59,228 INFO 
The datarepo is: 
bins_D1: []
bins_H4: []
bins_m1: []
2018-07-20 14:44:59,229 INFO The profits are []
2018-07-20 14:44:59,229 INFO The trades are []
