2018-07-21 22:18:56,650 INFO <function database_to_datarepo at 0x0869EBB8>: 0.4011 seconds.
2018-07-21 22:18:57,170 INFO <function database_to_datarepo at 0x0869EBB8>: 0.5194 seconds.
2018-07-21 22:18:57,712 INFO <function database_to_datarepo at 0x0869EBB8>: 0.5408 seconds.
2018-07-21 22:18:58,184 INFO <function database_to_datarepo at 0x0869EBB8>: 0.4726 seconds.
2018-07-21 22:18:58,720 INFO <function database_to_datarepo at 0x0869EBB8>: 0.5346 seconds.
2018-07-21 22:18:59,135 INFO <function database_to_datarepo at 0x0869EBB8>: 0.4144 seconds.
2018-07-21 22:18:59,676 INFO <function database_to_datarepo at 0x0869EBB8>: 0.54 seconds.
2018-07-21 22:19:00,121 INFO <function database_to_datarepo at 0x0869EBB8>: 0.4439 seconds.
2018-07-21 22:19:00,660 INFO <function database_to_datarepo at 0x0869EBB8>: 0.5382 seconds.
2018-07-21 22:19:01,184 INFO <function database_to_datarepo at 0x0869EBB8>: 0.5229 seconds.
2018-07-21 22:19:01,669 INFO <function database_to_datarepo at 0x0869EBB8>: 0.485 seconds.
2018-07-21 22:19:02,239 INFO <function database_to_datarepo at 0x0869EBB8>: 0.5695 seconds.
2018-07-21 22:19:02,240 INFO 0.013<=R2<=0.019 is False, low_price<open_price-R*0.12 is True
2018-07-21 22:19:02,240 INFO low_price is 0.919895, open_price-R*0.12 is 0.9209012
2018-07-21 22:19:02,241 INFO 0.013<=R2<=0.019 is False, low_price<open_price-R*0.12 is False
2018-07-21 22:19:02,241 INFO low_price is 0.91826, open_price-R*0.12 is 0.9173842
2018-07-21 22:19:02,241 INFO 0.013<=R2<=0.019 is False, low_price<open_price-R*0.12 is False
2018-07-21 22:19:02,241 INFO low_price is 0.91595, open_price-R*0.12 is 0.9148892
2018-07-21 22:19:02,242 INFO 0.013<=R2<=0.019 is False, low_price<open_price-R*0.12 is False
2018-07-21 22:19:02,242 INFO low_price is 0.9161699999999999, open_price-R*0.12 is 0.9146142
2018-07-21 22:19:02,242 INFO 0.013<=R2<=0.019 is False, low_price<open_price-R*0.12 is False
2018-07-21 22:19:02,242 INFO low_price is 0.916355, open_price-R*0.12 is 0.9144492
2018-07-21 22:19:02,243 INFO 0.013<=R2<=0.019 is True, low_price<open_price-R*0.12 is False
2018-07-21 22:19:02,243 INFO low_price is 0.91635, open_price-R*0.12 is 0.9145492000000001
2018-07-21 22:19:02,243 INFO 0.013<=R2<=0.019 is True, low_price<open_price-R*0.12 is True
2018-07-21 22:19:02,243 INFO low_price is 0.912345, open_price-R*0.12 is 0.9128646
2018-07-21 22:19:02,243 INFO 0.013<=R2<=0.019 is True, low_price<open_price-R*0.12 is False
2018-07-21 22:19:02,244 INFO low_price is 0.91269, open_price-R*0.12 is 0.9109146
2018-07-21 22:19:02,244 INFO 0.013<=R2<=0.019 is True, low_price<open_price-R*0.12 is False
2018-07-21 22:19:02,244 INFO low_price is 0.9133549999999999, open_price-R*0.12 is 0.9126146
2018-07-21 22:19:02,244 INFO 0.013<=R2<=0.019 is True, low_price<open_price-R*0.12 is True
2018-07-21 22:19:02,244 INFO low_price is 0.91724, open_price-R*0.12 is 0.9178212
2018-07-21 22:19:02,245 INFO 0.013<=R2<=0.019 is True, low_price<open_price-R*0.12 is False
2018-07-21 22:19:02,245 INFO low_price is 0.9230849999999999, open_price-R*0.12 is 0.9213712
2018-07-21 22:19:02,245 INFO 0.013<=R2<=0.019 is True, low_price<open_price-R*0.12 is False
2018-07-21 22:19:02,245 INFO low_price is 0.929695, open_price-R*0.12 is 0.9287211999999999
2018-07-21 22:19:02,245 INFO 0.013<=R2<=0.019 is True, low_price<open_price-R*0.12 is False
2018-07-21 22:19:02,245 INFO low_price is 0.92902, open_price-R*0.12 is 0.9276162
2018-07-21 22:19:02,246 INFO 0.013<=R2<=0.019 is False, low_price<open_price-R*0.12 is False
2018-07-21 22:19:02,246 INFO low_price is 0.930845, open_price-R*0.12 is 0.9290579999999999
2018-07-21 22:19:02,246 INFO 0.013<=R2<=0.019 is False, low_price<open_price-R*0.12 is False
2018-07-21 22:19:02,246 INFO low_price is 0.928445, open_price-R*0.12 is 0.9271429999999999
2018-07-21 22:19:02,246 INFO 0.013<=R2<=0.019 is False, low_price<open_price-R*0.12 is False
2018-07-21 22:19:02,247 INFO low_price is 0.928545, open_price-R*0.12 is 0.9262104
2018-07-21 22:19:02,247 INFO 0.013<=R2<=0.019 is False, low_price<open_price-R*0.12 is False
2018-07-21 22:19:02,247 INFO low_price is 0.927095, open_price-R*0.12 is 0.9268704
2018-07-21 22:19:02,247 INFO 0.013<=R2<=0.019 is False, low_price<open_price-R*0.12 is True
2018-07-21 22:19:02,248 INFO low_price is 0.923585, open_price-R*0.12 is 0.9237704
2018-07-21 22:19:02,248 INFO 0.013<=R2<=0.019 is False, low_price<open_price-R*0.12 is False
2018-07-21 22:19:02,248 INFO low_price is 0.926245, open_price-R*0.12 is 0.9247704
2018-07-21 22:19:02,248 INFO 0.013<=R2<=0.019 is False, low_price<open_price-R*0.12 is True
2018-07-21 22:19:02,248 INFO low_price is 0.92061, open_price-R*0.12 is 0.9207704
2018-07-21 22:19:02,249 INFO 0.013<=R2<=0.019 is False, low_price<open_price-R*0.12 is False
2018-07-21 22:19:02,249 INFO low_price is 0.921645, open_price-R*0.12 is 0.9199718
2018-07-21 22:19:02,249 INFO 0.013<=R2<=0.019 is False, low_price<open_price-R*0.12 is True
2018-07-21 22:19:02,249 INFO low_price is 0.917095, open_price-R*0.12 is 0.9176766000000001
2018-07-21 22:19:02,249 INFO 0.013<=R2<=0.019 is False, low_price<open_price-R*0.12 is False
2018-07-21 22:19:02,250 INFO low_price is 0.9192499999999999, open_price-R*0.12 is 0.9177378
2018-07-21 22:19:02,250 INFO 0.013<=R2<=0.019 is False, low_price<open_price-R*0.12 is True
2018-07-21 22:19:02,250 INFO low_price is 0.918945, open_price-R*0.12 is 0.9192303999999999
2018-07-21 22:19:02,250 INFO 0.013<=R2<=0.019 is False, low_price<open_price-R*0.12 is False
2018-07-21 22:19:02,251 INFO low_price is 0.921945, open_price-R*0.12 is 0.9208904
2018-07-21 22:19:02,251 INFO 0.013<=R2<=0.019 is False, low_price<open_price-R*0.12 is False
2018-07-21 22:19:02,251 INFO low_price is 0.922855, open_price-R*0.12 is 0.9216304
2018-07-21 22:19:02,251 INFO 0.013<=R2<=0.019 is False, low_price<open_price-R*0.12 is True
2018-07-21 22:19:02,252 INFO low_price is 0.919895, open_price-R*0.12 is 0.9208904
2018-07-21 22:19:02,252 INFO 0.013<=R2<=0.019 is False, low_price<open_price-R*0.12 is False
2018-07-21 22:19:02,252 INFO low_price is 0.9214899999999999, open_price-R*0.12 is 0.9205036
2018-07-21 22:19:02,252 INFO 0.013<=R2<=0.019 is True, low_price<open_price-R*0.12 is True
2018-07-21 22:19:02,252 INFO low_price is 0.9212899999999999, open_price-R*0.12 is 0.9214046
2018-07-21 22:19:02,253 INFO 0.013<=R2<=0.019 is True, low_price<open_price-R*0.12 is False
2018-07-21 22:19:02,253 INFO low_price is 0.927335, open_price-R*0.12 is 0.9266546
2018-07-21 22:19:02,253 INFO 0.013<=R2<=0.019 is True, low_price<open_price-R*0.12 is False
2018-07-21 22:19:02,253 INFO low_price is 0.928545, open_price-R*0.12 is 0.9277989999999999
2018-07-21 22:19:02,253 INFO 0.013<=R2<=0.019 is True, low_price<open_price-R*0.12 is False
2018-07-21 22:19:02,253 INFO low_price is 0.928245, open_price-R*0.12 is 0.9275522
2018-07-21 22:19:02,254 INFO 0.013<=R2<=0.019 is True, low_price<open_price-R*0.12 is False
2018-07-21 22:19:02,254 INFO low_price is 0.928245, open_price-R*0.12 is 0.9263328
2018-07-21 22:19:02,254 INFO 0.013<=R2<=0.019 is True, low_price<open_price-R*0.12 is False
2018-07-21 22:19:02,254 INFO low_price is 0.9301349999999999, open_price-R*0.12 is 0.9285327999999999
2018-07-21 22:19:02,254 INFO 0.013<=R2<=0.019 is True, low_price<open_price-R*0.12 is True
2018-07-21 22:19:02,254 INFO low_price is 0.92912, open_price-R*0.12 is 0.9292828
2018-07-21 22:19:02,255 INFO 0.013<=R2<=0.019 is True, low_price<open_price-R*0.12 is False
2018-07-21 22:19:02,255 INFO low_price is 0.925495, open_price-R*0.12 is 0.9250448000000001
2018-07-21 22:19:02,255 INFO 0.013<=R2<=0.019 is True, low_price<open_price-R*0.12 is True
2018-07-21 22:19:02,255 INFO low_price is 0.9236500000000001, open_price-R*0.12 is 0.9238948
2018-07-21 22:19:02,255 INFO 0.013<=R2<=0.019 is True, low_price<open_price-R*0.12 is False
2018-07-21 22:19:02,256 INFO low_price is 0.92337, open_price-R*0.12 is 0.9228187999999999
2018-07-21 22:19:02,256 INFO 0.013<=R2<=0.019 is True, low_price<open_price-R*0.12 is False
2018-07-21 22:19:02,256 INFO low_price is 0.922145, open_price-R*0.12 is 0.9221288
2018-07-21 22:19:02,257 INFO 0.013<=R2<=0.019 is True, low_price<open_price-R*0.12 is False
2018-07-21 22:19:02,257 INFO low_price is 0.921535, open_price-R*0.12 is 0.9205138
2018-07-21 22:19:02,257 INFO 0.013<=R2<=0.019 is True, low_price<open_price-R*0.12 is False
2018-07-21 22:19:02,257 INFO low_price is 0.923495, open_price-R*0.12 is 0.9221362
2018-07-21 22:19:02,257 INFO 0.013<=R2<=0.019 is True, low_price<open_price-R*0.12 is False
2018-07-21 22:19:02,258 INFO low_price is 0.91747, open_price-R*0.12 is 0.9169262
2018-07-21 22:19:02,258 INFO 0.013<=R2<=0.019 is True, low_price<open_price-R*0.12 is False
2018-07-21 22:19:02,258 INFO low_price is 0.918795, open_price-R*0.12 is 0.9174156
2018-07-21 22:19:02,258 INFO 0.013<=R2<=0.019 is True, low_price<open_price-R*0.12 is False
2018-07-21 22:19:02,258 INFO low_price is 0.922445, open_price-R*0.12 is 0.9208778000000001
2018-07-21 22:19:02,259 INFO 0.013<=R2<=0.019 is True, low_price<open_price-R*0.12 is False
2018-07-21 22:19:02,259 INFO low_price is 0.925145, open_price-R*0.12 is 0.923948
2018-07-21 22:19:02,259 INFO 0.013<=R2<=0.019 is True, low_price<open_price-R*0.12 is False
2018-07-21 22:19:02,260 INFO low_price is 0.926375, open_price-R*0.12 is 0.924803
2018-07-21 22:19:02,260 INFO 0.013<=R2<=0.019 is True, low_price<open_price-R*0.12 is False
2018-07-21 22:19:02,260 INFO low_price is 0.92517, open_price-R*0.12 is 0.9248067999999999
2018-07-21 22:19:02,261 INFO 0.013<=R2<=0.019 is True, low_price<open_price-R*0.12 is False
2018-07-21 22:19:02,261 INFO low_price is 0.9243699999999999, open_price-R*0.12 is 0.9236968
2018-07-21 22:19:02,261 INFO 0.013<=R2<=0.019 is True, low_price<open_price-R*0.12 is False
2018-07-21 22:19:02,261 INFO low_price is 0.922595, open_price-R*0.12 is 0.9222352
2018-07-21 22:19:02,262 INFO 0.013<=R2<=0.019 is True, low_price<open_price-R*0.12 is True
2018-07-21 22:19:02,262 INFO low_price is 0.920645, open_price-R*0.12 is 0.9212485999999999
2018-07-21 22:19:02,262 INFO 0.013<=R2<=0.019 is True, low_price<open_price-R*0.12 is False
2018-07-21 22:19:02,263 INFO low_price is 0.91756, open_price-R*0.12 is 0.9172256
2018-07-21 22:19:02,263 INFO 0.013<=R2<=0.019 is True, low_price<open_price-R*0.12 is False
2018-07-21 22:19:02,263 INFO low_price is 0.920845, open_price-R*0.12 is 0.9197356
2018-07-21 22:19:02,263 INFO 0.013<=R2<=0.019 is True, low_price<open_price-R*0.12 is True
2018-07-21 22:19:02,263 INFO low_price is 0.922655, open_price-R*0.12 is 0.9228356
2018-07-21 22:19:02,264 INFO 0.013<=R2<=0.019 is True, low_price<open_price-R*0.12 is True
2018-07-21 22:19:02,264 INFO low_price is 0.9203950000000001, open_price-R*0.12 is 0.9214306
2018-07-21 22:19:02,264 INFO 0.013<=R2<=0.019 is False, low_price<open_price-R*0.12 is False
2018-07-21 22:19:02,264 INFO low_price is 0.9099999999999999, open_price-R*0.12 is 0.9091855999999999
2018-07-21 22:19:02,265 INFO 0.013<=R2<=0.019 is False, low_price<open_price-R*0.12 is True
2018-07-21 22:19:02,265 INFO low_price is 0.910395, open_price-R*0.12 is 0.9110964
2018-07-21 22:19:02,265 INFO 0.013<=R2<=0.019 is True, low_price<open_price-R*0.12 is False
2018-07-21 22:19:02,266 INFO low_price is 0.905545, open_price-R*0.12 is 0.9043392
2018-07-21 22:19:02,267 INFO 0.013<=R2<=0.019 is True, low_price<open_price-R*0.12 is True
2018-07-21 22:19:02,267 INFO low_price is 0.904155, open_price-R*0.12 is 0.9072942
2018-07-21 22:19:02,268 INFO 0.013<=R2<=0.019 is False, low_price<open_price-R*0.12 is True
2018-07-21 22:19:02,269 INFO low_price is 0.901765, open_price-R*0.12 is 0.9018756
2018-07-21 22:19:02,269 INFO 0.013<=R2<=0.019 is False, low_price<open_price-R*0.12 is False
2018-07-21 22:19:02,269 INFO low_price is 0.899315, open_price-R*0.12 is 0.8972576
2018-07-21 22:19:02,269 INFO 0.013<=R2<=0.019 is False, low_price<open_price-R*0.12 is True
2018-07-21 22:19:02,270 INFO low_price is 0.8982950000000001, open_price-R*0.12 is 0.8984008000000001
2018-07-21 22:19:02,270 INFO 0.013<=R2<=0.019 is False, low_price<open_price-R*0.12 is False
2018-07-21 22:19:02,270 INFO low_price is 0.902095, open_price-R*0.12 is 0.8994616
2018-07-21 22:19:02,270 INFO 0.013<=R2<=0.019 is False, low_price<open_price-R*0.12 is True
2018-07-21 22:19:02,271 INFO low_price is 0.901345, open_price-R*0.12 is 0.9027992
2018-07-21 22:19:02,271 INFO 0.013<=R2<=0.019 is False, low_price<open_price-R*0.12 is False
2018-07-21 22:19:02,272 INFO low_price is 0.901045, open_price-R*0.12 is 0.8989098
2018-07-21 22:19:02,272 INFO 0.013<=R2<=0.019 is False, low_price<open_price-R*0.12 is False
2018-07-21 22:19:02,272 INFO low_price is 0.903045, open_price-R*0.12 is 0.9006298
2018-07-21 22:19:02,272 INFO 0.013<=R2<=0.019 is False, low_price<open_price-R*0.12 is False
2018-07-21 22:19:02,273 INFO low_price is 0.9016949999999999, open_price-R*0.12 is 0.8985297999999999
2018-07-21 22:19:02,274 INFO 0.013<=R2<=0.019 is False, low_price<open_price-R*0.12 is False
2018-07-21 22:19:02,274 INFO low_price is 0.901995, open_price-R*0.12 is 0.8990182000000001
2018-07-21 22:19:02,274 INFO 0.013<=R2<=0.019 is False, low_price<open_price-R*0.12 is False
2018-07-21 22:19:02,274 INFO low_price is 0.904845, open_price-R*0.12 is 0.9036342
2018-07-21 22:19:02,275 INFO 0.013<=R2<=0.019 is False, low_price<open_price-R*0.12 is True
2018-07-21 22:19:02,276 INFO low_price is 0.90335, open_price-R*0.12 is 0.9037842
2018-07-21 22:19:02,276 INFO 0.013<=R2<=0.019 is False, low_price<open_price-R*0.12 is False
2018-07-21 22:19:02,276 INFO low_price is 0.903545, open_price-R*0.12 is 0.9020762
2018-07-21 22:19:02,276 INFO 0.013<=R2<=0.019 is False, low_price<open_price-R*0.12 is False
2018-07-21 22:19:02,277 INFO low_price is 0.902045, open_price-R*0.12 is 0.9010162
2018-07-21 22:19:02,277 INFO 0.013<=R2<=0.019 is False, low_price<open_price-R*0.12 is False
2018-07-21 22:19:02,278 INFO low_price is 0.903185, open_price-R*0.12 is 0.9018695999999999
2018-07-21 22:19:02,278 INFO 0.013<=R2<=0.019 is False, low_price<open_price-R*0.12 is False
2018-07-21 22:19:02,278 INFO low_price is 0.903145, open_price-R*0.12 is 0.9028195999999999
2018-07-21 22:19:02,278 INFO 0.013<=R2<=0.019 is True, low_price<open_price-R*0.12 is True
2018-07-21 22:19:02,279 INFO low_price is 0.895445, open_price-R*0.12 is 0.8968246
2018-07-21 22:19:02,279 INFO 0.013<=R2<=0.019 is True, low_price<open_price-R*0.12 is True
2018-07-21 22:19:02,279 INFO low_price is 0.89456, open_price-R*0.12 is 0.8952996
2018-07-21 22:19:02,280 INFO 0.013<=R2<=0.019 is True, low_price<open_price-R*0.12 is True
2018-07-21 22:19:02,281 INFO low_price is 0.89378, open_price-R*0.12 is 0.8944276
2018-07-21 22:19:02,281 INFO 0.013<=R2<=0.019 is False, low_price<open_price-R*0.12 is False
2018-07-21 22:19:02,282 INFO low_price is 0.895195, open_price-R*0.12 is 0.8935213999999999
2018-07-21 22:19:02,282 INFO 0.013<=R2<=0.019 is True, low_price<open_price-R*0.12 is False
2018-07-21 22:19:02,283 INFO low_price is 0.89812, open_price-R*0.12 is 0.8965178
2018-07-21 22:19:02,284 INFO 0.013<=R2<=0.019 is True, low_price<open_price-R*0.12 is False
2018-07-21 22:19:02,284 INFO low_price is 0.898515, open_price-R*0.12 is 0.8976778000000001
2018-07-21 22:19:02,285 INFO 0.013<=R2<=0.019 is True, low_price<open_price-R*0.12 is False
2018-07-21 22:19:02,285 INFO low_price is 0.89931, open_price-R*0.12 is 0.8989278
2018-07-21 22:19:02,286 INFO 0.013<=R2<=0.019 is True, low_price<open_price-R*0.12 is False
2018-07-21 22:19:02,286 INFO low_price is 0.894745, open_price-R*0.12 is 0.8944128
2018-07-21 22:19:02,286 INFO 0.013<=R2<=0.019 is True, low_price<open_price-R*0.12 is False
2018-07-21 22:19:02,287 INFO low_price is 0.895975, open_price-R*0.12 is 0.8949628000000001
2018-07-21 22:19:02,287 INFO 0.013<=R2<=0.019 is True, low_price<open_price-R*0.12 is True
2018-07-21 22:19:02,287 INFO low_price is 0.89331, open_price-R*0.12 is 0.8936978
2018-07-21 22:19:02,288 INFO 0.013<=R2<=0.019 is True, low_price<open_price-R*0.12 is True
2018-07-21 22:19:02,288 INFO low_price is 0.891045, open_price-R*0.12 is 0.8922952000000001
2018-07-21 22:19:02,288 INFO 0.013<=R2<=0.019 is True, low_price<open_price-R*0.12 is True
2018-07-21 22:19:02,289 INFO low_price is 0.8929199999999999, open_price-R*0.12 is 0.8931288000000001
2018-07-21 22:19:02,289 INFO 0.013<=R2<=0.019 is True, low_price<open_price-R*0.12 is False
2018-07-21 22:19:02,289 INFO low_price is 0.897205, open_price-R*0.12 is 0.896007
2018-07-21 22:19:02,289 INFO 0.013<=R2<=0.019 is True, low_price<open_price-R*0.12 is False
2018-07-21 22:19:02,290 INFO low_price is 0.900345, open_price-R*0.12 is 0.8996702
2018-07-21 22:19:02,290 INFO 0.013<=R2<=0.019 is True, low_price<open_price-R*0.12 is True
2018-07-21 22:19:02,290 INFO low_price is 0.8987149999999999, open_price-R*0.12 is 0.8996152000000001
2018-07-21 22:19:02,291 INFO 0.013<=R2<=0.019 is True, low_price<open_price-R*0.12 is True
2018-07-21 22:19:02,291 INFO low_price is 0.89347, open_price-R*0.12 is 0.8935388
2018-07-21 22:19:02,291 INFO 0.013<=R2<=0.019 is True, low_price<open_price-R*0.12 is False
2018-07-21 22:19:02,291 INFO low_price is 0.893205, open_price-R*0.12 is 0.8925938
2018-07-21 22:19:02,292 INFO 0.013<=R2<=0.019 is True, low_price<open_price-R*0.12 is True
2018-07-21 22:19:02,292 INFO low_price is 0.888555, open_price-R*0.12 is 0.8891438
2018-07-21 22:19:02,292 INFO 0.013<=R2<=0.019 is True, low_price<open_price-R*0.12 is False
2018-07-21 22:19:02,293 INFO low_price is 0.888995, open_price-R*0.12 is 0.8879838
2018-07-21 22:19:02,293 INFO 0.013<=R2<=0.019 is True, low_price<open_price-R*0.12 is False
2018-07-21 22:19:02,293 INFO low_price is 0.891135, open_price-R*0.12 is 0.889765
2018-07-21 22:19:02,293 INFO 0.013<=R2<=0.019 is True, low_price<open_price-R*0.12 is True
2018-07-21 22:19:02,294 INFO low_price is 0.8898699999999999, open_price-R*0.12 is 0.8909699999999999
2018-07-21 22:19:02,294 INFO 0.013<=R2<=0.019 is True, low_price<open_price-R*0.12 is False
2018-07-21 22:19:02,294 INFO low_price is 0.88628, open_price-R*0.12 is 0.8852949999999999
2018-07-21 22:19:02,294 INFO 0.013<=R2<=0.019 is True, low_price<open_price-R*0.12 is False
2018-07-21 22:19:02,295 INFO low_price is 0.88415, open_price-R*0.12 is 0.88275
2018-07-21 22:19:02,295 INFO 0.013<=R2<=0.019 is True, low_price<open_price-R*0.12 is True
2018-07-21 22:19:02,295 INFO low_price is 0.8800349999999999, open_price-R*0.12 is 0.880892
2018-07-21 22:19:02,295 INFO 0.013<=R2<=0.019 is False, low_price<open_price-R*0.12 is False
2018-07-21 22:19:02,295 INFO low_price is 0.881095, open_price-R*0.12 is 0.8795164
2018-07-21 22:19:02,296 INFO 0.013<=R2<=0.019 is False, low_price<open_price-R*0.12 is False
2018-07-21 22:19:02,296 INFO low_price is 0.88136, open_price-R*0.12 is 0.8794676
2018-07-21 22:19:02,296 INFO 0.013<=R2<=0.019 is False, low_price<open_price-R*0.12 is False
2018-07-21 22:19:02,296 INFO low_price is 0.8788499999999999, open_price-R*0.12 is 0.8759826
2018-07-21 22:19:02,297 INFO 0.013<=R2<=0.019 is False, low_price<open_price-R*0.12 is False
2018-07-21 22:19:02,297 INFO low_price is 0.882395, open_price-R*0.12 is 0.8800924
2018-07-21 22:19:02,297 INFO 0.013<=R2<=0.019 is False, low_price<open_price-R*0.12 is False
2018-07-21 22:19:02,299 INFO low_price is 0.888845, open_price-R*0.12 is 0.8870136000000001
2018-07-21 22:19:02,299 INFO 0.013<=R2<=0.019 is False, low_price<open_price-R*0.12 is False
2018-07-21 22:19:02,299 INFO low_price is 0.889945, open_price-R*0.12 is 0.8892334000000001
2018-07-21 22:19:02,300 INFO 0.013<=R2<=0.019 is False, low_price<open_price-R*0.12 is True
2018-07-21 22:19:02,300 INFO low_price is 0.87815, open_price-R*0.12 is 0.8781595999999999
2018-07-21 22:19:02,301 INFO 0.013<=R2<=0.019 is False, low_price<open_price-R*0.12 is False
2018-07-21 22:19:02,302 INFO low_price is 0.8780600000000001, open_price-R*0.12 is 0.8778795999999999
2018-07-21 22:19:02,303 INFO 0.013<=R2<=0.019 is False, low_price<open_price-R*0.12 is False
2018-07-21 22:19:02,303 INFO low_price is 0.878945, open_price-R*0.12 is 0.8780705999999999
2018-07-21 22:19:02,304 INFO 0.013<=R2<=0.019 is False, low_price<open_price-R*0.12 is False
2018-07-21 22:19:02,304 INFO low_price is 0.8810549999999999, open_price-R*0.12 is 0.8792198
2018-07-21 22:19:02,304 INFO 0.013<=R2<=0.019 is False, low_price<open_price-R*0.12 is False
2018-07-21 22:19:02,304 INFO low_price is 0.884245, open_price-R*0.12 is 0.883142
2018-07-21 22:19:02,304 INFO 0.013<=R2<=0.019 is True, low_price<open_price-R*0.12 is False
2018-07-21 22:19:02,304 INFO low_price is 0.885345, open_price-R*0.12 is 0.8844719999999999
2018-07-21 22:19:02,305 INFO 0.013<=R2<=0.019 is True, low_price<open_price-R*0.12 is True
2018-07-21 22:19:02,305 INFO low_price is 0.88286, open_price-R*0.12 is 0.882887
2018-07-21 22:19:02,305 INFO 0.013<=R2<=0.019 is True, low_price<open_price-R*0.12 is False
2018-07-21 22:19:02,305 INFO low_price is 0.886145, open_price-R*0.12 is 0.885217
2018-07-21 22:19:02,306 INFO 0.013<=R2<=0.019 is True, low_price<open_price-R*0.12 is True
2018-07-21 22:19:02,306 INFO low_price is 0.88381, open_price-R*0.12 is 0.886837
2018-07-21 22:19:02,306 INFO 0.013<=R2<=0.019 is True, low_price<open_price-R*0.12 is False
2018-07-21 22:19:02,307 INFO low_price is 0.881415, open_price-R*0.12 is 0.879922
2018-07-21 22:19:02,307 INFO 0.013<=R2<=0.019 is True, low_price<open_price-R*0.12 is False
2018-07-21 22:19:02,307 INFO low_price is 0.881495, open_price-R*0.12 is 0.880737
2018-07-21 22:19:02,308 INFO 0.013<=R2<=0.019 is True, low_price<open_price-R*0.12 is True
2018-07-21 22:19:02,308 INFO low_price is 0.8773949999999999, open_price-R*0.12 is 0.878137
2018-07-21 22:19:02,308 INFO 0.013<=R2<=0.019 is True, low_price<open_price-R*0.12 is False
2018-07-21 22:19:02,308 INFO low_price is 0.87995, open_price-R*0.12 is 0.8787470000000001
2018-07-21 22:19:02,310 INFO 0.013<=R2<=0.019 is True, low_price<open_price-R*0.12 is False
2018-07-21 22:19:02,310 INFO low_price is 0.878125, open_price-R*0.12 is 0.8767121999999999
2018-07-21 22:19:02,310 INFO 0.013<=R2<=0.019 is True, low_price<open_price-R*0.12 is False
2018-07-21 22:19:02,310 INFO low_price is 0.878295, open_price-R*0.12 is 0.877198
2018-07-21 22:19:02,310 INFO 0.013<=R2<=0.019 is True, low_price<open_price-R*0.12 is True
2018-07-21 22:19:02,311 INFO low_price is 0.86078, open_price-R*0.12 is 0.8627630000000001
2018-07-21 22:19:02,311 INFO 0.013<=R2<=0.019 is True, low_price<open_price-R*0.12 is False
2018-07-21 22:19:02,312 INFO low_price is 0.863545, open_price-R*0.12 is 0.8629479999999999
2018-07-21 22:19:02,312 INFO 0.013<=R2<=0.019 is False, low_price<open_price-R*0.12 is False
2018-07-21 22:19:02,312 INFO low_price is 0.864345, open_price-R*0.12 is 0.8609441999999999
2018-07-21 22:19:02,313 INFO 0.013<=R2<=0.019 is False, low_price<open_price-R*0.12 is False
2018-07-21 22:19:02,313 INFO low_price is 0.865595, open_price-R*0.12 is 0.8628792
2018-07-21 22:19:02,313 INFO 0.013<=R2<=0.019 is False, low_price<open_price-R*0.12 is False
2018-07-21 22:19:02,314 INFO low_price is 0.862545, open_price-R*0.12 is 0.8603992
2018-07-21 22:19:02,314 INFO 0.013<=R2<=0.019 is False, low_price<open_price-R*0.12 is False
2018-07-21 22:19:02,314 INFO low_price is 0.862035, open_price-R*0.12 is 0.8601941999999999
2018-07-21 22:19:02,315 INFO 0.013<=R2<=0.019 is False, low_price<open_price-R*0.12 is False
2018-07-21 22:19:02,315 INFO low_price is 0.8596950000000001, open_price-R*0.12 is 0.858049
2018-07-21 22:19:02,315 INFO 0.013<=R2<=0.019 is False, low_price<open_price-R*0.12 is False
2018-07-21 22:19:02,315 INFO low_price is 0.8578349999999999, open_price-R*0.12 is 0.8549822
2018-07-21 22:19:02,316 INFO 0.013<=R2<=0.019 is False, low_price<open_price-R*0.12 is False
2018-07-21 22:19:02,316 INFO low_price is 0.8651500000000001, open_price-R*0.12 is 0.8628078
2018-07-21 22:19:02,317 INFO 0.013<=R2<=0.019 is False, low_price<open_price-R*0.12 is False
2018-07-21 22:19:02,317 INFO low_price is 0.86425, open_price-R*0.12 is 0.8622318
2018-07-21 22:19:02,319 INFO 0.013<=R2<=0.019 is False, low_price<open_price-R*0.12 is False
2018-07-21 22:19:02,319 INFO low_price is 0.864295, open_price-R*0.12 is 0.8617896
2018-07-21 22:19:02,320 INFO 0.013<=R2<=0.019 is False, low_price<open_price-R*0.12 is False
2018-07-21 22:19:02,320 INFO low_price is 0.865145, open_price-R*0.12 is 0.8638979999999999
2018-07-21 22:19:02,320 INFO 0.013<=R2<=0.019 is False, low_price<open_price-R*0.12 is False
2018-07-21 22:19:02,320 INFO low_price is 0.866475, open_price-R*0.12 is 0.8653068
2018-07-21 22:19:02,321 INFO 0.013<=R2<=0.019 is False, low_price<open_price-R*0.12 is False
2018-07-21 22:19:02,321 INFO low_price is 0.864055, open_price-R*0.12 is 0.8620645999999998
2018-07-21 22:19:02,321 INFO 0.013<=R2<=0.019 is False, low_price<open_price-R*0.12 is True
2018-07-21 22:19:02,321 INFO low_price is 0.8613500000000001, open_price-R*0.12 is 0.8615956
2018-07-21 22:19:02,322 INFO 0.013<=R2<=0.019 is False, low_price<open_price-R*0.12 is True
2018-07-21 22:19:02,322 INFO low_price is 0.87437, open_price-R*0.12 is 0.8748656
2018-07-21 22:19:02,322 INFO 0.013<=R2<=0.019 is False, low_price<open_price-R*0.12 is False
2018-07-21 22:19:02,322 INFO low_price is 0.8736200000000001, open_price-R*0.12 is 0.8732656
2018-07-21 22:19:02,323 INFO 0.013<=R2<=0.019 is False, low_price<open_price-R*0.12 is False
2018-07-21 22:19:02,323 INFO low_price is 0.87486, open_price-R*0.12 is 0.8724065999999999
2018-07-21 22:19:02,323 INFO 0.013<=R2<=0.019 is False, low_price<open_price-R*0.12 is True
2018-07-21 22:19:02,323 INFO low_price is 0.871035, open_price-R*0.12 is 0.8724715999999999
2018-07-21 22:19:02,324 INFO 0.013<=R2<=0.019 is False, low_price<open_price-R*0.12 is False
2018-07-21 22:19:02,324 INFO low_price is 0.870945, open_price-R*0.12 is 0.8699465999999999
2018-07-21 22:19:02,324 INFO 0.013<=R2<=0.019 is False, low_price<open_price-R*0.12 is False
2018-07-21 22:19:02,325 INFO low_price is 0.874695, open_price-R*0.12 is 0.8725966
2018-07-21 22:19:02,325 INFO 0.013<=R2<=0.019 is False, low_price<open_price-R*0.12 is False
2018-07-21 22:19:02,325 INFO low_price is 0.876595, open_price-R*0.12 is 0.8748134
2018-07-21 22:19:02,326 INFO 0.013<=R2<=0.019 is False, low_price<open_price-R*0.12 is False
2018-07-21 22:19:02,326 INFO low_price is 0.88715, open_price-R*0.12 is 0.8853934
2018-07-21 22:19:02,326 INFO 0.013<=R2<=0.019 is False, low_price<open_price-R*0.12 is False
2018-07-21 22:19:02,326 INFO low_price is 0.88622, open_price-R*0.12 is 0.8847198
2018-07-21 22:19:02,327 INFO 0.013<=R2<=0.019 is False, low_price<open_price-R*0.12 is False
2018-07-21 22:19:02,327 INFO low_price is 0.8836200000000001, open_price-R*0.12 is 0.8813574
2018-07-21 22:19:02,327 INFO 0.013<=R2<=0.019 is False, low_price<open_price-R*0.12 is False
2018-07-21 22:19:02,327 INFO low_price is 0.883845, open_price-R*0.12 is 0.880814
2018-07-21 22:19:02,328 INFO 0.013<=R2<=0.019 is False, low_price<open_price-R*0.12 is False
2018-07-21 22:19:02,328 INFO low_price is 0.889545, open_price-R*0.12 is 0.8867940000000001
2018-07-21 22:19:02,328 INFO 0.013<=R2<=0.019 is False, low_price<open_price-R*0.12 is False
2018-07-21 22:19:02,328 INFO low_price is 0.887945, open_price-R*0.12 is 0.8849038
2018-07-21 22:19:02,329 INFO 0.013<=R2<=0.019 is False, low_price<open_price-R*0.12 is False
2018-07-21 22:19:02,329 INFO low_price is 0.888095, open_price-R*0.12 is 0.8863552
2018-07-21 22:19:02,329 INFO 0.013<=R2<=0.019 is False, low_price<open_price-R*0.12 is False
2018-07-21 22:19:02,329 INFO low_price is 0.878665, open_price-R*0.12 is 0.8779202
2018-07-21 22:19:02,330 INFO 0.013<=R2<=0.019 is False, low_price<open_price-R*0.12 is False
2018-07-21 22:19:02,330 INFO low_price is 0.878575, open_price-R*0.12 is 0.8785102
2018-07-21 22:19:02,330 INFO 0.013<=R2<=0.019 is False, low_price<open_price-R*0.12 is False
2018-07-21 22:19:02,330 INFO low_price is 0.88147, open_price-R*0.12 is 0.8791202
2018-07-21 22:19:02,331 INFO 0.013<=R2<=0.019 is False, low_price<open_price-R*0.12 is False
2018-07-21 22:19:02,331 INFO low_price is 0.8855999999999999, open_price-R*0.12 is 0.8844252
2018-07-21 22:19:02,332 INFO 0.013<=R2<=0.019 is False, low_price<open_price-R*0.12 is False
2018-07-21 22:19:02,333 INFO low_price is 0.886345, open_price-R*0.12 is 0.8844702
2018-07-21 22:19:02,334 INFO 0.013<=R2<=0.019 is False, low_price<open_price-R*0.12 is False
2018-07-21 22:19:02,335 INFO low_price is 0.88571, open_price-R*0.12 is 0.8850432
2018-07-21 22:19:02,336 INFO 0.013<=R2<=0.019 is False, low_price<open_price-R*0.12 is True
2018-07-21 22:19:02,336 INFO low_price is 0.88491, open_price-R*0.12 is 0.8850008
2018-07-21 22:19:02,336 INFO 0.013<=R2<=0.019 is False, low_price<open_price-R*0.12 is False
2018-07-21 22:19:02,336 INFO low_price is 0.88815, open_price-R*0.12 is 0.8875608
2018-07-21 22:19:02,337 INFO 0.013<=R2<=0.019 is False, low_price<open_price-R*0.12 is False
2018-07-21 22:19:02,337 INFO low_price is 0.887275, open_price-R*0.12 is 0.8857708
2018-07-21 22:19:02,337 INFO 0.013<=R2<=0.019 is False, low_price<open_price-R*0.12 is False
2018-07-21 22:19:02,337 INFO low_price is 0.8883, open_price-R*0.12 is 0.8872508
2018-07-21 22:19:02,338 INFO 0.013<=R2<=0.019 is True, low_price<open_price-R*0.12 is False
2018-07-21 22:19:02,338 INFO low_price is 0.8877200000000001, open_price-R*0.12 is 0.8869956000000001
2018-07-21 22:19:02,338 INFO 0.013<=R2<=0.019 is True, low_price<open_price-R*0.12 is False
2018-07-21 22:19:02,339 INFO low_price is 0.890045, open_price-R*0.12 is 0.8887518000000001
2018-07-21 22:19:02,339 INFO 0.013<=R2<=0.019 is True, low_price<open_price-R*0.12 is False
2018-07-21 22:19:02,339 INFO low_price is 0.8934200000000001, open_price-R*0.12 is 0.8928018
2018-07-21 22:19:02,339 INFO 0.013<=R2<=0.019 is True, low_price<open_price-R*0.12 is False
2018-07-21 22:19:02,340 INFO low_price is 0.8929549999999999, open_price-R*0.12 is 0.8917826
2018-07-21 22:19:02,340 INFO 0.013<=R2<=0.019 is True, low_price<open_price-R*0.12 is False
2018-07-21 22:19:02,340 INFO low_price is 0.897365, open_price-R*0.12 is 0.8959862
2018-07-21 22:19:02,340 INFO 0.013<=R2<=0.019 is False, low_price<open_price-R*0.12 is False
2018-07-21 22:19:02,341 INFO low_price is 0.900345, open_price-R*0.12 is 0.8988876
2018-07-21 22:19:02,341 INFO 0.013<=R2<=0.019 is False, low_price<open_price-R*0.12 is False
2018-07-21 22:19:02,341 INFO low_price is 0.899845, open_price-R*0.12 is 0.8981781999999999
2018-07-21 22:19:02,341 INFO 0.013<=R2<=0.019 is False, low_price<open_price-R*0.12 is False
2018-07-21 22:19:02,343 INFO low_price is 0.9001399999999999, open_price-R*0.12 is 0.8982598
2018-07-21 22:19:02,343 INFO 0.013<=R2<=0.019 is False, low_price<open_price-R*0.12 is False
2018-07-21 22:19:02,343 INFO low_price is 0.899545, open_price-R*0.12 is 0.8984548
2018-07-21 22:19:02,344 INFO 0.013<=R2<=0.019 is False, low_price<open_price-R*0.12 is False
2018-07-21 22:19:02,344 INFO low_price is 0.900495, open_price-R*0.12 is 0.8994548
2018-07-21 22:19:02,344 INFO 0.013<=R2<=0.019 is False, low_price<open_price-R*0.12 is False
2018-07-21 22:19:02,344 INFO low_price is 0.89815, open_price-R*0.12 is 0.8973911999999999
2018-07-21 22:19:02,345 INFO 0.013<=R2<=0.019 is False, low_price<open_price-R*0.12 is False
2018-07-21 22:19:02,345 INFO low_price is 0.8964700000000001, open_price-R*0.12 is 0.8953824
2018-07-21 22:19:02,345 INFO 0.013<=R2<=0.019 is True, low_price<open_price-R*0.12 is False
2018-07-21 22:19:02,346 INFO low_price is 0.8944300000000001, open_price-R*0.12 is 0.8935858000000001
2018-07-21 22:19:02,346 INFO 0.013<=R2<=0.019 is True, low_price<open_price-R*0.12 is False
2018-07-21 22:19:02,346 INFO low_price is 0.894845, open_price-R*0.12 is 0.8933508
2018-07-21 22:19:02,346 INFO 0.013<=R2<=0.019 is True, low_price<open_price-R*0.12 is False
2018-07-21 22:19:02,346 INFO low_price is 0.8938550000000001, open_price-R*0.12 is 0.8927648
2018-07-21 22:19:02,347 INFO 0.013<=R2<=0.019 is True, low_price<open_price-R*0.12 is False
2018-07-21 22:19:02,347 INFO low_price is 0.8953949999999999, open_price-R*0.12 is 0.895124
2018-07-21 22:19:02,347 INFO 0.013<=R2<=0.019 is True, low_price<open_price-R*0.12 is False
2018-07-21 22:19:02,348 INFO low_price is 0.8963099999999999, open_price-R*0.12 is 0.895699
2018-07-21 22:19:02,348 INFO 0.013<=R2<=0.019 is True, low_price<open_price-R*0.12 is True
2018-07-21 22:19:02,348 INFO low_price is 0.8914550000000001, open_price-R*0.12 is 0.893542
2018-07-21 22:19:02,348 INFO 0.013<=R2<=0.019 is True, low_price<open_price-R*0.12 is False
2018-07-21 22:19:02,348 INFO low_price is 0.8888849999999999, open_price-R*0.12 is 0.8887470000000001
2018-07-21 22:19:02,349 INFO 0.013<=R2<=0.019 is True, low_price<open_price-R*0.12 is False
2018-07-21 22:19:02,350 INFO low_price is 0.89838, open_price-R*0.12 is 0.8969189999999999
2018-07-21 22:19:02,351 INFO 0.013<=R2<=0.019 is True, low_price<open_price-R*0.12 is False
2018-07-21 22:19:02,351 INFO low_price is 0.900495, open_price-R*0.12 is 0.8993356
2018-07-21 22:19:02,352 INFO 0.013<=R2<=0.019 is True, low_price<open_price-R*0.12 is False
2018-07-21 22:19:02,353 INFO low_price is 0.8973450000000001, open_price-R*0.12 is 0.8965755999999999
2018-07-21 22:19:02,353 INFO 0.013<=R2<=0.019 is True, low_price<open_price-R*0.12 is False
2018-07-21 22:19:02,353 INFO low_price is 0.8986000000000001, open_price-R*0.12 is 0.8971756
2018-07-21 22:19:02,354 INFO 0.013<=R2<=0.019 is True, low_price<open_price-R*0.12 is False
2018-07-21 22:19:02,354 INFO low_price is 0.89768, open_price-R*0.12 is 0.8976218
2018-07-21 22:19:02,354 INFO 0.013<=R2<=0.019 is True, low_price<open_price-R*0.12 is False
2018-07-21 22:19:02,355 INFO low_price is 0.899445, open_price-R*0.12 is 0.8982668
2018-07-21 22:19:02,355 INFO 0.013<=R2<=0.019 is True, low_price<open_price-R*0.12 is False
2018-07-21 22:19:02,355 INFO low_price is 0.8993, open_price-R*0.12 is 0.8984968
2018-07-21 22:19:02,356 INFO 0.013<=R2<=0.019 is True, low_price<open_price-R*0.12 is False
2018-07-21 22:19:02,356 INFO low_price is 0.898345, open_price-R*0.12 is 0.8977968000000001
2018-07-21 22:19:02,356 INFO 0.013<=R2<=0.019 is True, low_price<open_price-R*0.12 is False
2018-07-21 22:19:02,356 INFO low_price is 0.900745, open_price-R*0.12 is 0.8995968
2018-07-21 22:19:02,357 INFO 0.013<=R2<=0.019 is True, low_price<open_price-R*0.12 is False
2018-07-21 22:19:02,357 INFO low_price is 0.8983699999999999, open_price-R*0.12 is 0.8980468
2018-07-21 22:19:02,357 INFO 0.013<=R2<=0.019 is True, low_price<open_price-R*0.12 is True
2018-07-21 22:19:02,358 INFO low_price is 0.88786, open_price-R*0.12 is 0.891228
2018-07-21 22:19:02,358 INFO 0.013<=R2<=0.019 is True, low_price<open_price-R*0.12 is False
2018-07-21 22:19:02,358 INFO low_price is 0.888045, open_price-R*0.12 is 0.886458
2018-07-21 22:19:02,358 INFO 0.013<=R2<=0.019 is False, low_price<open_price-R*0.12 is False
2018-07-21 22:19:02,359 INFO low_price is 0.890595, open_price-R*0.12 is 0.88903
2018-07-21 22:19:02,359 INFO 0.013<=R2<=0.019 is False, low_price<open_price-R*0.12 is False
2018-07-21 22:19:02,359 INFO low_price is 0.892495, open_price-R*0.12 is 0.8905749999999999
2018-07-21 22:19:02,360 INFO 0.013<=R2<=0.019 is False, low_price<open_price-R*0.12 is False
2018-07-21 22:19:02,360 INFO low_price is 0.8857999999999999, open_price-R*0.12 is 0.884455
2018-07-21 22:19:02,360 INFO 0.013<=R2<=0.019 is False, low_price<open_price-R*0.12 is False
2018-07-21 22:19:02,360 INFO low_price is 0.886905, open_price-R*0.12 is 0.88534
2018-07-21 22:19:02,361 INFO 0.013<=R2<=0.019 is False, low_price<open_price-R*0.12 is True
2018-07-21 22:19:02,361 INFO low_price is 0.8891249999999999, open_price-R*0.12 is 0.8894527999999999
2018-07-21 22:19:02,361 INFO 0.013<=R2<=0.019 is False, low_price<open_price-R*0.12 is False
2018-07-21 22:19:02,361 INFO low_price is 0.891545, open_price-R*0.12 is 0.8892878
2018-07-21 22:19:02,362 INFO 0.013<=R2<=0.019 is False, low_price<open_price-R*0.12 is False
2018-07-21 22:19:02,362 INFO low_price is 0.89073, open_price-R*0.12 is 0.8905928
2018-07-21 22:19:02,363 INFO 0.013<=R2<=0.019 is False, low_price<open_price-R*0.12 is False
2018-07-21 22:19:02,364 INFO low_price is 0.886935, open_price-R*0.12 is 0.8856377999999999
2018-07-21 22:19:02,364 INFO 0.013<=R2<=0.019 is False, low_price<open_price-R*0.12 is False
2018-07-21 22:19:02,364 INFO low_price is 0.88605, open_price-R*0.12 is 0.8852028
2018-07-21 22:19:02,365 INFO 0.013<=R2<=0.019 is False, low_price<open_price-R*0.12 is True
2018-07-21 22:19:02,365 INFO low_price is 0.88314, open_price-R*0.12 is 0.8858178
2018-07-21 22:19:02,366 INFO 0.013<=R2<=0.019 is False, low_price<open_price-R*0.12 is False
2018-07-21 22:19:02,366 INFO low_price is 0.88008, open_price-R*0.12 is 0.878621
2018-07-21 22:19:02,367 INFO 0.013<=R2<=0.019 is False, low_price<open_price-R*0.12 is False
2018-07-21 22:19:02,367 INFO low_price is 0.88338, open_price-R*0.12 is 0.8818144
2018-07-21 22:19:02,368 INFO 0.013<=R2<=0.019 is False, low_price<open_price-R*0.12 is False
2018-07-21 22:19:02,369 INFO low_price is 0.8855949999999999, open_price-R*0.12 is 0.8837763999999999
2018-07-21 22:19:02,369 INFO 0.013<=R2<=0.019 is False, low_price<open_price-R*0.12 is False
2018-07-21 22:19:02,370 INFO low_price is 0.888745, open_price-R*0.12 is 0.8873764
2018-07-21 22:19:02,370 INFO 0.013<=R2<=0.019 is False, low_price<open_price-R*0.12 is False
2018-07-21 22:19:02,370 INFO low_price is 0.88704, open_price-R*0.12 is 0.8857364000000001
2018-07-21 22:19:02,370 INFO 0.013<=R2<=0.019 is False, low_price<open_price-R*0.12 is False
2018-07-21 22:19:02,371 INFO low_price is 0.88854, open_price-R*0.12 is 0.8873764
2018-07-21 22:19:02,371 INFO 0.013<=R2<=0.019 is False, low_price<open_price-R*0.12 is True
2018-07-21 22:19:02,371 INFO low_price is 0.887845, open_price-R*0.12 is 0.8892264
2018-07-21 22:19:02,371 INFO 0.013<=R2<=0.019 is False, low_price<open_price-R*0.12 is False
2018-07-21 22:19:02,372 INFO low_price is 0.8935649999999999, open_price-R*0.12 is 0.8920314
2018-07-21 22:19:02,372 INFO 0.013<=R2<=0.019 is True, low_price<open_price-R*0.12 is False
2018-07-21 22:19:02,372 INFO low_price is 0.895945, open_price-R*0.12 is 0.8940047999999999
2018-07-21 22:19:02,372 INFO 0.013<=R2<=0.019 is True, low_price<open_price-R*0.12 is True
2018-07-21 22:19:02,372 INFO low_price is 0.895625, open_price-R*0.12 is 0.8965648
2018-07-21 22:19:02,373 INFO 0.013<=R2<=0.019 is False, low_price<open_price-R*0.12 is False
2018-07-21 22:19:02,373 INFO low_price is 0.8966050000000001, open_price-R*0.12 is 0.8943708
2018-07-21 22:19:02,373 INFO 0.013<=R2<=0.019 is False, low_price<open_price-R*0.12 is False
2018-07-21 22:19:02,373 INFO low_price is 0.897545, open_price-R*0.12 is 0.8964622
2018-07-21 22:19:02,374 INFO 0.013<=R2<=0.019 is False, low_price<open_price-R*0.12 is False
2018-07-21 22:19:02,374 INFO low_price is 0.90195, open_price-R*0.12 is 0.8995172
2018-07-21 22:19:02,374 INFO 0.013<=R2<=0.019 is False, low_price<open_price-R*0.12 is False
2018-07-21 22:19:02,374 INFO low_price is 0.9015, open_price-R*0.12 is 0.9004622
2018-07-21 22:19:02,375 INFO 0.013<=R2<=0.019 is False, low_price<open_price-R*0.12 is False
2018-07-21 22:19:02,375 INFO low_price is 0.9024650000000001, open_price-R*0.12 is 0.900704
2018-07-21 22:19:02,375 INFO 0.013<=R2<=0.019 is False, low_price<open_price-R*0.12 is False
2018-07-21 22:19:02,375 INFO low_price is 0.9030549999999999, open_price-R*0.12 is 0.901253
2018-07-21 22:19:02,375 INFO 0.013<=R2<=0.019 is False, low_price<open_price-R*0.12 is False
2018-07-21 22:19:02,376 INFO low_price is 0.90276, open_price-R*0.12 is 0.9014264000000001
2018-07-21 22:19:02,376 INFO 0.013<=R2<=0.019 is False, low_price<open_price-R*0.12 is False
2018-07-21 22:19:02,376 INFO low_price is 0.900795, open_price-R*0.12 is 0.8994622
2018-07-21 22:19:02,376 INFO 0.013<=R2<=0.019 is False, low_price<open_price-R*0.12 is False
2018-07-21 22:19:02,376 INFO low_price is 0.901595, open_price-R*0.12 is 0.8999588
2018-07-21 22:19:02,377 INFO 0.013<=R2<=0.019 is False, low_price<open_price-R*0.12 is False
2018-07-21 22:19:02,377 INFO low_price is 0.904885, open_price-R*0.12 is 0.9036738
2018-07-21 22:19:02,377 INFO 0.013<=R2<=0.019 is False, low_price<open_price-R*0.12 is False
2018-07-21 22:19:02,377 INFO low_price is 0.904345, open_price-R*0.12 is 0.9035012
2018-07-21 22:19:02,378 INFO 0.013<=R2<=0.019 is False, low_price<open_price-R*0.12 is False
2018-07-21 22:19:02,378 INFO low_price is 0.90255, open_price-R*0.12 is 0.9024404
2018-07-21 22:19:02,378 INFO 0.013<=R2<=0.019 is False, low_price<open_price-R*0.12 is False
2018-07-21 22:19:02,378 INFO low_price is 0.897875, open_price-R*0.12 is 0.8977404
2018-07-21 22:19:02,379 INFO 0.013<=R2<=0.019 is False, low_price<open_price-R*0.12 is False
2018-07-21 22:19:02,379 INFO low_price is 0.898395, open_price-R*0.12 is 0.897158
2018-07-21 22:19:02,379 INFO 0.013<=R2<=0.019 is False, low_price<open_price-R*0.12 is True
2018-07-21 22:19:02,380 INFO low_price is 0.89869, open_price-R*0.12 is 0.9008708
2018-07-21 22:19:02,380 INFO 0.013<=R2<=0.019 is False, low_price<open_price-R*0.12 is False
2018-07-21 22:19:02,380 INFO low_price is 0.8981950000000001, open_price-R*0.12 is 0.8978104
2018-07-21 22:19:02,380 INFO 0.013<=R2<=0.019 is True, low_price<open_price-R*0.12 is False
2018-07-21 22:19:02,381 INFO low_price is 0.8984700000000001, open_price-R*0.12 is 0.8973604000000001
2018-07-21 22:19:02,381 INFO 0.013<=R2<=0.019 is False, low_price<open_price-R*0.12 is False
2018-07-21 22:19:02,381 INFO low_price is 0.899245, open_price-R*0.12 is 0.8982704000000001
2018-07-21 22:19:02,381 INFO 0.013<=R2<=0.019 is False, low_price<open_price-R*0.12 is False
2018-07-21 22:19:02,382 INFO low_price is 0.899545, open_price-R*0.12 is 0.8992554
2018-07-21 22:19:02,382 INFO 0.013<=R2<=0.019 is False, low_price<open_price-R*0.12 is True
2018-07-21 22:19:02,383 INFO low_price is 0.90056, open_price-R*0.12 is 0.9006604
2018-07-21 22:19:02,386 INFO 0.013<=R2<=0.019 is False, low_price<open_price-R*0.12 is False
2018-07-21 22:19:02,386 INFO low_price is 0.902225, open_price-R*0.12 is 0.9016254
2018-07-21 22:19:02,387 INFO 0.013<=R2<=0.019 is False, low_price<open_price-R*0.12 is False
2018-07-21 22:19:02,387 INFO low_price is 0.905645, open_price-R*0.12 is 0.9051254
2018-07-21 22:19:02,388 INFO 0.013<=R2<=0.019 is False, low_price<open_price-R*0.12 is False
2018-07-21 22:19:02,388 INFO low_price is 0.907595, open_price-R*0.12 is 0.9063692
2018-07-21 22:19:02,388 INFO 0.013<=R2<=0.019 is False, low_price<open_price-R*0.12 is False
2018-07-21 22:19:02,388 INFO low_price is 0.9079349999999999, open_price-R*0.12 is 0.9075192
2018-07-21 22:19:02,389 INFO 0.013<=R2<=0.019 is False, low_price<open_price-R*0.12 is False
2018-07-21 22:19:02,389 INFO low_price is 0.910095, open_price-R*0.12 is 0.9094892
2018-07-21 22:19:02,390 INFO 0.013<=R2<=0.019 is True, low_price<open_price-R*0.12 is False
2018-07-21 22:19:02,390 INFO low_price is 0.910745, open_price-R*0.12 is 0.9095025999999999
2018-07-21 22:19:02,390 INFO 0.013<=R2<=0.019 is True, low_price<open_price-R*0.12 is False
2018-07-21 22:19:02,392 INFO low_price is 0.9103399999999999, open_price-R*0.12 is 0.9090582
2018-07-21 22:19:02,392 INFO 0.013<=R2<=0.019 is True, low_price<open_price-R*0.12 is False
2018-07-21 22:19:02,392 INFO low_price is 0.90767, open_price-R*0.12 is 0.906539
2018-07-21 22:19:02,393 INFO 0.013<=R2<=0.019 is True, low_price<open_price-R*0.12 is False
2018-07-21 22:19:02,394 INFO low_price is 0.908395, open_price-R*0.12 is 0.9071176000000001
2018-07-21 22:19:02,395 INFO 0.013<=R2<=0.019 is True, low_price<open_price-R*0.12 is False
2018-07-21 22:19:02,395 INFO low_price is 0.907435, open_price-R*0.12 is 0.9067006
2018-07-21 22:19:02,395 INFO 0.013<=R2<=0.019 is True, low_price<open_price-R*0.12 is False
2018-07-21 22:19:02,396 INFO low_price is 0.908295, open_price-R*0.12 is 0.9067035999999999
2018-07-21 22:19:02,396 INFO 0.013<=R2<=0.019 is True, low_price<open_price-R*0.12 is True
2018-07-21 22:19:02,396 INFO low_price is 0.90625, open_price-R*0.12 is 0.9068396000000001
2018-07-21 22:19:02,397 INFO 0.013<=R2<=0.019 is True, low_price<open_price-R*0.12 is False
2018-07-21 22:19:02,397 INFO low_price is 0.905555, open_price-R*0.12 is 0.9051114
2018-07-21 22:19:02,398 INFO 0.013<=R2<=0.019 is True, low_price<open_price-R*0.12 is False
2018-07-21 22:19:02,398 INFO low_price is 0.91025, open_price-R*0.12 is 0.9095112
2018-07-21 22:19:02,398 INFO 0.013<=R2<=0.019 is True, low_price<open_price-R*0.12 is True
2018-07-21 22:19:02,398 INFO low_price is 0.912045, open_price-R*0.12 is 0.9122658
2018-07-21 22:19:02,399 INFO 0.013<=R2<=0.019 is True, low_price<open_price-R*0.12 is False
2018-07-21 22:19:02,400 INFO low_price is 0.913235, open_price-R*0.12 is 0.9124172000000002
2018-07-21 22:19:02,401 INFO 0.013<=R2<=0.019 is True, low_price<open_price-R*0.12 is False
2018-07-21 22:19:02,402 INFO low_price is 0.9142250000000001, open_price-R*0.12 is 0.9136516
2018-07-21 22:19:02,402 INFO 0.013<=R2<=0.019 is True, low_price<open_price-R*0.12 is False
2018-07-21 22:19:02,403 INFO low_price is 0.913145, open_price-R*0.12 is 0.9129912
2018-07-21 22:19:02,403 INFO 0.013<=R2<=0.019 is True, low_price<open_price-R*0.12 is False
2018-07-21 22:19:02,403 INFO low_price is 0.9149, open_price-R*0.12 is 0.9137794
2018-07-21 22:19:02,404 INFO 0.013<=R2<=0.019 is True, low_price<open_price-R*0.12 is True
2018-07-21 22:19:02,404 INFO low_price is 0.91265, open_price-R*0.12 is 0.9134041999999999
2018-07-21 22:19:02,404 INFO 0.013<=R2<=0.019 is False, low_price<open_price-R*0.12 is False
2018-07-21 22:19:02,404 INFO low_price is 0.913745, open_price-R*0.12 is 0.9125780000000001
2018-07-21 22:19:02,405 INFO 0.013<=R2<=0.019 is True, low_price<open_price-R*0.12 is True
2018-07-21 22:19:02,405 INFO low_price is 0.91188, open_price-R*0.12 is 0.91216
2018-07-21 22:19:02,407 INFO 0.013<=R2<=0.019 is True, low_price<open_price-R*0.12 is False
2018-07-21 22:19:02,407 INFO low_price is 0.9140550000000001, open_price-R*0.12 is 0.9128850000000001
2018-07-21 22:19:02,407 INFO 0.013<=R2<=0.019 is True, low_price<open_price-R*0.12 is False
2018-07-21 22:19:02,407 INFO low_price is 0.91544, open_price-R*0.12 is 0.914045
2018-07-21 22:19:02,408 INFO 0.013<=R2<=0.019 is True, low_price<open_price-R*0.12 is False
2018-07-21 22:19:02,408 INFO low_price is 0.9162049999999999, open_price-R*0.12 is 0.914925
2018-07-21 22:19:02,408 INFO 0.013<=R2<=0.019 is True, low_price<open_price-R*0.12 is True
2018-07-21 22:19:02,408 INFO low_price is 0.91415, open_price-R*0.12 is 0.91484
2018-07-21 22:19:02,409 INFO 0.013<=R2<=0.019 is True, low_price<open_price-R*0.12 is False
2018-07-21 22:19:02,409 INFO low_price is 0.91426, open_price-R*0.12 is 0.9139554
2018-07-21 22:19:02,409 INFO 0.013<=R2<=0.019 is True, low_price<open_price-R*0.12 is False
2018-07-21 22:19:02,409 INFO low_price is 0.915145, open_price-R*0.12 is 0.9146610000000001
2018-07-21 22:19:02,409 INFO 0.013<=R2<=0.019 is True, low_price<open_price-R*0.12 is False
2018-07-21 22:19:02,410 INFO low_price is 0.9133549999999999, open_price-R*0.12 is 0.9127810000000001
2018-07-21 22:19:02,410 INFO 0.013<=R2<=0.019 is True, low_price<open_price-R*0.12 is False
2018-07-21 22:19:02,410 INFO low_price is 0.91288, open_price-R*0.12 is 0.912826
2018-07-21 22:19:02,411 INFO 0.013<=R2<=0.019 is True, low_price<open_price-R*0.12 is False
2018-07-21 22:19:02,411 INFO low_price is 0.911895, open_price-R*0.12 is 0.9117360000000001
2018-07-21 22:19:02,411 INFO 0.013<=R2<=0.019 is True, low_price<open_price-R*0.12 is False
2018-07-21 22:19:02,412 INFO low_price is 0.91206, open_price-R*0.12 is 0.911336
2018-07-21 22:19:02,412 INFO 0.013<=R2<=0.019 is False, low_price<open_price-R*0.12 is True
2018-07-21 22:19:02,412 INFO low_price is 0.909535, open_price-R*0.12 is 0.910436
2018-07-21 22:19:02,413 INFO 0.013<=R2<=0.019 is False, low_price<open_price-R*0.12 is False
2018-07-21 22:19:02,413 INFO low_price is 0.91321, open_price-R*0.12 is 0.912336
2018-07-21 22:19:02,414 INFO 0.013<=R2<=0.019 is False, low_price<open_price-R*0.12 is False
2018-07-21 22:19:02,414 INFO low_price is 0.911945, open_price-R*0.12 is 0.9117546
2018-07-21 22:19:02,414 INFO 0.013<=R2<=0.019 is False, low_price<open_price-R*0.12 is False
2018-07-21 22:19:02,415 INFO low_price is 0.914095, open_price-R*0.12 is 0.9129546
2018-07-21 22:19:02,415 INFO 0.013<=R2<=0.019 is False, low_price<open_price-R*0.12 is False
2018-07-21 22:19:02,415 INFO low_price is 0.9134599999999999, open_price-R*0.12 is 0.9128046
2018-07-21 22:19:02,416 INFO 0.013<=R2<=0.019 is False, low_price<open_price-R*0.12 is False
2018-07-21 22:19:02,417 INFO low_price is 0.91235, open_price-R*0.12 is 0.9113346
2018-07-21 22:19:02,417 INFO 0.013<=R2<=0.019 is False, low_price<open_price-R*0.12 is False
2018-07-21 22:19:02,418 INFO low_price is 0.913445, open_price-R*0.12 is 0.9130045999999999
2018-07-21 22:19:02,419 INFO 0.013<=R2<=0.019 is False, low_price<open_price-R*0.12 is True
2018-07-21 22:19:02,420 INFO low_price is 0.916245, open_price-R*0.12 is 0.916309
2018-07-21 22:19:02,420 INFO 0.013<=R2<=0.019 is False, low_price<open_price-R*0.12 is False
2018-07-21 22:19:02,420 INFO low_price is 0.917395, open_price-R*0.12 is 0.9168949999999999
2018-07-21 22:19:02,420 INFO 0.013<=R2<=0.019 is False, low_price<open_price-R*0.12 is False
2018-07-21 22:19:02,421 INFO low_price is 0.917695, open_price-R*0.12 is 0.9165791999999999
2018-07-21 22:19:02,421 INFO 0.013<=R2<=0.019 is False, low_price<open_price-R*0.12 is False
2018-07-21 22:19:02,421 INFO low_price is 0.91885, open_price-R*0.12 is 0.9175342
2018-07-21 22:19:02,422 INFO 0.013<=R2<=0.019 is False, low_price<open_price-R*0.12 is False
2018-07-21 22:19:02,422 INFO low_price is 0.92213, open_price-R*0.12 is 0.9209791999999999
2018-07-21 22:19:02,422 INFO 0.013<=R2<=0.019 is True, low_price<open_price-R*0.12 is False
2018-07-21 22:19:02,422 INFO low_price is 0.921745, open_price-R*0.12 is 0.920736
2018-07-21 22:19:02,423 INFO 0.013<=R2<=0.019 is True, low_price<open_price-R*0.12 is False
2018-07-21 22:19:02,423 INFO low_price is 0.922245, open_price-R*0.12 is 0.9211248000000001
2018-07-21 22:19:02,423 INFO 0.013<=R2<=0.019 is True, low_price<open_price-R*0.12 is False
2018-07-21 22:19:02,424 INFO low_price is 0.92091, open_price-R*0.12 is 0.920002
2018-07-21 22:19:02,424 INFO 0.013<=R2<=0.019 is True, low_price<open_price-R*0.12 is False
2018-07-21 22:19:02,424 INFO low_price is 0.9192750000000001, open_price-R*0.12 is 0.9186570000000001
2018-07-21 22:19:02,424 INFO 0.013<=R2<=0.019 is True, low_price<open_price-R*0.12 is False
2018-07-21 22:19:02,425 INFO low_price is 0.9194, open_price-R*0.12 is 0.9182906
2018-07-21 22:19:02,425 INFO 0.013<=R2<=0.019 is True, low_price<open_price-R*0.12 is False
2018-07-21 22:19:02,425 INFO low_price is 0.919745, open_price-R*0.12 is 0.9193356
2018-07-21 22:19:02,426 INFO 0.013<=R2<=0.019 is True, low_price<open_price-R*0.12 is True
2018-07-21 22:19:02,426 INFO low_price is 0.91804, open_price-R*0.12 is 0.9184756000000001
2018-07-21 22:19:02,426 INFO 0.013<=R2<=0.019 is True, low_price<open_price-R*0.12 is False
2018-07-21 22:19:02,426 INFO low_price is 0.91906, open_price-R*0.12 is 0.918657
2018-07-21 22:19:02,427 INFO 0.013<=R2<=0.019 is True, low_price<open_price-R*0.12 is False
2018-07-21 22:19:02,427 INFO low_price is 0.919295, open_price-R*0.12 is 0.9185430000000001
2018-07-21 22:19:02,427 INFO 0.013<=R2<=0.019 is True, low_price<open_price-R*0.12 is False
2018-07-21 22:19:02,427 INFO low_price is 0.920745, open_price-R*0.12 is 0.919851
2018-07-21 22:19:02,428 INFO 0.013<=R2<=0.019 is False, low_price<open_price-R*0.12 is False
2018-07-21 22:19:02,428 INFO low_price is 0.91925, open_price-R*0.12 is 0.918732
2018-07-21 22:19:02,428 INFO 0.013<=R2<=0.019 is False, low_price<open_price-R*0.12 is True
2018-07-21 22:19:02,428 INFO low_price is 0.91344, open_price-R*0.12 is 0.9179834
2018-07-21 22:19:02,428 INFO 0.013<=R2<=0.019 is False, low_price<open_price-R*0.12 is True
2018-07-21 22:19:02,429 INFO low_price is 0.9128700000000001, open_price-R*0.12 is 0.9134384
2018-07-21 22:19:02,429 INFO 0.013<=R2<=0.019 is False, low_price<open_price-R*0.12 is False
2018-07-21 22:19:02,429 INFO low_price is 0.914845, open_price-R*0.12 is 0.9144314
2018-07-21 22:19:02,429 INFO 0.013<=R2<=0.019 is False, low_price<open_price-R*0.12 is False
2018-07-21 22:19:02,430 INFO low_price is 0.912555, open_price-R*0.12 is 0.912484
2018-07-21 22:19:02,430 INFO 0.013<=R2<=0.019 is False, low_price<open_price-R*0.12 is True
2018-07-21 22:19:02,430 INFO low_price is 0.91117, open_price-R*0.12 is 0.9118626
2018-07-21 22:19:02,430 INFO 0.013<=R2<=0.019 is False, low_price<open_price-R*0.12 is True
2018-07-21 22:19:02,430 INFO low_price is 0.90925, open_price-R*0.12 is 0.9095898
2018-07-21 22:19:02,431 INFO 0.013<=R2<=0.019 is True, low_price<open_price-R*0.12 is False
2018-07-21 22:19:02,431 INFO low_price is 0.908455, open_price-R*0.12 is 0.9077607999999999
2018-07-21 22:19:02,432 INFO 0.013<=R2<=0.019 is True, low_price<open_price-R*0.12 is False
2018-07-21 22:19:02,432 INFO low_price is 0.914445, open_price-R*0.12 is 0.9136454
2018-07-21 22:19:02,433 INFO 0.013<=R2<=0.019 is True, low_price<open_price-R*0.12 is False
2018-07-21 22:19:02,433 INFO low_price is 0.917165, open_price-R*0.12 is 0.9159562
2018-07-21 22:19:02,434 INFO 0.013<=R2<=0.019 is True, low_price<open_price-R*0.12 is False
2018-07-21 22:19:02,437 INFO low_price is 0.916265, open_price-R*0.12 is 0.9147312
2018-07-21 22:19:02,437 INFO 0.013<=R2<=0.019 is True, low_price<open_price-R*0.12 is False
2018-07-21 22:19:02,437 INFO low_price is 0.91476, open_price-R*0.12 is 0.9138662000000001
2018-07-21 22:19:02,438 INFO 0.013<=R2<=0.019 is True, low_price<open_price-R*0.12 is False
2018-07-21 22:19:02,438 INFO low_price is 0.91364, open_price-R*0.12 is 0.9129262
2018-07-21 22:19:02,439 INFO 0.013<=R2<=0.019 is True, low_price<open_price-R*0.12 is False
2018-07-21 22:19:02,439 INFO low_price is 0.914255, open_price-R*0.12 is 0.912677
2018-07-21 22:19:02,439 INFO 0.013<=R2<=0.019 is True, low_price<open_price-R*0.12 is False
2018-07-21 22:19:02,439 INFO low_price is 0.916265, open_price-R*0.12 is 0.9150064
2018-07-21 22:19:02,440 INFO 0.013<=R2<=0.019 is True, low_price<open_price-R*0.12 is True
2018-07-21 22:19:02,440 INFO low_price is 0.917195, open_price-R*0.12 is 0.9173452
2018-07-21 22:19:02,440 INFO 0.013<=R2<=0.019 is True, low_price<open_price-R*0.12 is False
2018-07-21 22:19:02,440 INFO low_price is 0.916895, open_price-R*0.12 is 0.9161788000000001
2018-07-21 22:19:02,440 INFO 0.013<=R2<=0.019 is True, low_price<open_price-R*0.12 is False
2018-07-21 22:19:02,441 INFO low_price is 0.914955, open_price-R*0.12 is 0.9142988
2018-07-21 22:19:02,441 INFO 0.013<=R2<=0.019 is True, low_price<open_price-R*0.12 is True
2018-07-21 22:19:02,441 INFO low_price is 0.9106350000000001, open_price-R*0.12 is 0.9110138
2018-07-21 22:19:02,441 INFO 0.013<=R2<=0.019 is True, low_price<open_price-R*0.12 is True
2018-07-21 22:19:02,441 INFO low_price is 0.90757, open_price-R*0.12 is 0.9094788
2018-07-21 22:19:02,442 INFO 0.013<=R2<=0.019 is False, low_price<open_price-R*0.12 is True
2018-07-21 22:19:02,442 INFO low_price is 0.9073549999999999, open_price-R*0.12 is 0.9073838
2018-07-21 22:19:02,443 INFO 0.013<=R2<=0.019 is False, low_price<open_price-R*0.12 is False
2018-07-21 22:19:02,443 INFO low_price is 0.906595, open_price-R*0.12 is 0.9058276
2018-07-21 22:19:02,443 INFO 0.013<=R2<=0.019 is False, low_price<open_price-R*0.12 is False
2018-07-21 22:19:02,443 INFO low_price is 0.9105650000000001, open_price-R*0.12 is 0.9096968
2018-07-21 22:19:02,444 INFO 0.013<=R2<=0.019 is True, low_price<open_price-R*0.12 is False
2018-07-21 22:19:02,444 INFO low_price is 0.908775, open_price-R*0.12 is 0.9078305999999999
2018-07-21 22:19:02,444 INFO 0.013<=R2<=0.019 is True, low_price<open_price-R*0.12 is False
2018-07-21 22:19:02,445 INFO low_price is 0.9109050000000001, open_price-R*0.12 is 0.9095606
2018-07-21 22:19:02,446 INFO 0.013<=R2<=0.019 is True, low_price<open_price-R*0.12 is False
2018-07-21 22:19:02,447 INFO low_price is 0.9102600000000001, open_price-R*0.12 is 0.9096106
2018-07-21 22:19:02,447 INFO 0.013<=R2<=0.019 is True, low_price<open_price-R*0.12 is False
2018-07-21 22:19:02,447 INFO low_price is 0.90709, open_price-R*0.12 is 0.9069106
2018-07-21 22:19:02,448 INFO 0.013<=R2<=0.019 is True, low_price<open_price-R*0.12 is False
2018-07-21 22:19:02,448 INFO low_price is 0.906265, open_price-R*0.12 is 0.9048006000000001
2018-07-21 22:19:02,448 INFO 0.013<=R2<=0.019 is True, low_price<open_price-R*0.12 is False
2018-07-21 22:19:02,449 INFO low_price is 0.906895, open_price-R*0.12 is 0.90562
2018-07-21 22:19:02,449 INFO 0.013<=R2<=0.019 is True, low_price<open_price-R*0.12 is False
2018-07-21 22:19:02,450 INFO low_price is 0.90865, open_price-R*0.12 is 0.9076998
2018-07-21 22:19:02,450 INFO 0.013<=R2<=0.019 is True, low_price<open_price-R*0.12 is True
2018-07-21 22:19:02,451 INFO low_price is 0.9042650000000001, open_price-R*0.12 is 0.9043976
2018-07-21 22:19:02,452 INFO 0.013<=R2<=0.019 is True, low_price<open_price-R*0.12 is True
2018-07-21 22:19:02,452 INFO low_price is 0.9019550000000001, open_price-R*0.12 is 0.9020776
2018-07-21 22:19:02,453 INFO 0.013<=R2<=0.019 is True, low_price<open_price-R*0.12 is False
2018-07-21 22:19:02,453 INFO low_price is 0.9001399999999999, open_price-R*0.12 is 0.8991154
2018-07-21 22:19:02,453 INFO 0.013<=R2<=0.019 is True, low_price<open_price-R*0.12 is False
2018-07-21 22:19:02,454 INFO low_price is 0.903345, open_price-R*0.12 is 0.9019231999999999
2018-07-21 22:19:02,454 INFO 0.013<=R2<=0.019 is False, low_price<open_price-R*0.12 is False
2018-07-21 22:19:02,454 INFO low_price is 0.903345, open_price-R*0.12 is 0.9019704000000001
2018-07-21 22:19:02,454 INFO 0.013<=R2<=0.019 is True, low_price<open_price-R*0.12 is False
2018-07-21 22:19:02,455 INFO low_price is 0.905805, open_price-R*0.12 is 0.9044004
2018-07-21 22:19:02,455 INFO 0.013<=R2<=0.019 is True, low_price<open_price-R*0.12 is False
2018-07-21 22:19:02,455 INFO low_price is 0.908355, open_price-R*0.12 is 0.9071654
2018-07-21 22:19:02,456 INFO 0.013<=R2<=0.019 is True, low_price<open_price-R*0.12 is False
2018-07-21 22:19:02,456 INFO low_price is 0.91235, open_price-R*0.12 is 0.9110454
2018-07-21 22:19:02,456 INFO 0.013<=R2<=0.019 is True, low_price<open_price-R*0.12 is False
2018-07-21 22:19:02,457 INFO low_price is 0.91405, open_price-R*0.12 is 0.9126251999999999
2018-07-21 22:19:02,457 INFO 0.013<=R2<=0.019 is True, low_price<open_price-R*0.12 is False
2018-07-21 22:19:02,457 INFO low_price is 0.915305, open_price-R*0.12 is 0.913713
2018-07-21 22:19:02,458 INFO 0.013<=R2<=0.019 is True, low_price<open_price-R*0.12 is False
2018-07-21 22:19:02,458 INFO low_price is 0.91591, open_price-R*0.12 is 0.9145173999999999
2018-07-21 22:19:02,458 INFO 0.013<=R2<=0.019 is True, low_price<open_price-R*0.12 is False
2018-07-21 22:19:02,459 INFO low_price is 0.917245, open_price-R*0.12 is 0.9152526
2018-07-21 22:19:02,459 INFO 0.013<=R2<=0.019 is True, low_price<open_price-R*0.12 is False
2018-07-21 22:19:02,459 INFO low_price is 0.918745, open_price-R*0.12 is 0.9171775999999999
2018-07-21 22:19:02,459 INFO 0.013<=R2<=0.019 is False, low_price<open_price-R*0.12 is False
2018-07-21 22:19:02,460 INFO low_price is 0.919395, open_price-R*0.12 is 0.9176252
2018-07-21 22:19:02,460 INFO 0.013<=R2<=0.019 is False, low_price<open_price-R*0.12 is False
2018-07-21 22:19:02,460 INFO low_price is 0.917065, open_price-R*0.12 is 0.9157091999999999
2018-07-21 22:19:02,461 INFO 0.013<=R2<=0.019 is False, low_price<open_price-R*0.12 is False
2018-07-21 22:19:02,461 INFO low_price is 0.91769, open_price-R*0.12 is 0.9155608
2018-07-21 22:19:02,461 INFO 0.013<=R2<=0.019 is False, low_price<open_price-R*0.12 is True
2018-07-21 22:19:02,461 INFO low_price is 0.9142699999999999, open_price-R*0.12 is 0.9160254
2018-07-21 22:19:02,462 INFO 0.013<=R2<=0.019 is False, low_price<open_price-R*0.12 is False
2018-07-21 22:19:02,462 INFO low_price is 0.915445, open_price-R*0.12 is 0.9134904
2018-07-21 22:19:02,463 INFO 0.013<=R2<=0.019 is False, low_price<open_price-R*0.12 is False
2018-07-21 22:19:02,463 INFO low_price is 0.91566, open_price-R*0.12 is 0.9144456
2018-07-21 22:19:02,463 INFO 0.013<=R2<=0.019 is False, low_price<open_price-R*0.12 is False
2018-07-21 22:19:02,463 INFO low_price is 0.916785, open_price-R*0.12 is 0.9159616
2018-07-21 22:19:02,464 INFO 0.013<=R2<=0.019 is False, low_price<open_price-R*0.12 is False
2018-07-21 22:19:02,464 INFO low_price is 0.91674, open_price-R*0.12 is 0.915776
2018-07-21 22:19:02,464 INFO 0.013<=R2<=0.019 is False, low_price<open_price-R*0.12 is False
2018-07-21 22:19:02,464 INFO low_price is 0.9184, open_price-R*0.12 is 0.9183199999999999
2018-07-21 22:19:02,465 INFO 0.013<=R2<=0.019 is True, low_price<open_price-R*0.12 is False
2018-07-21 22:19:02,467 INFO low_price is 0.919645, open_price-R*0.12 is 0.9194728
2018-07-21 22:19:02,467 INFO 0.013<=R2<=0.019 is True, low_price<open_price-R*0.12 is False
2018-07-21 22:19:02,468 INFO low_price is 0.919295, open_price-R*0.12 is 0.9188578000000001
2018-07-21 22:19:02,469 INFO 0.013<=R2<=0.019 is True, low_price<open_price-R*0.12 is False
2018-07-21 22:19:02,469 INFO low_price is 0.91822, open_price-R*0.12 is 0.9177877999999999
2018-07-21 22:19:02,470 INFO 0.013<=R2<=0.019 is True, low_price<open_price-R*0.12 is False
2018-07-21 22:19:02,470 INFO low_price is 0.918265, open_price-R*0.12 is 0.9176378000000001
2018-07-21 22:19:02,471 INFO 0.013<=R2<=0.019 is False, low_price<open_price-R*0.12 is False
2018-07-21 22:19:02,471 INFO low_price is 0.91832, open_price-R*0.12 is 0.9179778000000001
2018-07-21 22:19:02,471 INFO 0.013<=R2<=0.019 is False, low_price<open_price-R*0.12 is False
2018-07-21 22:19:02,471 INFO low_price is 0.91837, open_price-R*0.12 is 0.9177128
2018-07-21 22:19:02,472 INFO 0.013<=R2<=0.019 is False, low_price<open_price-R*0.12 is False
2018-07-21 22:19:02,472 INFO low_price is 0.9191, open_price-R*0.12 is 0.9182528
2018-07-21 22:19:02,472 INFO 0.013<=R2<=0.019 is False, low_price<open_price-R*0.12 is False
2018-07-21 22:19:02,473 INFO low_price is 0.9187449999999999, open_price-R*0.12 is 0.9181528
2018-07-21 22:19:02,473 INFO 0.013<=R2<=0.019 is False, low_price<open_price-R*0.12 is False
2018-07-21 22:19:02,474 INFO low_price is 0.9206350000000001, open_price-R*0.12 is 0.9199738000000001
2018-07-21 22:19:02,474 INFO 0.013<=R2<=0.019 is False, low_price<open_price-R*0.12 is False
2018-07-21 22:19:02,475 INFO low_price is 0.9199949999999999, open_price-R*0.12 is 0.9197136
2018-07-21 22:19:02,475 INFO 0.013<=R2<=0.019 is False, low_price<open_price-R*0.12 is False
2018-07-21 22:19:02,476 INFO low_price is 0.919115, open_price-R*0.12 is 0.9188782
2018-07-21 22:19:02,476 INFO 0.013<=R2<=0.019 is False, low_price<open_price-R*0.12 is False
2018-07-21 22:19:02,476 INFO low_price is 0.9197500000000001, open_price-R*0.12 is 0.9196832
2018-07-21 22:19:02,477 INFO 0.013<=R2<=0.019 is False, low_price<open_price-R*0.12 is True
2018-07-21 22:19:02,477 INFO low_price is 0.919795, open_price-R*0.12 is 0.9198725999999999
2018-07-21 22:19:02,478 INFO 0.013<=R2<=0.019 is False, low_price<open_price-R*0.12 is True
2018-07-21 22:19:02,478 INFO low_price is 0.917345, open_price-R*0.12 is 0.9177276
2018-07-21 22:19:02,478 INFO 0.013<=R2<=0.019 is False, low_price<open_price-R*0.12 is True
2018-07-21 22:19:02,478 INFO low_price is 0.9165449999999999, open_price-R*0.12 is 0.9170726
2018-07-21 22:19:02,479 INFO 0.013<=R2<=0.019 is False, low_price<open_price-R*0.12 is False
2018-07-21 22:19:02,479 INFO low_price is 0.9221349999999999, open_price-R*0.12 is 0.9219575999999999
2018-07-21 22:19:02,479 INFO 0.013<=R2<=0.019 is False, low_price<open_price-R*0.12 is True
2018-07-21 22:19:02,479 INFO low_price is 0.921205, open_price-R*0.12 is 0.9216
2018-07-21 22:19:02,480 INFO 0.013<=R2<=0.019 is False, low_price<open_price-R*0.12 is False
2018-07-21 22:19:02,480 INFO low_price is 0.9223049999999999, open_price-R*0.12 is 0.9220024
2018-07-21 22:19:02,480 INFO 0.013<=R2<=0.019 is False, low_price<open_price-R*0.12 is False
2018-07-21 22:19:02,480 INFO low_price is 0.92534, open_price-R*0.12 is 0.9242404
2018-07-21 22:19:02,481 INFO 0.013<=R2<=0.019 is False, low_price<open_price-R*0.12 is False
2018-07-21 22:19:02,481 INFO low_price is 0.92605, open_price-R*0.12 is 0.9252125999999999
2018-07-21 22:19:02,481 INFO 0.013<=R2<=0.019 is False, low_price<open_price-R*0.12 is False
2018-07-21 22:19:02,481 INFO low_price is 0.92595, open_price-R*0.12 is 0.9252992
2018-07-21 22:19:02,482 INFO 0.013<=R2<=0.019 is False, low_price<open_price-R*0.12 is False
2018-07-21 22:19:02,482 INFO low_price is 0.9256, open_price-R*0.12 is 0.9245742000000001
2018-07-21 22:19:02,483 INFO 0.013<=R2<=0.019 is False, low_price<open_price-R*0.12 is False
2018-07-21 22:19:02,484 INFO low_price is 0.924915, open_price-R*0.12 is 0.9243142000000001
2018-07-21 22:19:02,485 INFO 0.013<=R2<=0.019 is False, low_price<open_price-R*0.12 is False
2018-07-21 22:19:02,486 INFO low_price is 0.925945, open_price-R*0.12 is 0.9249592
2018-07-21 22:19:02,486 INFO 0.013<=R2<=0.019 is False, low_price<open_price-R*0.12 is False
2018-07-21 22:19:02,486 INFO low_price is 0.92595, open_price-R*0.12 is 0.9252642000000001
2018-07-21 22:19:02,487 INFO 0.013<=R2<=0.019 is True, low_price<open_price-R*0.12 is True
2018-07-21 22:19:02,487 INFO low_price is 0.924515, open_price-R*0.12 is 0.9247411999999999
2018-07-21 22:19:02,487 INFO 0.013<=R2<=0.019 is True, low_price<open_price-R*0.12 is False
2018-07-21 22:19:02,488 INFO low_price is 0.926895, open_price-R*0.12 is 0.9255561999999999
2018-07-21 22:19:02,488 INFO 0.013<=R2<=0.019 is True, low_price<open_price-R*0.12 is False
2018-07-21 22:19:02,488 INFO low_price is 0.922345, open_price-R*0.12 is 0.9218061999999999
2018-07-21 22:19:02,489 INFO 0.013<=R2<=0.019 is True, low_price<open_price-R*0.12 is False
2018-07-21 22:19:02,489 INFO low_price is 0.9235, open_price-R*0.12 is 0.9228554000000001
2018-07-21 22:19:02,489 INFO 0.013<=R2<=0.019 is True, low_price<open_price-R*0.12 is False
2018-07-21 22:19:02,489 INFO low_price is 0.924245, open_price-R*0.12 is 0.9235753999999999
2018-07-21 22:19:02,490 INFO 0.013<=R2<=0.019 is True, low_price<open_price-R*0.12 is False
2018-07-21 22:19:02,490 INFO low_price is 0.9277, open_price-R*0.12 is 0.9270474
2018-07-21 22:19:02,491 INFO 0.013<=R2<=0.019 is True, low_price<open_price-R*0.12 is False
2018-07-21 22:19:02,491 INFO low_price is 0.92793, open_price-R*0.12 is 0.9274421999999999
2018-07-21 22:19:02,491 INFO 0.013<=R2<=0.019 is True, low_price<open_price-R*0.12 is False
2018-07-21 22:19:02,492 INFO low_price is 0.9266449999999999, open_price-R*0.12 is 0.9266021999999999
2018-07-21 22:19:02,492 INFO 0.013<=R2<=0.019 is True, low_price<open_price-R*0.12 is False
2018-07-21 22:19:02,492 INFO low_price is 0.92745, open_price-R*0.12 is 0.9265871999999999
2018-07-21 22:19:02,493 INFO 0.013<=R2<=0.019 is False, low_price<open_price-R*0.12 is False
2018-07-21 22:19:02,493 INFO low_price is 0.929745, open_price-R*0.12 is 0.9294022000000001
2018-07-21 22:19:02,493 INFO 0.013<=R2<=0.019 is False, low_price<open_price-R*0.12 is False
2018-07-21 22:19:02,494 INFO low_price is 0.93055, open_price-R*0.12 is 0.9302655999999999
2018-07-21 22:19:02,494 INFO 0.013<=R2<=0.019 is False, low_price<open_price-R*0.12 is False
2018-07-21 22:19:02,494 INFO low_price is 0.931835, open_price-R*0.12 is 0.930843
2018-07-21 22:19:02,496 INFO 0.013<=R2<=0.019 is False, low_price<open_price-R*0.12 is False
2018-07-21 22:19:02,496 INFO low_price is 0.93355, open_price-R*0.12 is 0.932119
2018-07-21 22:19:02,497 INFO 0.013<=R2<=0.019 is False, low_price<open_price-R*0.12 is False
2018-07-21 22:19:02,497 INFO low_price is 0.933395, open_price-R*0.12 is 0.9324890000000001
2018-07-21 22:19:02,498 INFO 0.013<=R2<=0.019 is True, low_price<open_price-R*0.12 is False
2018-07-21 22:19:02,499 INFO low_price is 0.927935, open_price-R*0.12 is 0.9263
2018-07-21 22:19:02,499 INFO 0.013<=R2<=0.019 is True, low_price<open_price-R*0.12 is True
2018-07-21 22:19:02,500 INFO low_price is 0.925245, open_price-R*0.12 is 0.92527
2018-07-21 22:19:02,501 INFO 0.013<=R2<=0.019 is True, low_price<open_price-R*0.12 is False
2018-07-21 22:19:02,502 INFO low_price is 0.9273549999999999, open_price-R*0.12 is 0.9256036
2018-07-21 22:19:02,503 INFO 0.013<=R2<=0.019 is True, low_price<open_price-R*0.12 is False
2018-07-21 22:19:02,503 INFO low_price is 0.9273199999999999, open_price-R*0.12 is 0.9258930000000001
2018-07-21 22:19:02,503 INFO 0.013<=R2<=0.019 is True, low_price<open_price-R*0.12 is False
2018-07-21 22:19:02,503 INFO low_price is 0.923745, open_price-R*0.12 is 0.922413
2018-07-21 22:19:02,504 INFO 0.013<=R2<=0.019 is True, low_price<open_price-R*0.12 is False
2018-07-21 22:19:02,504 INFO low_price is 0.92255, open_price-R*0.12 is 0.921423
2018-07-21 22:19:02,505 INFO 0.013<=R2<=0.019 is True, low_price<open_price-R*0.12 is False
2018-07-21 22:19:02,505 INFO low_price is 0.92236, open_price-R*0.12 is 0.921078
2018-07-21 22:19:02,505 INFO 0.013<=R2<=0.019 is True, low_price<open_price-R*0.12 is False
2018-07-21 22:19:02,506 INFO low_price is 0.9246000000000001, open_price-R*0.12 is 0.9232496000000001
2018-07-21 22:19:02,506 INFO 0.013<=R2<=0.019 is True, low_price<open_price-R*0.12 is False
2018-07-21 22:19:02,506 INFO low_price is 0.923735, open_price-R*0.12 is 0.9225967999999999
2018-07-21 22:19:02,507 INFO 0.013<=R2<=0.019 is True, low_price<open_price-R*0.12 is False
2018-07-21 22:19:02,507 INFO low_price is 0.9265699999999999, open_price-R*0.12 is 0.9246667999999999
2018-07-21 22:19:02,507 INFO 0.013<=R2<=0.019 is True, low_price<open_price-R*0.12 is False
2018-07-21 22:19:02,507 INFO low_price is 0.9273, open_price-R*0.12 is 0.9258917999999999
2018-07-21 22:19:02,508 INFO 0.013<=R2<=0.019 is True, low_price<open_price-R*0.12 is False
2018-07-21 22:19:02,508 INFO low_price is 0.93035, open_price-R*0.12 is 0.9287717999999999
2018-07-21 22:19:02,508 INFO 0.013<=R2<=0.019 is True, low_price<open_price-R*0.12 is False
2018-07-21 22:19:02,508 INFO low_price is 0.930515, open_price-R*0.12 is 0.9292448
2018-07-21 22:19:02,509 INFO 0.013<=R2<=0.019 is True, low_price<open_price-R*0.12 is False
2018-07-21 22:19:02,509 INFO low_price is 0.93184, open_price-R*0.12 is 0.9312839999999999
2018-07-21 22:19:02,510 INFO 0.013<=R2<=0.019 is True, low_price<open_price-R*0.12 is False
2018-07-21 22:19:02,510 INFO low_price is 0.93285, open_price-R*0.12 is 0.9327124
2018-07-21 22:19:02,510 INFO 0.013<=R2<=0.019 is True, low_price<open_price-R*0.12 is False
2018-07-21 22:19:02,511 INFO low_price is 0.93448, open_price-R*0.12 is 0.933161
2018-07-21 22:19:02,511 INFO 0.013<=R2<=0.019 is True, low_price<open_price-R*0.12 is False
2018-07-21 22:19:02,511 INFO low_price is 0.9344349999999999, open_price-R*0.12 is 0.9335129999999999
2018-07-21 22:19:02,512 INFO 0.013<=R2<=0.019 is True, low_price<open_price-R*0.12 is False
2018-07-21 22:19:02,512 INFO low_price is 0.93364, open_price-R*0.12 is 0.932923
2018-07-21 22:19:02,513 INFO 0.013<=R2<=0.019 is True, low_price<open_price-R*0.12 is False
2018-07-21 22:19:02,513 INFO low_price is 0.933235, open_price-R*0.12 is 0.9322465999999999
2018-07-21 22:19:02,513 INFO 0.013<=R2<=0.019 is True, low_price<open_price-R*0.12 is False
2018-07-21 22:19:02,513 INFO low_price is 0.931055, open_price-R*0.12 is 0.9294216
2018-07-21 22:19:02,514 INFO 0.013<=R2<=0.019 is True, low_price<open_price-R*0.12 is False
2018-07-21 22:19:02,514 INFO low_price is 0.93191, open_price-R*0.12 is 0.9305716
2018-07-21 22:19:02,515 INFO 0.013<=R2<=0.019 is True, low_price<open_price-R*0.12 is False
2018-07-21 22:19:02,515 INFO low_price is 0.9323349999999999, open_price-R*0.12 is 0.9311816
2018-07-21 22:19:02,516 INFO 0.013<=R2<=0.019 is True, low_price<open_price-R*0.12 is True
2018-07-21 22:19:02,516 INFO low_price is 0.930695, open_price-R*0.12 is 0.9323617999999999
2018-07-21 22:19:02,518 INFO 0.013<=R2<=0.019 is True, low_price<open_price-R*0.12 is False
2018-07-21 22:19:02,519 INFO low_price is 0.9285049999999999, open_price-R*0.12 is 0.9283094000000001
2018-07-21 22:19:02,520 INFO 0.013<=R2<=0.019 is True, low_price<open_price-R*0.12 is True
2018-07-21 22:19:02,520 INFO low_price is 0.92885, open_price-R*0.12 is 0.9290654
2018-07-21 22:19:02,520 INFO 0.013<=R2<=0.019 is True, low_price<open_price-R*0.12 is False
2018-07-21 22:19:02,521 INFO low_price is 0.9304399999999999, open_price-R*0.12 is 0.930344
2018-07-21 22:19:02,521 INFO 0.013<=R2<=0.019 is False, low_price<open_price-R*0.12 is True
2018-07-21 22:19:02,521 INFO low_price is 0.923135, open_price-R*0.12 is 0.924079
2018-07-21 22:19:02,522 INFO 0.013<=R2<=0.019 is False, low_price<open_price-R*0.12 is False
2018-07-21 22:19:02,522 INFO low_price is 0.923835, open_price-R*0.12 is 0.923499
2018-07-21 22:19:02,523 INFO 0.013<=R2<=0.019 is True, low_price<open_price-R*0.12 is False
2018-07-21 22:19:02,523 INFO low_price is 0.9203950000000001, open_price-R*0.12 is 0.9192996
2018-07-21 22:19:02,523 INFO 0.013<=R2<=0.019 is True, low_price<open_price-R*0.12 is False
2018-07-21 22:19:02,523 INFO low_price is 0.91826, open_price-R*0.12 is 0.9176496
2018-07-21 22:19:02,524 INFO 0.013<=R2<=0.019 is True, low_price<open_price-R*0.12 is False
2018-07-21 22:19:02,524 INFO low_price is 0.9157649999999999, open_price-R*0.12 is 0.9144578
2018-07-21 22:19:02,526 INFO 0.013<=R2<=0.019 is True, low_price<open_price-R*0.12 is False
2018-07-21 22:19:02,526 INFO low_price is 0.916145, open_price-R*0.12 is 0.9152252
2018-07-21 22:19:02,527 INFO 0.013<=R2<=0.019 is False, low_price<open_price-R*0.12 is False
2018-07-21 22:19:02,527 INFO low_price is 0.91776, open_price-R*0.12 is 0.9160408000000001
2018-07-21 22:19:02,528 INFO 0.013<=R2<=0.019 is False, low_price<open_price-R*0.12 is False
2018-07-21 22:19:02,528 INFO low_price is 0.91934, open_price-R*0.12 is 0.9173958
2018-07-21 22:19:02,529 INFO 0.013<=R2<=0.019 is False, low_price<open_price-R*0.12 is False
2018-07-21 22:19:02,529 INFO low_price is 0.923775, open_price-R*0.12 is 0.9215057999999999
2018-07-21 22:19:02,529 INFO 0.013<=R2<=0.019 is False, low_price<open_price-R*0.12 is False
2018-07-21 22:19:02,530 INFO low_price is 0.929445, open_price-R*0.12 is 0.9274707999999999
2018-07-21 22:19:02,530 INFO 0.013<=R2<=0.019 is False, low_price<open_price-R*0.12 is False
2018-07-21 22:19:02,530 INFO low_price is 0.931445, open_price-R*0.12 is 0.9297842000000001
2018-07-21 22:19:02,531 INFO 0.013<=R2<=0.019 is False, low_price<open_price-R*0.12 is False
2018-07-21 22:19:02,531 INFO low_price is 0.928945, open_price-R*0.12 is 0.9287342000000001
2018-07-21 22:19:02,531 INFO 0.013<=R2<=0.019 is False, low_price<open_price-R*0.12 is True
2018-07-21 22:19:02,531 INFO low_price is 0.926365, open_price-R*0.12 is 0.9267098
2018-07-21 22:19:02,532 INFO 0.013<=R2<=0.019 is False, low_price<open_price-R*0.12 is False
2018-07-21 22:19:02,532 INFO low_price is 0.92591, open_price-R*0.12 is 0.9254847999999999
2018-07-21 22:19:02,534 INFO 0.013<=R2<=0.019 is False, low_price<open_price-R*0.12 is False
2018-07-21 22:19:02,535 INFO low_price is 0.925655, open_price-R*0.12 is 0.9245298
2018-07-21 22:19:02,536 INFO 0.013<=R2<=0.019 is False, low_price<open_price-R*0.12 is False
2018-07-21 22:19:02,537 INFO low_price is 0.92466, open_price-R*0.12 is 0.9233048
2018-07-21 22:19:02,537 INFO 0.013<=R2<=0.019 is True, low_price<open_price-R*0.12 is False
2018-07-21 22:19:02,537 INFO low_price is 0.92616, open_price-R*0.12 is 0.9245548
2018-07-21 22:19:02,538 INFO 0.013<=R2<=0.019 is True, low_price<open_price-R*0.12 is False
2018-07-21 22:19:02,538 INFO low_price is 0.925045, open_price-R*0.12 is 0.9240098
2018-07-21 22:19:02,539 INFO 0.013<=R2<=0.019 is True, low_price<open_price-R*0.12 is False
2018-07-21 22:19:02,539 INFO low_price is 0.922745, open_price-R*0.12 is 0.9216254
2018-07-21 22:19:02,540 INFO 0.013<=R2<=0.019 is True, low_price<open_price-R*0.12 is False
2018-07-21 22:19:02,540 INFO low_price is 0.9239999999999999, open_price-R*0.12 is 0.9226141999999999
2018-07-21 22:19:02,541 INFO 0.013<=R2<=0.019 is True, low_price<open_price-R*0.12 is True
2018-07-21 22:19:02,541 INFO low_price is 0.923735, open_price-R*0.12 is 0.9239638
2018-07-21 22:19:02,541 INFO 0.013<=R2<=0.019 is True, low_price<open_price-R*0.12 is True
2018-07-21 22:19:02,541 INFO low_price is 0.921035, open_price-R*0.12 is 0.9231623999999999
2018-07-21 22:19:02,542 INFO 0.013<=R2<=0.019 is True, low_price<open_price-R*0.12 is False
2018-07-21 22:19:02,542 INFO low_price is 0.9184, open_price-R*0.12 is 0.9180573999999999
2018-07-21 22:19:02,542 INFO 0.013<=R2<=0.019 is True, low_price<open_price-R*0.12 is False
2018-07-21 22:19:02,543 INFO low_price is 0.91998, open_price-R*0.12 is 0.9186871999999999
2018-07-21 22:19:02,543 INFO 0.013<=R2<=0.019 is True, low_price<open_price-R*0.12 is True
2018-07-21 22:19:02,543 INFO low_price is 0.91711, open_price-R*0.12 is 0.9171210000000001
2018-07-21 22:19:02,544 INFO 0.013<=R2<=0.019 is True, low_price<open_price-R*0.12 is False
2018-07-21 22:19:02,544 INFO low_price is 0.9226099999999999, open_price-R*0.12 is 0.9211978
2018-07-21 22:19:02,544 INFO 0.013<=R2<=0.019 is True, low_price<open_price-R*0.12 is False
2018-07-21 22:19:02,544 INFO low_price is 0.926695, open_price-R*0.12 is 0.9250948
2018-07-21 22:19:02,545 INFO 0.013<=R2<=0.019 is True, low_price<open_price-R*0.12 is False
2018-07-21 22:19:02,545 INFO low_price is 0.92575, open_price-R*0.12 is 0.9242947999999999
2018-07-21 22:19:02,545 INFO 0.013<=R2<=0.019 is True, low_price<open_price-R*0.12 is False
2018-07-21 22:19:02,546 INFO low_price is 0.9275599999999999, open_price-R*0.12 is 0.9262198
2018-07-21 22:19:02,546 INFO 0.013<=R2<=0.019 is True, low_price<open_price-R*0.12 is False
2018-07-21 22:19:02,546 INFO low_price is 0.927155, open_price-R*0.12 is 0.9266998
2018-07-21 22:19:02,547 INFO 0.013<=R2<=0.019 is True, low_price<open_price-R*0.12 is False
2018-07-21 22:19:02,547 INFO low_price is 0.927125, open_price-R*0.12 is 0.9261798
2018-07-21 22:19:02,547 INFO 0.013<=R2<=0.019 is True, low_price<open_price-R*0.12 is False
2018-07-21 22:19:02,548 INFO low_price is 0.9258649999999999, open_price-R*0.12 is 0.9254441999999999
2018-07-21 22:19:02,549 INFO 0.013<=R2<=0.019 is True, low_price<open_price-R*0.12 is False
2018-07-21 22:19:02,549 INFO low_price is 0.9257200000000001, open_price-R*0.12 is 0.9244818
2018-07-21 22:19:02,550 INFO 0.013<=R2<=0.019 is True, low_price<open_price-R*0.12 is False
2018-07-21 22:19:02,550 INFO low_price is 0.9258850000000001, open_price-R*0.12 is 0.9257918
2018-07-21 22:19:02,551 INFO 0.013<=R2<=0.019 is True, low_price<open_price-R*0.12 is False
2018-07-21 22:19:02,552 INFO low_price is 0.92436, open_price-R*0.12 is 0.9232218
2018-07-21 22:19:02,553 INFO 0.013<=R2<=0.019 is True, low_price<open_price-R*0.12 is False
2018-07-21 22:19:02,553 INFO low_price is 0.9232450000000001, open_price-R*0.12 is 0.9222918000000001
2018-07-21 22:19:02,553 INFO 0.013<=R2<=0.019 is True, low_price<open_price-R*0.12 is False
2018-07-21 22:19:02,553 INFO low_price is 0.921445, open_price-R*0.12 is 0.9207018
2018-07-21 22:19:02,554 INFO 0.013<=R2<=0.019 is True, low_price<open_price-R*0.12 is False
2018-07-21 22:19:02,554 INFO low_price is 0.915755, open_price-R*0.12 is 0.9151218
2018-07-21 22:19:02,554 INFO 0.013<=R2<=0.019 is True, low_price<open_price-R*0.12 is False
2018-07-21 22:19:02,554 INFO low_price is 0.913555, open_price-R*0.12 is 0.9132319999999999
2018-07-21 22:19:02,555 INFO 0.013<=R2<=0.019 is True, low_price<open_price-R*0.12 is False
2018-07-21 22:19:02,555 INFO low_price is 0.914945, open_price-R*0.12 is 0.9130892
2018-07-21 22:19:02,556 INFO 0.013<=R2<=0.019 is True, low_price<open_price-R*0.12 is False
2018-07-21 22:19:02,556 INFO low_price is 0.918445, open_price-R*0.12 is 0.9167452
2018-07-21 22:19:02,556 INFO 0.013<=R2<=0.019 is True, low_price<open_price-R*0.12 is False
2018-07-21 22:19:02,556 INFO low_price is 0.9156599999999999, open_price-R*0.12 is 0.9147452
2018-07-21 22:19:02,557 INFO 0.013<=R2<=0.019 is True, low_price<open_price-R*0.12 is False
2018-07-21 22:19:02,557 INFO low_price is 0.918345, open_price-R*0.12 is 0.9169001999999999
2018-07-21 22:19:02,557 INFO 0.013<=R2<=0.019 is True, low_price<open_price-R*0.12 is False
2018-07-21 22:19:02,558 INFO low_price is 0.919975, open_price-R*0.12 is 0.9197852
2018-07-21 22:19:02,558 INFO 0.013<=R2<=0.019 is True, low_price<open_price-R*0.12 is False
2018-07-21 22:19:02,558 INFO low_price is 0.922895, open_price-R*0.12 is 0.9213558000000001
2018-07-21 22:19:02,559 INFO 0.013<=R2<=0.019 is True, low_price<open_price-R*0.12 is False
2018-07-21 22:19:02,559 INFO low_price is 0.922275, open_price-R*0.12 is 0.9215106
2018-07-21 22:19:02,559 INFO 0.013<=R2<=0.019 is True, low_price<open_price-R*0.12 is False
2018-07-21 22:19:02,559 INFO low_price is 0.92291, open_price-R*0.12 is 0.9214606000000001
2018-07-21 22:19:02,560 INFO 0.013<=R2<=0.019 is True, low_price<open_price-R*0.12 is False
2018-07-21 22:19:02,560 INFO low_price is 0.9245650000000001, open_price-R*0.12 is 0.9235748
2018-07-21 22:19:02,560 INFO 0.013<=R2<=0.019 is True, low_price<open_price-R*0.12 is False
2018-07-21 22:19:02,560 INFO low_price is 0.92737, open_price-R*0.12 is 0.9261148
2018-07-21 22:19:02,561 INFO 0.013<=R2<=0.019 is True, low_price<open_price-R*0.12 is True
2018-07-21 22:19:02,561 INFO low_price is 0.925725, open_price-R*0.12 is 0.9258520000000001
2018-07-21 22:19:02,561 INFO 0.013<=R2<=0.019 is True, low_price<open_price-R*0.12 is False
2018-07-21 22:19:02,561 INFO low_price is 0.9261699999999999, open_price-R*0.12 is 0.9256968
2018-07-21 22:19:02,562 INFO 0.013<=R2<=0.019 is True, low_price<open_price-R*0.12 is False
2018-07-21 22:19:02,562 INFO low_price is 0.927035, open_price-R*0.12 is 0.9260967999999999
