2018-07-20 14:46:27,424 INFO 
The datarepo is: 
bins_D1: []
bins_H4: []
bins_m1: []
2018-07-20 14:46:27,428 INFO 
The datarepo is: 
bins_D1: []
bins_H4: []
bins_m1: []
2018-07-20 14:46:27,430 INFO 
The datarepo is: 
bins_D1: []
bins_H4: []
bins_m1: []
2018-07-20 14:46:27,433 INFO 
The datarepo is: 
bins_D1: []
bins_H4: []
bins_m1: []
2018-07-20 14:46:27,436 INFO 
The datarepo is: 
bins_D1: []
bins_H4: []
bins_m1: []
2018-07-20 14:46:27,440 INFO 
The datarepo is: 
bins_D1: []
bins_H4: []
bins_m1: []
2018-07-20 14:46:27,442 INFO 
The datarepo is: 
bins_D1: []
bins_H4: []
bins_m1: []
2018-07-20 14:46:27,445 INFO 
The datarepo is: 
bins_D1: []
bins_H4: []
bins_m1: []
2018-07-20 14:46:27,449 INFO 
The datarepo is: 
bins_D1: []
bins_H4: []
bins_m1: []
2018-07-20 14:46:27,451 INFO 
The datarepo is: 
bins_D1: []
bins_H4: []
bins_m1: []
2018-07-20 14:46:27,454 INFO 
The datarepo is: 
bins_D1: []
bins_H4: []
bins_m1: []
2018-07-20 14:46:27,456 INFO 
The datarepo is: 
bins_D1: []
bins_H4: []
bins_m1: []
2018-07-20 14:46:27,459 INFO 
The datarepo is: 
bins_D1: []
bins_H4: []
bins_m1: []
2018-07-20 14:46:27,462 INFO 
The datarepo is: 
bins_D1: []
bins_H4: []
bins_m1: []
2018-07-20 14:46:27,467 INFO 
The datarepo is: 
bins_D1: []
bins_H4: []
bins_m1: []
2018-07-20 14:46:27,469 INFO 
The datarepo is: 
bins_D1: []
bins_H4: []
bins_m1: []
2018-07-20 14:46:27,472 INFO 
The datarepo is: 
bins_D1: []
bins_H4: []
bins_m1: []
2018-07-20 14:46:27,473 INFO 
The datarepo is: 
bins_D1: []
bins_H4: []
bins_m1: []
2018-07-20 14:46:27,477 INFO 
The datarepo is: 
bins_D1: []
bins_H4: []
bins_m1: []
2018-07-20 14:46:27,479 INFO 
The datarepo is: 
bins_D1: []
bins_H4: []
bins_m1: []
2018-07-20 14:46:27,482 INFO 
The datarepo is: 
bins_D1: []
bins_H4: []
bins_m1: []
2018-07-20 14:46:27,486 INFO 
The datarepo is: 
bins_D1: []
bins_H4: []
bins_m1: []
2018-07-20 14:46:27,489 INFO 
The datarepo is: 
bins_D1: []
bins_H4: []
bins_m1: []
2018-07-20 14:46:27,491 INFO 
The datarepo is: 
bins_D1: []
bins_H4: []
bins_m1: []
2018-07-20 14:46:27,494 INFO 
The datarepo is: 
bins_D1: []
bins_H4: []
bins_m1: []
2018-07-20 14:46:27,497 INFO 
The datarepo is: 
bins_D1: []
bins_H4: []
bins_m1: []
2018-07-20 14:46:27,501 INFO 
The datarepo is: 
bins_D1: []
bins_H4: []
bins_m1: []
2018-07-20 14:46:27,504 INFO 
The datarepo is: 
bins_D1: []
bins_H4: []
bins_m1: []
2018-07-20 14:46:27,506 INFO 
The datarepo is: 
bins_D1: []
bins_H4: []
bins_m1: []
2018-07-20 14:46:27,509 INFO 
The datarepo is: 
bins_D1: []
bins_H4: []
bins_m1: []
2018-07-20 14:46:27,512 INFO 
The datarepo is: 
bins_D1: []
bins_H4: []
bins_m1: []
2018-07-20 14:46:27,518 INFO 
The datarepo is: 
bins_D1: []
bins_H4: []
bins_m1: []
2018-07-20 14:46:27,521 INFO 
The datarepo is: 
bins_D1: []
bins_H4: []
bins_m1: []
2018-07-20 14:46:27,523 INFO 
The datarepo is: 
bins_D1: []
bins_H4: []
bins_m1: []
2018-07-20 14:46:27,526 INFO 
The datarepo is: 
bins_D1: []
bins_H4: []
bins_m1: []
2018-07-20 14:46:27,529 INFO 
The datarepo is: 
bins_D1: []
bins_H4: []
bins_m1: []
2018-07-20 14:46:27,531 INFO 
The datarepo is: 
bins_D1: []
bins_H4: []
bins_m1: []
2018-07-20 14:46:27,535 INFO 
The datarepo is: 
bins_D1: []
bins_H4: []
bins_m1: []
2018-07-20 14:46:27,538 INFO 
The datarepo is: 
bins_D1: []
bins_H4: []
bins_m1: []
2018-07-20 14:46:27,540 INFO 
The datarepo is: 
bins_D1: []
bins_H4: []
bins_m1: []
2018-07-20 14:46:27,543 INFO 
The datarepo is: 
bins_D1: []
bins_H4: []
bins_m1: []
2018-07-20 14:46:27,545 INFO 
The datarepo is: 
bins_D1: []
bins_H4: []
bins_m1: []
2018-07-20 14:46:27,548 INFO 
The datarepo is: 
bins_D1: []
bins_H4: []
bins_m1: []
2018-07-20 14:46:27,552 INFO 
The datarepo is: 
bins_D1: []
bins_H4: []
bins_m1: []
2018-07-20 14:46:27,554 INFO 
The datarepo is: 
bins_D1: []
bins_H4: []
bins_m1: []
2018-07-20 14:46:27,556 INFO 
The datarepo is: 
bins_D1: []
bins_H4: []
bins_m1: []
2018-07-20 14:46:27,559 INFO 
The datarepo is: 
bins_D1: []
bins_H4: []
bins_m1: []
2018-07-20 14:46:27,561 INFO 
The datarepo is: 
bins_D1: []
bins_H4: []
bins_m1: []
2018-07-20 14:46:27,563 INFO 
The datarepo is: 
bins_D1: []
bins_H4: []
bins_m1: []
2018-07-20 14:46:27,568 INFO 
The datarepo is: 
bins_D1: []
bins_H4: []
bins_m1: []
2018-07-20 14:46:27,571 INFO 
The datarepo is: 
bins_D1: []
bins_H4: []
bins_m1: []
2018-07-20 14:46:27,573 INFO 
The datarepo is: 
bins_D1: []
bins_H4: []
bins_m1: []
2018-07-20 14:46:27,575 INFO 
The datarepo is: 
bins_D1: []
bins_H4: []
bins_m1: []
2018-07-20 14:46:27,578 INFO 
The datarepo is: 
bins_D1: []
bins_H4: []
bins_m1: []
2018-07-20 14:46:27,581 INFO 
The datarepo is: 
bins_D1: []
bins_H4: []
bins_m1: []
2018-07-20 14:46:27,585 INFO 
The datarepo is: 
bins_D1: []
bins_H4: []
bins_m1: []
2018-07-20 14:46:27,586 INFO 
The datarepo is: 
bins_D1: []
bins_H4: []
bins_m1: []
2018-07-20 14:46:27,589 INFO 
The datarepo is: 
bins_D1: []
bins_H4: []
bins_m1: []
2018-07-20 14:46:27,591 INFO 
The datarepo is: 
bins_D1: []
bins_H4: []
bins_m1: []
2018-07-20 14:46:27,594 INFO 
The datarepo is: 
bins_D1: []
bins_H4: []
bins_m1: []
2018-07-20 14:46:27,595 INFO 
The datarepo is: 
bins_D1: []
bins_H4: []
bins_m1: []
2018-07-20 14:46:27,601 INFO 
The datarepo is: 
bins_D1: []
bins_H4: []
bins_m1: []
2018-07-20 14:46:27,604 INFO 
The datarepo is: 
bins_D1: []
bins_H4: []
bins_m1: []
2018-07-20 14:46:27,606 INFO 
The datarepo is: 
bins_D1: []
bins_H4: []
bins_m1: []
2018-07-20 14:46:27,608 INFO 
The datarepo is: 
bins_D1: []
bins_H4: []
bins_m1: []
2018-07-20 14:46:27,611 INFO 
The datarepo is: 
bins_D1: []
bins_H4: []
bins_m1: []
2018-07-20 14:46:27,615 INFO 
The datarepo is: 
bins_D1: []
bins_H4: []
bins_m1: []
2018-07-20 14:46:27,619 INFO 
The datarepo is: 
bins_D1: []
bins_H4: []
bins_m1: []
2018-07-20 14:46:27,622 INFO 
The datarepo is: 
bins_D1: []
bins_H4: []
bins_m1: []
2018-07-20 14:46:27,624 INFO 
The datarepo is: 
bins_D1: []
bins_H4: []
bins_m1: []
2018-07-20 14:46:27,627 INFO 
The datarepo is: 
bins_D1: []
bins_H4: []
bins_m1: []
2018-07-20 14:46:27,629 INFO 
The datarepo is: 
bins_D1: []
bins_H4: []
bins_m1: []
2018-07-20 14:46:27,632 INFO 
The datarepo is: 
bins_D1: []
bins_H4: []
bins_m1: []
2018-07-20 14:46:27,636 INFO 
The datarepo is: 
bins_D1: []
bins_H4: []
bins_m1: []
2018-07-20 14:46:27,638 INFO 
The datarepo is: 
bins_D1: []
bins_H4: []
bins_m1: []
2018-07-20 14:46:27,640 INFO 
The datarepo is: 
bins_D1: []
bins_H4: []
bins_m1: []
2018-07-20 14:46:27,642 INFO 
The datarepo is: 
bins_D1: []
bins_H4: []
bins_m1: []
2018-07-20 14:46:27,644 INFO 
The datarepo is: 
bins_D1: []
bins_H4: []
bins_m1: []
2018-07-20 14:46:27,646 INFO 
The datarepo is: 
bins_D1: []
bins_H4: []
bins_m1: []
2018-07-20 14:46:27,652 INFO 
The datarepo is: 
bins_D1: []
bins_H4: []
bins_m1: []
2018-07-20 14:46:27,654 INFO 
The datarepo is: 
bins_D1: []
bins_H4: []
bins_m1: []
2018-07-20 14:46:27,656 INFO 
The datarepo is: 
bins_D1: []
bins_H4: []
bins_m1: []
2018-07-20 14:46:27,658 INFO 
The datarepo is: 
bins_D1: []
bins_H4: []
bins_m1: []
2018-07-20 14:46:27,660 INFO 
The datarepo is: 
bins_D1: []
bins_H4: []
bins_m1: []
2018-07-20 14:46:27,664 INFO 
The datarepo is: 
bins_D1: []
bins_H4: []
bins_m1: []
2018-07-20 14:46:27,669 INFO 
The datarepo is: 
bins_D1: []
bins_H4: []
bins_m1: []
2018-07-20 14:46:27,671 INFO 
The datarepo is: 
bins_D1: []
bins_H4: []
bins_m1: []
2018-07-20 14:46:27,674 INFO 
The datarepo is: 
bins_D1: []
bins_H4: []
bins_m1: []
2018-07-20 14:46:27,676 INFO 
The datarepo is: 
bins_D1: []
bins_H4: []
bins_m1: []
2018-07-20 14:46:27,679 INFO 
The datarepo is: 
bins_D1: []
bins_H4: []
bins_m1: []
2018-07-20 14:46:27,682 INFO 
The datarepo is: 
bins_D1: []
bins_H4: []
bins_m1: []
2018-07-20 14:46:27,686 INFO 
The datarepo is: 
bins_D1: []
bins_H4: []
bins_m1: []
2018-07-20 14:46:27,689 INFO 
The datarepo is: 
bins_D1: []
bins_H4: []
bins_m1: []
2018-07-20 14:46:27,692 INFO 
The datarepo is: 
bins_D1: []
bins_H4: []
bins_m1: []
2018-07-20 14:46:27,694 INFO 
The datarepo is: 
bins_D1: []
bins_H4: []
bins_m1: []
2018-07-20 14:46:27,696 INFO 
The datarepo is: 
bins_D1: []
bins_H4: []
bins_m1: []
2018-07-20 14:46:27,701 INFO 
The datarepo is: 
bins_D1: []
bins_H4: []
bins_m1: []
2018-07-20 14:46:27,703 INFO 
The datarepo is: 
bins_D1: []
bins_H4: []
bins_m1: []
2018-07-20 14:46:27,705 INFO 
The datarepo is: 
bins_D1: []
bins_H4: []
bins_m1: []
2018-07-20 14:46:27,708 INFO 
The datarepo is: 
bins_D1: []
bins_H4: []
bins_m1: []
2018-07-20 14:46:27,711 INFO 
The datarepo is: 
bins_D1: []
bins_H4: []
bins_m1: []
2018-07-20 14:46:27,713 INFO 
The datarepo is: 
bins_D1: []
bins_H4: []
bins_m1: []
2018-07-20 14:46:27,717 INFO 
The datarepo is: 
bins_D1: []
bins_H4: []
bins_m1: []
2018-07-20 14:46:27,720 INFO 
The datarepo is: 
bins_D1: []
bins_H4: []
bins_m1: []
2018-07-20 14:46:27,722 INFO 
The datarepo is: 
bins_D1: []
bins_H4: []
bins_m1: []
2018-07-20 14:46:27,725 INFO 
The datarepo is: 
bins_D1: []
bins_H4: []
bins_m1: []
2018-07-20 14:46:27,728 INFO 
The datarepo is: 
bins_D1: []
bins_H4: []
bins_m1: []
2018-07-20 14:46:27,732 INFO 
The datarepo is: 
bins_D1: []
bins_H4: []
bins_m1: []
2018-07-20 14:46:27,735 INFO 
The datarepo is: 
bins_D1: []
bins_H4: []
bins_m1: []
2018-07-20 14:46:27,737 INFO 
The datarepo is: 
bins_D1: []
bins_H4: []
bins_m1: []
2018-07-20 14:46:27,740 INFO 
The datarepo is: 
bins_D1: []
bins_H4: []
bins_m1: []
2018-07-20 14:46:27,742 INFO 
The datarepo is: 
bins_D1: []
bins_H4: []
bins_m1: []
2018-07-20 14:46:27,744 INFO 
The datarepo is: 
bins_D1: []
bins_H4: []
bins_m1: []
2018-07-20 14:46:27,746 INFO 
The datarepo is: 
bins_D1: []
bins_H4: []
bins_m1: []
2018-07-20 14:46:27,751 INFO 
The datarepo is: 
bins_D1: []
bins_H4: []
bins_m1: []
2018-07-20 14:46:27,754 INFO 
The datarepo is: 
bins_D1: []
bins_H4: []
bins_m1: []
2018-07-20 14:46:27,756 INFO 
The datarepo is: 
bins_D1: []
bins_H4: []
bins_m1: []
2018-07-20 14:46:27,759 INFO 
The datarepo is: 
bins_D1: []
bins_H4: []
bins_m1: []
2018-07-20 14:46:27,763 INFO 
The datarepo is: 
bins_D1: []
bins_H4: []
bins_m1: []
2018-07-20 14:46:27,767 INFO 
The datarepo is: 
bins_D1: []
bins_H4: []
bins_m1: []
2018-07-20 14:46:27,770 INFO 
The datarepo is: 
bins_D1: []
bins_H4: []
bins_m1: []
2018-07-20 14:46:27,773 INFO 
The datarepo is: 
bins_D1: []
bins_H4: []
bins_m1: []
2018-07-20 14:46:27,775 INFO 
The datarepo is: 
bins_D1: []
bins_H4: []
bins_m1: []
2018-07-20 14:46:27,777 INFO 
The datarepo is: 
bins_D1: []
bins_H4: []
bins_m1: []
2018-07-20 14:46:27,779 INFO 
The datarepo is: 
bins_D1: []
bins_H4: []
bins_m1: []
2018-07-20 14:46:27,784 INFO 
The datarepo is: 
bins_D1: []
bins_H4: []
bins_m1: []
2018-07-20 14:46:27,787 INFO 
The datarepo is: 
bins_D1: []
bins_H4: []
bins_m1: []
2018-07-20 14:46:27,790 INFO 
The datarepo is: 
bins_D1: []
bins_H4: []
bins_m1: []
2018-07-20 14:46:27,792 INFO 
The datarepo is: 
bins_D1: []
bins_H4: []
bins_m1: []
2018-07-20 14:46:27,795 INFO 
The datarepo is: 
bins_D1: []
bins_H4: []
bins_m1: []
2018-07-20 14:46:27,799 INFO 
The datarepo is: 
bins_D1: []
bins_H4: []
bins_m1: []
2018-07-20 14:46:27,802 INFO 
The datarepo is: 
bins_D1: []
bins_H4: []
bins_m1: []
2018-07-20 14:46:27,804 INFO 
The datarepo is: 
bins_D1: []
bins_H4: []
bins_m1: []
2018-07-20 14:46:27,807 INFO 
The datarepo is: 
bins_D1: []
bins_H4: []
bins_m1: []
2018-07-20 14:46:27,808 INFO 
The datarepo is: 
bins_D1: []
bins_H4: []
bins_m1: []
2018-07-20 14:46:27,810 INFO 
The datarepo is: 
bins_D1: []
bins_H4: []
bins_m1: []
2018-07-20 14:46:27,813 INFO 
The datarepo is: 
bins_D1: []
bins_H4: []
bins_m1: []
2018-07-20 14:46:27,817 INFO 
The datarepo is: 
bins_D1: []
bins_H4: []
bins_m1: []
2018-07-20 14:46:27,819 INFO 
The datarepo is: 
bins_D1: []
bins_H4: []
bins_m1: []
2018-07-20 14:46:27,823 INFO 
The datarepo is: 
bins_D1: []
bins_H4: []
bins_m1: []
2018-07-20 14:46:27,825 INFO 
The datarepo is: 
bins_D1: []
bins_H4: []
bins_m1: []
2018-07-20 14:46:27,827 INFO 
The datarepo is: 
bins_D1: []
bins_H4: []
bins_m1: []
2018-07-20 14:46:27,830 INFO 
The datarepo is: 
bins_D1: []
bins_H4: []
bins_m1: []
2018-07-20 14:46:27,834 INFO 
The datarepo is: 
bins_D1: []
bins_H4: []
bins_m1: []
2018-07-20 14:46:27,836 INFO 
The datarepo is: 
bins_D1: []
bins_H4: []
bins_m1: []
2018-07-20 14:46:27,839 INFO 
The datarepo is: 
bins_D1: []
bins_H4: []
bins_m1: []
2018-07-20 14:46:27,841 INFO 
The datarepo is: 
bins_D1: []
bins_H4: []
bins_m1: []
2018-07-20 14:46:27,844 INFO 
The datarepo is: 
bins_D1: []
bins_H4: []
bins_m1: []
2018-07-20 14:46:27,846 INFO 
The datarepo is: 
bins_D1: []
bins_H4: []
bins_m1: []
2018-07-20 14:46:27,850 INFO 
The datarepo is: 
bins_D1: []
bins_H4: []
bins_m1: []
2018-07-20 14:46:27,853 INFO 
The datarepo is: 
bins_D1: []
bins_H4: []
bins_m1: []
2018-07-20 14:46:27,855 INFO 
The datarepo is: 
bins_D1: []
bins_H4: []
bins_m1: []
2018-07-20 14:46:27,858 INFO 
The datarepo is: 
bins_D1: []
bins_H4: []
bins_m1: []
2018-07-20 14:46:27,860 INFO 
The datarepo is: 
bins_D1: []
bins_H4: []
bins_m1: []
2018-07-20 14:46:27,862 INFO 
The datarepo is: 
bins_D1: []
bins_H4: []
bins_m1: []
2018-07-20 14:46:27,867 INFO 
The datarepo is: 
bins_D1: []
bins_H4: []
bins_m1: []
2018-07-20 14:46:27,869 INFO 
The datarepo is: 
bins_D1: []
bins_H4: []
bins_m1: []
2018-07-20 14:46:27,871 INFO 
The datarepo is: 
bins_D1: []
bins_H4: []
bins_m1: []
2018-07-20 14:46:27,873 INFO 
The datarepo is: 
bins_D1: []
bins_H4: []
bins_m1: []
2018-07-20 14:46:27,876 INFO 
The datarepo is: 
bins_D1: []
bins_H4: []
bins_m1: []
2018-07-20 14:46:27,878 INFO 
The datarepo is: 
bins_D1: []
bins_H4: []
bins_m1: []
2018-07-20 14:46:27,880 INFO 
The datarepo is: 
bins_D1: []
bins_H4: []
bins_m1: []
2018-07-20 14:46:27,885 INFO 
The datarepo is: 
bins_D1: []
bins_H4: []
bins_m1: []
2018-07-20 14:46:27,887 INFO 
The datarepo is: 
bins_D1: []
bins_H4: []
bins_m1: []
2018-07-20 14:46:27,891 INFO 
The datarepo is: 
bins_D1: []
bins_H4: []
bins_m1: []
2018-07-20 14:46:27,893 INFO 
The datarepo is: 
bins_D1: []
bins_H4: []
bins_m1: []
2018-07-20 14:46:27,895 INFO 
The datarepo is: 
bins_D1: []
bins_H4: []
bins_m1: []
2018-07-20 14:46:27,898 INFO 
The datarepo is: 
bins_D1: []
bins_H4: []
bins_m1: []
2018-07-20 14:46:27,902 INFO 
The datarepo is: 
bins_D1: []
bins_H4: []
bins_m1: []
2018-07-20 14:46:27,905 INFO 
The datarepo is: 
bins_D1: []
bins_H4: []
bins_m1: []
2018-07-20 14:46:27,907 INFO 
The datarepo is: 
bins_D1: []
bins_H4: []
bins_m1: []
2018-07-20 14:46:27,910 INFO 
The datarepo is: 
bins_D1: []
bins_H4: []
bins_m1: []
2018-07-20 14:46:27,913 INFO 
The datarepo is: 
bins_D1: []
bins_H4: []
bins_m1: []
2018-07-20 14:46:27,917 INFO 
The datarepo is: 
bins_D1: []
bins_H4: []
bins_m1: []
2018-07-20 14:46:27,920 INFO 
The datarepo is: 
bins_D1: []
bins_H4: []
bins_m1: []
2018-07-20 14:46:27,923 INFO 
The datarepo is: 
bins_D1: []
bins_H4: []
bins_m1: []
2018-07-20 14:46:27,925 INFO 
The datarepo is: 
bins_D1: []
bins_H4: []
bins_m1: []
2018-07-20 14:46:27,927 INFO 
The datarepo is: 
bins_D1: []
bins_H4: []
bins_m1: []
2018-07-20 14:46:27,928 INFO 
The datarepo is: 
bins_D1: []
bins_H4: []
bins_m1: []
2018-07-20 14:46:27,930 INFO 
The datarepo is: 
bins_D1: []
bins_H4: []
bins_m1: []
2018-07-20 14:46:27,935 INFO 
The datarepo is: 
bins_D1: []
bins_H4: []
bins_m1: []
2018-07-20 14:46:27,937 INFO 
The datarepo is: 
bins_D1: []
bins_H4: []
bins_m1: []
2018-07-20 14:46:27,940 INFO 
The datarepo is: 
bins_D1: []
bins_H4: []
bins_m1: []
2018-07-20 14:46:27,943 INFO 
The datarepo is: 
bins_D1: []
bins_H4: []
bins_m1: []
2018-07-20 14:46:27,946 INFO 
The datarepo is: 
bins_D1: []
bins_H4: []
bins_m1: []
2018-07-20 14:46:27,950 INFO 
The datarepo is: 
bins_D1: []
bins_H4: []
bins_m1: []
2018-07-20 14:46:27,953 INFO 
The datarepo is: 
bins_D1: []
bins_H4: []
bins_m1: []
2018-07-20 14:46:27,956 INFO 
The datarepo is: 
bins_D1: []
bins_H4: []
bins_m1: []
2018-07-20 14:46:27,958 INFO 
The datarepo is: 
bins_D1: []
bins_H4: []
bins_m1: []
2018-07-20 14:46:27,960 INFO 
The datarepo is: 
bins_D1: []
bins_H4: []
bins_m1: []
2018-07-20 14:46:27,963 INFO 
The datarepo is: 
bins_D1: []
bins_H4: []
bins_m1: []
2018-07-20 14:46:27,967 INFO 
The datarepo is: 
bins_D1: []
bins_H4: []
bins_m1: []
2018-07-20 14:46:27,970 INFO 
The datarepo is: 
bins_D1: []
bins_H4: []
bins_m1: []
2018-07-20 14:46:27,971 INFO 
The datarepo is: 
bins_D1: []
bins_H4: []
bins_m1: []
2018-07-20 14:46:27,974 INFO 
The datarepo is: 
bins_D1: []
bins_H4: []
bins_m1: []
2018-07-20 14:46:27,976 INFO 
The datarepo is: 
bins_D1: []
bins_H4: []
bins_m1: []
2018-07-20 14:46:27,978 INFO 
The datarepo is: 
bins_D1: []
bins_H4: []
bins_m1: []
2018-07-20 14:46:27,981 INFO 
The datarepo is: 
bins_D1: []
bins_H4: []
bins_m1: []
2018-07-20 14:46:27,985 INFO 
The datarepo is: 
bins_D1: []
bins_H4: []
bins_m1: []
2018-07-20 14:46:27,987 INFO 
The datarepo is: 
bins_D1: []
bins_H4: []
bins_m1: []
2018-07-20 14:46:27,990 INFO 
The datarepo is: 
bins_D1: []
bins_H4: []
bins_m1: []
2018-07-20 14:46:27,992 INFO 
The datarepo is: 
bins_D1: []
bins_H4: []
bins_m1: []
2018-07-20 14:46:27,994 INFO 
The datarepo is: 
bins_D1: []
bins_H4: []
bins_m1: []
2018-07-20 14:46:27,997 INFO 
The datarepo is: 
bins_D1: []
bins_H4: []
bins_m1: []
2018-07-20 14:46:28,001 INFO 
The datarepo is: 
bins_D1: []
bins_H4: []
bins_m1: []
2018-07-20 14:46:28,004 INFO 
The datarepo is: 
bins_D1: []
bins_H4: []
bins_m1: []
2018-07-20 14:46:28,006 INFO 
The datarepo is: 
bins_D1: []
bins_H4: []
bins_m1: []
2018-07-20 14:46:28,009 INFO 
The datarepo is: 
bins_D1: []
bins_H4: []
bins_m1: []
2018-07-20 14:46:28,011 INFO 
The datarepo is: 
bins_D1: []
bins_H4: []
bins_m1: []
2018-07-20 14:46:28,014 INFO 
The datarepo is: 
bins_D1: []
bins_H4: []
bins_m1: []
2018-07-20 14:46:28,018 INFO 
The datarepo is: 
bins_D1: []
bins_H4: []
bins_m1: []
2018-07-20 14:46:28,021 INFO 
The datarepo is: 
bins_D1: []
bins_H4: []
bins_m1: []
2018-07-20 14:46:28,023 INFO 
The datarepo is: 
bins_D1: []
bins_H4: []
bins_m1: []
2018-07-20 14:46:28,025 INFO 
The datarepo is: 
bins_D1: []
bins_H4: []
bins_m1: []
2018-07-20 14:46:28,028 INFO 
The datarepo is: 
bins_D1: []
bins_H4: []
bins_m1: []
2018-07-20 14:46:28,031 INFO 
The datarepo is: 
bins_D1: []
bins_H4: []
bins_m1: []
2018-07-20 14:46:28,036 INFO 
The datarepo is: 
bins_D1: []
bins_H4: []
bins_m1: []
2018-07-20 14:46:28,039 INFO 
The datarepo is: 
bins_D1: []
bins_H4: []
bins_m1: []
2018-07-20 14:46:28,042 INFO 
The datarepo is: 
bins_D1: []
bins_H4: []
bins_m1: []
2018-07-20 14:46:28,044 INFO 
The datarepo is: 
bins_D1: []
bins_H4: []
bins_m1: []
2018-07-20 14:46:28,046 INFO 
The datarepo is: 
bins_D1: []
bins_H4: []
bins_m1: []
2018-07-20 14:46:28,050 INFO 
The datarepo is: 
bins_D1: []
bins_H4: []
bins_m1: []
2018-07-20 14:46:28,054 INFO 
The datarepo is: 
bins_D1: []
bins_H4: []
bins_m1: []
2018-07-20 14:46:28,056 INFO 
The datarepo is: 
bins_D1: []
bins_H4: []
bins_m1: []
2018-07-20 14:46:28,059 INFO 
The datarepo is: 
bins_D1: []
bins_H4: []
bins_m1: []
2018-07-20 14:46:28,062 INFO 
The datarepo is: 
bins_D1: []
bins_H4: []
bins_m1: []
2018-07-20 14:46:28,066 INFO 
The datarepo is: 
bins_D1: []
bins_H4: []
bins_m1: []
2018-07-20 14:46:28,069 INFO 
The datarepo is: 
bins_D1: []
bins_H4: []
bins_m1: []
2018-07-20 14:46:28,071 INFO 
The datarepo is: 
bins_D1: []
bins_H4: []
bins_m1: []
2018-07-20 14:46:28,074 INFO 
The datarepo is: 
bins_D1: []
bins_H4: []
bins_m1: []
2018-07-20 14:46:28,076 INFO 
The datarepo is: 
bins_D1: []
bins_H4: []
bins_m1: []
2018-07-20 14:46:28,078 INFO 
The datarepo is: 
bins_D1: []
bins_H4: []
bins_m1: []
2018-07-20 14:46:28,080 INFO 
The datarepo is: 
bins_D1: []
bins_H4: []
bins_m1: []
2018-07-20 14:46:28,083 INFO 
The datarepo is: 
bins_D1: []
bins_H4: []
bins_m1: []
2018-07-20 14:46:28,086 INFO 
The datarepo is: 
bins_D1: []
bins_H4: []
bins_m1: []
2018-07-20 14:46:28,089 INFO 
The datarepo is: 
bins_D1: []
bins_H4: []
bins_m1: []
2018-07-20 14:46:28,090 INFO 
The datarepo is: 
bins_D1: []
bins_H4: []
bins_m1: []
2018-07-20 14:46:28,093 INFO 
The datarepo is: 
bins_D1: []
bins_H4: []
bins_m1: []
2018-07-20 14:46:28,096 INFO 
The datarepo is: 
bins_D1: []
bins_H4: []
bins_m1: []
2018-07-20 14:46:28,102 INFO 
The datarepo is: 
bins_D1: []
bins_H4: []
bins_m1: []
2018-07-20 14:46:28,105 INFO 
The datarepo is: 
bins_D1: []
bins_H4: []
bins_m1: []
2018-07-20 14:46:28,107 INFO 
The datarepo is: 
bins_D1: []
bins_H4: []
bins_m1: []
2018-07-20 14:46:28,109 INFO 
The datarepo is: 
bins_D1: []
bins_H4: []
bins_m1: []
2018-07-20 14:46:28,110 INFO 
The datarepo is: 
bins_D1: []
bins_H4: []
bins_m1: []
2018-07-20 14:46:28,113 INFO 
The datarepo is: 
bins_D1: []
bins_H4: []
bins_m1: []
2018-07-20 14:46:28,117 INFO 
The datarepo is: 
bins_D1: []
bins_H4: []
bins_m1: []
2018-07-20 14:46:28,119 INFO 
The datarepo is: 
bins_D1: []
bins_H4: []
bins_m1: []
2018-07-20 14:46:28,121 INFO 
The datarepo is: 
bins_D1: []
bins_H4: []
bins_m1: []
2018-07-20 14:46:28,123 INFO 
The datarepo is: 
bins_D1: []
bins_H4: []
bins_m1: []
2018-07-20 14:46:28,125 INFO 
The datarepo is: 
bins_D1: []
bins_H4: []
bins_m1: []
2018-07-20 14:46:28,127 INFO 
The datarepo is: 
bins_D1: []
bins_H4: []
bins_m1: []
2018-07-20 14:46:28,129 INFO 
The datarepo is: 
bins_D1: []
bins_H4: []
bins_m1: []
2018-07-20 14:46:28,134 INFO 
The datarepo is: 
bins_D1: []
bins_H4: []
bins_m1: []
2018-07-20 14:46:28,137 INFO 
The datarepo is: 
bins_D1: []
bins_H4: []
bins_m1: []
2018-07-20 14:46:28,139 INFO 
The datarepo is: 
bins_D1: []
bins_H4: []
bins_m1: []
2018-07-20 14:46:28,142 INFO 
The datarepo is: 
bins_D1: []
bins_H4: []
bins_m1: []
2018-07-20 14:46:28,144 INFO 
The datarepo is: 
bins_D1: []
bins_H4: []
bins_m1: []
2018-07-20 14:46:28,147 INFO 
The datarepo is: 
bins_D1: []
bins_H4: []
bins_m1: []
2018-07-20 14:46:28,150 INFO 
The datarepo is: 
bins_D1: []
bins_H4: []
bins_m1: []
2018-07-20 14:46:28,153 INFO 
The datarepo is: 
bins_D1: []
bins_H4: []
bins_m1: []
2018-07-20 14:46:28,155 INFO 
The datarepo is: 
bins_D1: []
bins_H4: []
bins_m1: []
2018-07-20 14:46:28,157 INFO 
The datarepo is: 
bins_D1: []
bins_H4: []
bins_m1: []
2018-07-20 14:46:28,159 INFO 
The datarepo is: 
bins_D1: []
bins_H4: []
bins_m1: []
2018-07-20 14:46:28,161 INFO 
The datarepo is: 
bins_D1: []
bins_H4: []
bins_m1: []
2018-07-20 14:46:28,163 INFO 
The datarepo is: 
bins_D1: []
bins_H4: []
bins_m1: []
2018-07-20 14:46:28,166 INFO 
The datarepo is: 
bins_D1: []
bins_H4: []
bins_m1: []
2018-07-20 14:46:28,170 INFO 
The datarepo is: 
bins_D1: []
bins_H4: []
bins_m1: []
2018-07-20 14:46:28,172 INFO 
The datarepo is: 
bins_D1: []
bins_H4: []
bins_m1: []
2018-07-20 14:46:28,174 INFO 
The datarepo is: 
bins_D1: []
bins_H4: []
bins_m1: []
2018-07-20 14:46:28,177 INFO 
The datarepo is: 
bins_D1: []
bins_H4: []
bins_m1: []
2018-07-20 14:46:28,179 INFO 
The datarepo is: 
bins_D1: []
bins_H4: []
bins_m1: []
2018-07-20 14:46:28,182 INFO 
The datarepo is: 
bins_D1: []
bins_H4: []
bins_m1: []
2018-07-20 14:46:28,186 INFO 
The datarepo is: 
bins_D1: []
bins_H4: []
bins_m1: []
2018-07-20 14:46:28,188 INFO 
The datarepo is: 
bins_D1: []
bins_H4: []
bins_m1: []
2018-07-20 14:46:28,190 INFO 
The datarepo is: 
bins_D1: []
bins_H4: []
bins_m1: []
2018-07-20 14:46:28,191 INFO 
The datarepo is: 
bins_D1: []
bins_H4: []
bins_m1: []
2018-07-20 14:46:28,194 INFO 
The datarepo is: 
bins_D1: []
bins_H4: []
bins_m1: []
2018-07-20 14:46:28,196 INFO 
The datarepo is: 
bins_D1: []
bins_H4: []
bins_m1: []
2018-07-20 14:46:28,200 INFO 
The datarepo is: 
bins_D1: []
bins_H4: []
bins_m1: []
2018-07-20 14:46:28,203 INFO 
The datarepo is: 
bins_D1: []
bins_H4: []
bins_m1: []
2018-07-20 14:46:28,205 INFO 
The datarepo is: 
bins_D1: []
bins_H4: []
bins_m1: []
2018-07-20 14:46:28,207 INFO 
The datarepo is: 
bins_D1: []
bins_H4: []
bins_m1: []
2018-07-20 14:46:28,209 INFO 
The datarepo is: 
bins_D1: []
bins_H4: []
bins_m1: []
2018-07-20 14:46:28,210 INFO 
The datarepo is: 
bins_D1: []
bins_H4: []
bins_m1: []
2018-07-20 14:46:28,212 INFO 
The datarepo is: 
bins_D1: []
bins_H4: []
bins_m1: []
2018-07-20 14:46:28,215 INFO 
The datarepo is: 
bins_D1: []
bins_H4: []
bins_m1: []
2018-07-20 14:46:28,219 INFO 
The datarepo is: 
bins_D1: []
bins_H4: []
bins_m1: []
2018-07-20 14:46:28,222 INFO 
The datarepo is: 
bins_D1: []
bins_H4: []
bins_m1: []
2018-07-20 14:46:28,224 INFO 
The datarepo is: 
bins_D1: []
bins_H4: []
bins_m1: []
2018-07-20 14:46:28,227 INFO 
The datarepo is: 
bins_D1: []
bins_H4: []
bins_m1: []
2018-07-20 14:46:28,230 INFO 
The datarepo is: 
bins_D1: []
bins_H4: []
bins_m1: []
2018-07-20 14:46:28,235 INFO 
The datarepo is: 
bins_D1: []
bins_H4: []
bins_m1: []
2018-07-20 14:46:28,237 INFO 
The datarepo is: 
bins_D1: []
bins_H4: []
bins_m1: []
2018-07-20 14:46:28,239 INFO 
The datarepo is: 
bins_D1: []
bins_H4: []
bins_m1: []
2018-07-20 14:46:28,243 INFO 
The datarepo is: 
bins_D1: []
bins_H4: []
bins_m1: []
2018-07-20 14:46:28,244 INFO 
The datarepo is: 
bins_D1: []
bins_H4: []
bins_m1: []
2018-07-20 14:46:28,247 INFO 
The datarepo is: 
bins_D1: []
bins_H4: []
bins_m1: []
2018-07-20 14:46:28,252 INFO 
The datarepo is: 
bins_D1: []
bins_H4: []
bins_m1: []
2018-07-20 14:46:28,254 INFO 
The datarepo is: 
bins_D1: []
bins_H4: []
bins_m1: []
2018-07-20 14:46:28,256 INFO 
The datarepo is: 
bins_D1: []
bins_H4: []
bins_m1: []
2018-07-20 14:46:28,259 INFO 
The datarepo is: 
bins_D1: []
bins_H4: []
bins_m1: []
2018-07-20 14:46:28,261 INFO 
The datarepo is: 
bins_D1: []
bins_H4: []
bins_m1: []
2018-07-20 14:46:28,264 INFO 
The datarepo is: 
bins_D1: []
bins_H4: []
bins_m1: []
2018-07-20 14:46:28,268 INFO 
The datarepo is: 
bins_D1: []
bins_H4: []
bins_m1: []
2018-07-20 14:46:28,270 INFO 
The datarepo is: 
bins_D1: []
bins_H4: []
bins_m1: []
2018-07-20 14:46:28,273 INFO 
The datarepo is: 
bins_D1: []
bins_H4: []
bins_m1: []
2018-07-20 14:46:28,275 INFO 
The datarepo is: 
bins_D1: []
bins_H4: []
bins_m1: []
2018-07-20 14:46:28,277 INFO 
The datarepo is: 
bins_D1: []
bins_H4: []
bins_m1: []
2018-07-20 14:46:28,280 INFO 
The datarepo is: 
bins_D1: []
bins_H4: []
bins_m1: []
2018-07-20 14:46:28,285 INFO 
The datarepo is: 
bins_D1: []
bins_H4: []
bins_m1: []
2018-07-20 14:46:28,288 INFO 
The datarepo is: 
bins_D1: []
bins_H4: []
bins_m1: []
2018-07-20 14:46:28,289 INFO The profits are []
2018-07-20 14:46:28,289 INFO The trades are []
