2018-07-20 14:49:10,831 INFO 
The datarepo is: 
bins_D1: []
bins_H4: []
bins_m1: []
2018-07-20 14:49:10,833 INFO 
The datarepo is: 
bins_D1: []
bins_H4: []
bins_m1: []
2018-07-20 14:49:10,834 INFO 
The datarepo is: 
bins_D1: []
bins_H4: []
bins_m1: []
2018-07-20 14:49:10,835 INFO 
The datarepo is: 
bins_D1: []
bins_H4: []
bins_m1: []
2018-07-20 14:49:10,836 INFO 
The datarepo is: 
bins_D1: []
bins_H4: []
bins_m1: []
2018-07-20 14:49:10,837 INFO 
The datarepo is: 
bins_D1: []
bins_H4: []
bins_m1: []
2018-07-20 14:49:10,838 INFO 
The datarepo is: 
bins_D1: []
bins_H4: []
bins_m1: []
2018-07-20 14:49:10,846 INFO 
The datarepo is: 
bins_D1: []
bins_H4: []
bins_m1: []
2018-07-20 14:49:10,847 INFO 
The datarepo is: 
bins_D1: []
bins_H4: []
bins_m1: []
2018-07-20 14:49:10,848 INFO 
The datarepo is: 
bins_D1: []
bins_H4: []
bins_m1: []
2018-07-20 14:49:10,849 INFO 
The datarepo is: 
bins_D1: []
bins_H4: []
bins_m1: []
2018-07-20 14:49:10,851 INFO 
The datarepo is: 
bins_D1: []
bins_H4: []
bins_m1: []
2018-07-20 14:49:10,852 INFO 
The datarepo is: 
bins_D1: []
bins_H4: []
bins_m1: []
2018-07-20 14:49:10,853 INFO 
The datarepo is: 
bins_D1: []
bins_H4: []
bins_m1: []
2018-07-20 14:49:10,854 INFO 
The datarepo is: 
bins_D1: []
bins_H4: []
bins_m1: []
2018-07-20 14:49:10,856 INFO 
The datarepo is: 
bins_D1: []
bins_H4: []
bins_m1: []
2018-07-20 14:49:10,858 INFO 
The datarepo is: 
bins_D1: []
bins_H4: []
bins_m1: []
2018-07-20 14:49:10,860 INFO 
The datarepo is: 
bins_D1: []
bins_H4: []
bins_m1: []
2018-07-20 14:49:10,863 INFO 
The datarepo is: 
bins_D1: []
bins_H4: []
bins_m1: []
2018-07-20 14:49:10,865 INFO 
The datarepo is: 
bins_D1: []
bins_H4: []
bins_m1: []
2018-07-20 14:49:10,868 INFO 
The datarepo is: 
bins_D1: []
bins_H4: []
bins_m1: []
2018-07-20 14:49:10,870 INFO 
The datarepo is: 
bins_D1: []
bins_H4: []
bins_m1: []
2018-07-20 14:49:10,873 INFO 
The datarepo is: 
bins_D1: []
bins_H4: []
bins_m1: []
2018-07-20 14:49:10,876 INFO 
The datarepo is: 
bins_D1: []
bins_H4: []
bins_m1: []
2018-07-20 14:49:10,880 INFO 
The datarepo is: 
bins_D1: []
bins_H4: []
bins_m1: []
2018-07-20 14:49:10,883 INFO 
The datarepo is: 
bins_D1: []
bins_H4: []
bins_m1: []
2018-07-20 14:49:10,885 INFO 
The datarepo is: 
bins_D1: []
bins_H4: []
bins_m1: []
2018-07-20 14:49:10,888 INFO 
The datarepo is: 
bins_D1: []
bins_H4: []
bins_m1: []
2018-07-20 14:49:10,890 INFO 
The datarepo is: 
bins_D1: []
bins_H4: []
bins_m1: []
2018-07-20 14:49:10,892 INFO 
The datarepo is: 
bins_D1: []
bins_H4: []
bins_m1: []
2018-07-20 14:49:10,896 INFO 
The datarepo is: 
bins_D1: []
bins_H4: []
bins_m1: []
2018-07-20 14:49:10,900 INFO 
The datarepo is: 
bins_D1: []
bins_H4: []
bins_m1: []
2018-07-20 14:49:10,902 INFO 
The datarepo is: 
bins_D1: []
bins_H4: []
bins_m1: []
2018-07-20 14:49:10,906 INFO 
The datarepo is: 
bins_D1: []
bins_H4: []
bins_m1: []
2018-07-20 14:49:10,908 INFO 
The datarepo is: 
bins_D1: []
bins_H4: []
bins_m1: []
2018-07-20 14:49:10,912 INFO 
The datarepo is: 
bins_D1: []
bins_H4: []
bins_m1: []
2018-07-20 14:49:10,917 INFO 
The datarepo is: 
bins_D1: []
bins_H4: []
bins_m1: []
2018-07-20 14:49:10,920 INFO 
The datarepo is: 
bins_D1: []
bins_H4: []
bins_m1: []
2018-07-20 14:49:10,923 INFO 
The datarepo is: 
bins_D1: []
bins_H4: []
bins_m1: []
2018-07-20 14:49:10,926 INFO 
The datarepo is: 
bins_D1: []
bins_H4: []
bins_m1: []
2018-07-20 14:49:10,933 INFO 
The datarepo is: 
bins_D1: []
bins_H4: []
bins_m1: []
2018-07-20 14:49:10,936 INFO 
The datarepo is: 
bins_D1: []
bins_H4: []
bins_m1: []
2018-07-20 14:49:10,938 INFO 
The datarepo is: 
bins_D1: []
bins_H4: []
bins_m1: []
2018-07-20 14:49:10,942 INFO 
The datarepo is: 
bins_D1: []
bins_H4: []
bins_m1: []
2018-07-20 14:49:10,947 INFO 
The datarepo is: 
bins_D1: []
bins_H4: []
bins_m1: []
2018-07-20 14:49:10,950 INFO 
The datarepo is: 
bins_D1: []
bins_H4: []
bins_m1: []
2018-07-20 14:49:10,952 INFO 
The datarepo is: 
bins_D1: []
bins_H4: []
bins_m1: []
2018-07-20 14:49:10,954 INFO 
The datarepo is: 
bins_D1: []
bins_H4: []
bins_m1: []
2018-07-20 14:49:10,956 INFO 
The datarepo is: 
bins_D1: []
bins_H4: []
bins_m1: []
2018-07-20 14:49:10,959 INFO 
The datarepo is: 
bins_D1: []
bins_H4: []
bins_m1: []
2018-07-20 14:49:10,962 INFO 
The datarepo is: 
bins_D1: []
bins_H4: []
bins_m1: []
2018-07-20 14:49:10,965 INFO 
The datarepo is: 
bins_D1: []
bins_H4: []
bins_m1: []
2018-07-20 14:49:10,970 INFO 
The datarepo is: 
bins_D1: []
bins_H4: []
bins_m1: []
2018-07-20 14:49:10,972 INFO 
The datarepo is: 
bins_D1: []
bins_H4: []
bins_m1: []
2018-07-20 14:49:10,975 INFO 
The datarepo is: 
bins_D1: []
bins_H4: []
bins_m1: []
2018-07-20 14:49:10,977 INFO 
The datarepo is: 
bins_D1: []
bins_H4: []
bins_m1: []
2018-07-20 14:49:10,982 INFO 
The datarepo is: 
bins_D1: []
bins_H4: []
bins_m1: []
2018-07-20 14:49:10,985 INFO 
The datarepo is: 
bins_D1: []
bins_H4: []
bins_m1: []
2018-07-20 14:49:10,988 INFO 
The datarepo is: 
bins_D1: []
bins_H4: []
bins_m1: []
2018-07-20 14:49:10,991 INFO 
The datarepo is: 
bins_D1: []
bins_H4: []
bins_m1: []
2018-07-20 14:49:10,995 INFO 
The datarepo is: 
bins_D1: []
bins_H4: []
bins_m1: []
2018-07-20 14:49:10,999 INFO 
The datarepo is: 
bins_D1: []
bins_H4: []
bins_m1: []
2018-07-20 14:49:11,002 INFO 
The datarepo is: 
bins_D1: []
bins_H4: []
bins_m1: []
2018-07-20 14:49:11,004 INFO 
The datarepo is: 
bins_D1: []
bins_H4: []
bins_m1: []
2018-07-20 14:49:11,006 INFO 
The datarepo is: 
bins_D1: []
bins_H4: []
bins_m1: []
2018-07-20 14:49:11,007 INFO 
The datarepo is: 
bins_D1: []
bins_H4: []
bins_m1: []
2018-07-20 14:49:11,009 INFO 
The datarepo is: 
bins_D1: []
bins_H4: []
bins_m1: []
2018-07-20 14:49:11,011 INFO 
The datarepo is: 
bins_D1: []
bins_H4: []
bins_m1: []
2018-07-20 14:49:11,015 INFO 
The datarepo is: 
bins_D1: []
bins_H4: []
bins_m1: []
2018-07-20 14:49:11,016 INFO 
The datarepo is: 
bins_D1: []
bins_H4: []
bins_m1: []
2018-07-20 14:49:11,017 INFO 
The datarepo is: 
bins_D1: []
bins_H4: []
bins_m1: []
2018-07-20 14:49:11,018 INFO 
The datarepo is: 
bins_D1: []
bins_H4: []
bins_m1: []
2018-07-20 14:49:11,020 INFO 
The datarepo is: 
bins_D1: []
bins_H4: []
bins_m1: []
2018-07-20 14:49:11,021 INFO 
The datarepo is: 
bins_D1: []
bins_H4: []
bins_m1: []
2018-07-20 14:49:11,023 INFO 
The datarepo is: 
bins_D1: []
bins_H4: []
bins_m1: []
2018-07-20 14:49:11,025 INFO 
The datarepo is: 
bins_D1: []
bins_H4: []
bins_m1: []
2018-07-20 14:49:11,027 INFO 
The datarepo is: 
bins_D1: []
bins_H4: []
bins_m1: []
2018-07-20 14:49:11,030 INFO 
The datarepo is: 
bins_D1: []
bins_H4: []
bins_m1: []
2018-07-20 14:49:11,032 INFO 
The datarepo is: 
bins_D1: []
bins_H4: []
bins_m1: []
2018-07-20 14:49:11,034 INFO 
The datarepo is: 
bins_D1: []
bins_H4: []
bins_m1: []
2018-07-20 14:49:11,035 INFO 
The datarepo is: 
bins_D1: []
bins_H4: []
bins_m1: []
2018-07-20 14:49:11,036 INFO 
The datarepo is: 
bins_D1: []
bins_H4: []
bins_m1: []
2018-07-20 14:49:11,038 INFO 
The datarepo is: 
bins_D1: []
bins_H4: []
bins_m1: []
2018-07-20 14:49:11,039 INFO 
The datarepo is: 
bins_D1: []
bins_H4: []
bins_m1: []
2018-07-20 14:49:11,040 INFO 
The datarepo is: 
bins_D1: []
bins_H4: []
bins_m1: []
2018-07-20 14:49:11,043 INFO 
The datarepo is: 
bins_D1: []
bins_H4: []
bins_m1: []
2018-07-20 14:49:11,045 INFO 
The datarepo is: 
bins_D1: []
bins_H4: []
bins_m1: []
2018-07-20 14:49:11,048 INFO 
The datarepo is: 
bins_D1: []
bins_H4: []
bins_m1: []
2018-07-20 14:49:11,050 INFO 
The datarepo is: 
bins_D1: []
bins_H4: []
bins_m1: []
2018-07-20 14:49:11,051 INFO 
The datarepo is: 
bins_D1: []
bins_H4: []
bins_m1: []
2018-07-20 14:49:11,052 INFO 
The datarepo is: 
bins_D1: []
bins_H4: []
bins_m1: []
2018-07-20 14:49:11,054 INFO 
The datarepo is: 
bins_D1: []
bins_H4: []
bins_m1: []
2018-07-20 14:49:11,056 INFO 
The datarepo is: 
bins_D1: []
bins_H4: []
bins_m1: []
2018-07-20 14:49:11,057 INFO 
The datarepo is: 
bins_D1: []
bins_H4: []
bins_m1: []
2018-07-20 14:49:11,059 INFO 
The datarepo is: 
bins_D1: []
bins_H4: []
bins_m1: []
2018-07-20 14:49:11,060 INFO 
The datarepo is: 
bins_D1: []
bins_H4: []
bins_m1: []
2018-07-20 14:49:11,063 INFO 
The datarepo is: 
bins_D1: []
bins_H4: []
bins_m1: []
2018-07-20 14:49:11,065 INFO 
The datarepo is: 
bins_D1: []
bins_H4: []
bins_m1: []
2018-07-20 14:49:11,067 INFO 
The datarepo is: 
bins_D1: []
bins_H4: []
bins_m1: []
2018-07-20 14:49:11,068 INFO 
The datarepo is: 
bins_D1: []
bins_H4: []
bins_m1: []
2018-07-20 14:49:11,070 INFO 
The datarepo is: 
bins_D1: []
bins_H4: []
bins_m1: []
2018-07-20 14:49:11,071 INFO 
The datarepo is: 
bins_D1: []
bins_H4: []
bins_m1: []
2018-07-20 14:49:11,072 INFO 
The datarepo is: 
bins_D1: []
bins_H4: []
bins_m1: []
2018-07-20 14:49:11,073 INFO 
The datarepo is: 
bins_D1: []
bins_H4: []
bins_m1: []
2018-07-20 14:49:11,075 INFO 
The datarepo is: 
bins_D1: []
bins_H4: []
bins_m1: []
2018-07-20 14:49:11,077 INFO 
The datarepo is: 
bins_D1: []
bins_H4: []
bins_m1: []
2018-07-20 14:49:11,081 INFO 
The datarepo is: 
bins_D1: []
bins_H4: []
bins_m1: []
2018-07-20 14:49:11,082 INFO 
The datarepo is: 
bins_D1: []
bins_H4: []
bins_m1: []
2018-07-20 14:49:11,083 INFO 
The datarepo is: 
bins_D1: []
bins_H4: []
bins_m1: []
2018-07-20 14:49:11,085 INFO 
The datarepo is: 
bins_D1: []
bins_H4: []
bins_m1: []
2018-07-20 14:49:11,087 INFO 
The datarepo is: 
bins_D1: []
bins_H4: []
bins_m1: []
2018-07-20 14:49:11,088 INFO 
The datarepo is: 
bins_D1: []
bins_H4: []
bins_m1: []
2018-07-20 14:49:11,090 INFO 
The datarepo is: 
bins_D1: []
bins_H4: []
bins_m1: []
2018-07-20 14:49:11,091 INFO 
The datarepo is: 
bins_D1: []
bins_H4: []
bins_m1: []
2018-07-20 14:49:11,092 INFO 
The datarepo is: 
bins_D1: []
bins_H4: []
bins_m1: []
2018-07-20 14:49:11,096 INFO 
The datarepo is: 
bins_D1: []
bins_H4: []
bins_m1: []
2018-07-20 14:49:11,099 INFO 
The datarepo is: 
bins_D1: []
bins_H4: []
bins_m1: []
2018-07-20 14:49:11,101 INFO 
The datarepo is: 
bins_D1: []
bins_H4: []
bins_m1: []
2018-07-20 14:49:11,103 INFO 
The datarepo is: 
bins_D1: []
bins_H4: []
bins_m1: []
2018-07-20 14:49:11,105 INFO 
The datarepo is: 
bins_D1: []
bins_H4: []
bins_m1: []
2018-07-20 14:49:11,107 INFO 
The datarepo is: 
bins_D1: []
bins_H4: []
bins_m1: []
2018-07-20 14:49:11,108 INFO 
The datarepo is: 
bins_D1: []
bins_H4: []
bins_m1: []
2018-07-20 14:49:11,110 INFO 
The datarepo is: 
bins_D1: []
bins_H4: []
bins_m1: []
2018-07-20 14:49:11,113 INFO 
The datarepo is: 
bins_D1: []
bins_H4: []
bins_m1: []
2018-07-20 14:49:11,115 INFO 
The datarepo is: 
bins_D1: []
bins_H4: []
bins_m1: []
2018-07-20 14:49:11,116 INFO 
The datarepo is: 
bins_D1: []
bins_H4: []
bins_m1: []
2018-07-20 14:49:11,118 INFO 
The datarepo is: 
bins_D1: []
bins_H4: []
bins_m1: []
2018-07-20 14:49:11,119 INFO 
The datarepo is: 
bins_D1: []
bins_H4: []
bins_m1: []
2018-07-20 14:49:11,120 INFO 
The datarepo is: 
bins_D1: []
bins_H4: []
bins_m1: []
2018-07-20 14:49:11,122 INFO 
The datarepo is: 
bins_D1: []
bins_H4: []
bins_m1: []
2018-07-20 14:49:11,123 INFO 
The datarepo is: 
bins_D1: []
bins_H4: []
bins_m1: []
2018-07-20 14:49:11,124 INFO 
The datarepo is: 
bins_D1: []
bins_H4: []
bins_m1: []
2018-07-20 14:49:11,125 INFO 
The datarepo is: 
bins_D1: []
bins_H4: []
bins_m1: []
2018-07-20 14:49:11,127 INFO 
The datarepo is: 
bins_D1: []
bins_H4: []
bins_m1: []
2018-07-20 14:49:11,131 INFO 
The datarepo is: 
bins_D1: []
bins_H4: []
bins_m1: []
2018-07-20 14:49:11,133 INFO 
The datarepo is: 
bins_D1: []
bins_H4: []
bins_m1: []
2018-07-20 14:49:11,134 INFO 
The datarepo is: 
bins_D1: []
bins_H4: []
bins_m1: []
2018-07-20 14:49:11,135 INFO 
The datarepo is: 
bins_D1: []
bins_H4: []
bins_m1: []
2018-07-20 14:49:11,136 INFO 
The datarepo is: 
bins_D1: []
bins_H4: []
bins_m1: []
2018-07-20 14:49:11,138 INFO 
The datarepo is: 
bins_D1: []
bins_H4: []
bins_m1: []
2018-07-20 14:49:11,140 INFO 
The datarepo is: 
bins_D1: []
bins_H4: []
bins_m1: []
2018-07-20 14:49:11,142 INFO 
The datarepo is: 
bins_D1: []
bins_H4: []
bins_m1: []
2018-07-20 14:49:11,143 INFO 
The datarepo is: 
bins_D1: []
bins_H4: []
bins_m1: []
2018-07-20 14:49:11,145 INFO 
The datarepo is: 
bins_D1: []
bins_H4: []
bins_m1: []
2018-07-20 14:49:11,148 INFO 
The datarepo is: 
bins_D1: []
bins_H4: []
bins_m1: []
2018-07-20 14:49:11,150 INFO 
The datarepo is: 
bins_D1: []
bins_H4: []
bins_m1: []
2018-07-20 14:49:11,151 INFO 
The datarepo is: 
bins_D1: []
bins_H4: []
bins_m1: []
2018-07-20 14:49:11,152 INFO 
The datarepo is: 
bins_D1: []
bins_H4: []
bins_m1: []
2018-07-20 14:49:11,154 INFO 
The datarepo is: 
bins_D1: []
bins_H4: []
bins_m1: []
2018-07-20 14:49:11,155 INFO 
The datarepo is: 
bins_D1: []
bins_H4: []
bins_m1: []
2018-07-20 14:49:11,156 INFO 
The datarepo is: 
bins_D1: []
bins_H4: []
bins_m1: []
2018-07-20 14:49:11,157 INFO 
The datarepo is: 
bins_D1: []
bins_H4: []
bins_m1: []
2018-07-20 14:49:11,159 INFO 
The datarepo is: 
bins_D1: []
bins_H4: []
bins_m1: []
2018-07-20 14:49:11,162 INFO 
The datarepo is: 
bins_D1: []
bins_H4: []
bins_m1: []
2018-07-20 14:49:11,165 INFO 
The datarepo is: 
bins_D1: []
bins_H4: []
bins_m1: []
2018-07-20 14:49:11,167 INFO 
The datarepo is: 
bins_D1: []
bins_H4: []
bins_m1: []
2018-07-20 14:49:11,168 INFO 
The datarepo is: 
bins_D1: []
bins_H4: []
bins_m1: []
2018-07-20 14:49:11,170 INFO 
The datarepo is: 
bins_D1: []
bins_H4: []
bins_m1: []
2018-07-20 14:49:11,172 INFO 
The datarepo is: 
bins_D1: []
bins_H4: []
bins_m1: []
2018-07-20 14:49:11,174 INFO 
The datarepo is: 
bins_D1: []
bins_H4: []
bins_m1: []
2018-07-20 14:49:11,175 INFO 
The datarepo is: 
bins_D1: []
bins_H4: []
bins_m1: []
2018-07-20 14:49:11,176 INFO 
The datarepo is: 
bins_D1: []
bins_H4: []
bins_m1: []
2018-07-20 14:49:11,178 INFO 
The datarepo is: 
bins_D1: []
bins_H4: []
bins_m1: []
2018-07-20 14:49:11,181 INFO 
The datarepo is: 
bins_D1: []
bins_H4: []
bins_m1: []
2018-07-20 14:49:11,183 INFO 
The datarepo is: 
bins_D1: []
bins_H4: []
bins_m1: []
2018-07-20 14:49:11,184 INFO 
The datarepo is: 
bins_D1: []
bins_H4: []
bins_m1: []
2018-07-20 14:49:11,185 INFO 
The datarepo is: 
bins_D1: []
bins_H4: []
bins_m1: []
2018-07-20 14:49:11,187 INFO 
The datarepo is: 
bins_D1: []
bins_H4: []
bins_m1: []
2018-07-20 14:49:11,188 INFO 
The datarepo is: 
bins_D1: []
bins_H4: []
bins_m1: []
2018-07-20 14:49:11,189 INFO 
The datarepo is: 
bins_D1: []
bins_H4: []
bins_m1: []
2018-07-20 14:49:11,191 INFO 
The datarepo is: 
bins_D1: []
bins_H4: []
bins_m1: []
2018-07-20 14:49:11,193 INFO 
The datarepo is: 
bins_D1: []
bins_H4: []
bins_m1: []
2018-07-20 14:49:11,197 INFO 
The datarepo is: 
bins_D1: []
bins_H4: []
bins_m1: []
2018-07-20 14:49:11,198 INFO 
The datarepo is: 
bins_D1: []
bins_H4: []
bins_m1: []
2018-07-20 14:49:11,201 INFO 
The datarepo is: 
bins_D1: []
bins_H4: []
bins_m1: []
2018-07-20 14:49:11,202 INFO 
The datarepo is: 
bins_D1: []
bins_H4: []
bins_m1: []
2018-07-20 14:49:11,204 INFO 
The datarepo is: 
bins_D1: []
bins_H4: []
bins_m1: []
2018-07-20 14:49:11,204 INFO 
The datarepo is: 
bins_D1: []
bins_H4: []
bins_m1: []
2018-07-20 14:49:11,206 INFO 
The datarepo is: 
bins_D1: []
bins_H4: []
bins_m1: []
2018-07-20 14:49:11,207 INFO 
The datarepo is: 
bins_D1: []
bins_H4: []
bins_m1: []
2018-07-20 14:49:11,208 INFO 
The datarepo is: 
bins_D1: []
bins_H4: []
bins_m1: []
2018-07-20 14:49:11,210 INFO 
The datarepo is: 
bins_D1: []
bins_H4: []
bins_m1: []
2018-07-20 14:49:11,214 INFO 
The datarepo is: 
bins_D1: []
bins_H4: []
bins_m1: []
2018-07-20 14:49:11,216 INFO 
The datarepo is: 
bins_D1: []
bins_H4: []
bins_m1: []
2018-07-20 14:49:11,217 INFO 
The datarepo is: 
bins_D1: []
bins_H4: []
bins_m1: []
2018-07-20 14:49:11,219 INFO 
The datarepo is: 
bins_D1: []
bins_H4: []
bins_m1: []
2018-07-20 14:49:11,220 INFO 
The datarepo is: 
bins_D1: []
bins_H4: []
bins_m1: []
2018-07-20 14:49:11,222 INFO 
The datarepo is: 
bins_D1: []
bins_H4: []
bins_m1: []
2018-07-20 14:49:11,224 INFO 
The datarepo is: 
bins_D1: []
bins_H4: []
bins_m1: []
2018-07-20 14:49:11,225 INFO 
The datarepo is: 
bins_D1: []
bins_H4: []
bins_m1: []
2018-07-20 14:49:11,227 INFO 
The datarepo is: 
bins_D1: []
bins_H4: []
bins_m1: []
2018-07-20 14:49:11,230 INFO 
The datarepo is: 
bins_D1: []
bins_H4: []
bins_m1: []
2018-07-20 14:49:11,233 INFO 
The datarepo is: 
bins_D1: []
bins_H4: []
bins_m1: []
2018-07-20 14:49:11,234 INFO 
The datarepo is: 
bins_D1: []
bins_H4: []
bins_m1: []
2018-07-20 14:49:11,235 INFO 
The datarepo is: 
bins_D1: []
bins_H4: []
bins_m1: []
2018-07-20 14:49:11,237 INFO 
The datarepo is: 
bins_D1: []
bins_H4: []
bins_m1: []
2018-07-20 14:49:11,238 INFO 
The datarepo is: 
bins_D1: []
bins_H4: []
bins_m1: []
2018-07-20 14:49:11,239 INFO 
The datarepo is: 
bins_D1: []
bins_H4: []
bins_m1: []
2018-07-20 14:49:11,241 INFO 
The datarepo is: 
bins_D1: []
bins_H4: []
bins_m1: []
2018-07-20 14:49:11,242 INFO 
The datarepo is: 
bins_D1: []
bins_H4: []
bins_m1: []
2018-07-20 14:49:11,245 INFO 
The datarepo is: 
bins_D1: []
bins_H4: []
bins_m1: []
2018-07-20 14:49:11,248 INFO 
The datarepo is: 
bins_D1: []
bins_H4: []
bins_m1: []
2018-07-20 14:49:11,249 INFO 
The datarepo is: 
bins_D1: []
bins_H4: []
bins_m1: []
2018-07-20 14:49:11,250 INFO 
The datarepo is: 
bins_D1: []
bins_H4: []
bins_m1: []
2018-07-20 14:49:11,252 INFO 
The datarepo is: 
bins_D1: []
bins_H4: []
bins_m1: []
2018-07-20 14:49:11,254 INFO 
The datarepo is: 
bins_D1: []
bins_H4: []
bins_m1: []
2018-07-20 14:49:11,256 INFO 
The datarepo is: 
bins_D1: []
bins_H4: []
bins_m1: []
2018-07-20 14:49:11,257 INFO 
The datarepo is: 
bins_D1: []
bins_H4: []
bins_m1: []
2018-07-20 14:49:11,258 INFO 
The datarepo is: 
bins_D1: []
bins_H4: []
bins_m1: []
2018-07-20 14:49:11,259 INFO 
The datarepo is: 
bins_D1: []
bins_H4: []
bins_m1: []
2018-07-20 14:49:11,260 INFO 
The datarepo is: 
bins_D1: []
bins_H4: []
bins_m1: []
2018-07-20 14:49:11,264 INFO 
The datarepo is: 
bins_D1: []
bins_H4: []
bins_m1: []
2018-07-20 14:49:11,265 INFO 
The datarepo is: 
bins_D1: []
bins_H4: []
bins_m1: []
2018-07-20 14:49:11,267 INFO 
The datarepo is: 
bins_D1: []
bins_H4: []
bins_m1: []
2018-07-20 14:49:11,268 INFO 
The datarepo is: 
bins_D1: []
bins_H4: []
bins_m1: []
2018-07-20 14:49:11,269 INFO 
The datarepo is: 
bins_D1: []
bins_H4: []
bins_m1: []
2018-07-20 14:49:11,270 INFO 
The datarepo is: 
bins_D1: []
bins_H4: []
bins_m1: []
2018-07-20 14:49:11,272 INFO 
The datarepo is: 
bins_D1: []
bins_H4: []
bins_m1: []
2018-07-20 14:49:11,273 INFO 
The datarepo is: 
bins_D1: []
bins_H4: []
bins_m1: []
2018-07-20 14:49:11,275 INFO 
The datarepo is: 
bins_D1: []
bins_H4: []
bins_m1: []
2018-07-20 14:49:11,276 INFO 
The datarepo is: 
bins_D1: []
bins_H4: []
bins_m1: []
2018-07-20 14:49:11,278 INFO 
The datarepo is: 
bins_D1: []
bins_H4: []
bins_m1: []
2018-07-20 14:49:11,281 INFO 
The datarepo is: 
bins_D1: []
bins_H4: []
bins_m1: []
2018-07-20 14:49:11,282 INFO 
The datarepo is: 
bins_D1: []
bins_H4: []
bins_m1: []
2018-07-20 14:49:11,284 INFO 
The datarepo is: 
bins_D1: []
bins_H4: []
bins_m1: []
2018-07-20 14:49:11,285 INFO 
The datarepo is: 
bins_D1: []
bins_H4: []
bins_m1: []
2018-07-20 14:49:11,287 INFO 
The datarepo is: 
bins_D1: []
bins_H4: []
bins_m1: []
2018-07-20 14:49:11,288 INFO 
The datarepo is: 
bins_D1: []
bins_H4: []
bins_m1: []
2018-07-20 14:49:11,289 INFO 
The datarepo is: 
bins_D1: []
bins_H4: []
bins_m1: []
2018-07-20 14:49:11,291 INFO 
The datarepo is: 
bins_D1: []
bins_H4: []
bins_m1: []
2018-07-20 14:49:11,292 INFO 
The datarepo is: 
bins_D1: []
bins_H4: []
bins_m1: []
2018-07-20 14:49:11,293 INFO 
The datarepo is: 
bins_D1: []
bins_H4: []
bins_m1: []
2018-07-20 14:49:11,298 INFO 
The datarepo is: 
bins_D1: []
bins_H4: []
bins_m1: []
2018-07-20 14:49:11,299 INFO 
The datarepo is: 
bins_D1: []
bins_H4: []
bins_m1: []
2018-07-20 14:49:11,300 INFO 
The datarepo is: 
bins_D1: []
bins_H4: []
bins_m1: []
2018-07-20 14:49:11,302 INFO 
The datarepo is: 
bins_D1: []
bins_H4: []
bins_m1: []
2018-07-20 14:49:11,303 INFO 
The datarepo is: 
bins_D1: []
bins_H4: []
bins_m1: []
2018-07-20 14:49:11,305 INFO 
The datarepo is: 
bins_D1: []
bins_H4: []
bins_m1: []
2018-07-20 14:49:11,307 INFO 
The datarepo is: 
bins_D1: []
bins_H4: []
bins_m1: []
2018-07-20 14:49:11,308 INFO 
The datarepo is: 
bins_D1: []
bins_H4: []
bins_m1: []
2018-07-20 14:49:11,310 INFO 
The datarepo is: 
bins_D1: []
bins_H4: []
bins_m1: []
2018-07-20 14:49:11,314 INFO 
The datarepo is: 
bins_D1: []
bins_H4: []
bins_m1: []
2018-07-20 14:49:11,315 INFO 
The datarepo is: 
bins_D1: []
bins_H4: []
bins_m1: []
2018-07-20 14:49:11,317 INFO 
The datarepo is: 
bins_D1: []
bins_H4: []
bins_m1: []
2018-07-20 14:49:11,318 INFO 
The datarepo is: 
bins_D1: []
bins_H4: []
bins_m1: []
2018-07-20 14:49:11,320 INFO 
The datarepo is: 
bins_D1: []
bins_H4: []
bins_m1: []
2018-07-20 14:49:11,321 INFO 
The datarepo is: 
bins_D1: []
bins_H4: []
bins_m1: []
2018-07-20 14:49:11,322 INFO 
The datarepo is: 
bins_D1: []
bins_H4: []
bins_m1: []
2018-07-20 14:49:11,324 INFO 
The datarepo is: 
bins_D1: []
bins_H4: []
bins_m1: []
2018-07-20 14:49:11,324 INFO 
The datarepo is: 
bins_D1: []
bins_H4: []
bins_m1: []
2018-07-20 14:49:11,326 INFO 
The datarepo is: 
bins_D1: []
bins_H4: []
bins_m1: []
2018-07-20 14:49:11,329 INFO 
The datarepo is: 
bins_D1: []
bins_H4: []
bins_m1: []
2018-07-20 14:49:11,331 INFO 
The datarepo is: 
bins_D1: []
bins_H4: []
bins_m1: []
2018-07-20 14:49:11,333 INFO 
The datarepo is: 
bins_D1: []
bins_H4: []
bins_m1: []
2018-07-20 14:49:11,335 INFO 
The datarepo is: 
bins_D1: []
bins_H4: []
bins_m1: []
2018-07-20 14:49:11,336 INFO 
The datarepo is: 
bins_D1: []
bins_H4: []
bins_m1: []
2018-07-20 14:49:11,339 INFO 
The datarepo is: 
bins_D1: []
bins_H4: []
bins_m1: []
2018-07-20 14:49:11,340 INFO 
The datarepo is: 
bins_D1: []
bins_H4: []
bins_m1: []
2018-07-20 14:49:11,341 INFO 
The datarepo is: 
bins_D1: []
bins_H4: []
bins_m1: []
2018-07-20 14:49:11,343 INFO 
The datarepo is: 
bins_D1: []
bins_H4: []
bins_m1: []
2018-07-20 14:49:11,344 INFO 
The datarepo is: 
bins_D1: []
bins_H4: []
bins_m1: []
2018-07-20 14:49:11,348 INFO 
The datarepo is: 
bins_D1: []
bins_H4: []
bins_m1: []
2018-07-20 14:49:11,349 INFO 
The datarepo is: 
bins_D1: []
bins_H4: []
bins_m1: []
2018-07-20 14:49:11,351 INFO 
The datarepo is: 
bins_D1: []
bins_H4: []
bins_m1: []
2018-07-20 14:49:11,352 INFO 
The datarepo is: 
bins_D1: []
bins_H4: []
bins_m1: []
2018-07-20 14:49:11,353 INFO 
The datarepo is: 
bins_D1: []
bins_H4: []
bins_m1: []
2018-07-20 14:49:11,355 INFO 
The datarepo is: 
bins_D1: []
bins_H4: []
bins_m1: []
2018-07-20 14:49:11,356 INFO 
The datarepo is: 
bins_D1: []
bins_H4: []
bins_m1: []
2018-07-20 14:49:11,358 INFO 
The datarepo is: 
bins_D1: []
bins_H4: []
bins_m1: []
2018-07-20 14:49:11,360 INFO 
The datarepo is: 
bins_D1: []
bins_H4: []
bins_m1: []
2018-07-20 14:49:11,362 INFO 
The datarepo is: 
bins_D1: []
bins_H4: []
bins_m1: []
2018-07-20 14:49:11,365 INFO 
The datarepo is: 
bins_D1: []
bins_H4: []
bins_m1: []
2018-07-20 14:49:11,366 INFO 
The datarepo is: 
bins_D1: []
bins_H4: []
bins_m1: []
2018-07-20 14:49:11,368 INFO 
The datarepo is: 
bins_D1: []
bins_H4: []
bins_m1: []
2018-07-20 14:49:11,370 INFO 
The datarepo is: 
bins_D1: []
bins_H4: []
bins_m1: []
2018-07-20 14:49:11,371 INFO 
The datarepo is: 
bins_D1: []
bins_H4: []
bins_m1: []
2018-07-20 14:49:11,372 INFO 
The datarepo is: 
bins_D1: []
bins_H4: []
bins_m1: []
2018-07-20 14:49:11,374 INFO 
The datarepo is: 
bins_D1: []
bins_H4: []
bins_m1: []
2018-07-20 14:49:11,375 INFO 
The datarepo is: 
bins_D1: []
bins_H4: []
bins_m1: []
2018-07-20 14:49:11,376 INFO 
The datarepo is: 
bins_D1: []
bins_H4: []
bins_m1: []
2018-07-20 14:49:11,380 INFO 
The datarepo is: 
bins_D1: []
bins_H4: []
bins_m1: []
2018-07-20 14:49:11,383 INFO 
The datarepo is: 
bins_D1: []
bins_H4: []
bins_m1: []
2018-07-20 14:49:11,384 INFO 
The datarepo is: 
bins_D1: []
bins_H4: []
bins_m1: []
2018-07-20 14:49:11,385 INFO 
The datarepo is: 
bins_D1: []
bins_H4: []
bins_m1: []
2018-07-20 14:49:11,386 INFO 
The datarepo is: 
bins_D1: []
bins_H4: []
bins_m1: []
2018-07-20 14:49:11,387 INFO 
The datarepo is: 
bins_D1: []
bins_H4: []
bins_m1: []
2018-07-20 14:49:11,389 INFO 
The datarepo is: 
bins_D1: []
bins_H4: []
bins_m1: []
2018-07-20 14:49:11,391 INFO 
The datarepo is: 
bins_D1: []
bins_H4: []
bins_m1: []
2018-07-20 14:49:11,393 INFO 
The datarepo is: 
bins_D1: []
bins_H4: []
bins_m1: []
2018-07-20 14:49:11,394 INFO 
The datarepo is: 
bins_D1: []
bins_H4: []
bins_m1: []
2018-07-20 14:49:11,398 INFO 
The datarepo is: 
bins_D1: []
bins_H4: []
bins_m1: []
2018-07-20 14:49:11,400 INFO 
The datarepo is: 
bins_D1: []
bins_H4: []
bins_m1: []
2018-07-20 14:49:11,401 INFO 
The datarepo is: 
bins_D1: []
bins_H4: []
bins_m1: []
2018-07-20 14:49:11,402 INFO 
The datarepo is: 
bins_D1: []
bins_H4: []
bins_m1: []
2018-07-20 14:49:11,404 INFO 
The datarepo is: 
bins_D1: []
bins_H4: []
bins_m1: []
2018-07-20 14:49:11,405 INFO 
The datarepo is: 
bins_D1: []
bins_H4: []
bins_m1: []
2018-07-20 14:49:11,406 INFO 
The datarepo is: 
bins_D1: []
bins_H4: []
bins_m1: []
2018-07-20 14:49:11,407 INFO 
The datarepo is: 
bins_D1: []
bins_H4: []
bins_m1: []
2018-07-20 14:49:11,409 INFO 
The datarepo is: 
bins_D1: []
bins_H4: []
bins_m1: []
2018-07-20 14:49:11,410 INFO 
The datarepo is: 
bins_D1: []
bins_H4: []
bins_m1: []
2018-07-20 14:49:11,414 INFO 
The datarepo is: 
bins_D1: []
bins_H4: []
bins_m1: []
2018-07-20 14:49:11,416 INFO 
The datarepo is: 
bins_D1: []
bins_H4: []
bins_m1: []
2018-07-20 14:49:11,417 INFO 
The datarepo is: 
bins_D1: []
bins_H4: []
bins_m1: []
2018-07-20 14:49:11,418 INFO 
The datarepo is: 
bins_D1: []
bins_H4: []
bins_m1: []
2018-07-20 14:49:11,420 INFO 
The datarepo is: 
bins_D1: []
bins_H4: []
bins_m1: []
2018-07-20 14:49:11,421 INFO 
The datarepo is: 
bins_D1: []
bins_H4: []
bins_m1: []
2018-07-20 14:49:11,423 INFO 
The datarepo is: 
bins_D1: []
bins_H4: []
bins_m1: []
2018-07-20 14:49:11,424 INFO 
The datarepo is: 
bins_D1: []
bins_H4: []
bins_m1: []
2018-07-20 14:49:11,426 INFO 
The datarepo is: 
bins_D1: []
bins_H4: []
bins_m1: []
2018-07-20 14:49:11,427 INFO 
The datarepo is: 
bins_D1: []
bins_H4: []
bins_m1: []
2018-07-20 14:49:11,431 INFO 
The datarepo is: 
bins_D1: []
bins_H4: []
bins_m1: []
2018-07-20 14:49:11,432 INFO The profits are []
2018-07-20 14:49:11,432 INFO The trades are []
