2018-07-20 14:44:40,148 INFO 
The datarepo is: 
bins_D1: []
bins_H4: []
bins_m1: []
2018-07-20 14:44:40,151 INFO 
The datarepo is: 
bins_D1: []
bins_H4: []
bins_m1: []
2018-07-20 14:44:40,155 INFO 
The datarepo is: 
bins_D1: []
bins_H4: []
bins_m1: []
2018-07-20 14:44:40,157 INFO 
The datarepo is: 
bins_D1: []
bins_H4: []
bins_m1: []
2018-07-20 14:44:40,158 INFO 
The datarepo is: 
bins_D1: []
bins_H4: []
bins_m1: []
2018-07-20 14:44:40,161 INFO 
The datarepo is: 
bins_D1: []
bins_H4: []
bins_m1: []
2018-07-20 14:44:40,163 INFO 
The datarepo is: 
bins_D1: []
bins_H4: []
bins_m1: []
2018-07-20 14:44:40,171 INFO 
The datarepo is: 
bins_D1: []
bins_H4: []
bins_m1: []
2018-07-20 14:44:40,173 INFO 
The datarepo is: 
bins_D1: []
bins_H4: []
bins_m1: []
2018-07-20 14:44:40,176 INFO 
The datarepo is: 
bins_D1: []
bins_H4: []
bins_m1: []
2018-07-20 14:44:40,179 INFO 
The datarepo is: 
bins_D1: []
bins_H4: []
bins_m1: []
2018-07-20 14:44:40,182 INFO 
The datarepo is: 
bins_D1: []
bins_H4: []
bins_m1: []
2018-07-20 14:44:40,185 INFO 
The datarepo is: 
bins_D1: []
bins_H4: []
bins_m1: []
2018-07-20 14:44:40,187 INFO 
The datarepo is: 
bins_D1: []
bins_H4: []
bins_m1: []
2018-07-20 14:44:40,190 INFO 
The datarepo is: 
bins_D1: []
bins_H4: []
bins_m1: []
2018-07-20 14:44:40,193 INFO 
The datarepo is: 
bins_D1: []
bins_H4: []
bins_m1: []
2018-07-20 14:44:40,196 INFO 
The datarepo is: 
bins_D1: []
bins_H4: []
bins_m1: []
2018-07-20 14:44:40,200 INFO 
The datarepo is: 
bins_D1: []
bins_H4: []
bins_m1: []
2018-07-20 14:44:40,203 INFO 
The datarepo is: 
bins_D1: []
bins_H4: []
bins_m1: []
2018-07-20 14:44:40,206 INFO 
The datarepo is: 
bins_D1: []
bins_H4: []
bins_m1: []
2018-07-20 14:44:40,208 INFO 
The datarepo is: 
bins_D1: []
bins_H4: []
bins_m1: []
2018-07-20 14:44:40,211 INFO 
The datarepo is: 
bins_D1: []
bins_H4: []
bins_m1: []
2018-07-20 14:44:40,214 INFO 
The datarepo is: 
bins_D1: []
bins_H4: []
bins_m1: []
2018-07-20 14:44:40,219 INFO 
The datarepo is: 
bins_D1: []
bins_H4: []
bins_m1: []
2018-07-20 14:44:40,221 INFO 
The datarepo is: 
bins_D1: []
bins_H4: []
bins_m1: []
2018-07-20 14:44:40,224 INFO 
The datarepo is: 
bins_D1: []
bins_H4: []
bins_m1: []
2018-07-20 14:44:40,226 INFO 
The datarepo is: 
bins_D1: []
bins_H4: []
bins_m1: []
2018-07-20 14:44:40,229 INFO 
The datarepo is: 
bins_D1: []
bins_H4: []
bins_m1: []
2018-07-20 14:44:40,233 INFO 
The datarepo is: 
bins_D1: []
bins_H4: []
bins_m1: []
2018-07-20 14:44:40,236 INFO 
The datarepo is: 
bins_D1: []
bins_H4: []
bins_m1: []
2018-07-20 14:44:40,238 INFO 
The datarepo is: 
bins_D1: []
bins_H4: []
bins_m1: []
2018-07-20 14:44:40,241 INFO 
The datarepo is: 
bins_D1: []
bins_H4: []
bins_m1: []
2018-07-20 14:44:40,245 INFO 
The datarepo is: 
bins_D1: []
bins_H4: []
bins_m1: []
2018-07-20 14:44:40,249 INFO 
The datarepo is: 
bins_D1: []
bins_H4: []
bins_m1: []
2018-07-20 14:44:40,252 INFO 
The datarepo is: 
bins_D1: []
bins_H4: []
bins_m1: []
2018-07-20 14:44:40,255 INFO 
The datarepo is: 
bins_D1: []
bins_H4: []
bins_m1: []
2018-07-20 14:44:40,257 INFO 
The datarepo is: 
bins_D1: []
bins_H4: []
bins_m1: []
2018-07-20 14:44:40,259 INFO 
The datarepo is: 
bins_D1: []
bins_H4: []
bins_m1: []
2018-07-20 14:44:40,262 INFO 
The datarepo is: 
bins_D1: []
bins_H4: []
bins_m1: []
2018-07-20 14:44:40,266 INFO 
The datarepo is: 
bins_D1: []
bins_H4: []
bins_m1: []
2018-07-20 14:44:40,269 INFO 
The datarepo is: 
bins_D1: []
bins_H4: []
bins_m1: []
2018-07-20 14:44:40,272 INFO 
The datarepo is: 
bins_D1: []
bins_H4: []
bins_m1: []
2018-07-20 14:44:40,275 INFO 
The datarepo is: 
bins_D1: []
bins_H4: []
bins_m1: []
2018-07-20 14:44:40,277 INFO 
The datarepo is: 
bins_D1: []
bins_H4: []
bins_m1: []
2018-07-20 14:44:40,280 INFO 
The datarepo is: 
bins_D1: []
bins_H4: []
bins_m1: []
2018-07-20 14:44:40,283 INFO 
The datarepo is: 
bins_D1: []
bins_H4: []
bins_m1: []
2018-07-20 14:44:40,286 INFO 
The datarepo is: 
bins_D1: []
bins_H4: []
bins_m1: []
2018-07-20 14:44:40,289 INFO 
The datarepo is: 
bins_D1: []
bins_H4: []
bins_m1: []
2018-07-20 14:44:40,290 INFO 
The datarepo is: 
bins_D1: []
bins_H4: []
bins_m1: []
2018-07-20 14:44:40,292 INFO 
The datarepo is: 
bins_D1: []
bins_H4: []
bins_m1: []
2018-07-20 14:44:40,296 INFO 
The datarepo is: 
bins_D1: []
bins_H4: []
bins_m1: []
2018-07-20 14:44:40,300 INFO 
The datarepo is: 
bins_D1: []
bins_H4: []
bins_m1: []
2018-07-20 14:44:40,302 INFO 
The datarepo is: 
bins_D1: []
bins_H4: []
bins_m1: []
2018-07-20 14:44:40,306 INFO 
The datarepo is: 
bins_D1: []
bins_H4: []
bins_m1: []
2018-07-20 14:44:40,308 INFO 
The datarepo is: 
bins_D1: []
bins_H4: []
bins_m1: []
2018-07-20 14:44:40,311 INFO 
The datarepo is: 
bins_D1: []
bins_H4: []
bins_m1: []
2018-07-20 14:44:40,316 INFO 
The datarepo is: 
bins_D1: []
bins_H4: []
bins_m1: []
2018-07-20 14:44:40,319 INFO 
The datarepo is: 
bins_D1: []
bins_H4: []
bins_m1: []
2018-07-20 14:44:40,321 INFO 
The datarepo is: 
bins_D1: []
bins_H4: []
bins_m1: []
2018-07-20 14:44:40,323 INFO 
The datarepo is: 
bins_D1: []
bins_H4: []
bins_m1: []
2018-07-20 14:44:40,326 INFO 
The datarepo is: 
bins_D1: []
bins_H4: []
bins_m1: []
2018-07-20 14:44:40,329 INFO 
The datarepo is: 
bins_D1: []
bins_H4: []
bins_m1: []
2018-07-20 14:44:40,333 INFO 
The datarepo is: 
bins_D1: []
bins_H4: []
bins_m1: []
2018-07-20 14:44:40,337 INFO 
The datarepo is: 
bins_D1: []
bins_H4: []
bins_m1: []
2018-07-20 14:44:40,340 INFO 
The datarepo is: 
bins_D1: []
bins_H4: []
bins_m1: []
2018-07-20 14:44:40,342 INFO 
The datarepo is: 
bins_D1: []
bins_H4: []
bins_m1: []
2018-07-20 14:44:40,345 INFO 
The datarepo is: 
bins_D1: []
bins_H4: []
bins_m1: []
2018-07-20 14:44:40,349 INFO 
The datarepo is: 
bins_D1: []
bins_H4: []
bins_m1: []
2018-07-20 14:44:40,352 INFO 
The datarepo is: 
bins_D1: []
bins_H4: []
bins_m1: []
2018-07-20 14:44:40,355 INFO 
The datarepo is: 
bins_D1: []
bins_H4: []
bins_m1: []
2018-07-20 14:44:40,357 INFO 
The datarepo is: 
bins_D1: []
bins_H4: []
bins_m1: []
2018-07-20 14:44:40,361 INFO 
The datarepo is: 
bins_D1: []
bins_H4: []
bins_m1: []
2018-07-20 14:44:40,365 INFO 
The datarepo is: 
bins_D1: []
bins_H4: []
bins_m1: []
2018-07-20 14:44:40,370 INFO 
The datarepo is: 
bins_D1: []
bins_H4: []
bins_m1: []
2018-07-20 14:44:40,373 INFO 
The datarepo is: 
bins_D1: []
bins_H4: []
bins_m1: []
2018-07-20 14:44:40,376 INFO 
The datarepo is: 
bins_D1: []
bins_H4: []
bins_m1: []
2018-07-20 14:44:40,378 INFO 
The datarepo is: 
bins_D1: []
bins_H4: []
bins_m1: []
2018-07-20 14:44:40,382 INFO 
The datarepo is: 
bins_D1: []
bins_H4: []
bins_m1: []
2018-07-20 14:44:40,385 INFO 
The datarepo is: 
bins_D1: []
bins_H4: []
bins_m1: []
2018-07-20 14:44:40,387 INFO 
The datarepo is: 
bins_D1: []
bins_H4: []
bins_m1: []
2018-07-20 14:44:40,389 INFO 
The datarepo is: 
bins_D1: []
bins_H4: []
bins_m1: []
2018-07-20 14:44:40,392 INFO 
The datarepo is: 
bins_D1: []
bins_H4: []
bins_m1: []
2018-07-20 14:44:40,394 INFO 
The datarepo is: 
bins_D1: []
bins_H4: []
bins_m1: []
2018-07-20 14:44:40,398 INFO 
The datarepo is: 
bins_D1: []
bins_H4: []
bins_m1: []
2018-07-20 14:44:40,402 INFO 
The datarepo is: 
bins_D1: []
bins_H4: []
bins_m1: []
2018-07-20 14:44:40,404 INFO 
The datarepo is: 
bins_D1: []
bins_H4: []
bins_m1: []
2018-07-20 14:44:40,407 INFO 
The datarepo is: 
bins_D1: []
bins_H4: []
bins_m1: []
2018-07-20 14:44:40,410 INFO 
The datarepo is: 
bins_D1: []
bins_H4: []
bins_m1: []
2018-07-20 14:44:40,415 INFO 
The datarepo is: 
bins_D1: []
bins_H4: []
bins_m1: []
2018-07-20 14:44:40,419 INFO 
The datarepo is: 
bins_D1: []
bins_H4: []
bins_m1: []
2018-07-20 14:44:40,422 INFO 
The datarepo is: 
bins_D1: []
bins_H4: []
bins_m1: []
2018-07-20 14:44:40,425 INFO 
The datarepo is: 
bins_D1: []
bins_H4: []
bins_m1: []
2018-07-20 14:44:40,428 INFO 
The datarepo is: 
bins_D1: []
bins_H4: []
bins_m1: []
2018-07-20 14:44:40,434 INFO 
The datarepo is: 
bins_D1: []
bins_H4: []
bins_m1: []
2018-07-20 14:44:40,436 INFO 
The datarepo is: 
bins_D1: []
bins_H4: []
bins_m1: []
2018-07-20 14:44:40,439 INFO 
The datarepo is: 
bins_D1: []
bins_H4: []
bins_m1: []
2018-07-20 14:44:40,441 INFO 
The datarepo is: 
bins_D1: []
bins_H4: []
bins_m1: []
2018-07-20 14:44:40,444 INFO 
The datarepo is: 
bins_D1: []
bins_H4: []
bins_m1: []
2018-07-20 14:44:40,448 INFO 
The datarepo is: 
bins_D1: []
bins_H4: []
bins_m1: []
2018-07-20 14:44:40,451 INFO 
The datarepo is: 
bins_D1: []
bins_H4: []
bins_m1: []
2018-07-20 14:44:40,454 INFO 
The datarepo is: 
bins_D1: []
bins_H4: []
bins_m1: []
2018-07-20 14:44:40,456 INFO 
The datarepo is: 
bins_D1: []
bins_H4: []
bins_m1: []
2018-07-20 14:44:40,459 INFO 
The datarepo is: 
bins_D1: []
bins_H4: []
bins_m1: []
2018-07-20 14:44:40,462 INFO 
The datarepo is: 
bins_D1: []
bins_H4: []
bins_m1: []
2018-07-20 14:44:40,467 INFO 
The datarepo is: 
bins_D1: []
bins_H4: []
bins_m1: []
2018-07-20 14:44:40,469 INFO 
The datarepo is: 
bins_D1: []
bins_H4: []
bins_m1: []
2018-07-20 14:44:40,472 INFO 
The datarepo is: 
bins_D1: []
bins_H4: []
bins_m1: []
2018-07-20 14:44:40,475 INFO 
The datarepo is: 
bins_D1: []
bins_H4: []
bins_m1: []
2018-07-20 14:44:40,478 INFO 
The datarepo is: 
bins_D1: []
bins_H4: []
bins_m1: []
2018-07-20 14:44:40,482 INFO 
The datarepo is: 
bins_D1: []
bins_H4: []
bins_m1: []
2018-07-20 14:44:40,485 INFO 
The datarepo is: 
bins_D1: []
bins_H4: []
bins_m1: []
2018-07-20 14:44:40,488 INFO 
The datarepo is: 
bins_D1: []
bins_H4: []
bins_m1: []
2018-07-20 14:44:40,490 INFO 
The datarepo is: 
bins_D1: []
bins_H4: []
bins_m1: []
2018-07-20 14:44:40,492 INFO 
The datarepo is: 
bins_D1: []
bins_H4: []
bins_m1: []
2018-07-20 14:44:40,494 INFO 
The datarepo is: 
bins_D1: []
bins_H4: []
bins_m1: []
2018-07-20 14:44:40,497 INFO 
The datarepo is: 
bins_D1: []
bins_H4: []
bins_m1: []
2018-07-20 14:44:40,502 INFO 
The datarepo is: 
bins_D1: []
bins_H4: []
bins_m1: []
2018-07-20 14:44:40,505 INFO 
The datarepo is: 
bins_D1: []
bins_H4: []
bins_m1: []
2018-07-20 14:44:40,508 INFO 
The datarepo is: 
bins_D1: []
bins_H4: []
bins_m1: []
2018-07-20 14:44:40,511 INFO 
The datarepo is: 
bins_D1: []
bins_H4: []
bins_m1: []
2018-07-20 14:44:40,515 INFO 
The datarepo is: 
bins_D1: []
bins_H4: []
bins_m1: []
2018-07-20 14:44:40,518 INFO 
The datarepo is: 
bins_D1: []
bins_H4: []
bins_m1: []
2018-07-20 14:44:40,521 INFO 
The datarepo is: 
bins_D1: []
bins_H4: []
bins_m1: []
2018-07-20 14:44:40,524 INFO 
The datarepo is: 
bins_D1: []
bins_H4: []
bins_m1: []
2018-07-20 14:44:40,526 INFO 
The datarepo is: 
bins_D1: []
bins_H4: []
bins_m1: []
2018-07-20 14:44:40,530 INFO 
The datarepo is: 
bins_D1: []
bins_H4: []
bins_m1: []
2018-07-20 14:44:40,534 INFO 
The datarepo is: 
bins_D1: []
bins_H4: []
bins_m1: []
2018-07-20 14:44:40,537 INFO 
The datarepo is: 
bins_D1: []
bins_H4: []
bins_m1: []
2018-07-20 14:44:40,541 INFO 
The datarepo is: 
bins_D1: []
bins_H4: []
bins_m1: []
2018-07-20 14:44:40,544 INFO 
The datarepo is: 
bins_D1: []
bins_H4: []
bins_m1: []
2018-07-20 14:44:40,548 INFO 
The datarepo is: 
bins_D1: []
bins_H4: []
bins_m1: []
2018-07-20 14:44:40,551 INFO 
The datarepo is: 
bins_D1: []
bins_H4: []
bins_m1: []
2018-07-20 14:44:40,553 INFO 
The datarepo is: 
bins_D1: []
bins_H4: []
bins_m1: []
2018-07-20 14:44:40,556 INFO 
The datarepo is: 
bins_D1: []
bins_H4: []
bins_m1: []
2018-07-20 14:44:40,558 INFO 
The datarepo is: 
bins_D1: []
bins_H4: []
bins_m1: []
2018-07-20 14:44:40,561 INFO 
The datarepo is: 
bins_D1: []
bins_H4: []
bins_m1: []
2018-07-20 14:44:40,566 INFO 
The datarepo is: 
bins_D1: []
bins_H4: []
bins_m1: []
2018-07-20 14:44:40,568 INFO 
The datarepo is: 
bins_D1: []
bins_H4: []
bins_m1: []
2018-07-20 14:44:40,571 INFO 
The datarepo is: 
bins_D1: []
bins_H4: []
bins_m1: []
2018-07-20 14:44:40,574 INFO 
The datarepo is: 
bins_D1: []
bins_H4: []
bins_m1: []
2018-07-20 14:44:40,578 INFO 
The datarepo is: 
bins_D1: []
bins_H4: []
bins_m1: []
2018-07-20 14:44:40,582 INFO 
The datarepo is: 
bins_D1: []
bins_H4: []
bins_m1: []
2018-07-20 14:44:40,585 INFO 
The datarepo is: 
bins_D1: []
bins_H4: []
bins_m1: []
2018-07-20 14:44:40,588 INFO 
The datarepo is: 
bins_D1: []
bins_H4: []
bins_m1: []
2018-07-20 14:44:40,590 INFO 
The datarepo is: 
bins_D1: []
bins_H4: []
bins_m1: []
2018-07-20 14:44:40,593 INFO 
The datarepo is: 
bins_D1: []
bins_H4: []
bins_m1: []
2018-07-20 14:44:40,595 INFO 
The datarepo is: 
bins_D1: []
bins_H4: []
bins_m1: []
2018-07-20 14:44:40,600 INFO 
The datarepo is: 
bins_D1: []
bins_H4: []
bins_m1: []
2018-07-20 14:44:40,603 INFO 
The datarepo is: 
bins_D1: []
bins_H4: []
bins_m1: []
2018-07-20 14:44:40,605 INFO 
The datarepo is: 
bins_D1: []
bins_H4: []
bins_m1: []
2018-07-20 14:44:40,607 INFO 
The datarepo is: 
bins_D1: []
bins_H4: []
bins_m1: []
2018-07-20 14:44:40,609 INFO 
The datarepo is: 
bins_D1: []
bins_H4: []
bins_m1: []
2018-07-20 14:44:40,610 INFO 
The datarepo is: 
bins_D1: []
bins_H4: []
bins_m1: []
2018-07-20 14:44:40,613 INFO 
The datarepo is: 
bins_D1: []
bins_H4: []
bins_m1: []
2018-07-20 14:44:40,617 INFO 
The datarepo is: 
bins_D1: []
bins_H4: []
bins_m1: []
2018-07-20 14:44:40,619 INFO 
The datarepo is: 
bins_D1: []
bins_H4: []
bins_m1: []
2018-07-20 14:44:40,622 INFO 
The datarepo is: 
bins_D1: []
bins_H4: []
bins_m1: []
2018-07-20 14:44:40,625 INFO 
The datarepo is: 
bins_D1: []
bins_H4: []
bins_m1: []
2018-07-20 14:44:40,628 INFO 
The datarepo is: 
bins_D1: []
bins_H4: []
bins_m1: []
2018-07-20 14:44:40,632 INFO 
The datarepo is: 
bins_D1: []
bins_H4: []
bins_m1: []
2018-07-20 14:44:40,636 INFO 
The datarepo is: 
bins_D1: []
bins_H4: []
bins_m1: []
2018-07-20 14:44:40,638 INFO 
The datarepo is: 
bins_D1: []
bins_H4: []
bins_m1: []
2018-07-20 14:44:40,641 INFO 
The datarepo is: 
bins_D1: []
bins_H4: []
bins_m1: []
2018-07-20 14:44:40,644 INFO 
The datarepo is: 
bins_D1: []
bins_H4: []
bins_m1: []
2018-07-20 14:44:40,647 INFO 
The datarepo is: 
bins_D1: []
bins_H4: []
bins_m1: []
2018-07-20 14:44:40,651 INFO 
The datarepo is: 
bins_D1: []
bins_H4: []
bins_m1: []
2018-07-20 14:44:40,654 INFO 
The datarepo is: 
bins_D1: []
bins_H4: []
bins_m1: []
2018-07-20 14:44:40,656 INFO 
The datarepo is: 
bins_D1: []
bins_H4: []
bins_m1: []
2018-07-20 14:44:40,658 INFO 
The datarepo is: 
bins_D1: []
bins_H4: []
bins_m1: []
2018-07-20 14:44:40,661 INFO 
The datarepo is: 
bins_D1: []
bins_H4: []
bins_m1: []
2018-07-20 14:44:40,663 INFO 
The datarepo is: 
bins_D1: []
bins_H4: []
bins_m1: []
2018-07-20 14:44:40,667 INFO 
The datarepo is: 
bins_D1: []
bins_H4: []
bins_m1: []
2018-07-20 14:44:40,669 INFO 
The datarepo is: 
bins_D1: []
bins_H4: []
bins_m1: []
2018-07-20 14:44:40,672 INFO 
The datarepo is: 
bins_D1: []
bins_H4: []
bins_m1: []
2018-07-20 14:44:40,675 INFO 
The datarepo is: 
bins_D1: []
bins_H4: []
bins_m1: []
2018-07-20 14:44:40,676 INFO 
The datarepo is: 
bins_D1: []
bins_H4: []
bins_m1: []
2018-07-20 14:44:40,679 INFO 
The datarepo is: 
bins_D1: []
bins_H4: []
bins_m1: []
2018-07-20 14:44:40,684 INFO 
The datarepo is: 
bins_D1: []
bins_H4: []
bins_m1: []
2018-07-20 14:44:40,686 INFO 
The datarepo is: 
bins_D1: []
bins_H4: []
bins_m1: []
2018-07-20 14:44:40,689 INFO 
The datarepo is: 
bins_D1: []
bins_H4: []
bins_m1: []
2018-07-20 14:44:40,691 INFO 
The datarepo is: 
bins_D1: []
bins_H4: []
bins_m1: []
2018-07-20 14:44:40,694 INFO 
The datarepo is: 
bins_D1: []
bins_H4: []
bins_m1: []
2018-07-20 14:44:40,696 INFO 
The datarepo is: 
bins_D1: []
bins_H4: []
bins_m1: []
2018-07-20 14:44:40,700 INFO 
The datarepo is: 
bins_D1: []
bins_H4: []
bins_m1: []
2018-07-20 14:44:40,703 INFO 
The datarepo is: 
bins_D1: []
bins_H4: []
bins_m1: []
2018-07-20 14:44:40,705 INFO 
The datarepo is: 
bins_D1: []
bins_H4: []
bins_m1: []
2018-07-20 14:44:40,707 INFO 
The datarepo is: 
bins_D1: []
bins_H4: []
bins_m1: []
2018-07-20 14:44:40,709 INFO 
The datarepo is: 
bins_D1: []
bins_H4: []
bins_m1: []
2018-07-20 14:44:40,712 INFO 
The datarepo is: 
bins_D1: []
bins_H4: []
bins_m1: []
2018-07-20 14:44:40,714 INFO 
The datarepo is: 
bins_D1: []
bins_H4: []
bins_m1: []
2018-07-20 14:44:40,717 INFO 
The datarepo is: 
bins_D1: []
bins_H4: []
bins_m1: []
2018-07-20 14:44:40,720 INFO 
The datarepo is: 
bins_D1: []
bins_H4: []
bins_m1: []
2018-07-20 14:44:40,723 INFO 
The datarepo is: 
bins_D1: []
bins_H4: []
bins_m1: []
2018-07-20 14:44:40,725 INFO 
The datarepo is: 
bins_D1: []
bins_H4: []
bins_m1: []
2018-07-20 14:44:40,727 INFO 
The datarepo is: 
bins_D1: []
bins_H4: []
bins_m1: []
2018-07-20 14:44:40,730 INFO 
The datarepo is: 
bins_D1: []
bins_H4: []
bins_m1: []
2018-07-20 14:44:40,735 INFO 
The datarepo is: 
bins_D1: []
bins_H4: []
bins_m1: []
2018-07-20 14:44:40,737 INFO 
The datarepo is: 
bins_D1: []
bins_H4: []
bins_m1: []
2018-07-20 14:44:40,739 INFO 
The datarepo is: 
bins_D1: []
bins_H4: []
bins_m1: []
2018-07-20 14:44:40,741 INFO 
The datarepo is: 
bins_D1: []
bins_H4: []
bins_m1: []
2018-07-20 14:44:40,745 INFO 
The datarepo is: 
bins_D1: []
bins_H4: []
bins_m1: []
2018-07-20 14:44:40,749 INFO 
The datarepo is: 
bins_D1: []
bins_H4: []
bins_m1: []
2018-07-20 14:44:40,751 INFO 
The datarepo is: 
bins_D1: []
bins_H4: []
bins_m1: []
2018-07-20 14:44:40,755 INFO 
The datarepo is: 
bins_D1: []
bins_H4: []
bins_m1: []
2018-07-20 14:44:40,758 INFO 
The datarepo is: 
bins_D1: []
bins_H4: []
bins_m1: []
2018-07-20 14:44:40,759 INFO 
The datarepo is: 
bins_D1: []
bins_H4: []
bins_m1: []
2018-07-20 14:44:40,761 INFO 
The datarepo is: 
bins_D1: []
bins_H4: []
bins_m1: []
2018-07-20 14:44:40,766 INFO 
The datarepo is: 
bins_D1: []
bins_H4: []
bins_m1: []
2018-07-20 14:44:40,769 INFO 
The datarepo is: 
bins_D1: []
bins_H4: []
bins_m1: []
2018-07-20 14:44:40,770 INFO 
The datarepo is: 
bins_D1: []
bins_H4: []
bins_m1: []
2018-07-20 14:44:40,772 INFO 
The datarepo is: 
bins_D1: []
bins_H4: []
bins_m1: []
2018-07-20 14:44:40,775 INFO 
The datarepo is: 
bins_D1: []
bins_H4: []
bins_m1: []
2018-07-20 14:44:40,778 INFO 
The datarepo is: 
bins_D1: []
bins_H4: []
bins_m1: []
2018-07-20 14:44:40,783 INFO 
The datarepo is: 
bins_D1: []
bins_H4: []
bins_m1: []
2018-07-20 14:44:40,785 INFO 
The datarepo is: 
bins_D1: []
bins_H4: []
bins_m1: []
2018-07-20 14:44:40,788 INFO 
The datarepo is: 
bins_D1: []
bins_H4: []
bins_m1: []
2018-07-20 14:44:40,790 INFO 
The datarepo is: 
bins_D1: []
bins_H4: []
bins_m1: []
2018-07-20 14:44:40,792 INFO 
The datarepo is: 
bins_D1: []
bins_H4: []
bins_m1: []
2018-07-20 14:44:40,794 INFO 
The datarepo is: 
bins_D1: []
bins_H4: []
bins_m1: []
2018-07-20 14:44:40,798 INFO 
The datarepo is: 
bins_D1: []
bins_H4: []
bins_m1: []
2018-07-20 14:44:40,802 INFO 
The datarepo is: 
bins_D1: []
bins_H4: []
bins_m1: []
2018-07-20 14:44:40,804 INFO 
The datarepo is: 
bins_D1: []
bins_H4: []
bins_m1: []
2018-07-20 14:44:40,807 INFO 
The datarepo is: 
bins_D1: []
bins_H4: []
bins_m1: []
2018-07-20 14:44:40,810 INFO 
The datarepo is: 
bins_D1: []
bins_H4: []
bins_m1: []
2018-07-20 14:44:40,812 INFO 
The datarepo is: 
bins_D1: []
bins_H4: []
bins_m1: []
2018-07-20 14:44:40,816 INFO 
The datarepo is: 
bins_D1: []
bins_H4: []
bins_m1: []
2018-07-20 14:44:40,818 INFO 
The datarepo is: 
bins_D1: []
bins_H4: []
bins_m1: []
2018-07-20 14:44:40,821 INFO 
The datarepo is: 
bins_D1: []
bins_H4: []
bins_m1: []
2018-07-20 14:44:40,823 INFO 
The datarepo is: 
bins_D1: []
bins_H4: []
bins_m1: []
2018-07-20 14:44:40,826 INFO 
The datarepo is: 
bins_D1: []
bins_H4: []
bins_m1: []
2018-07-20 14:44:40,827 INFO 
The datarepo is: 
bins_D1: []
bins_H4: []
bins_m1: []
2018-07-20 14:44:40,830 INFO 
The datarepo is: 
bins_D1: []
bins_H4: []
bins_m1: []
2018-07-20 14:44:40,833 INFO 
The datarepo is: 
bins_D1: []
bins_H4: []
bins_m1: []
2018-07-20 14:44:40,835 INFO 
The datarepo is: 
bins_D1: []
bins_H4: []
bins_m1: []
2018-07-20 14:44:40,838 INFO 
The datarepo is: 
bins_D1: []
bins_H4: []
bins_m1: []
2018-07-20 14:44:40,841 INFO 
The datarepo is: 
bins_D1: []
bins_H4: []
bins_m1: []
2018-07-20 14:44:40,844 INFO 
The datarepo is: 
bins_D1: []
bins_H4: []
bins_m1: []
2018-07-20 14:44:40,846 INFO 
The datarepo is: 
bins_D1: []
bins_H4: []
bins_m1: []
2018-07-20 14:44:40,850 INFO 
The datarepo is: 
bins_D1: []
bins_H4: []
bins_m1: []
2018-07-20 14:44:40,853 INFO 
The datarepo is: 
bins_D1: []
bins_H4: []
bins_m1: []
2018-07-20 14:44:40,855 INFO 
The datarepo is: 
bins_D1: []
bins_H4: []
bins_m1: []
2018-07-20 14:44:40,858 INFO 
The datarepo is: 
bins_D1: []
bins_H4: []
bins_m1: []
2018-07-20 14:44:40,861 INFO 
The datarepo is: 
bins_D1: []
bins_H4: []
bins_m1: []
2018-07-20 14:44:40,866 INFO 
The datarepo is: 
bins_D1: []
bins_H4: []
bins_m1: []
2018-07-20 14:44:40,869 INFO 
The datarepo is: 
bins_D1: []
bins_H4: []
bins_m1: []
2018-07-20 14:44:40,871 INFO 
The datarepo is: 
bins_D1: []
bins_H4: []
bins_m1: []
2018-07-20 14:44:40,874 INFO 
The datarepo is: 
bins_D1: []
bins_H4: []
bins_m1: []
2018-07-20 14:44:40,877 INFO 
The datarepo is: 
bins_D1: []
bins_H4: []
bins_m1: []
2018-07-20 14:44:40,879 INFO 
The datarepo is: 
bins_D1: []
bins_H4: []
bins_m1: []
2018-07-20 14:44:40,884 INFO 
The datarepo is: 
bins_D1: []
bins_H4: []
bins_m1: []
2018-07-20 14:44:40,887 INFO 
The datarepo is: 
bins_D1: []
bins_H4: []
bins_m1: []
2018-07-20 14:44:40,889 INFO 
The datarepo is: 
bins_D1: []
bins_H4: []
bins_m1: []
2018-07-20 14:44:40,892 INFO 
The datarepo is: 
bins_D1: []
bins_H4: []
bins_m1: []
2018-07-20 14:44:40,895 INFO 
The datarepo is: 
bins_D1: []
bins_H4: []
bins_m1: []
2018-07-20 14:44:40,900 INFO 
The datarepo is: 
bins_D1: []
bins_H4: []
bins_m1: []
2018-07-20 14:44:40,903 INFO 
The datarepo is: 
bins_D1: []
bins_H4: []
bins_m1: []
2018-07-20 14:44:40,906 INFO 
The datarepo is: 
bins_D1: []
bins_H4: []
bins_m1: []
2018-07-20 14:44:40,909 INFO 
The datarepo is: 
bins_D1: []
bins_H4: []
bins_m1: []
2018-07-20 14:44:40,912 INFO 
The datarepo is: 
bins_D1: []
bins_H4: []
bins_m1: []
2018-07-20 14:44:40,918 INFO 
The datarepo is: 
bins_D1: []
bins_H4: []
bins_m1: []
2018-07-20 14:44:40,920 INFO 
The datarepo is: 
bins_D1: []
bins_H4: []
bins_m1: []
2018-07-20 14:44:40,923 INFO 
The datarepo is: 
bins_D1: []
bins_H4: []
bins_m1: []
2018-07-20 14:44:40,926 INFO 
The datarepo is: 
bins_D1: []
bins_H4: []
bins_m1: []
2018-07-20 14:44:40,928 INFO 
The datarepo is: 
bins_D1: []
bins_H4: []
bins_m1: []
2018-07-20 14:44:40,934 INFO 
The datarepo is: 
bins_D1: []
bins_H4: []
bins_m1: []
2018-07-20 14:44:40,936 INFO 
The datarepo is: 
bins_D1: []
bins_H4: []
bins_m1: []
2018-07-20 14:44:40,939 INFO 
The datarepo is: 
bins_D1: []
bins_H4: []
bins_m1: []
2018-07-20 14:44:40,940 INFO 
The datarepo is: 
bins_D1: []
bins_H4: []
bins_m1: []
2018-07-20 14:44:40,943 INFO 
The datarepo is: 
bins_D1: []
bins_H4: []
bins_m1: []
2018-07-20 14:44:40,947 INFO 
The datarepo is: 
bins_D1: []
bins_H4: []
bins_m1: []
2018-07-20 14:44:40,950 INFO 
The datarepo is: 
bins_D1: []
bins_H4: []
bins_m1: []
2018-07-20 14:44:40,952 INFO 
The datarepo is: 
bins_D1: []
bins_H4: []
bins_m1: []
2018-07-20 14:44:40,954 INFO 
The datarepo is: 
bins_D1: []
bins_H4: []
bins_m1: []
2018-07-20 14:44:40,957 INFO 
The datarepo is: 
bins_D1: []
bins_H4: []
bins_m1: []
2018-07-20 14:44:40,959 INFO 
The datarepo is: 
bins_D1: []
bins_H4: []
bins_m1: []
2018-07-20 14:44:40,962 INFO 
The datarepo is: 
bins_D1: []
bins_H4: []
bins_m1: []
2018-07-20 14:44:40,966 INFO 
The datarepo is: 
bins_D1: []
bins_H4: []
bins_m1: []
2018-07-20 14:44:40,969 INFO 
The datarepo is: 
bins_D1: []
bins_H4: []
bins_m1: []
2018-07-20 14:44:40,971 INFO 
The datarepo is: 
bins_D1: []
bins_H4: []
bins_m1: []
2018-07-20 14:44:40,973 INFO 
The datarepo is: 
bins_D1: []
bins_H4: []
bins_m1: []
2018-07-20 14:44:40,976 INFO 
The datarepo is: 
bins_D1: []
bins_H4: []
bins_m1: []
2018-07-20 14:44:40,978 INFO 
The datarepo is: 
bins_D1: []
bins_H4: []
bins_m1: []
2018-07-20 14:44:40,982 INFO 
The datarepo is: 
bins_D1: []
bins_H4: []
bins_m1: []
2018-07-20 14:44:40,984 INFO 
The datarepo is: 
bins_D1: []
bins_H4: []
bins_m1: []
2018-07-20 14:44:40,987 INFO 
The datarepo is: 
bins_D1: []
bins_H4: []
bins_m1: []
2018-07-20 14:44:40,989 INFO 
The datarepo is: 
bins_D1: []
bins_H4: []
bins_m1: []
2018-07-20 14:44:40,991 INFO 
The datarepo is: 
bins_D1: []
bins_H4: []
bins_m1: []
2018-07-20 14:44:40,994 INFO 
The datarepo is: 
bins_D1: []
bins_H4: []
bins_m1: []
2018-07-20 14:44:41,001 INFO 
The datarepo is: 
bins_D1: []
bins_H4: []
bins_m1: []
2018-07-20 14:44:41,003 INFO 
The datarepo is: 
bins_D1: []
bins_H4: []
bins_m1: []
2018-07-20 14:44:41,005 INFO 
The datarepo is: 
bins_D1: []
bins_H4: []
bins_m1: []
2018-07-20 14:44:41,009 INFO 
The datarepo is: 
bins_D1: []
bins_H4: []
bins_m1: []
2018-07-20 14:44:41,011 INFO 
The datarepo is: 
bins_D1: []
bins_H4: []
bins_m1: []
2018-07-20 14:44:41,013 INFO 
The datarepo is: 
bins_D1: []
bins_H4: []
bins_m1: []
2018-07-20 14:44:41,017 INFO 
The datarepo is: 
bins_D1: []
bins_H4: []
bins_m1: []
2018-07-20 14:44:41,019 INFO 
The datarepo is: 
bins_D1: []
bins_H4: []
bins_m1: []
2018-07-20 14:44:41,021 INFO 
The datarepo is: 
bins_D1: []
bins_H4: []
bins_m1: []
2018-07-20 14:44:41,023 INFO 
The datarepo is: 
bins_D1: []
bins_H4: []
bins_m1: []
2018-07-20 14:44:41,025 INFO 
The datarepo is: 
bins_D1: []
bins_H4: []
bins_m1: []
2018-07-20 14:44:41,027 INFO 
The datarepo is: 
bins_D1: []
bins_H4: []
bins_m1: []
2018-07-20 14:44:41,029 INFO 
The datarepo is: 
bins_D1: []
bins_H4: []
bins_m1: []
2018-07-20 14:44:41,034 INFO 
The datarepo is: 
bins_D1: []
bins_H4: []
bins_m1: []
2018-07-20 14:44:41,036 INFO 
The datarepo is: 
bins_D1: []
bins_H4: []
bins_m1: []
2018-07-20 14:44:41,037 INFO 
The datarepo is: 
bins_D1: []
bins_H4: []
bins_m1: []
2018-07-20 14:44:41,040 INFO 
The datarepo is: 
bins_D1: []
bins_H4: []
bins_m1: []
2018-07-20 14:44:41,042 INFO 
The datarepo is: 
bins_D1: []
bins_H4: []
bins_m1: []
2018-07-20 14:44:41,044 INFO 
The datarepo is: 
bins_D1: []
bins_H4: []
bins_m1: []
2018-07-20 14:44:41,046 INFO 
The datarepo is: 
bins_D1: []
bins_H4: []
bins_m1: []
2018-07-20 14:44:41,050 INFO 
The datarepo is: 
bins_D1: []
bins_H4: []
bins_m1: []
2018-07-20 14:44:41,052 INFO 
The datarepo is: 
bins_D1: []
bins_H4: []
bins_m1: []
2018-07-20 14:44:41,055 INFO 
The datarepo is: 
bins_D1: []
bins_H4: []
bins_m1: []
2018-07-20 14:44:41,056 INFO The profits are []
