2018-07-21 22:18:06,151 INFO <function database_to_datarepo at 0x07E1FC00>: 0.3986 seconds.
2018-07-21 22:18:06,672 INFO <function database_to_datarepo at 0x07E1FC00>: 0.5205 seconds.
2018-07-21 22:18:07,216 INFO <function database_to_datarepo at 0x07E1FC00>: 0.5426 seconds.
2018-07-21 22:18:07,691 INFO <function database_to_datarepo at 0x07E1FC00>: 0.4751 seconds.
2018-07-21 22:18:08,228 INFO <function database_to_datarepo at 0x07E1FC00>: 0.5373 seconds.
2018-07-21 22:18:08,645 INFO <function database_to_datarepo at 0x07E1FC00>: 0.4157 seconds.
2018-07-21 22:18:09,189 INFO <function database_to_datarepo at 0x07E1FC00>: 0.5435 seconds.
2018-07-21 22:18:09,635 INFO <function database_to_datarepo at 0x07E1FC00>: 0.4392 seconds.
2018-07-21 22:18:10,175 INFO <function database_to_datarepo at 0x07E1FC00>: 0.5404 seconds.
2018-07-21 22:18:10,698 INFO <function database_to_datarepo at 0x07E1FC00>: 0.5229 seconds.
2018-07-21 22:18:11,184 INFO <function database_to_datarepo at 0x07E1FC00>: 0.4849 seconds.
2018-07-21 22:18:11,756 INFO <function database_to_datarepo at 0x07E1FC00>: 0.5719 seconds.
2018-07-21 22:18:11,757 INFO 0.013<=R2<=0.019 is False, low_price<open_price-R*0.12 is True
2018-07-21 22:18:11,757 INFO low_price is 0.919895, open_price-R*0.12 is 0.9209012
2018-07-21 22:18:11,758 INFO 0.013<=R2<=0.019 is False, low_price<open_price-R*0.12 is False
2018-07-21 22:18:11,758 INFO low_price is 0.91826, open_price-R*0.12 is 0.9173842
2018-07-21 22:18:11,760 INFO 0.013<=R2<=0.019 is False, low_price<open_price-R*0.12 is False
2018-07-21 22:18:11,760 INFO low_price is 0.91595, open_price-R*0.12 is 0.9148892
2018-07-21 22:18:11,760 INFO 0.013<=R2<=0.019 is False, low_price<open_price-R*0.12 is False
2018-07-21 22:18:11,760 INFO low_price is 0.9161699999999999, open_price-R*0.12 is 0.9146142
2018-07-21 22:18:11,760 INFO 0.013<=R2<=0.019 is False, low_price<open_price-R*0.12 is False
2018-07-21 22:18:11,760 INFO low_price is 0.916355, open_price-R*0.12 is 0.9144492
2018-07-21 22:18:11,760 INFO 0.013<=R2<=0.019 is True, low_price<open_price-R*0.12 is False
2018-07-21 22:18:11,761 INFO low_price is 0.91635, open_price-R*0.12 is 0.9145492000000001
2018-07-21 22:18:11,761 INFO 0.013<=R2<=0.019 is True, low_price<open_price-R*0.12 is True
2018-07-21 22:18:11,761 INFO low_price is 0.912345, open_price-R*0.12 is 0.9128646
2018-07-21 22:18:11,761 INFO 0.013<=R2<=0.019 is True, low_price<open_price-R*0.12 is False
2018-07-21 22:18:11,761 INFO low_price is 0.91269, open_price-R*0.12 is 0.9109146
2018-07-21 22:18:11,761 INFO 0.013<=R2<=0.019 is True, low_price<open_price-R*0.12 is False
2018-07-21 22:18:11,762 INFO low_price is 0.9133549999999999, open_price-R*0.12 is 0.9126146
2018-07-21 22:18:11,762 INFO 0.013<=R2<=0.019 is True, low_price<open_price-R*0.12 is True
2018-07-21 22:18:11,762 INFO low_price is 0.91724, open_price-R*0.12 is 0.9178212
2018-07-21 22:18:11,762 INFO 0.013<=R2<=0.019 is True, low_price<open_price-R*0.12 is False
2018-07-21 22:18:11,762 INFO low_price is 0.9230849999999999, open_price-R*0.12 is 0.9213712
2018-07-21 22:18:11,763 INFO 0.013<=R2<=0.019 is True, low_price<open_price-R*0.12 is False
2018-07-21 22:18:11,763 INFO low_price is 0.929695, open_price-R*0.12 is 0.9287211999999999
2018-07-21 22:18:11,763 INFO 0.013<=R2<=0.019 is True, low_price<open_price-R*0.12 is False
2018-07-21 22:18:11,763 INFO low_price is 0.92902, open_price-R*0.12 is 0.9276162
2018-07-21 22:18:11,763 INFO 0.013<=R2<=0.019 is False, low_price<open_price-R*0.12 is False
2018-07-21 22:18:11,763 INFO low_price is 0.930845, open_price-R*0.12 is 0.9290579999999999
2018-07-21 22:18:11,764 INFO 0.013<=R2<=0.019 is False, low_price<open_price-R*0.12 is False
2018-07-21 22:18:11,764 INFO low_price is 0.928445, open_price-R*0.12 is 0.9271429999999999
2018-07-21 22:18:11,764 INFO 0.013<=R2<=0.019 is False, low_price<open_price-R*0.12 is False
2018-07-21 22:18:11,764 INFO low_price is 0.928545, open_price-R*0.12 is 0.9262104
2018-07-21 22:18:11,765 INFO 0.013<=R2<=0.019 is False, low_price<open_price-R*0.12 is False
2018-07-21 22:18:11,765 INFO low_price is 0.927095, open_price-R*0.12 is 0.9268704
2018-07-21 22:18:11,765 INFO 0.013<=R2<=0.019 is False, low_price<open_price-R*0.12 is True
2018-07-21 22:18:11,765 INFO low_price is 0.923585, open_price-R*0.12 is 0.9237704
2018-07-21 22:18:11,765 INFO 0.013<=R2<=0.019 is False, low_price<open_price-R*0.12 is False
2018-07-21 22:18:11,766 INFO low_price is 0.926245, open_price-R*0.12 is 0.9247704
2018-07-21 22:18:11,766 INFO 0.013<=R2<=0.019 is False, low_price<open_price-R*0.12 is True
2018-07-21 22:18:11,766 INFO low_price is 0.92061, open_price-R*0.12 is 0.9207704
2018-07-21 22:18:11,766 INFO 0.013<=R2<=0.019 is False, low_price<open_price-R*0.12 is False
2018-07-21 22:18:11,766 INFO low_price is 0.921645, open_price-R*0.12 is 0.9199718
2018-07-21 22:18:11,767 INFO 0.013<=R2<=0.019 is False, low_price<open_price-R*0.12 is True
2018-07-21 22:18:11,767 INFO low_price is 0.917095, open_price-R*0.12 is 0.9176766000000001
2018-07-21 22:18:11,767 INFO 0.013<=R2<=0.019 is False, low_price<open_price-R*0.12 is False
2018-07-21 22:18:11,767 INFO low_price is 0.9192499999999999, open_price-R*0.12 is 0.9177378
2018-07-21 22:18:11,768 INFO 0.013<=R2<=0.019 is False, low_price<open_price-R*0.12 is True
2018-07-21 22:18:11,768 INFO low_price is 0.918945, open_price-R*0.12 is 0.9192303999999999
2018-07-21 22:18:11,768 INFO 0.013<=R2<=0.019 is False, low_price<open_price-R*0.12 is False
2018-07-21 22:18:11,768 INFO low_price is 0.921945, open_price-R*0.12 is 0.9208904
2018-07-21 22:18:11,769 INFO 0.013<=R2<=0.019 is False, low_price<open_price-R*0.12 is False
2018-07-21 22:18:11,769 INFO low_price is 0.922855, open_price-R*0.12 is 0.9216304
2018-07-21 22:18:11,769 INFO 0.013<=R2<=0.019 is False, low_price<open_price-R*0.12 is True
2018-07-21 22:18:11,769 INFO low_price is 0.919895, open_price-R*0.12 is 0.9208904
2018-07-21 22:18:11,770 INFO 0.013<=R2<=0.019 is False, low_price<open_price-R*0.12 is False
2018-07-21 22:18:11,770 INFO low_price is 0.9214899999999999, open_price-R*0.12 is 0.9205036
2018-07-21 22:18:11,770 INFO 0.013<=R2<=0.019 is True, low_price<open_price-R*0.12 is True
2018-07-21 22:18:11,770 INFO low_price is 0.9212899999999999, open_price-R*0.12 is 0.9214046
2018-07-21 22:18:11,771 INFO 0.013<=R2<=0.019 is True, low_price<open_price-R*0.12 is False
2018-07-21 22:18:11,771 INFO low_price is 0.927335, open_price-R*0.12 is 0.9266546
2018-07-21 22:18:11,771 INFO 0.013<=R2<=0.019 is True, low_price<open_price-R*0.12 is False
2018-07-21 22:18:11,771 INFO low_price is 0.928545, open_price-R*0.12 is 0.9277989999999999
2018-07-21 22:18:11,771 INFO 0.013<=R2<=0.019 is True, low_price<open_price-R*0.12 is False
2018-07-21 22:18:11,771 INFO low_price is 0.928245, open_price-R*0.12 is 0.9275522
2018-07-21 22:18:11,772 INFO 0.013<=R2<=0.019 is True, low_price<open_price-R*0.12 is False
2018-07-21 22:18:11,772 INFO low_price is 0.928245, open_price-R*0.12 is 0.9263328
2018-07-21 22:18:11,772 INFO 0.013<=R2<=0.019 is True, low_price<open_price-R*0.12 is False
2018-07-21 22:18:11,772 INFO low_price is 0.9301349999999999, open_price-R*0.12 is 0.9285327999999999
2018-07-21 22:18:11,773 INFO 0.013<=R2<=0.019 is True, low_price<open_price-R*0.12 is True
2018-07-21 22:18:11,773 INFO low_price is 0.92912, open_price-R*0.12 is 0.9292828
2018-07-21 22:18:11,773 INFO 0.013<=R2<=0.019 is True, low_price<open_price-R*0.12 is False
2018-07-21 22:18:11,773 INFO low_price is 0.925495, open_price-R*0.12 is 0.9250448000000001
2018-07-21 22:18:11,774 INFO 0.013<=R2<=0.019 is True, low_price<open_price-R*0.12 is True
2018-07-21 22:18:11,774 INFO low_price is 0.9236500000000001, open_price-R*0.12 is 0.9238948
2018-07-21 22:18:11,775 INFO 0.013<=R2<=0.019 is True, low_price<open_price-R*0.12 is False
2018-07-21 22:18:11,775 INFO low_price is 0.92337, open_price-R*0.12 is 0.9228187999999999
2018-07-21 22:18:11,775 INFO 0.013<=R2<=0.019 is True, low_price<open_price-R*0.12 is False
2018-07-21 22:18:11,775 INFO low_price is 0.922145, open_price-R*0.12 is 0.9221288
2018-07-21 22:18:11,776 INFO 0.013<=R2<=0.019 is True, low_price<open_price-R*0.12 is False
2018-07-21 22:18:11,776 INFO low_price is 0.921535, open_price-R*0.12 is 0.9205138
2018-07-21 22:18:11,777 INFO 0.013<=R2<=0.019 is True, low_price<open_price-R*0.12 is False
2018-07-21 22:18:11,777 INFO low_price is 0.923495, open_price-R*0.12 is 0.9221362
2018-07-21 22:18:11,778 INFO 0.013<=R2<=0.019 is True, low_price<open_price-R*0.12 is False
2018-07-21 22:18:11,778 INFO low_price is 0.91747, open_price-R*0.12 is 0.9169262
2018-07-21 22:18:11,778 INFO 0.013<=R2<=0.019 is True, low_price<open_price-R*0.12 is False
2018-07-21 22:18:11,780 INFO low_price is 0.918795, open_price-R*0.12 is 0.9174156
2018-07-21 22:18:11,780 INFO 0.013<=R2<=0.019 is True, low_price<open_price-R*0.12 is False
2018-07-21 22:18:11,780 INFO low_price is 0.922445, open_price-R*0.12 is 0.9208778000000001
2018-07-21 22:18:11,781 INFO 0.013<=R2<=0.019 is True, low_price<open_price-R*0.12 is False
2018-07-21 22:18:11,781 INFO low_price is 0.925145, open_price-R*0.12 is 0.923948
2018-07-21 22:18:11,781 INFO 0.013<=R2<=0.019 is True, low_price<open_price-R*0.12 is False
2018-07-21 22:18:11,781 INFO low_price is 0.926375, open_price-R*0.12 is 0.924803
2018-07-21 22:18:11,782 INFO 0.013<=R2<=0.019 is True, low_price<open_price-R*0.12 is False
2018-07-21 22:18:11,782 INFO low_price is 0.92517, open_price-R*0.12 is 0.9248067999999999
2018-07-21 22:18:11,782 INFO 0.013<=R2<=0.019 is True, low_price<open_price-R*0.12 is False
2018-07-21 22:18:11,782 INFO low_price is 0.9243699999999999, open_price-R*0.12 is 0.9236968
2018-07-21 22:18:11,782 INFO 0.013<=R2<=0.019 is True, low_price<open_price-R*0.12 is False
2018-07-21 22:18:11,783 INFO low_price is 0.922595, open_price-R*0.12 is 0.9222352
2018-07-21 22:18:11,783 INFO 0.013<=R2<=0.019 is True, low_price<open_price-R*0.12 is True
2018-07-21 22:18:11,783 INFO low_price is 0.920645, open_price-R*0.12 is 0.9212485999999999
2018-07-21 22:18:11,783 INFO 0.013<=R2<=0.019 is True, low_price<open_price-R*0.12 is False
2018-07-21 22:18:11,783 INFO low_price is 0.91756, open_price-R*0.12 is 0.9172256
2018-07-21 22:18:11,783 INFO 0.013<=R2<=0.019 is True, low_price<open_price-R*0.12 is False
2018-07-21 22:18:11,784 INFO low_price is 0.920845, open_price-R*0.12 is 0.9197356
2018-07-21 22:18:11,784 INFO 0.013<=R2<=0.019 is True, low_price<open_price-R*0.12 is True
2018-07-21 22:18:11,784 INFO low_price is 0.922655, open_price-R*0.12 is 0.9228356
2018-07-21 22:18:11,784 INFO 0.013<=R2<=0.019 is True, low_price<open_price-R*0.12 is True
2018-07-21 22:18:11,785 INFO low_price is 0.9203950000000001, open_price-R*0.12 is 0.9214306
2018-07-21 22:18:11,785 INFO 0.013<=R2<=0.019 is False, low_price<open_price-R*0.12 is False
2018-07-21 22:18:11,785 INFO low_price is 0.9099999999999999, open_price-R*0.12 is 0.9091855999999999
2018-07-21 22:18:11,785 INFO 0.013<=R2<=0.019 is False, low_price<open_price-R*0.12 is True
2018-07-21 22:18:11,786 INFO low_price is 0.910395, open_price-R*0.12 is 0.9110964
2018-07-21 22:18:11,786 INFO 0.013<=R2<=0.019 is True, low_price<open_price-R*0.12 is False
2018-07-21 22:18:11,786 INFO low_price is 0.905545, open_price-R*0.12 is 0.9043392
2018-07-21 22:18:11,786 INFO 0.013<=R2<=0.019 is True, low_price<open_price-R*0.12 is True
2018-07-21 22:18:11,786 INFO low_price is 0.904155, open_price-R*0.12 is 0.9072942
2018-07-21 22:18:11,787 INFO 0.013<=R2<=0.019 is False, low_price<open_price-R*0.12 is True
2018-07-21 22:18:11,787 INFO low_price is 0.901765, open_price-R*0.12 is 0.9018756
2018-07-21 22:18:11,787 INFO 0.013<=R2<=0.019 is False, low_price<open_price-R*0.12 is False
2018-07-21 22:18:11,788 INFO low_price is 0.899315, open_price-R*0.12 is 0.8972576
2018-07-21 22:18:11,789 INFO 0.013<=R2<=0.019 is False, low_price<open_price-R*0.12 is True
2018-07-21 22:18:11,789 INFO low_price is 0.8982950000000001, open_price-R*0.12 is 0.8984008000000001
2018-07-21 22:18:11,789 INFO 0.013<=R2<=0.019 is False, low_price<open_price-R*0.12 is False
2018-07-21 22:18:11,790 INFO low_price is 0.902095, open_price-R*0.12 is 0.8994616
2018-07-21 22:18:11,790 INFO 0.013<=R2<=0.019 is False, low_price<open_price-R*0.12 is True
2018-07-21 22:18:11,790 INFO low_price is 0.901345, open_price-R*0.12 is 0.9027992
2018-07-21 22:18:11,790 INFO 0.013<=R2<=0.019 is False, low_price<open_price-R*0.12 is False
2018-07-21 22:18:11,791 INFO low_price is 0.901045, open_price-R*0.12 is 0.8989098
2018-07-21 22:18:11,791 INFO 0.013<=R2<=0.019 is False, low_price<open_price-R*0.12 is False
2018-07-21 22:18:11,791 INFO low_price is 0.903045, open_price-R*0.12 is 0.9006298
2018-07-21 22:18:11,791 INFO 0.013<=R2<=0.019 is False, low_price<open_price-R*0.12 is False
2018-07-21 22:18:11,791 INFO low_price is 0.9016949999999999, open_price-R*0.12 is 0.8985297999999999
2018-07-21 22:18:11,792 INFO 0.013<=R2<=0.019 is False, low_price<open_price-R*0.12 is False
2018-07-21 22:18:11,792 INFO low_price is 0.901995, open_price-R*0.12 is 0.8990182000000001
2018-07-21 22:18:11,792 INFO 0.013<=R2<=0.019 is False, low_price<open_price-R*0.12 is False
2018-07-21 22:18:11,792 INFO low_price is 0.904845, open_price-R*0.12 is 0.9036342
2018-07-21 22:18:11,792 INFO 0.013<=R2<=0.019 is False, low_price<open_price-R*0.12 is True
2018-07-21 22:18:11,793 INFO low_price is 0.90335, open_price-R*0.12 is 0.9037842
2018-07-21 22:18:11,793 INFO 0.013<=R2<=0.019 is False, low_price<open_price-R*0.12 is False
2018-07-21 22:18:11,793 INFO low_price is 0.903545, open_price-R*0.12 is 0.9020762
2018-07-21 22:18:11,794 INFO 0.013<=R2<=0.019 is False, low_price<open_price-R*0.12 is False
2018-07-21 22:18:11,794 INFO low_price is 0.902045, open_price-R*0.12 is 0.9010162
2018-07-21 22:18:11,795 INFO 0.013<=R2<=0.019 is False, low_price<open_price-R*0.12 is False
2018-07-21 22:18:11,796 INFO low_price is 0.903185, open_price-R*0.12 is 0.9018695999999999
2018-07-21 22:18:11,796 INFO 0.013<=R2<=0.019 is False, low_price<open_price-R*0.12 is False
2018-07-21 22:18:11,797 INFO low_price is 0.903145, open_price-R*0.12 is 0.9028195999999999
2018-07-21 22:18:11,797 INFO 0.013<=R2<=0.019 is True, low_price<open_price-R*0.12 is True
2018-07-21 22:18:11,797 INFO low_price is 0.895445, open_price-R*0.12 is 0.8968246
2018-07-21 22:18:11,797 INFO 0.013<=R2<=0.019 is True, low_price<open_price-R*0.12 is True
2018-07-21 22:18:11,798 INFO low_price is 0.89456, open_price-R*0.12 is 0.8952996
2018-07-21 22:18:11,798 INFO 0.013<=R2<=0.019 is True, low_price<open_price-R*0.12 is True
2018-07-21 22:18:11,798 INFO low_price is 0.89378, open_price-R*0.12 is 0.8944276
2018-07-21 22:18:11,798 INFO 0.013<=R2<=0.019 is False, low_price<open_price-R*0.12 is False
2018-07-21 22:18:11,798 INFO low_price is 0.895195, open_price-R*0.12 is 0.8935213999999999
2018-07-21 22:18:11,799 INFO 0.013<=R2<=0.019 is True, low_price<open_price-R*0.12 is False
2018-07-21 22:18:11,799 INFO low_price is 0.89812, open_price-R*0.12 is 0.8965178
2018-07-21 22:18:11,799 INFO 0.013<=R2<=0.019 is True, low_price<open_price-R*0.12 is False
2018-07-21 22:18:11,799 INFO low_price is 0.898515, open_price-R*0.12 is 0.8976778000000001
2018-07-21 22:18:11,800 INFO 0.013<=R2<=0.019 is True, low_price<open_price-R*0.12 is False
2018-07-21 22:18:11,800 INFO low_price is 0.89931, open_price-R*0.12 is 0.8989278
2018-07-21 22:18:11,800 INFO 0.013<=R2<=0.019 is True, low_price<open_price-R*0.12 is False
2018-07-21 22:18:11,800 INFO low_price is 0.894745, open_price-R*0.12 is 0.8944128
2018-07-21 22:18:11,801 INFO 0.013<=R2<=0.019 is True, low_price<open_price-R*0.12 is False
2018-07-21 22:18:11,801 INFO low_price is 0.895975, open_price-R*0.12 is 0.8949628000000001
2018-07-21 22:18:11,801 INFO 0.013<=R2<=0.019 is True, low_price<open_price-R*0.12 is True
2018-07-21 22:18:11,801 INFO low_price is 0.89331, open_price-R*0.12 is 0.8936978
2018-07-21 22:18:11,802 INFO 0.013<=R2<=0.019 is True, low_price<open_price-R*0.12 is True
2018-07-21 22:18:11,802 INFO low_price is 0.891045, open_price-R*0.12 is 0.8922952000000001
2018-07-21 22:18:11,802 INFO 0.013<=R2<=0.019 is True, low_price<open_price-R*0.12 is True
2018-07-21 22:18:11,803 INFO low_price is 0.8929199999999999, open_price-R*0.12 is 0.8931288000000001
2018-07-21 22:18:11,803 INFO 0.013<=R2<=0.019 is True, low_price<open_price-R*0.12 is False
2018-07-21 22:18:11,803 INFO low_price is 0.897205, open_price-R*0.12 is 0.896007
2018-07-21 22:18:11,803 INFO 0.013<=R2<=0.019 is True, low_price<open_price-R*0.12 is False
2018-07-21 22:18:11,804 INFO low_price is 0.900345, open_price-R*0.12 is 0.8996702
2018-07-21 22:18:11,804 INFO 0.013<=R2<=0.019 is True, low_price<open_price-R*0.12 is True
2018-07-21 22:18:11,804 INFO low_price is 0.8987149999999999, open_price-R*0.12 is 0.8996152000000001
2018-07-21 22:18:11,804 INFO 0.013<=R2<=0.019 is True, low_price<open_price-R*0.12 is True
2018-07-21 22:18:11,804 INFO low_price is 0.89347, open_price-R*0.12 is 0.8935388
2018-07-21 22:18:11,805 INFO 0.013<=R2<=0.019 is True, low_price<open_price-R*0.12 is False
2018-07-21 22:18:11,805 INFO low_price is 0.893205, open_price-R*0.12 is 0.8925938
2018-07-21 22:18:11,805 INFO 0.013<=R2<=0.019 is True, low_price<open_price-R*0.12 is True
2018-07-21 22:18:11,805 INFO low_price is 0.888555, open_price-R*0.12 is 0.8891438
2018-07-21 22:18:11,806 INFO 0.013<=R2<=0.019 is True, low_price<open_price-R*0.12 is False
2018-07-21 22:18:11,806 INFO low_price is 0.888995, open_price-R*0.12 is 0.8879838
2018-07-21 22:18:11,806 INFO 0.013<=R2<=0.019 is True, low_price<open_price-R*0.12 is False
2018-07-21 22:18:11,806 INFO low_price is 0.891135, open_price-R*0.12 is 0.889765
2018-07-21 22:18:11,807 INFO 0.013<=R2<=0.019 is True, low_price<open_price-R*0.12 is True
2018-07-21 22:18:11,807 INFO low_price is 0.8898699999999999, open_price-R*0.12 is 0.8909699999999999
2018-07-21 22:18:11,807 INFO 0.013<=R2<=0.019 is True, low_price<open_price-R*0.12 is False
2018-07-21 22:18:11,807 INFO low_price is 0.88628, open_price-R*0.12 is 0.8852949999999999
2018-07-21 22:18:11,808 INFO 0.013<=R2<=0.019 is True, low_price<open_price-R*0.12 is False
2018-07-21 22:18:11,808 INFO low_price is 0.88415, open_price-R*0.12 is 0.88275
2018-07-21 22:18:11,809 INFO 0.013<=R2<=0.019 is True, low_price<open_price-R*0.12 is True
2018-07-21 22:18:11,809 INFO low_price is 0.8800349999999999, open_price-R*0.12 is 0.880892
2018-07-21 22:18:11,809 INFO 0.013<=R2<=0.019 is False, low_price<open_price-R*0.12 is False
2018-07-21 22:18:11,810 INFO low_price is 0.881095, open_price-R*0.12 is 0.8795164
2018-07-21 22:18:11,810 INFO 0.013<=R2<=0.019 is False, low_price<open_price-R*0.12 is False
2018-07-21 22:18:11,811 INFO low_price is 0.88136, open_price-R*0.12 is 0.8794676
2018-07-21 22:18:11,812 INFO 0.013<=R2<=0.019 is False, low_price<open_price-R*0.12 is False
2018-07-21 22:18:11,813 INFO low_price is 0.8788499999999999, open_price-R*0.12 is 0.8759826
2018-07-21 22:18:11,813 INFO 0.013<=R2<=0.019 is False, low_price<open_price-R*0.12 is False
2018-07-21 22:18:11,813 INFO low_price is 0.882395, open_price-R*0.12 is 0.8800924
2018-07-21 22:18:11,813 INFO 0.013<=R2<=0.019 is False, low_price<open_price-R*0.12 is False
2018-07-21 22:18:11,814 INFO low_price is 0.888845, open_price-R*0.12 is 0.8870136000000001
2018-07-21 22:18:11,814 INFO 0.013<=R2<=0.019 is False, low_price<open_price-R*0.12 is False
2018-07-21 22:18:11,814 INFO low_price is 0.889945, open_price-R*0.12 is 0.8892334000000001
2018-07-21 22:18:11,814 INFO 0.013<=R2<=0.019 is False, low_price<open_price-R*0.12 is True
2018-07-21 22:18:11,815 INFO low_price is 0.87815, open_price-R*0.12 is 0.8781595999999999
2018-07-21 22:18:11,815 INFO 0.013<=R2<=0.019 is False, low_price<open_price-R*0.12 is False
2018-07-21 22:18:11,815 INFO low_price is 0.8780600000000001, open_price-R*0.12 is 0.8778795999999999
2018-07-21 22:18:11,816 INFO 0.013<=R2<=0.019 is False, low_price<open_price-R*0.12 is False
2018-07-21 22:18:11,816 INFO low_price is 0.878945, open_price-R*0.12 is 0.8780705999999999
2018-07-21 22:18:11,816 INFO 0.013<=R2<=0.019 is False, low_price<open_price-R*0.12 is False
2018-07-21 22:18:11,816 INFO low_price is 0.8810549999999999, open_price-R*0.12 is 0.8792198
2018-07-21 22:18:11,816 INFO 0.013<=R2<=0.019 is False, low_price<open_price-R*0.12 is False
2018-07-21 22:18:11,817 INFO low_price is 0.884245, open_price-R*0.12 is 0.883142
2018-07-21 22:18:11,817 INFO 0.013<=R2<=0.019 is True, low_price<open_price-R*0.12 is False
2018-07-21 22:18:11,817 INFO low_price is 0.885345, open_price-R*0.12 is 0.8844719999999999
2018-07-21 22:18:11,817 INFO 0.013<=R2<=0.019 is True, low_price<open_price-R*0.12 is True
2018-07-21 22:18:11,818 INFO low_price is 0.88286, open_price-R*0.12 is 0.882887
2018-07-21 22:18:11,818 INFO 0.013<=R2<=0.019 is True, low_price<open_price-R*0.12 is False
2018-07-21 22:18:11,818 INFO low_price is 0.886145, open_price-R*0.12 is 0.885217
2018-07-21 22:18:11,819 INFO 0.013<=R2<=0.019 is True, low_price<open_price-R*0.12 is True
2018-07-21 22:18:11,819 INFO low_price is 0.88381, open_price-R*0.12 is 0.886837
2018-07-21 22:18:11,819 INFO 0.013<=R2<=0.019 is True, low_price<open_price-R*0.12 is False
2018-07-21 22:18:11,819 INFO low_price is 0.881415, open_price-R*0.12 is 0.879922
2018-07-21 22:18:11,820 INFO 0.013<=R2<=0.019 is True, low_price<open_price-R*0.12 is False
2018-07-21 22:18:11,820 INFO low_price is 0.881495, open_price-R*0.12 is 0.880737
2018-07-21 22:18:11,820 INFO 0.013<=R2<=0.019 is True, low_price<open_price-R*0.12 is True
2018-07-21 22:18:11,821 INFO low_price is 0.8773949999999999, open_price-R*0.12 is 0.878137
2018-07-21 22:18:11,821 INFO 0.013<=R2<=0.019 is True, low_price<open_price-R*0.12 is False
2018-07-21 22:18:11,821 INFO low_price is 0.87995, open_price-R*0.12 is 0.8787470000000001
2018-07-21 22:18:11,822 INFO 0.013<=R2<=0.019 is True, low_price<open_price-R*0.12 is False
2018-07-21 22:18:11,822 INFO low_price is 0.878125, open_price-R*0.12 is 0.8767121999999999
2018-07-21 22:18:11,822 INFO 0.013<=R2<=0.019 is True, low_price<open_price-R*0.12 is False
2018-07-21 22:18:11,822 INFO low_price is 0.878295, open_price-R*0.12 is 0.877198
2018-07-21 22:18:11,822 INFO 0.013<=R2<=0.019 is True, low_price<open_price-R*0.12 is True
2018-07-21 22:18:11,822 INFO low_price is 0.86078, open_price-R*0.12 is 0.8627630000000001
2018-07-21 22:18:11,823 INFO 0.013<=R2<=0.019 is True, low_price<open_price-R*0.12 is False
2018-07-21 22:18:11,823 INFO low_price is 0.863545, open_price-R*0.12 is 0.8629479999999999
2018-07-21 22:18:11,823 INFO 0.013<=R2<=0.019 is False, low_price<open_price-R*0.12 is False
2018-07-21 22:18:11,823 INFO low_price is 0.864345, open_price-R*0.12 is 0.8609441999999999
2018-07-21 22:18:11,824 INFO 0.013<=R2<=0.019 is False, low_price<open_price-R*0.12 is False
2018-07-21 22:18:11,824 INFO low_price is 0.865595, open_price-R*0.12 is 0.8628792
2018-07-21 22:18:11,824 INFO 0.013<=R2<=0.019 is False, low_price<open_price-R*0.12 is False
2018-07-21 22:18:11,824 INFO low_price is 0.862545, open_price-R*0.12 is 0.8603992
2018-07-21 22:18:11,825 INFO 0.013<=R2<=0.019 is False, low_price<open_price-R*0.12 is False
2018-07-21 22:18:11,825 INFO low_price is 0.862035, open_price-R*0.12 is 0.8601941999999999
2018-07-21 22:18:11,825 INFO 0.013<=R2<=0.019 is False, low_price<open_price-R*0.12 is False
2018-07-21 22:18:11,825 INFO low_price is 0.8596950000000001, open_price-R*0.12 is 0.858049
2018-07-21 22:18:11,826 INFO 0.013<=R2<=0.019 is False, low_price<open_price-R*0.12 is False
2018-07-21 22:18:11,826 INFO low_price is 0.8578349999999999, open_price-R*0.12 is 0.8549822
2018-07-21 22:18:11,827 INFO 0.013<=R2<=0.019 is False, low_price<open_price-R*0.12 is False
2018-07-21 22:18:11,828 INFO low_price is 0.8651500000000001, open_price-R*0.12 is 0.8628078
2018-07-21 22:18:11,829 INFO 0.013<=R2<=0.019 is False, low_price<open_price-R*0.12 is False
2018-07-21 22:18:11,830 INFO low_price is 0.86425, open_price-R*0.12 is 0.8622318
2018-07-21 22:18:11,831 INFO 0.013<=R2<=0.019 is False, low_price<open_price-R*0.12 is False
2018-07-21 22:18:11,831 INFO low_price is 0.864295, open_price-R*0.12 is 0.8617896
2018-07-21 22:18:11,832 INFO 0.013<=R2<=0.019 is False, low_price<open_price-R*0.12 is False
2018-07-21 22:18:11,832 INFO low_price is 0.865145, open_price-R*0.12 is 0.8638979999999999
2018-07-21 22:18:11,832 INFO 0.013<=R2<=0.019 is False, low_price<open_price-R*0.12 is False
2018-07-21 22:18:11,832 INFO low_price is 0.866475, open_price-R*0.12 is 0.8653068
2018-07-21 22:18:11,833 INFO 0.013<=R2<=0.019 is False, low_price<open_price-R*0.12 is False
2018-07-21 22:18:11,833 INFO low_price is 0.864055, open_price-R*0.12 is 0.8620645999999998
2018-07-21 22:18:11,833 INFO 0.013<=R2<=0.019 is False, low_price<open_price-R*0.12 is True
2018-07-21 22:18:11,833 INFO low_price is 0.8613500000000001, open_price-R*0.12 is 0.8615956
2018-07-21 22:18:11,834 INFO 0.013<=R2<=0.019 is False, low_price<open_price-R*0.12 is True
2018-07-21 22:18:11,834 INFO low_price is 0.87437, open_price-R*0.12 is 0.8748656
2018-07-21 22:18:11,834 INFO 0.013<=R2<=0.019 is False, low_price<open_price-R*0.12 is False
2018-07-21 22:18:11,834 INFO low_price is 0.8736200000000001, open_price-R*0.12 is 0.8732656
2018-07-21 22:18:11,835 INFO 0.013<=R2<=0.019 is False, low_price<open_price-R*0.12 is False
2018-07-21 22:18:11,835 INFO low_price is 0.87486, open_price-R*0.12 is 0.8724065999999999
2018-07-21 22:18:11,835 INFO 0.013<=R2<=0.019 is False, low_price<open_price-R*0.12 is True
2018-07-21 22:18:11,835 INFO low_price is 0.871035, open_price-R*0.12 is 0.8724715999999999
2018-07-21 22:18:11,836 INFO 0.013<=R2<=0.019 is False, low_price<open_price-R*0.12 is False
2018-07-21 22:18:11,836 INFO low_price is 0.870945, open_price-R*0.12 is 0.8699465999999999
2018-07-21 22:18:11,836 INFO 0.013<=R2<=0.019 is False, low_price<open_price-R*0.12 is False
2018-07-21 22:18:11,836 INFO low_price is 0.874695, open_price-R*0.12 is 0.8725966
2018-07-21 22:18:11,838 INFO 0.013<=R2<=0.019 is False, low_price<open_price-R*0.12 is False
2018-07-21 22:18:11,838 INFO low_price is 0.876595, open_price-R*0.12 is 0.8748134
2018-07-21 22:18:11,838 INFO 0.013<=R2<=0.019 is False, low_price<open_price-R*0.12 is False
2018-07-21 22:18:11,838 INFO low_price is 0.88715, open_price-R*0.12 is 0.8853934
2018-07-21 22:18:11,839 INFO 0.013<=R2<=0.019 is False, low_price<open_price-R*0.12 is False
2018-07-21 22:18:11,839 INFO low_price is 0.88622, open_price-R*0.12 is 0.8847198
2018-07-21 22:18:11,839 INFO 0.013<=R2<=0.019 is False, low_price<open_price-R*0.12 is False
2018-07-21 22:18:11,839 INFO low_price is 0.8836200000000001, open_price-R*0.12 is 0.8813574
2018-07-21 22:18:11,840 INFO 0.013<=R2<=0.019 is False, low_price<open_price-R*0.12 is False
2018-07-21 22:18:11,840 INFO low_price is 0.883845, open_price-R*0.12 is 0.880814
2018-07-21 22:18:11,840 INFO 0.013<=R2<=0.019 is False, low_price<open_price-R*0.12 is False
2018-07-21 22:18:11,841 INFO low_price is 0.889545, open_price-R*0.12 is 0.8867940000000001
2018-07-21 22:18:11,841 INFO 0.013<=R2<=0.019 is False, low_price<open_price-R*0.12 is False
2018-07-21 22:18:11,841 INFO low_price is 0.887945, open_price-R*0.12 is 0.8849038
2018-07-21 22:18:11,842 INFO 0.013<=R2<=0.019 is False, low_price<open_price-R*0.12 is False
2018-07-21 22:18:11,842 INFO low_price is 0.888095, open_price-R*0.12 is 0.8863552
2018-07-21 22:18:11,842 INFO 0.013<=R2<=0.019 is False, low_price<open_price-R*0.12 is False
2018-07-21 22:18:11,842 INFO low_price is 0.878665, open_price-R*0.12 is 0.8779202
2018-07-21 22:18:11,843 INFO 0.013<=R2<=0.019 is False, low_price<open_price-R*0.12 is False
2018-07-21 22:18:11,843 INFO low_price is 0.878575, open_price-R*0.12 is 0.8785102
2018-07-21 22:18:11,843 INFO 0.013<=R2<=0.019 is False, low_price<open_price-R*0.12 is False
2018-07-21 22:18:11,844 INFO low_price is 0.88147, open_price-R*0.12 is 0.8791202
2018-07-21 22:18:11,845 INFO 0.013<=R2<=0.019 is False, low_price<open_price-R*0.12 is False
2018-07-21 22:18:11,845 INFO low_price is 0.8855999999999999, open_price-R*0.12 is 0.8844252
2018-07-21 22:18:11,846 INFO 0.013<=R2<=0.019 is False, low_price<open_price-R*0.12 is False
2018-07-21 22:18:11,846 INFO low_price is 0.886345, open_price-R*0.12 is 0.8844702
2018-07-21 22:18:11,847 INFO 0.013<=R2<=0.019 is False, low_price<open_price-R*0.12 is False
2018-07-21 22:18:11,847 INFO low_price is 0.88571, open_price-R*0.12 is 0.8850432
2018-07-21 22:18:11,847 INFO 0.013<=R2<=0.019 is False, low_price<open_price-R*0.12 is True
2018-07-21 22:18:11,848 INFO low_price is 0.88491, open_price-R*0.12 is 0.8850008
2018-07-21 22:18:11,848 INFO 0.013<=R2<=0.019 is False, low_price<open_price-R*0.12 is False
2018-07-21 22:18:11,848 INFO low_price is 0.88815, open_price-R*0.12 is 0.8875608
2018-07-21 22:18:11,848 INFO 0.013<=R2<=0.019 is False, low_price<open_price-R*0.12 is False
2018-07-21 22:18:11,849 INFO low_price is 0.887275, open_price-R*0.12 is 0.8857708
2018-07-21 22:18:11,849 INFO 0.013<=R2<=0.019 is False, low_price<open_price-R*0.12 is False
2018-07-21 22:18:11,849 INFO low_price is 0.8883, open_price-R*0.12 is 0.8872508
2018-07-21 22:18:11,849 INFO 0.013<=R2<=0.019 is True, low_price<open_price-R*0.12 is False
2018-07-21 22:18:11,850 INFO low_price is 0.8877200000000001, open_price-R*0.12 is 0.8869956000000001
2018-07-21 22:18:11,850 INFO 0.013<=R2<=0.019 is True, low_price<open_price-R*0.12 is False
2018-07-21 22:18:11,850 INFO low_price is 0.890045, open_price-R*0.12 is 0.8887518000000001
2018-07-21 22:18:11,850 INFO 0.013<=R2<=0.019 is True, low_price<open_price-R*0.12 is False
2018-07-21 22:18:11,851 INFO low_price is 0.8934200000000001, open_price-R*0.12 is 0.8928018
2018-07-21 22:18:11,851 INFO 0.013<=R2<=0.019 is True, low_price<open_price-R*0.12 is False
2018-07-21 22:18:11,851 INFO low_price is 0.8929549999999999, open_price-R*0.12 is 0.8917826
2018-07-21 22:18:11,851 INFO 0.013<=R2<=0.019 is True, low_price<open_price-R*0.12 is False
2018-07-21 22:18:11,851 INFO low_price is 0.897365, open_price-R*0.12 is 0.8959862
2018-07-21 22:18:11,852 INFO 0.013<=R2<=0.019 is False, low_price<open_price-R*0.12 is False
2018-07-21 22:18:11,852 INFO low_price is 0.900345, open_price-R*0.12 is 0.8988876
2018-07-21 22:18:11,852 INFO 0.013<=R2<=0.019 is False, low_price<open_price-R*0.12 is False
2018-07-21 22:18:11,852 INFO low_price is 0.899845, open_price-R*0.12 is 0.8981781999999999
2018-07-21 22:18:11,853 INFO 0.013<=R2<=0.019 is False, low_price<open_price-R*0.12 is False
2018-07-21 22:18:11,853 INFO low_price is 0.9001399999999999, open_price-R*0.12 is 0.8982598
2018-07-21 22:18:11,853 INFO 0.013<=R2<=0.019 is False, low_price<open_price-R*0.12 is False
2018-07-21 22:18:11,853 INFO low_price is 0.899545, open_price-R*0.12 is 0.8984548
2018-07-21 22:18:11,853 INFO 0.013<=R2<=0.019 is False, low_price<open_price-R*0.12 is False
2018-07-21 22:18:11,854 INFO low_price is 0.900495, open_price-R*0.12 is 0.8994548
2018-07-21 22:18:11,854 INFO 0.013<=R2<=0.019 is False, low_price<open_price-R*0.12 is False
2018-07-21 22:18:11,854 INFO low_price is 0.89815, open_price-R*0.12 is 0.8973911999999999
2018-07-21 22:18:11,854 INFO 0.013<=R2<=0.019 is False, low_price<open_price-R*0.12 is False
2018-07-21 22:18:11,854 INFO low_price is 0.8964700000000001, open_price-R*0.12 is 0.8953824
2018-07-21 22:18:11,855 INFO 0.013<=R2<=0.019 is True, low_price<open_price-R*0.12 is False
2018-07-21 22:18:11,855 INFO low_price is 0.8944300000000001, open_price-R*0.12 is 0.8935858000000001
2018-07-21 22:18:11,855 INFO 0.013<=R2<=0.019 is True, low_price<open_price-R*0.12 is False
2018-07-21 22:18:11,855 INFO low_price is 0.894845, open_price-R*0.12 is 0.8933508
2018-07-21 22:18:11,856 INFO 0.013<=R2<=0.019 is True, low_price<open_price-R*0.12 is False
2018-07-21 22:18:11,856 INFO low_price is 0.8938550000000001, open_price-R*0.12 is 0.8927648
2018-07-21 22:18:11,856 INFO 0.013<=R2<=0.019 is True, low_price<open_price-R*0.12 is False
2018-07-21 22:18:11,856 INFO low_price is 0.8953949999999999, open_price-R*0.12 is 0.895124
2018-07-21 22:18:11,856 INFO 0.013<=R2<=0.019 is True, low_price<open_price-R*0.12 is False
2018-07-21 22:18:11,857 INFO low_price is 0.8963099999999999, open_price-R*0.12 is 0.895699
2018-07-21 22:18:11,857 INFO 0.013<=R2<=0.019 is True, low_price<open_price-R*0.12 is True
2018-07-21 22:18:11,858 INFO low_price is 0.8914550000000001, open_price-R*0.12 is 0.893542
2018-07-21 22:18:11,858 INFO 0.013<=R2<=0.019 is True, low_price<open_price-R*0.12 is False
2018-07-21 22:18:11,858 INFO low_price is 0.8888849999999999, open_price-R*0.12 is 0.8887470000000001
2018-07-21 22:18:11,859 INFO 0.013<=R2<=0.019 is True, low_price<open_price-R*0.12 is False
2018-07-21 22:18:11,859 INFO low_price is 0.89838, open_price-R*0.12 is 0.8969189999999999
2018-07-21 22:18:11,859 INFO 0.013<=R2<=0.019 is True, low_price<open_price-R*0.12 is False
2018-07-21 22:18:11,859 INFO low_price is 0.900495, open_price-R*0.12 is 0.8993356
2018-07-21 22:18:11,860 INFO 0.013<=R2<=0.019 is True, low_price<open_price-R*0.12 is False
2018-07-21 22:18:11,860 INFO low_price is 0.8973450000000001, open_price-R*0.12 is 0.8965755999999999
2018-07-21 22:18:11,861 INFO 0.013<=R2<=0.019 is True, low_price<open_price-R*0.12 is False
2018-07-21 22:18:11,862 INFO low_price is 0.8986000000000001, open_price-R*0.12 is 0.8971756
2018-07-21 22:18:11,863 INFO 0.013<=R2<=0.019 is True, low_price<open_price-R*0.12 is False
2018-07-21 22:18:11,863 INFO low_price is 0.89768, open_price-R*0.12 is 0.8976218
2018-07-21 22:18:11,864 INFO 0.013<=R2<=0.019 is True, low_price<open_price-R*0.12 is False
2018-07-21 22:18:11,864 INFO low_price is 0.899445, open_price-R*0.12 is 0.8982668
2018-07-21 22:18:11,864 INFO 0.013<=R2<=0.019 is True, low_price<open_price-R*0.12 is False
2018-07-21 22:18:11,864 INFO low_price is 0.8993, open_price-R*0.12 is 0.8984968
2018-07-21 22:18:11,865 INFO 0.013<=R2<=0.019 is True, low_price<open_price-R*0.12 is False
2018-07-21 22:18:11,865 INFO low_price is 0.898345, open_price-R*0.12 is 0.8977968000000001
2018-07-21 22:18:11,865 INFO 0.013<=R2<=0.019 is True, low_price<open_price-R*0.12 is False
2018-07-21 22:18:11,866 INFO low_price is 0.900745, open_price-R*0.12 is 0.8995968
2018-07-21 22:18:11,866 INFO 0.013<=R2<=0.019 is True, low_price<open_price-R*0.12 is False
2018-07-21 22:18:11,866 INFO low_price is 0.8983699999999999, open_price-R*0.12 is 0.8980468
2018-07-21 22:18:11,866 INFO 0.013<=R2<=0.019 is True, low_price<open_price-R*0.12 is True
2018-07-21 22:18:11,866 INFO low_price is 0.88786, open_price-R*0.12 is 0.891228
2018-07-21 22:18:11,867 INFO 0.013<=R2<=0.019 is True, low_price<open_price-R*0.12 is False
2018-07-21 22:18:11,867 INFO low_price is 0.888045, open_price-R*0.12 is 0.886458
2018-07-21 22:18:11,868 INFO 0.013<=R2<=0.019 is False, low_price<open_price-R*0.12 is False
2018-07-21 22:18:11,868 INFO low_price is 0.890595, open_price-R*0.12 is 0.88903
2018-07-21 22:18:11,868 INFO 0.013<=R2<=0.019 is False, low_price<open_price-R*0.12 is False
2018-07-21 22:18:11,868 INFO low_price is 0.892495, open_price-R*0.12 is 0.8905749999999999
2018-07-21 22:18:11,869 INFO 0.013<=R2<=0.019 is False, low_price<open_price-R*0.12 is False
2018-07-21 22:18:11,869 INFO low_price is 0.8857999999999999, open_price-R*0.12 is 0.884455
2018-07-21 22:18:11,870 INFO 0.013<=R2<=0.019 is False, low_price<open_price-R*0.12 is False
2018-07-21 22:18:11,870 INFO low_price is 0.886905, open_price-R*0.12 is 0.88534
2018-07-21 22:18:11,870 INFO 0.013<=R2<=0.019 is False, low_price<open_price-R*0.12 is True
2018-07-21 22:18:11,870 INFO low_price is 0.8891249999999999, open_price-R*0.12 is 0.8894527999999999
2018-07-21 22:18:11,871 INFO 0.013<=R2<=0.019 is False, low_price<open_price-R*0.12 is False
2018-07-21 22:18:11,872 INFO low_price is 0.891545, open_price-R*0.12 is 0.8892878
2018-07-21 22:18:11,872 INFO 0.013<=R2<=0.019 is False, low_price<open_price-R*0.12 is False
2018-07-21 22:18:11,872 INFO low_price is 0.89073, open_price-R*0.12 is 0.8905928
2018-07-21 22:18:11,873 INFO 0.013<=R2<=0.019 is False, low_price<open_price-R*0.12 is False
2018-07-21 22:18:11,873 INFO low_price is 0.886935, open_price-R*0.12 is 0.8856377999999999
2018-07-21 22:18:11,873 INFO 0.013<=R2<=0.019 is False, low_price<open_price-R*0.12 is False
2018-07-21 22:18:11,873 INFO low_price is 0.88605, open_price-R*0.12 is 0.8852028
2018-07-21 22:18:11,873 INFO 0.013<=R2<=0.019 is False, low_price<open_price-R*0.12 is True
2018-07-21 22:18:11,874 INFO low_price is 0.88314, open_price-R*0.12 is 0.8858178
2018-07-21 22:18:11,874 INFO 0.013<=R2<=0.019 is False, low_price<open_price-R*0.12 is False
2018-07-21 22:18:11,874 INFO low_price is 0.88008, open_price-R*0.12 is 0.878621
2018-07-21 22:18:11,874 INFO 0.013<=R2<=0.019 is False, low_price<open_price-R*0.12 is False
2018-07-21 22:18:11,874 INFO low_price is 0.88338, open_price-R*0.12 is 0.8818144
2018-07-21 22:18:11,875 INFO 0.013<=R2<=0.019 is False, low_price<open_price-R*0.12 is False
2018-07-21 22:18:11,875 INFO low_price is 0.8855949999999999, open_price-R*0.12 is 0.8837763999999999
2018-07-21 22:18:11,875 INFO 0.013<=R2<=0.019 is False, low_price<open_price-R*0.12 is False
2018-07-21 22:18:11,875 INFO low_price is 0.888745, open_price-R*0.12 is 0.8873764
2018-07-21 22:18:11,876 INFO 0.013<=R2<=0.019 is False, low_price<open_price-R*0.12 is False
2018-07-21 22:18:11,876 INFO low_price is 0.88704, open_price-R*0.12 is 0.8857364000000001
2018-07-21 22:18:11,876 INFO 0.013<=R2<=0.019 is False, low_price<open_price-R*0.12 is False
2018-07-21 22:18:11,877 INFO low_price is 0.88854, open_price-R*0.12 is 0.8873764
2018-07-21 22:18:11,878 INFO 0.013<=R2<=0.019 is False, low_price<open_price-R*0.12 is True
2018-07-21 22:18:11,878 INFO low_price is 0.887845, open_price-R*0.12 is 0.8892264
2018-07-21 22:18:11,880 INFO 0.013<=R2<=0.019 is False, low_price<open_price-R*0.12 is False
2018-07-21 22:18:11,880 INFO low_price is 0.8935649999999999, open_price-R*0.12 is 0.8920314
2018-07-21 22:18:11,881 INFO 0.013<=R2<=0.019 is True, low_price<open_price-R*0.12 is False
2018-07-21 22:18:11,881 INFO low_price is 0.895945, open_price-R*0.12 is 0.8940047999999999
2018-07-21 22:18:11,881 INFO 0.013<=R2<=0.019 is True, low_price<open_price-R*0.12 is True
2018-07-21 22:18:11,881 INFO low_price is 0.895625, open_price-R*0.12 is 0.8965648
2018-07-21 22:18:11,882 INFO 0.013<=R2<=0.019 is False, low_price<open_price-R*0.12 is False
2018-07-21 22:18:11,882 INFO low_price is 0.8966050000000001, open_price-R*0.12 is 0.8943708
2018-07-21 22:18:11,882 INFO 0.013<=R2<=0.019 is False, low_price<open_price-R*0.12 is False
2018-07-21 22:18:11,882 INFO low_price is 0.897545, open_price-R*0.12 is 0.8964622
2018-07-21 22:18:11,883 INFO 0.013<=R2<=0.019 is False, low_price<open_price-R*0.12 is False
2018-07-21 22:18:11,884 INFO low_price is 0.90195, open_price-R*0.12 is 0.8995172
2018-07-21 22:18:11,884 INFO 0.013<=R2<=0.019 is False, low_price<open_price-R*0.12 is False
2018-07-21 22:18:11,884 INFO low_price is 0.9015, open_price-R*0.12 is 0.9004622
2018-07-21 22:18:11,885 INFO 0.013<=R2<=0.019 is False, low_price<open_price-R*0.12 is False
2018-07-21 22:18:11,885 INFO low_price is 0.9024650000000001, open_price-R*0.12 is 0.900704
2018-07-21 22:18:11,885 INFO 0.013<=R2<=0.019 is False, low_price<open_price-R*0.12 is False
2018-07-21 22:18:11,886 INFO low_price is 0.9030549999999999, open_price-R*0.12 is 0.901253
2018-07-21 22:18:11,886 INFO 0.013<=R2<=0.019 is False, low_price<open_price-R*0.12 is False
2018-07-21 22:18:11,887 INFO low_price is 0.90276, open_price-R*0.12 is 0.9014264000000001
2018-07-21 22:18:11,887 INFO 0.013<=R2<=0.019 is False, low_price<open_price-R*0.12 is False
2018-07-21 22:18:11,887 INFO low_price is 0.900795, open_price-R*0.12 is 0.8994622
2018-07-21 22:18:11,888 INFO 0.013<=R2<=0.019 is False, low_price<open_price-R*0.12 is False
2018-07-21 22:18:11,888 INFO low_price is 0.901595, open_price-R*0.12 is 0.8999588
2018-07-21 22:18:11,889 INFO 0.013<=R2<=0.019 is False, low_price<open_price-R*0.12 is False
2018-07-21 22:18:11,889 INFO low_price is 0.904885, open_price-R*0.12 is 0.9036738
2018-07-21 22:18:11,889 INFO 0.013<=R2<=0.019 is False, low_price<open_price-R*0.12 is False
2018-07-21 22:18:11,890 INFO low_price is 0.904345, open_price-R*0.12 is 0.9035012
2018-07-21 22:18:11,891 INFO 0.013<=R2<=0.019 is False, low_price<open_price-R*0.12 is False
2018-07-21 22:18:11,891 INFO low_price is 0.90255, open_price-R*0.12 is 0.9024404
2018-07-21 22:18:11,891 INFO 0.013<=R2<=0.019 is False, low_price<open_price-R*0.12 is False
2018-07-21 22:18:11,892 INFO low_price is 0.897875, open_price-R*0.12 is 0.8977404
2018-07-21 22:18:11,892 INFO 0.013<=R2<=0.019 is False, low_price<open_price-R*0.12 is False
2018-07-21 22:18:11,893 INFO low_price is 0.898395, open_price-R*0.12 is 0.897158
2018-07-21 22:18:11,893 INFO 0.013<=R2<=0.019 is False, low_price<open_price-R*0.12 is True
2018-07-21 22:18:11,894 INFO low_price is 0.89869, open_price-R*0.12 is 0.9008708
2018-07-21 22:18:11,895 INFO 0.013<=R2<=0.019 is False, low_price<open_price-R*0.12 is False
2018-07-21 22:18:11,895 INFO low_price is 0.8981950000000001, open_price-R*0.12 is 0.8978104
2018-07-21 22:18:11,896 INFO 0.013<=R2<=0.019 is True, low_price<open_price-R*0.12 is False
2018-07-21 22:18:11,897 INFO low_price is 0.8984700000000001, open_price-R*0.12 is 0.8973604000000001
2018-07-21 22:18:11,897 INFO 0.013<=R2<=0.019 is False, low_price<open_price-R*0.12 is False
2018-07-21 22:18:11,897 INFO low_price is 0.899245, open_price-R*0.12 is 0.8982704000000001
2018-07-21 22:18:11,898 INFO 0.013<=R2<=0.019 is False, low_price<open_price-R*0.12 is False
2018-07-21 22:18:11,898 INFO low_price is 0.899545, open_price-R*0.12 is 0.8992554
2018-07-21 22:18:11,898 INFO 0.013<=R2<=0.019 is False, low_price<open_price-R*0.12 is True
2018-07-21 22:18:11,898 INFO low_price is 0.90056, open_price-R*0.12 is 0.9006604
2018-07-21 22:18:11,899 INFO 0.013<=R2<=0.019 is False, low_price<open_price-R*0.12 is False
2018-07-21 22:18:11,899 INFO low_price is 0.902225, open_price-R*0.12 is 0.9016254
2018-07-21 22:18:11,899 INFO 0.013<=R2<=0.019 is False, low_price<open_price-R*0.12 is False
2018-07-21 22:18:11,900 INFO low_price is 0.905645, open_price-R*0.12 is 0.9051254
2018-07-21 22:18:11,900 INFO 0.013<=R2<=0.019 is False, low_price<open_price-R*0.12 is False
2018-07-21 22:18:11,900 INFO low_price is 0.907595, open_price-R*0.12 is 0.9063692
2018-07-21 22:18:11,901 INFO 0.013<=R2<=0.019 is False, low_price<open_price-R*0.12 is False
2018-07-21 22:18:11,901 INFO low_price is 0.9079349999999999, open_price-R*0.12 is 0.9075192
2018-07-21 22:18:11,901 INFO 0.013<=R2<=0.019 is False, low_price<open_price-R*0.12 is False
2018-07-21 22:18:11,901 INFO low_price is 0.910095, open_price-R*0.12 is 0.9094892
2018-07-21 22:18:11,902 INFO 0.013<=R2<=0.019 is True, low_price<open_price-R*0.12 is False
2018-07-21 22:18:11,902 INFO low_price is 0.910745, open_price-R*0.12 is 0.9095025999999999
2018-07-21 22:18:11,902 INFO 0.013<=R2<=0.019 is True, low_price<open_price-R*0.12 is False
2018-07-21 22:18:11,902 INFO low_price is 0.9103399999999999, open_price-R*0.12 is 0.9090582
2018-07-21 22:18:11,903 INFO 0.013<=R2<=0.019 is True, low_price<open_price-R*0.12 is False
2018-07-21 22:18:11,903 INFO low_price is 0.90767, open_price-R*0.12 is 0.906539
2018-07-21 22:18:11,904 INFO 0.013<=R2<=0.019 is True, low_price<open_price-R*0.12 is False
2018-07-21 22:18:11,904 INFO low_price is 0.908395, open_price-R*0.12 is 0.9071176000000001
2018-07-21 22:18:11,905 INFO 0.013<=R2<=0.019 is True, low_price<open_price-R*0.12 is False
2018-07-21 22:18:11,905 INFO low_price is 0.907435, open_price-R*0.12 is 0.9067006
2018-07-21 22:18:11,905 INFO 0.013<=R2<=0.019 is True, low_price<open_price-R*0.12 is False
2018-07-21 22:18:11,905 INFO low_price is 0.908295, open_price-R*0.12 is 0.9067035999999999
2018-07-21 22:18:11,906 INFO 0.013<=R2<=0.019 is True, low_price<open_price-R*0.12 is True
2018-07-21 22:18:11,906 INFO low_price is 0.90625, open_price-R*0.12 is 0.9068396000000001
2018-07-21 22:18:11,906 INFO 0.013<=R2<=0.019 is True, low_price<open_price-R*0.12 is False
2018-07-21 22:18:11,907 INFO low_price is 0.905555, open_price-R*0.12 is 0.9051114
2018-07-21 22:18:11,907 INFO 0.013<=R2<=0.019 is True, low_price<open_price-R*0.12 is False
2018-07-21 22:18:11,907 INFO low_price is 0.91025, open_price-R*0.12 is 0.9095112
2018-07-21 22:18:11,907 INFO 0.013<=R2<=0.019 is True, low_price<open_price-R*0.12 is True
2018-07-21 22:18:11,908 INFO low_price is 0.912045, open_price-R*0.12 is 0.9122658
2018-07-21 22:18:11,908 INFO 0.013<=R2<=0.019 is True, low_price<open_price-R*0.12 is False
2018-07-21 22:18:11,908 INFO low_price is 0.913235, open_price-R*0.12 is 0.9124172000000002
2018-07-21 22:18:11,908 INFO 0.013<=R2<=0.019 is True, low_price<open_price-R*0.12 is False
2018-07-21 22:18:11,909 INFO low_price is 0.9142250000000001, open_price-R*0.12 is 0.9136516
2018-07-21 22:18:11,909 INFO 0.013<=R2<=0.019 is True, low_price<open_price-R*0.12 is False
2018-07-21 22:18:11,909 INFO low_price is 0.913145, open_price-R*0.12 is 0.9129912
2018-07-21 22:18:11,909 INFO 0.013<=R2<=0.019 is True, low_price<open_price-R*0.12 is False
2018-07-21 22:18:11,909 INFO low_price is 0.9149, open_price-R*0.12 is 0.9137794
2018-07-21 22:18:11,910 INFO 0.013<=R2<=0.019 is True, low_price<open_price-R*0.12 is True
2018-07-21 22:18:11,911 INFO low_price is 0.91265, open_price-R*0.12 is 0.9134041999999999
2018-07-21 22:18:11,912 INFO 0.013<=R2<=0.019 is False, low_price<open_price-R*0.12 is False
2018-07-21 22:18:11,913 INFO low_price is 0.913745, open_price-R*0.12 is 0.9125780000000001
2018-07-21 22:18:11,914 INFO 0.013<=R2<=0.019 is True, low_price<open_price-R*0.12 is True
2018-07-21 22:18:11,914 INFO low_price is 0.91188, open_price-R*0.12 is 0.91216
2018-07-21 22:18:11,914 INFO 0.013<=R2<=0.019 is True, low_price<open_price-R*0.12 is False
2018-07-21 22:18:11,915 INFO low_price is 0.9140550000000001, open_price-R*0.12 is 0.9128850000000001
2018-07-21 22:18:11,915 INFO 0.013<=R2<=0.019 is True, low_price<open_price-R*0.12 is False
2018-07-21 22:18:11,917 INFO low_price is 0.91544, open_price-R*0.12 is 0.914045
2018-07-21 22:18:11,917 INFO 0.013<=R2<=0.019 is True, low_price<open_price-R*0.12 is False
2018-07-21 22:18:11,917 INFO low_price is 0.9162049999999999, open_price-R*0.12 is 0.914925
2018-07-21 22:18:11,917 INFO 0.013<=R2<=0.019 is True, low_price<open_price-R*0.12 is True
2018-07-21 22:18:11,918 INFO low_price is 0.91415, open_price-R*0.12 is 0.91484
2018-07-21 22:18:11,918 INFO 0.013<=R2<=0.019 is True, low_price<open_price-R*0.12 is False
2018-07-21 22:18:11,918 INFO low_price is 0.91426, open_price-R*0.12 is 0.9139554
2018-07-21 22:18:11,918 INFO 0.013<=R2<=0.019 is True, low_price<open_price-R*0.12 is False
2018-07-21 22:18:11,919 INFO low_price is 0.915145, open_price-R*0.12 is 0.9146610000000001
2018-07-21 22:18:11,919 INFO 0.013<=R2<=0.019 is True, low_price<open_price-R*0.12 is False
2018-07-21 22:18:11,919 INFO low_price is 0.9133549999999999, open_price-R*0.12 is 0.9127810000000001
2018-07-21 22:18:11,919 INFO 0.013<=R2<=0.019 is True, low_price<open_price-R*0.12 is False
2018-07-21 22:18:11,920 INFO low_price is 0.91288, open_price-R*0.12 is 0.912826
2018-07-21 22:18:11,920 INFO 0.013<=R2<=0.019 is True, low_price<open_price-R*0.12 is False
2018-07-21 22:18:11,920 INFO low_price is 0.911895, open_price-R*0.12 is 0.9117360000000001
2018-07-21 22:18:11,920 INFO 0.013<=R2<=0.019 is True, low_price<open_price-R*0.12 is False
2018-07-21 22:18:11,920 INFO low_price is 0.91206, open_price-R*0.12 is 0.911336
2018-07-21 22:18:11,921 INFO 0.013<=R2<=0.019 is False, low_price<open_price-R*0.12 is True
2018-07-21 22:18:11,921 INFO low_price is 0.909535, open_price-R*0.12 is 0.910436
2018-07-21 22:18:11,921 INFO 0.013<=R2<=0.019 is False, low_price<open_price-R*0.12 is False
2018-07-21 22:18:11,921 INFO low_price is 0.91321, open_price-R*0.12 is 0.912336
2018-07-21 22:18:11,922 INFO 0.013<=R2<=0.019 is False, low_price<open_price-R*0.12 is False
2018-07-21 22:18:11,922 INFO low_price is 0.911945, open_price-R*0.12 is 0.9117546
2018-07-21 22:18:11,922 INFO 0.013<=R2<=0.019 is False, low_price<open_price-R*0.12 is False
2018-07-21 22:18:11,922 INFO low_price is 0.914095, open_price-R*0.12 is 0.9129546
2018-07-21 22:18:11,923 INFO 0.013<=R2<=0.019 is False, low_price<open_price-R*0.12 is False
2018-07-21 22:18:11,923 INFO low_price is 0.9134599999999999, open_price-R*0.12 is 0.9128046
2018-07-21 22:18:11,923 INFO 0.013<=R2<=0.019 is False, low_price<open_price-R*0.12 is False
2018-07-21 22:18:11,924 INFO low_price is 0.91235, open_price-R*0.12 is 0.9113346
2018-07-21 22:18:11,924 INFO 0.013<=R2<=0.019 is False, low_price<open_price-R*0.12 is False
2018-07-21 22:18:11,924 INFO low_price is 0.913445, open_price-R*0.12 is 0.9130045999999999
2018-07-21 22:18:11,925 INFO 0.013<=R2<=0.019 is False, low_price<open_price-R*0.12 is True
2018-07-21 22:18:11,925 INFO low_price is 0.916245, open_price-R*0.12 is 0.916309
2018-07-21 22:18:11,925 INFO 0.013<=R2<=0.019 is False, low_price<open_price-R*0.12 is False
2018-07-21 22:18:11,926 INFO low_price is 0.917395, open_price-R*0.12 is 0.9168949999999999
2018-07-21 22:18:11,926 INFO 0.013<=R2<=0.019 is False, low_price<open_price-R*0.12 is False
2018-07-21 22:18:11,926 INFO low_price is 0.917695, open_price-R*0.12 is 0.9165791999999999
2018-07-21 22:18:11,927 INFO 0.013<=R2<=0.019 is False, low_price<open_price-R*0.12 is False
2018-07-21 22:18:11,927 INFO low_price is 0.91885, open_price-R*0.12 is 0.9175342
2018-07-21 22:18:11,928 INFO 0.013<=R2<=0.019 is False, low_price<open_price-R*0.12 is False
2018-07-21 22:18:11,929 INFO low_price is 0.92213, open_price-R*0.12 is 0.9209791999999999
2018-07-21 22:18:11,929 INFO 0.013<=R2<=0.019 is True, low_price<open_price-R*0.12 is False
2018-07-21 22:18:11,930 INFO low_price is 0.921745, open_price-R*0.12 is 0.920736
2018-07-21 22:18:11,930 INFO 0.013<=R2<=0.019 is True, low_price<open_price-R*0.12 is False
2018-07-21 22:18:11,930 INFO low_price is 0.922245, open_price-R*0.12 is 0.9211248000000001
2018-07-21 22:18:11,931 INFO 0.013<=R2<=0.019 is True, low_price<open_price-R*0.12 is False
2018-07-21 22:18:11,931 INFO low_price is 0.92091, open_price-R*0.12 is 0.920002
2018-07-21 22:18:11,931 INFO 0.013<=R2<=0.019 is True, low_price<open_price-R*0.12 is False
2018-07-21 22:18:11,932 INFO low_price is 0.9192750000000001, open_price-R*0.12 is 0.9186570000000001
2018-07-21 22:18:11,932 INFO 0.013<=R2<=0.019 is True, low_price<open_price-R*0.12 is False
2018-07-21 22:18:11,932 INFO low_price is 0.9194, open_price-R*0.12 is 0.9182906
2018-07-21 22:18:11,932 INFO 0.013<=R2<=0.019 is True, low_price<open_price-R*0.12 is False
2018-07-21 22:18:11,933 INFO low_price is 0.919745, open_price-R*0.12 is 0.9193356
2018-07-21 22:18:11,933 INFO 0.013<=R2<=0.019 is True, low_price<open_price-R*0.12 is True
2018-07-21 22:18:11,933 INFO low_price is 0.91804, open_price-R*0.12 is 0.9184756000000001
2018-07-21 22:18:11,934 INFO 0.013<=R2<=0.019 is True, low_price<open_price-R*0.12 is False
2018-07-21 22:18:11,934 INFO low_price is 0.91906, open_price-R*0.12 is 0.918657
2018-07-21 22:18:11,934 INFO 0.013<=R2<=0.019 is True, low_price<open_price-R*0.12 is False
2018-07-21 22:18:11,934 INFO low_price is 0.919295, open_price-R*0.12 is 0.9185430000000001
2018-07-21 22:18:11,935 INFO 0.013<=R2<=0.019 is True, low_price<open_price-R*0.12 is False
2018-07-21 22:18:11,935 INFO low_price is 0.920745, open_price-R*0.12 is 0.919851
2018-07-21 22:18:11,935 INFO 0.013<=R2<=0.019 is False, low_price<open_price-R*0.12 is False
2018-07-21 22:18:11,935 INFO low_price is 0.91925, open_price-R*0.12 is 0.918732
2018-07-21 22:18:11,937 INFO 0.013<=R2<=0.019 is False, low_price<open_price-R*0.12 is True
2018-07-21 22:18:11,937 INFO low_price is 0.91344, open_price-R*0.12 is 0.9179834
2018-07-21 22:18:11,937 INFO 0.013<=R2<=0.019 is False, low_price<open_price-R*0.12 is True
2018-07-21 22:18:11,937 INFO low_price is 0.9128700000000001, open_price-R*0.12 is 0.9134384
2018-07-21 22:18:11,938 INFO 0.013<=R2<=0.019 is False, low_price<open_price-R*0.12 is False
2018-07-21 22:18:11,938 INFO low_price is 0.914845, open_price-R*0.12 is 0.9144314
2018-07-21 22:18:11,938 INFO 0.013<=R2<=0.019 is False, low_price<open_price-R*0.12 is False
2018-07-21 22:18:11,939 INFO low_price is 0.912555, open_price-R*0.12 is 0.912484
2018-07-21 22:18:11,939 INFO 0.013<=R2<=0.019 is False, low_price<open_price-R*0.12 is True
2018-07-21 22:18:11,939 INFO low_price is 0.91117, open_price-R*0.12 is 0.9118626
2018-07-21 22:18:11,940 INFO 0.013<=R2<=0.019 is False, low_price<open_price-R*0.12 is True
2018-07-21 22:18:11,940 INFO low_price is 0.90925, open_price-R*0.12 is 0.9095898
2018-07-21 22:18:11,940 INFO 0.013<=R2<=0.019 is True, low_price<open_price-R*0.12 is False
2018-07-21 22:18:11,940 INFO low_price is 0.908455, open_price-R*0.12 is 0.9077607999999999
2018-07-21 22:18:11,941 INFO 0.013<=R2<=0.019 is True, low_price<open_price-R*0.12 is False
2018-07-21 22:18:11,941 INFO low_price is 0.914445, open_price-R*0.12 is 0.9136454
2018-07-21 22:18:11,941 INFO 0.013<=R2<=0.019 is True, low_price<open_price-R*0.12 is False
2018-07-21 22:18:11,941 INFO low_price is 0.917165, open_price-R*0.12 is 0.9159562
2018-07-21 22:18:11,941 INFO 0.013<=R2<=0.019 is True, low_price<open_price-R*0.12 is False
2018-07-21 22:18:11,942 INFO low_price is 0.916265, open_price-R*0.12 is 0.9147312
2018-07-21 22:18:11,942 INFO 0.013<=R2<=0.019 is True, low_price<open_price-R*0.12 is False
2018-07-21 22:18:11,942 INFO low_price is 0.91476, open_price-R*0.12 is 0.9138662000000001
2018-07-21 22:18:11,942 INFO 0.013<=R2<=0.019 is True, low_price<open_price-R*0.12 is False
2018-07-21 22:18:11,942 INFO low_price is 0.91364, open_price-R*0.12 is 0.9129262
2018-07-21 22:18:11,943 INFO 0.013<=R2<=0.019 is True, low_price<open_price-R*0.12 is False
2018-07-21 22:18:11,943 INFO low_price is 0.914255, open_price-R*0.12 is 0.912677
2018-07-21 22:18:11,944 INFO 0.013<=R2<=0.019 is True, low_price<open_price-R*0.12 is False
2018-07-21 22:18:11,946 INFO low_price is 0.916265, open_price-R*0.12 is 0.9150064
2018-07-21 22:18:11,947 INFO 0.013<=R2<=0.019 is True, low_price<open_price-R*0.12 is True
2018-07-21 22:18:11,947 INFO low_price is 0.917195, open_price-R*0.12 is 0.9173452
2018-07-21 22:18:11,948 INFO 0.013<=R2<=0.019 is True, low_price<open_price-R*0.12 is False
2018-07-21 22:18:11,948 INFO low_price is 0.916895, open_price-R*0.12 is 0.9161788000000001
2018-07-21 22:18:11,948 INFO 0.013<=R2<=0.019 is True, low_price<open_price-R*0.12 is False
2018-07-21 22:18:11,949 INFO low_price is 0.914955, open_price-R*0.12 is 0.9142988
2018-07-21 22:18:11,949 INFO 0.013<=R2<=0.019 is True, low_price<open_price-R*0.12 is True
2018-07-21 22:18:11,949 INFO low_price is 0.9106350000000001, open_price-R*0.12 is 0.9110138
2018-07-21 22:18:11,950 INFO 0.013<=R2<=0.019 is True, low_price<open_price-R*0.12 is True
2018-07-21 22:18:11,950 INFO low_price is 0.90757, open_price-R*0.12 is 0.9094788
2018-07-21 22:18:11,950 INFO 0.013<=R2<=0.019 is False, low_price<open_price-R*0.12 is True
2018-07-21 22:18:11,950 INFO low_price is 0.9073549999999999, open_price-R*0.12 is 0.9073838
2018-07-21 22:18:11,951 INFO 0.013<=R2<=0.019 is False, low_price<open_price-R*0.12 is False
2018-07-21 22:18:11,951 INFO low_price is 0.906595, open_price-R*0.12 is 0.9058276
2018-07-21 22:18:11,951 INFO 0.013<=R2<=0.019 is False, low_price<open_price-R*0.12 is False
2018-07-21 22:18:11,952 INFO low_price is 0.9105650000000001, open_price-R*0.12 is 0.9096968
2018-07-21 22:18:11,952 INFO 0.013<=R2<=0.019 is True, low_price<open_price-R*0.12 is False
2018-07-21 22:18:11,952 INFO low_price is 0.908775, open_price-R*0.12 is 0.9078305999999999
2018-07-21 22:18:11,952 INFO 0.013<=R2<=0.019 is True, low_price<open_price-R*0.12 is False
2018-07-21 22:18:11,953 INFO low_price is 0.9109050000000001, open_price-R*0.12 is 0.9095606
2018-07-21 22:18:11,953 INFO 0.013<=R2<=0.019 is True, low_price<open_price-R*0.12 is False
2018-07-21 22:18:11,953 INFO low_price is 0.9102600000000001, open_price-R*0.12 is 0.9096106
2018-07-21 22:18:11,954 INFO 0.013<=R2<=0.019 is True, low_price<open_price-R*0.12 is False
2018-07-21 22:18:11,954 INFO low_price is 0.90709, open_price-R*0.12 is 0.9069106
2018-07-21 22:18:11,954 INFO 0.013<=R2<=0.019 is True, low_price<open_price-R*0.12 is False
2018-07-21 22:18:11,954 INFO low_price is 0.906265, open_price-R*0.12 is 0.9048006000000001
2018-07-21 22:18:11,955 INFO 0.013<=R2<=0.019 is True, low_price<open_price-R*0.12 is False
2018-07-21 22:18:11,955 INFO low_price is 0.906895, open_price-R*0.12 is 0.90562
2018-07-21 22:18:11,955 INFO 0.013<=R2<=0.019 is True, low_price<open_price-R*0.12 is False
2018-07-21 22:18:11,955 INFO low_price is 0.90865, open_price-R*0.12 is 0.9076998
2018-07-21 22:18:11,956 INFO 0.013<=R2<=0.019 is True, low_price<open_price-R*0.12 is True
2018-07-21 22:18:11,957 INFO low_price is 0.9042650000000001, open_price-R*0.12 is 0.9043976
2018-07-21 22:18:11,957 INFO 0.013<=R2<=0.019 is True, low_price<open_price-R*0.12 is True
2018-07-21 22:18:11,957 INFO low_price is 0.9019550000000001, open_price-R*0.12 is 0.9020776
2018-07-21 22:18:11,958 INFO 0.013<=R2<=0.019 is True, low_price<open_price-R*0.12 is False
2018-07-21 22:18:11,958 INFO low_price is 0.9001399999999999, open_price-R*0.12 is 0.8991154
2018-07-21 22:18:11,958 INFO 0.013<=R2<=0.019 is True, low_price<open_price-R*0.12 is False
2018-07-21 22:18:11,959 INFO low_price is 0.903345, open_price-R*0.12 is 0.9019231999999999
2018-07-21 22:18:11,959 INFO 0.013<=R2<=0.019 is False, low_price<open_price-R*0.12 is False
2018-07-21 22:18:11,959 INFO low_price is 0.903345, open_price-R*0.12 is 0.9019704000000001
2018-07-21 22:18:11,959 INFO 0.013<=R2<=0.019 is True, low_price<open_price-R*0.12 is False
2018-07-21 22:18:11,960 INFO low_price is 0.905805, open_price-R*0.12 is 0.9044004
2018-07-21 22:18:11,962 INFO 0.013<=R2<=0.019 is True, low_price<open_price-R*0.12 is False
2018-07-21 22:18:11,962 INFO low_price is 0.908355, open_price-R*0.12 is 0.9071654
2018-07-21 22:18:11,963 INFO 0.013<=R2<=0.019 is True, low_price<open_price-R*0.12 is False
2018-07-21 22:18:11,963 INFO low_price is 0.91235, open_price-R*0.12 is 0.9110454
2018-07-21 22:18:11,963 INFO 0.013<=R2<=0.019 is True, low_price<open_price-R*0.12 is False
2018-07-21 22:18:11,964 INFO low_price is 0.91405, open_price-R*0.12 is 0.9126251999999999
2018-07-21 22:18:11,964 INFO 0.013<=R2<=0.019 is True, low_price<open_price-R*0.12 is False
2018-07-21 22:18:11,964 INFO low_price is 0.915305, open_price-R*0.12 is 0.913713
2018-07-21 22:18:11,965 INFO 0.013<=R2<=0.019 is True, low_price<open_price-R*0.12 is False
2018-07-21 22:18:11,965 INFO low_price is 0.91591, open_price-R*0.12 is 0.9145173999999999
2018-07-21 22:18:11,965 INFO 0.013<=R2<=0.019 is True, low_price<open_price-R*0.12 is False
2018-07-21 22:18:11,965 INFO low_price is 0.917245, open_price-R*0.12 is 0.9152526
2018-07-21 22:18:11,966 INFO 0.013<=R2<=0.019 is True, low_price<open_price-R*0.12 is False
2018-07-21 22:18:11,967 INFO low_price is 0.918745, open_price-R*0.12 is 0.9171775999999999
2018-07-21 22:18:11,967 INFO 0.013<=R2<=0.019 is False, low_price<open_price-R*0.12 is False
2018-07-21 22:18:11,967 INFO low_price is 0.919395, open_price-R*0.12 is 0.9176252
2018-07-21 22:18:11,968 INFO 0.013<=R2<=0.019 is False, low_price<open_price-R*0.12 is False
2018-07-21 22:18:11,968 INFO low_price is 0.917065, open_price-R*0.12 is 0.9157091999999999
2018-07-21 22:18:11,968 INFO 0.013<=R2<=0.019 is False, low_price<open_price-R*0.12 is False
2018-07-21 22:18:11,968 INFO low_price is 0.91769, open_price-R*0.12 is 0.9155608
2018-07-21 22:18:11,969 INFO 0.013<=R2<=0.019 is False, low_price<open_price-R*0.12 is True
2018-07-21 22:18:11,969 INFO low_price is 0.9142699999999999, open_price-R*0.12 is 0.9160254
2018-07-21 22:18:11,969 INFO 0.013<=R2<=0.019 is False, low_price<open_price-R*0.12 is False
2018-07-21 22:18:11,969 INFO low_price is 0.915445, open_price-R*0.12 is 0.9134904
2018-07-21 22:18:11,970 INFO 0.013<=R2<=0.019 is False, low_price<open_price-R*0.12 is False
2018-07-21 22:18:11,970 INFO low_price is 0.91566, open_price-R*0.12 is 0.9144456
2018-07-21 22:18:11,970 INFO 0.013<=R2<=0.019 is False, low_price<open_price-R*0.12 is False
2018-07-21 22:18:11,970 INFO low_price is 0.916785, open_price-R*0.12 is 0.9159616
2018-07-21 22:18:11,971 INFO 0.013<=R2<=0.019 is False, low_price<open_price-R*0.12 is False
2018-07-21 22:18:11,971 INFO low_price is 0.91674, open_price-R*0.12 is 0.915776
2018-07-21 22:18:11,971 INFO 0.013<=R2<=0.019 is False, low_price<open_price-R*0.12 is False
2018-07-21 22:18:11,971 INFO low_price is 0.9184, open_price-R*0.12 is 0.9183199999999999
2018-07-21 22:18:11,972 INFO 0.013<=R2<=0.019 is True, low_price<open_price-R*0.12 is False
2018-07-21 22:18:11,972 INFO low_price is 0.919645, open_price-R*0.12 is 0.9194728
2018-07-21 22:18:11,972 INFO 0.013<=R2<=0.019 is True, low_price<open_price-R*0.12 is False
2018-07-21 22:18:11,972 INFO low_price is 0.919295, open_price-R*0.12 is 0.9188578000000001
2018-07-21 22:18:11,973 INFO 0.013<=R2<=0.019 is True, low_price<open_price-R*0.12 is False
2018-07-21 22:18:11,973 INFO low_price is 0.91822, open_price-R*0.12 is 0.9177877999999999
2018-07-21 22:18:11,973 INFO 0.013<=R2<=0.019 is True, low_price<open_price-R*0.12 is False
2018-07-21 22:18:11,973 INFO low_price is 0.918265, open_price-R*0.12 is 0.9176378000000001
2018-07-21 22:18:11,974 INFO 0.013<=R2<=0.019 is False, low_price<open_price-R*0.12 is False
2018-07-21 22:18:11,974 INFO low_price is 0.91832, open_price-R*0.12 is 0.9179778000000001
2018-07-21 22:18:11,974 INFO 0.013<=R2<=0.019 is False, low_price<open_price-R*0.12 is False
2018-07-21 22:18:11,974 INFO low_price is 0.91837, open_price-R*0.12 is 0.9177128
2018-07-21 22:18:11,975 INFO 0.013<=R2<=0.019 is False, low_price<open_price-R*0.12 is False
2018-07-21 22:18:11,975 INFO low_price is 0.9191, open_price-R*0.12 is 0.9182528
2018-07-21 22:18:11,975 INFO 0.013<=R2<=0.019 is False, low_price<open_price-R*0.12 is False
2018-07-21 22:18:11,975 INFO low_price is 0.9187449999999999, open_price-R*0.12 is 0.9181528
2018-07-21 22:18:11,976 INFO 0.013<=R2<=0.019 is False, low_price<open_price-R*0.12 is False
2018-07-21 22:18:11,976 INFO low_price is 0.9206350000000001, open_price-R*0.12 is 0.9199738000000001
2018-07-21 22:18:11,976 INFO 0.013<=R2<=0.019 is False, low_price<open_price-R*0.12 is False
2018-07-21 22:18:11,976 INFO low_price is 0.9199949999999999, open_price-R*0.12 is 0.9197136
2018-07-21 22:18:11,978 INFO 0.013<=R2<=0.019 is False, low_price<open_price-R*0.12 is False
2018-07-21 22:18:11,978 INFO low_price is 0.919115, open_price-R*0.12 is 0.9188782
2018-07-21 22:18:11,979 INFO 0.013<=R2<=0.019 is False, low_price<open_price-R*0.12 is False
2018-07-21 22:18:11,980 INFO low_price is 0.9197500000000001, open_price-R*0.12 is 0.9196832
2018-07-21 22:18:11,981 INFO 0.013<=R2<=0.019 is False, low_price<open_price-R*0.12 is True
2018-07-21 22:18:11,981 INFO low_price is 0.919795, open_price-R*0.12 is 0.9198725999999999
2018-07-21 22:18:11,981 INFO 0.013<=R2<=0.019 is False, low_price<open_price-R*0.12 is True
2018-07-21 22:18:11,981 INFO low_price is 0.917345, open_price-R*0.12 is 0.9177276
2018-07-21 22:18:11,981 INFO 0.013<=R2<=0.019 is False, low_price<open_price-R*0.12 is True
2018-07-21 22:18:11,982 INFO low_price is 0.9165449999999999, open_price-R*0.12 is 0.9170726
2018-07-21 22:18:11,982 INFO 0.013<=R2<=0.019 is False, low_price<open_price-R*0.12 is False
2018-07-21 22:18:11,982 INFO low_price is 0.9221349999999999, open_price-R*0.12 is 0.9219575999999999
2018-07-21 22:18:11,982 INFO 0.013<=R2<=0.019 is False, low_price<open_price-R*0.12 is True
2018-07-21 22:18:11,983 INFO low_price is 0.921205, open_price-R*0.12 is 0.9216
2018-07-21 22:18:11,983 INFO 0.013<=R2<=0.019 is False, low_price<open_price-R*0.12 is False
2018-07-21 22:18:11,983 INFO low_price is 0.9223049999999999, open_price-R*0.12 is 0.9220024
2018-07-21 22:18:11,983 INFO 0.013<=R2<=0.019 is False, low_price<open_price-R*0.12 is False
2018-07-21 22:18:11,984 INFO low_price is 0.92534, open_price-R*0.12 is 0.9242404
2018-07-21 22:18:11,984 INFO 0.013<=R2<=0.019 is False, low_price<open_price-R*0.12 is False
2018-07-21 22:18:11,985 INFO low_price is 0.92605, open_price-R*0.12 is 0.9252125999999999
2018-07-21 22:18:11,985 INFO 0.013<=R2<=0.019 is False, low_price<open_price-R*0.12 is False
2018-07-21 22:18:11,985 INFO low_price is 0.92595, open_price-R*0.12 is 0.9252992
2018-07-21 22:18:11,986 INFO 0.013<=R2<=0.019 is False, low_price<open_price-R*0.12 is False
2018-07-21 22:18:11,986 INFO low_price is 0.9256, open_price-R*0.12 is 0.9245742000000001
2018-07-21 22:18:11,987 INFO 0.013<=R2<=0.019 is False, low_price<open_price-R*0.12 is False
2018-07-21 22:18:11,987 INFO low_price is 0.924915, open_price-R*0.12 is 0.9243142000000001
2018-07-21 22:18:11,987 INFO 0.013<=R2<=0.019 is False, low_price<open_price-R*0.12 is False
2018-07-21 22:18:11,988 INFO low_price is 0.925945, open_price-R*0.12 is 0.9249592
2018-07-21 22:18:11,989 INFO 0.013<=R2<=0.019 is False, low_price<open_price-R*0.12 is False
2018-07-21 22:18:11,989 INFO low_price is 0.92595, open_price-R*0.12 is 0.9252642000000001
2018-07-21 22:18:11,989 INFO 0.013<=R2<=0.019 is True, low_price<open_price-R*0.12 is True
2018-07-21 22:18:11,989 INFO low_price is 0.924515, open_price-R*0.12 is 0.9247411999999999
2018-07-21 22:18:11,990 INFO 0.013<=R2<=0.019 is True, low_price<open_price-R*0.12 is False
2018-07-21 22:18:11,990 INFO low_price is 0.926895, open_price-R*0.12 is 0.9255561999999999
2018-07-21 22:18:11,990 INFO 0.013<=R2<=0.019 is True, low_price<open_price-R*0.12 is False
2018-07-21 22:18:11,991 INFO low_price is 0.922345, open_price-R*0.12 is 0.9218061999999999
2018-07-21 22:18:11,991 INFO 0.013<=R2<=0.019 is True, low_price<open_price-R*0.12 is False
2018-07-21 22:18:11,991 INFO low_price is 0.9235, open_price-R*0.12 is 0.9228554000000001
2018-07-21 22:18:11,991 INFO 0.013<=R2<=0.019 is True, low_price<open_price-R*0.12 is False
2018-07-21 22:18:11,992 INFO low_price is 0.924245, open_price-R*0.12 is 0.9235753999999999
2018-07-21 22:18:11,992 INFO 0.013<=R2<=0.019 is True, low_price<open_price-R*0.12 is False
2018-07-21 22:18:11,992 INFO low_price is 0.9277, open_price-R*0.12 is 0.9270474
2018-07-21 22:18:11,992 INFO 0.013<=R2<=0.019 is True, low_price<open_price-R*0.12 is False
2018-07-21 22:18:11,993 INFO low_price is 0.92793, open_price-R*0.12 is 0.9274421999999999
2018-07-21 22:18:11,993 INFO 0.013<=R2<=0.019 is True, low_price<open_price-R*0.12 is False
2018-07-21 22:18:11,993 INFO low_price is 0.9266449999999999, open_price-R*0.12 is 0.9266021999999999
2018-07-21 22:18:11,995 INFO 0.013<=R2<=0.019 is True, low_price<open_price-R*0.12 is False
2018-07-21 22:18:11,996 INFO low_price is 0.92745, open_price-R*0.12 is 0.9265871999999999
2018-07-21 22:18:11,998 INFO 0.013<=R2<=0.019 is False, low_price<open_price-R*0.12 is False
2018-07-21 22:18:11,998 INFO low_price is 0.929745, open_price-R*0.12 is 0.9294022000000001
2018-07-21 22:18:11,999 INFO 0.013<=R2<=0.019 is False, low_price<open_price-R*0.12 is False
2018-07-21 22:18:11,999 INFO low_price is 0.93055, open_price-R*0.12 is 0.9302655999999999
2018-07-21 22:18:12,000 INFO 0.013<=R2<=0.019 is False, low_price<open_price-R*0.12 is False
2018-07-21 22:18:12,000 INFO low_price is 0.931835, open_price-R*0.12 is 0.930843
2018-07-21 22:18:12,000 INFO 0.013<=R2<=0.019 is False, low_price<open_price-R*0.12 is False
2018-07-21 22:18:12,000 INFO low_price is 0.93355, open_price-R*0.12 is 0.932119
2018-07-21 22:18:12,001 INFO 0.013<=R2<=0.019 is False, low_price<open_price-R*0.12 is False
2018-07-21 22:18:12,001 INFO low_price is 0.933395, open_price-R*0.12 is 0.9324890000000001
2018-07-21 22:18:12,001 INFO 0.013<=R2<=0.019 is True, low_price<open_price-R*0.12 is False
2018-07-21 22:18:12,002 INFO low_price is 0.927935, open_price-R*0.12 is 0.9263
2018-07-21 22:18:12,002 INFO 0.013<=R2<=0.019 is True, low_price<open_price-R*0.12 is True
2018-07-21 22:18:12,002 INFO low_price is 0.925245, open_price-R*0.12 is 0.92527
2018-07-21 22:18:12,002 INFO 0.013<=R2<=0.019 is True, low_price<open_price-R*0.12 is False
2018-07-21 22:18:12,003 INFO low_price is 0.9273549999999999, open_price-R*0.12 is 0.9256036
2018-07-21 22:18:12,003 INFO 0.013<=R2<=0.019 is True, low_price<open_price-R*0.12 is False
2018-07-21 22:18:12,003 INFO low_price is 0.9273199999999999, open_price-R*0.12 is 0.9258930000000001
2018-07-21 22:18:12,003 INFO 0.013<=R2<=0.019 is True, low_price<open_price-R*0.12 is False
2018-07-21 22:18:12,004 INFO low_price is 0.923745, open_price-R*0.12 is 0.922413
2018-07-21 22:18:12,004 INFO 0.013<=R2<=0.019 is True, low_price<open_price-R*0.12 is False
2018-07-21 22:18:12,004 INFO low_price is 0.92255, open_price-R*0.12 is 0.921423
2018-07-21 22:18:12,004 INFO 0.013<=R2<=0.019 is True, low_price<open_price-R*0.12 is False
2018-07-21 22:18:12,005 INFO low_price is 0.92236, open_price-R*0.12 is 0.921078
2018-07-21 22:18:12,005 INFO 0.013<=R2<=0.019 is True, low_price<open_price-R*0.12 is False
2018-07-21 22:18:12,005 INFO low_price is 0.9246000000000001, open_price-R*0.12 is 0.9232496000000001
2018-07-21 22:18:12,006 INFO 0.013<=R2<=0.019 is True, low_price<open_price-R*0.12 is False
2018-07-21 22:18:12,006 INFO low_price is 0.923735, open_price-R*0.12 is 0.9225967999999999
2018-07-21 22:18:12,006 INFO 0.013<=R2<=0.019 is True, low_price<open_price-R*0.12 is False
2018-07-21 22:18:12,006 INFO low_price is 0.9265699999999999, open_price-R*0.12 is 0.9246667999999999
2018-07-21 22:18:12,007 INFO 0.013<=R2<=0.019 is True, low_price<open_price-R*0.12 is False
2018-07-21 22:18:12,007 INFO low_price is 0.9273, open_price-R*0.12 is 0.9258917999999999
2018-07-21 22:18:12,007 INFO 0.013<=R2<=0.019 is True, low_price<open_price-R*0.12 is False
2018-07-21 22:18:12,008 INFO low_price is 0.93035, open_price-R*0.12 is 0.9287717999999999
2018-07-21 22:18:12,009 INFO 0.013<=R2<=0.019 is True, low_price<open_price-R*0.12 is False
2018-07-21 22:18:12,009 INFO low_price is 0.930515, open_price-R*0.12 is 0.9292448
2018-07-21 22:18:12,010 INFO 0.013<=R2<=0.019 is True, low_price<open_price-R*0.12 is False
2018-07-21 22:18:12,010 INFO low_price is 0.93184, open_price-R*0.12 is 0.9312839999999999
2018-07-21 22:18:12,010 INFO 0.013<=R2<=0.019 is True, low_price<open_price-R*0.12 is False
2018-07-21 22:18:12,011 INFO low_price is 0.93285, open_price-R*0.12 is 0.9327124
2018-07-21 22:18:12,012 INFO 0.013<=R2<=0.019 is True, low_price<open_price-R*0.12 is False
2018-07-21 22:18:12,012 INFO low_price is 0.93448, open_price-R*0.12 is 0.933161
2018-07-21 22:18:12,013 INFO 0.013<=R2<=0.019 is True, low_price<open_price-R*0.12 is False
2018-07-21 22:18:12,014 INFO low_price is 0.9344349999999999, open_price-R*0.12 is 0.9335129999999999
2018-07-21 22:18:12,014 INFO 0.013<=R2<=0.019 is True, low_price<open_price-R*0.12 is False
2018-07-21 22:18:12,014 INFO low_price is 0.93364, open_price-R*0.12 is 0.932923
2018-07-21 22:18:12,015 INFO 0.013<=R2<=0.019 is True, low_price<open_price-R*0.12 is False
2018-07-21 22:18:12,015 INFO low_price is 0.933235, open_price-R*0.12 is 0.9322465999999999
2018-07-21 22:18:12,015 INFO 0.013<=R2<=0.019 is True, low_price<open_price-R*0.12 is False
2018-07-21 22:18:12,016 INFO low_price is 0.931055, open_price-R*0.12 is 0.9294216
2018-07-21 22:18:12,016 INFO 0.013<=R2<=0.019 is True, low_price<open_price-R*0.12 is False
2018-07-21 22:18:12,016 INFO low_price is 0.93191, open_price-R*0.12 is 0.9305716
2018-07-21 22:18:12,017 INFO 0.013<=R2<=0.019 is True, low_price<open_price-R*0.12 is False
2018-07-21 22:18:12,017 INFO low_price is 0.9323349999999999, open_price-R*0.12 is 0.9311816
2018-07-21 22:18:12,017 INFO 0.013<=R2<=0.019 is True, low_price<open_price-R*0.12 is True
2018-07-21 22:18:12,017 INFO low_price is 0.930695, open_price-R*0.12 is 0.9323617999999999
2018-07-21 22:18:12,018 INFO 0.013<=R2<=0.019 is True, low_price<open_price-R*0.12 is False
2018-07-21 22:18:12,018 INFO low_price is 0.9285049999999999, open_price-R*0.12 is 0.9283094000000001
2018-07-21 22:18:12,018 INFO 0.013<=R2<=0.019 is True, low_price<open_price-R*0.12 is True
2018-07-21 22:18:12,019 INFO low_price is 0.92885, open_price-R*0.12 is 0.9290654
2018-07-21 22:18:12,019 INFO 0.013<=R2<=0.019 is True, low_price<open_price-R*0.12 is False
2018-07-21 22:18:12,019 INFO low_price is 0.9304399999999999, open_price-R*0.12 is 0.930344
2018-07-21 22:18:12,020 INFO 0.013<=R2<=0.019 is False, low_price<open_price-R*0.12 is True
2018-07-21 22:18:12,020 INFO low_price is 0.923135, open_price-R*0.12 is 0.924079
2018-07-21 22:18:12,020 INFO 0.013<=R2<=0.019 is False, low_price<open_price-R*0.12 is False
2018-07-21 22:18:12,021 INFO low_price is 0.923835, open_price-R*0.12 is 0.923499
2018-07-21 22:18:12,021 INFO 0.013<=R2<=0.019 is True, low_price<open_price-R*0.12 is False
2018-07-21 22:18:12,021 INFO low_price is 0.9203950000000001, open_price-R*0.12 is 0.9192996
2018-07-21 22:18:12,022 INFO 0.013<=R2<=0.019 is True, low_price<open_price-R*0.12 is False
2018-07-21 22:18:12,022 INFO low_price is 0.91826, open_price-R*0.12 is 0.9176496
2018-07-21 22:18:12,022 INFO 0.013<=R2<=0.019 is True, low_price<open_price-R*0.12 is False
2018-07-21 22:18:12,022 INFO low_price is 0.9157649999999999, open_price-R*0.12 is 0.9144578
2018-07-21 22:18:12,023 INFO 0.013<=R2<=0.019 is True, low_price<open_price-R*0.12 is False
2018-07-21 22:18:12,023 INFO low_price is 0.916145, open_price-R*0.12 is 0.9152252
2018-07-21 22:18:12,023 INFO 0.013<=R2<=0.019 is False, low_price<open_price-R*0.12 is False
2018-07-21 22:18:12,023 INFO low_price is 0.91776, open_price-R*0.12 is 0.9160408000000001
2018-07-21 22:18:12,024 INFO 0.013<=R2<=0.019 is False, low_price<open_price-R*0.12 is False
2018-07-21 22:18:12,024 INFO low_price is 0.91934, open_price-R*0.12 is 0.9173958
2018-07-21 22:18:12,024 INFO 0.013<=R2<=0.019 is False, low_price<open_price-R*0.12 is False
2018-07-21 22:18:12,024 INFO low_price is 0.923775, open_price-R*0.12 is 0.9215057999999999
2018-07-21 22:18:12,025 INFO 0.013<=R2<=0.019 is False, low_price<open_price-R*0.12 is False
2018-07-21 22:18:12,025 INFO low_price is 0.929445, open_price-R*0.12 is 0.9274707999999999
2018-07-21 22:18:12,025 INFO 0.013<=R2<=0.019 is False, low_price<open_price-R*0.12 is False
2018-07-21 22:18:12,026 INFO low_price is 0.931445, open_price-R*0.12 is 0.9297842000000001
2018-07-21 22:18:12,026 INFO 0.013<=R2<=0.019 is False, low_price<open_price-R*0.12 is False
2018-07-21 22:18:12,026 INFO low_price is 0.928945, open_price-R*0.12 is 0.9287342000000001
2018-07-21 22:18:12,028 INFO 0.013<=R2<=0.019 is False, low_price<open_price-R*0.12 is True
2018-07-21 22:18:12,029 INFO low_price is 0.926365, open_price-R*0.12 is 0.9267098
2018-07-21 22:18:12,030 INFO 0.013<=R2<=0.019 is False, low_price<open_price-R*0.12 is False
2018-07-21 22:18:12,031 INFO low_price is 0.92591, open_price-R*0.12 is 0.9254847999999999
2018-07-21 22:18:12,031 INFO 0.013<=R2<=0.019 is False, low_price<open_price-R*0.12 is False
2018-07-21 22:18:12,032 INFO low_price is 0.925655, open_price-R*0.12 is 0.9245298
2018-07-21 22:18:12,032 INFO 0.013<=R2<=0.019 is False, low_price<open_price-R*0.12 is False
2018-07-21 22:18:12,032 INFO low_price is 0.92466, open_price-R*0.12 is 0.9233048
2018-07-21 22:18:12,032 INFO 0.013<=R2<=0.019 is True, low_price<open_price-R*0.12 is False
2018-07-21 22:18:12,033 INFO low_price is 0.92616, open_price-R*0.12 is 0.9245548
2018-07-21 22:18:12,033 INFO 0.013<=R2<=0.019 is True, low_price<open_price-R*0.12 is False
2018-07-21 22:18:12,033 INFO low_price is 0.925045, open_price-R*0.12 is 0.9240098
2018-07-21 22:18:12,034 INFO 0.013<=R2<=0.019 is True, low_price<open_price-R*0.12 is False
2018-07-21 22:18:12,034 INFO low_price is 0.922745, open_price-R*0.12 is 0.9216254
2018-07-21 22:18:12,034 INFO 0.013<=R2<=0.019 is True, low_price<open_price-R*0.12 is False
2018-07-21 22:18:12,034 INFO low_price is 0.9239999999999999, open_price-R*0.12 is 0.9226141999999999
2018-07-21 22:18:12,035 INFO 0.013<=R2<=0.019 is True, low_price<open_price-R*0.12 is True
2018-07-21 22:18:12,035 INFO low_price is 0.923735, open_price-R*0.12 is 0.9239638
2018-07-21 22:18:12,035 INFO 0.013<=R2<=0.019 is True, low_price<open_price-R*0.12 is True
2018-07-21 22:18:12,035 INFO low_price is 0.921035, open_price-R*0.12 is 0.9231623999999999
2018-07-21 22:18:12,036 INFO 0.013<=R2<=0.019 is True, low_price<open_price-R*0.12 is False
2018-07-21 22:18:12,036 INFO low_price is 0.9184, open_price-R*0.12 is 0.9180573999999999
2018-07-21 22:18:12,036 INFO 0.013<=R2<=0.019 is True, low_price<open_price-R*0.12 is False
2018-07-21 22:18:12,037 INFO low_price is 0.91998, open_price-R*0.12 is 0.9186871999999999
2018-07-21 22:18:12,037 INFO 0.013<=R2<=0.019 is True, low_price<open_price-R*0.12 is True
2018-07-21 22:18:12,037 INFO low_price is 0.91711, open_price-R*0.12 is 0.9171210000000001
2018-07-21 22:18:12,038 INFO 0.013<=R2<=0.019 is True, low_price<open_price-R*0.12 is False
2018-07-21 22:18:12,038 INFO low_price is 0.9226099999999999, open_price-R*0.12 is 0.9211978
2018-07-21 22:18:12,038 INFO 0.013<=R2<=0.019 is True, low_price<open_price-R*0.12 is False
2018-07-21 22:18:12,038 INFO low_price is 0.926695, open_price-R*0.12 is 0.9250948
2018-07-21 22:18:12,039 INFO 0.013<=R2<=0.019 is True, low_price<open_price-R*0.12 is False
2018-07-21 22:18:12,039 INFO low_price is 0.92575, open_price-R*0.12 is 0.9242947999999999
2018-07-21 22:18:12,041 INFO 0.013<=R2<=0.019 is True, low_price<open_price-R*0.12 is False
2018-07-21 22:18:12,041 INFO low_price is 0.9275599999999999, open_price-R*0.12 is 0.9262198
2018-07-21 22:18:12,041 INFO 0.013<=R2<=0.019 is True, low_price<open_price-R*0.12 is False
2018-07-21 22:18:12,042 INFO low_price is 0.927155, open_price-R*0.12 is 0.9266998
2018-07-21 22:18:12,042 INFO 0.013<=R2<=0.019 is True, low_price<open_price-R*0.12 is False
2018-07-21 22:18:12,042 INFO low_price is 0.927125, open_price-R*0.12 is 0.9261798
2018-07-21 22:18:12,043 INFO 0.013<=R2<=0.019 is True, low_price<open_price-R*0.12 is False
2018-07-21 22:18:12,043 INFO low_price is 0.9258649999999999, open_price-R*0.12 is 0.9254441999999999
2018-07-21 22:18:12,044 INFO 0.013<=R2<=0.019 is True, low_price<open_price-R*0.12 is False
2018-07-21 22:18:12,044 INFO low_price is 0.9257200000000001, open_price-R*0.12 is 0.9244818
2018-07-21 22:18:12,045 INFO 0.013<=R2<=0.019 is True, low_price<open_price-R*0.12 is False
2018-07-21 22:18:12,045 INFO low_price is 0.9258850000000001, open_price-R*0.12 is 0.9257918
2018-07-21 22:18:12,046 INFO 0.013<=R2<=0.019 is True, low_price<open_price-R*0.12 is False
2018-07-21 22:18:12,047 INFO low_price is 0.92436, open_price-R*0.12 is 0.9232218
2018-07-21 22:18:12,047 INFO 0.013<=R2<=0.019 is True, low_price<open_price-R*0.12 is False
2018-07-21 22:18:12,048 INFO low_price is 0.9232450000000001, open_price-R*0.12 is 0.9222918000000001
2018-07-21 22:18:12,048 INFO 0.013<=R2<=0.019 is True, low_price<open_price-R*0.12 is False
2018-07-21 22:18:12,048 INFO low_price is 0.921445, open_price-R*0.12 is 0.9207018
2018-07-21 22:18:12,049 INFO 0.013<=R2<=0.019 is True, low_price<open_price-R*0.12 is False
2018-07-21 22:18:12,049 INFO low_price is 0.915755, open_price-R*0.12 is 0.9151218
2018-07-21 22:18:12,049 INFO 0.013<=R2<=0.019 is True, low_price<open_price-R*0.12 is False
2018-07-21 22:18:12,049 INFO low_price is 0.913555, open_price-R*0.12 is 0.9132319999999999
2018-07-21 22:18:12,050 INFO 0.013<=R2<=0.019 is True, low_price<open_price-R*0.12 is False
2018-07-21 22:18:12,050 INFO low_price is 0.914945, open_price-R*0.12 is 0.9130892
2018-07-21 22:18:12,050 INFO 0.013<=R2<=0.019 is True, low_price<open_price-R*0.12 is False
2018-07-21 22:18:12,051 INFO low_price is 0.918445, open_price-R*0.12 is 0.9167452
2018-07-21 22:18:12,051 INFO 0.013<=R2<=0.019 is True, low_price<open_price-R*0.12 is False
2018-07-21 22:18:12,051 INFO low_price is 0.9156599999999999, open_price-R*0.12 is 0.9147452
2018-07-21 22:18:12,052 INFO 0.013<=R2<=0.019 is True, low_price<open_price-R*0.12 is False
2018-07-21 22:18:12,052 INFO low_price is 0.918345, open_price-R*0.12 is 0.9169001999999999
2018-07-21 22:18:12,052 INFO 0.013<=R2<=0.019 is True, low_price<open_price-R*0.12 is False
2018-07-21 22:18:12,052 INFO low_price is 0.919975, open_price-R*0.12 is 0.9197852
2018-07-21 22:18:12,053 INFO 0.013<=R2<=0.019 is True, low_price<open_price-R*0.12 is False
2018-07-21 22:18:12,053 INFO low_price is 0.922895, open_price-R*0.12 is 0.9213558000000001
2018-07-21 22:18:12,053 INFO 0.013<=R2<=0.019 is True, low_price<open_price-R*0.12 is False
2018-07-21 22:18:12,054 INFO low_price is 0.922275, open_price-R*0.12 is 0.9215106
2018-07-21 22:18:12,054 INFO 0.013<=R2<=0.019 is True, low_price<open_price-R*0.12 is False
2018-07-21 22:18:12,054 INFO low_price is 0.92291, open_price-R*0.12 is 0.9214606000000001
2018-07-21 22:18:12,054 INFO 0.013<=R2<=0.019 is True, low_price<open_price-R*0.12 is False
2018-07-21 22:18:12,055 INFO low_price is 0.9245650000000001, open_price-R*0.12 is 0.9235748
2018-07-21 22:18:12,055 INFO 0.013<=R2<=0.019 is True, low_price<open_price-R*0.12 is False
2018-07-21 22:18:12,055 INFO low_price is 0.92737, open_price-R*0.12 is 0.9261148
2018-07-21 22:18:12,056 INFO 0.013<=R2<=0.019 is True, low_price<open_price-R*0.12 is True
2018-07-21 22:18:12,056 INFO low_price is 0.925725, open_price-R*0.12 is 0.9258520000000001
2018-07-21 22:18:12,056 INFO 0.013<=R2<=0.019 is True, low_price<open_price-R*0.12 is False
2018-07-21 22:18:12,056 INFO low_price is 0.9261699999999999, open_price-R*0.12 is 0.9256968
2018-07-21 22:18:12,057 INFO 0.013<=R2<=0.019 is True, low_price<open_price-R*0.12 is False
2018-07-21 22:18:12,057 INFO low_price is 0.927035, open_price-R*0.12 is 0.9260967999999999
