2018-07-20 14:43:49,198 INFO 
The datarepo is: 
bins_D1: []
bins_H4: []
bins_m1: []
2018-07-20 14:43:49,201 INFO 
The datarepo is: 
bins_D1: []
bins_H4: []
bins_m1: []
2018-07-20 14:43:49,204 INFO 
The datarepo is: 
bins_D1: []
bins_H4: []
bins_m1: []
2018-07-20 14:43:49,206 INFO 
The datarepo is: 
bins_D1: []
bins_H4: []
bins_m1: []
2018-07-20 14:43:49,209 INFO 
The datarepo is: 
bins_D1: []
bins_H4: []
bins_m1: []
2018-07-20 14:43:49,212 INFO 
The datarepo is: 
bins_D1: []
bins_H4: []
bins_m1: []
2018-07-20 14:43:49,216 INFO 
The datarepo is: 
bins_D1: []
bins_H4: []
bins_m1: []
2018-07-20 14:43:49,226 INFO 
The datarepo is: 
bins_D1: []
bins_H4: []
bins_m1: []
2018-07-20 14:43:49,229 INFO 
The datarepo is: 
bins_D1: []
bins_H4: []
bins_m1: []
2018-07-20 14:43:49,232 INFO 
The datarepo is: 
bins_D1: []
bins_H4: []
bins_m1: []
2018-07-20 14:43:49,236 INFO 
The datarepo is: 
bins_D1: []
bins_H4: []
bins_m1: []
2018-07-20 14:43:49,240 INFO 
The datarepo is: 
bins_D1: []
bins_H4: []
bins_m1: []
2018-07-20 14:43:49,244 INFO 
The datarepo is: 
bins_D1: []
bins_H4: []
bins_m1: []
2018-07-20 14:43:49,248 INFO 
The datarepo is: 
bins_D1: []
bins_H4: []
bins_m1: []
2018-07-20 14:43:49,251 INFO 
The datarepo is: 
bins_D1: []
bins_H4: []
bins_m1: []
2018-07-20 14:43:49,253 INFO 
The datarepo is: 
bins_D1: []
bins_H4: []
bins_m1: []
2018-07-20 14:43:49,260 INFO 
The datarepo is: 
bins_D1: []
bins_H4: []
bins_m1: []
2018-07-20 14:43:49,263 INFO 
The datarepo is: 
bins_D1: []
bins_H4: []
bins_m1: []
2018-07-20 14:43:49,265 INFO 
The datarepo is: 
bins_D1: []
bins_H4: []
bins_m1: []
2018-07-20 14:43:49,268 INFO 
The datarepo is: 
bins_D1: []
bins_H4: []
bins_m1: []
2018-07-20 14:43:49,272 INFO 
The datarepo is: 
bins_D1: []
bins_H4: []
bins_m1: []
2018-07-20 14:43:49,278 INFO 
The datarepo is: 
bins_D1: []
bins_H4: []
bins_m1: []
2018-07-20 14:43:49,281 INFO 
The datarepo is: 
bins_D1: []
bins_H4: []
bins_m1: []
2018-07-20 14:43:49,284 INFO 
The datarepo is: 
bins_D1: []
bins_H4: []
bins_m1: []
2018-07-20 14:43:49,288 INFO 
The datarepo is: 
bins_D1: []
bins_H4: []
bins_m1: []
2018-07-20 14:43:49,294 INFO 
The datarepo is: 
bins_D1: []
bins_H4: []
bins_m1: []
2018-07-20 14:43:49,299 INFO 
The datarepo is: 
bins_D1: []
bins_H4: []
bins_m1: []
2018-07-20 14:43:49,302 INFO 
The datarepo is: 
bins_D1: []
bins_H4: []
bins_m1: []
2018-07-20 14:43:49,306 INFO 
The datarepo is: 
bins_D1: []
bins_H4: []
bins_m1: []
2018-07-20 14:43:49,312 INFO 
The datarepo is: 
bins_D1: []
bins_H4: []
bins_m1: []
2018-07-20 14:43:49,315 INFO 
The datarepo is: 
bins_D1: []
bins_H4: []
bins_m1: []
2018-07-20 14:43:49,318 INFO 
The datarepo is: 
bins_D1: []
bins_H4: []
bins_m1: []
2018-07-20 14:43:49,320 INFO 
The datarepo is: 
bins_D1: []
bins_H4: []
bins_m1: []
2018-07-20 14:43:49,323 INFO 
The datarepo is: 
bins_D1: []
bins_H4: []
bins_m1: []
2018-07-20 14:43:49,327 INFO 
The datarepo is: 
bins_D1: []
bins_H4: []
bins_m1: []
2018-07-20 14:43:49,330 INFO 
The datarepo is: 
bins_D1: []
bins_H4: []
bins_m1: []
2018-07-20 14:43:49,334 INFO 
The datarepo is: 
bins_D1: []
bins_H4: []
bins_m1: []
2018-07-20 14:43:49,336 INFO 
The datarepo is: 
bins_D1: []
bins_H4: []
bins_m1: []
2018-07-20 14:43:49,342 INFO 
The datarepo is: 
bins_D1: []
bins_H4: []
bins_m1: []
2018-07-20 14:43:49,345 INFO 
The datarepo is: 
bins_D1: []
bins_H4: []
bins_m1: []
2018-07-20 14:43:49,349 INFO 
The datarepo is: 
bins_D1: []
bins_H4: []
bins_m1: []
2018-07-20 14:43:49,351 INFO 
The datarepo is: 
bins_D1: []
bins_H4: []
bins_m1: []
2018-07-20 14:43:49,355 INFO 
The datarepo is: 
bins_D1: []
bins_H4: []
bins_m1: []
2018-07-20 14:43:49,359 INFO 
The datarepo is: 
bins_D1: []
bins_H4: []
bins_m1: []
2018-07-20 14:43:49,362 INFO 
The datarepo is: 
bins_D1: []
bins_H4: []
bins_m1: []
2018-07-20 14:43:49,365 INFO 
The datarepo is: 
bins_D1: []
bins_H4: []
bins_m1: []
2018-07-20 14:43:49,369 INFO 
The datarepo is: 
bins_D1: []
bins_H4: []
bins_m1: []
2018-07-20 14:43:49,372 INFO 
The datarepo is: 
bins_D1: []
bins_H4: []
bins_m1: []
2018-07-20 14:43:49,377 INFO 
The datarepo is: 
bins_D1: []
bins_H4: []
bins_m1: []
2018-07-20 14:43:49,380 INFO 
The datarepo is: 
bins_D1: []
bins_H4: []
bins_m1: []
2018-07-20 14:43:49,383 INFO 
The datarepo is: 
bins_D1: []
bins_H4: []
bins_m1: []
2018-07-20 14:43:49,386 INFO 
The datarepo is: 
bins_D1: []
bins_H4: []
bins_m1: []
2018-07-20 14:43:49,390 INFO 
The datarepo is: 
bins_D1: []
bins_H4: []
bins_m1: []
2018-07-20 14:43:49,394 INFO 
The datarepo is: 
bins_D1: []
bins_H4: []
bins_m1: []
2018-07-20 14:43:49,397 INFO 
The datarepo is: 
bins_D1: []
bins_H4: []
bins_m1: []
2018-07-20 14:43:49,399 INFO 
The datarepo is: 
bins_D1: []
bins_H4: []
bins_m1: []
2018-07-20 14:43:49,401 INFO 
The datarepo is: 
bins_D1: []
bins_H4: []
bins_m1: []
2018-07-20 14:43:49,405 INFO 
The datarepo is: 
bins_D1: []
bins_H4: []
bins_m1: []
2018-07-20 14:43:49,411 INFO 
The datarepo is: 
bins_D1: []
bins_H4: []
bins_m1: []
2018-07-20 14:43:49,414 INFO 
The datarepo is: 
bins_D1: []
bins_H4: []
bins_m1: []
2018-07-20 14:43:49,416 INFO 
The datarepo is: 
bins_D1: []
bins_H4: []
bins_m1: []
2018-07-20 14:43:49,421 INFO 
The datarepo is: 
bins_D1: []
bins_H4: []
bins_m1: []
2018-07-20 14:43:49,424 INFO 
The datarepo is: 
bins_D1: []
bins_H4: []
bins_m1: []
2018-07-20 14:43:49,428 INFO 
The datarepo is: 
bins_D1: []
bins_H4: []
bins_m1: []
2018-07-20 14:43:49,432 INFO 
The datarepo is: 
bins_D1: []
bins_H4: []
bins_m1: []
2018-07-20 14:43:49,435 INFO 
The datarepo is: 
bins_D1: []
bins_H4: []
bins_m1: []
2018-07-20 14:43:49,438 INFO 
The datarepo is: 
bins_D1: []
bins_H4: []
bins_m1: []
2018-07-20 14:43:49,442 INFO 
The datarepo is: 
bins_D1: []
bins_H4: []
bins_m1: []
2018-07-20 14:43:49,445 INFO 
The datarepo is: 
bins_D1: []
bins_H4: []
bins_m1: []
2018-07-20 14:43:49,449 INFO 
The datarepo is: 
bins_D1: []
bins_H4: []
bins_m1: []
2018-07-20 14:43:49,452 INFO 
The datarepo is: 
bins_D1: []
bins_H4: []
bins_m1: []
2018-07-20 14:43:49,454 INFO 
The datarepo is: 
bins_D1: []
bins_H4: []
bins_m1: []
2018-07-20 14:43:49,457 INFO 
The datarepo is: 
bins_D1: []
bins_H4: []
bins_m1: []
2018-07-20 14:43:49,463 INFO 
The datarepo is: 
bins_D1: []
bins_H4: []
bins_m1: []
2018-07-20 14:43:49,465 INFO 
The datarepo is: 
bins_D1: []
bins_H4: []
bins_m1: []
2018-07-20 14:43:49,468 INFO 
The datarepo is: 
bins_D1: []
bins_H4: []
bins_m1: []
2018-07-20 14:43:49,470 INFO 
The datarepo is: 
bins_D1: []
bins_H4: []
bins_m1: []
2018-07-20 14:43:49,472 INFO 
The datarepo is: 
bins_D1: []
bins_H4: []
bins_m1: []
2018-07-20 14:43:49,477 INFO 
The datarepo is: 
bins_D1: []
bins_H4: []
bins_m1: []
2018-07-20 14:43:49,479 INFO 
The datarepo is: 
bins_D1: []
bins_H4: []
bins_m1: []
2018-07-20 14:43:49,482 INFO 
The datarepo is: 
bins_D1: []
bins_H4: []
bins_m1: []
2018-07-20 14:43:49,485 INFO 
The datarepo is: 
bins_D1: []
bins_H4: []
bins_m1: []
2018-07-20 14:43:49,487 INFO 
The datarepo is: 
bins_D1: []
bins_H4: []
bins_m1: []
2018-07-20 14:43:49,491 INFO 
The datarepo is: 
bins_D1: []
bins_H4: []
bins_m1: []
2018-07-20 14:43:49,496 INFO 
The datarepo is: 
bins_D1: []
bins_H4: []
bins_m1: []
2018-07-20 14:43:49,498 INFO 
The datarepo is: 
bins_D1: []
bins_H4: []
bins_m1: []
2018-07-20 14:43:49,501 INFO 
The datarepo is: 
bins_D1: []
bins_H4: []
bins_m1: []
2018-07-20 14:43:49,504 INFO 
The datarepo is: 
bins_D1: []
bins_H4: []
bins_m1: []
2018-07-20 14:43:49,510 INFO 
The datarepo is: 
bins_D1: []
bins_H4: []
bins_m1: []
2018-07-20 14:43:49,514 INFO 
The datarepo is: 
bins_D1: []
bins_H4: []
bins_m1: []
2018-07-20 14:43:49,516 INFO 
The datarepo is: 
bins_D1: []
bins_H4: []
bins_m1: []
2018-07-20 14:43:49,519 INFO 
The datarepo is: 
bins_D1: []
bins_H4: []
bins_m1: []
2018-07-20 14:43:49,522 INFO 
The datarepo is: 
bins_D1: []
bins_H4: []
bins_m1: []
2018-07-20 14:43:49,527 INFO 
The datarepo is: 
bins_D1: []
bins_H4: []
bins_m1: []
2018-07-20 14:43:49,528 INFO 
The datarepo is: 
bins_D1: []
bins_H4: []
bins_m1: []
2018-07-20 14:43:49,531 INFO 
The datarepo is: 
bins_D1: []
bins_H4: []
bins_m1: []
2018-07-20 14:43:49,535 INFO 
The datarepo is: 
bins_D1: []
bins_H4: []
bins_m1: []
2018-07-20 14:43:49,537 INFO 
The datarepo is: 
bins_D1: []
bins_H4: []
bins_m1: []
2018-07-20 14:43:49,540 INFO 
The datarepo is: 
bins_D1: []
bins_H4: []
bins_m1: []
2018-07-20 14:43:49,543 INFO 
The datarepo is: 
bins_D1: []
bins_H4: []
bins_m1: []
2018-07-20 14:43:49,545 INFO 
The datarepo is: 
bins_D1: []
bins_H4: []
bins_m1: []
2018-07-20 14:43:49,549 INFO 
The datarepo is: 
bins_D1: []
bins_H4: []
bins_m1: []
2018-07-20 14:43:49,550 INFO 
The datarepo is: 
bins_D1: []
bins_H4: []
bins_m1: []
2018-07-20 14:43:49,554 INFO 
The datarepo is: 
bins_D1: []
bins_H4: []
bins_m1: []
2018-07-20 14:43:49,557 INFO 
The datarepo is: 
bins_D1: []
bins_H4: []
bins_m1: []
2018-07-20 14:43:49,562 INFO 
The datarepo is: 
bins_D1: []
bins_H4: []
bins_m1: []
2018-07-20 14:43:49,563 INFO 
The datarepo is: 
bins_D1: []
bins_H4: []
bins_m1: []
2018-07-20 14:43:49,567 INFO 
The datarepo is: 
bins_D1: []
bins_H4: []
bins_m1: []
2018-07-20 14:43:49,570 INFO 
The datarepo is: 
bins_D1: []
bins_H4: []
bins_m1: []
2018-07-20 14:43:49,572 INFO 
The datarepo is: 
bins_D1: []
bins_H4: []
bins_m1: []
2018-07-20 14:43:49,578 INFO 
The datarepo is: 
bins_D1: []
bins_H4: []
bins_m1: []
2018-07-20 14:43:49,580 INFO 
The datarepo is: 
bins_D1: []
bins_H4: []
bins_m1: []
2018-07-20 14:43:49,584 INFO 
The datarepo is: 
bins_D1: []
bins_H4: []
bins_m1: []
2018-07-20 14:43:49,587 INFO 
The datarepo is: 
bins_D1: []
bins_H4: []
bins_m1: []
2018-07-20 14:43:49,593 INFO 
The datarepo is: 
bins_D1: []
bins_H4: []
bins_m1: []
2018-07-20 14:43:49,595 INFO 
The datarepo is: 
bins_D1: []
bins_H4: []
bins_m1: []
2018-07-20 14:43:49,600 INFO 
The datarepo is: 
bins_D1: []
bins_H4: []
bins_m1: []
2018-07-20 14:43:49,602 INFO 
The datarepo is: 
bins_D1: []
bins_H4: []
bins_m1: []
2018-07-20 14:43:49,605 INFO 
The datarepo is: 
bins_D1: []
bins_H4: []
bins_m1: []
2018-07-20 14:43:49,614 INFO 
The datarepo is: 
bins_D1: []
bins_H4: []
bins_m1: []
2018-07-20 14:43:49,616 INFO 
The datarepo is: 
bins_D1: []
bins_H4: []
bins_m1: []
2018-07-20 14:43:49,619 INFO 
The datarepo is: 
bins_D1: []
bins_H4: []
bins_m1: []
2018-07-20 14:43:49,622 INFO 
The datarepo is: 
bins_D1: []
bins_H4: []
bins_m1: []
2018-07-20 14:43:49,624 INFO 
The datarepo is: 
bins_D1: []
bins_H4: []
bins_m1: []
2018-07-20 14:43:49,627 INFO 
The datarepo is: 
bins_D1: []
bins_H4: []
bins_m1: []
2018-07-20 14:43:49,630 INFO 
The datarepo is: 
bins_D1: []
bins_H4: []
bins_m1: []
2018-07-20 14:43:49,633 INFO 
The datarepo is: 
bins_D1: []
bins_H4: []
bins_m1: []
2018-07-20 14:43:49,634 INFO 
The datarepo is: 
bins_D1: []
bins_H4: []
bins_m1: []
2018-07-20 14:43:49,636 INFO 
The datarepo is: 
bins_D1: []
bins_H4: []
bins_m1: []
2018-07-20 14:43:49,638 INFO 
The datarepo is: 
bins_D1: []
bins_H4: []
bins_m1: []
2018-07-20 14:43:49,642 INFO 
The datarepo is: 
bins_D1: []
bins_H4: []
bins_m1: []
2018-07-20 14:43:49,645 INFO 
The datarepo is: 
bins_D1: []
bins_H4: []
bins_m1: []
2018-07-20 14:43:49,647 INFO 
The datarepo is: 
bins_D1: []
bins_H4: []
bins_m1: []
2018-07-20 14:43:49,649 INFO 
The datarepo is: 
bins_D1: []
bins_H4: []
bins_m1: []
2018-07-20 14:43:49,651 INFO 
The datarepo is: 
bins_D1: []
bins_H4: []
bins_m1: []
2018-07-20 14:43:49,653 INFO 
The datarepo is: 
bins_D1: []
bins_H4: []
bins_m1: []
2018-07-20 14:43:49,655 INFO 
The datarepo is: 
bins_D1: []
bins_H4: []
bins_m1: []
2018-07-20 14:43:49,659 INFO 
The datarepo is: 
bins_D1: []
bins_H4: []
bins_m1: []
2018-07-20 14:43:49,662 INFO 
The datarepo is: 
bins_D1: []
bins_H4: []
bins_m1: []
2018-07-20 14:43:49,665 INFO 
The datarepo is: 
bins_D1: []
bins_H4: []
bins_m1: []
2018-07-20 14:43:49,667 INFO 
The datarepo is: 
bins_D1: []
bins_H4: []
bins_m1: []
2018-07-20 14:43:49,669 INFO 
The datarepo is: 
bins_D1: []
bins_H4: []
bins_m1: []
2018-07-20 14:43:49,671 INFO 
The datarepo is: 
bins_D1: []
bins_H4: []
bins_m1: []
2018-07-20 14:43:49,676 INFO 
The datarepo is: 
bins_D1: []
bins_H4: []
bins_m1: []
2018-07-20 14:43:49,679 INFO 
The datarepo is: 
bins_D1: []
bins_H4: []
bins_m1: []
2018-07-20 14:43:49,681 INFO 
The datarepo is: 
bins_D1: []
bins_H4: []
bins_m1: []
2018-07-20 14:43:49,684 INFO 
The datarepo is: 
bins_D1: []
bins_H4: []
bins_m1: []
2018-07-20 14:43:49,687 INFO 
The datarepo is: 
bins_D1: []
bins_H4: []
bins_m1: []
2018-07-20 14:43:49,689 INFO 
The datarepo is: 
bins_D1: []
bins_H4: []
bins_m1: []
2018-07-20 14:43:49,694 INFO 
The datarepo is: 
bins_D1: []
bins_H4: []
bins_m1: []
2018-07-20 14:43:49,697 INFO 
The datarepo is: 
bins_D1: []
bins_H4: []
bins_m1: []
2018-07-20 14:43:49,698 INFO 
The datarepo is: 
bins_D1: []
bins_H4: []
bins_m1: []
2018-07-20 14:43:49,700 INFO 
The datarepo is: 
bins_D1: []
bins_H4: []
bins_m1: []
2018-07-20 14:43:49,703 INFO 
The datarepo is: 
bins_D1: []
bins_H4: []
bins_m1: []
2018-07-20 14:43:49,705 INFO 
The datarepo is: 
bins_D1: []
bins_H4: []
bins_m1: []
2018-07-20 14:43:49,710 INFO 
The datarepo is: 
bins_D1: []
bins_H4: []
bins_m1: []
2018-07-20 14:43:49,713 INFO 
The datarepo is: 
bins_D1: []
bins_H4: []
bins_m1: []
2018-07-20 14:43:49,716 INFO 
The datarepo is: 
bins_D1: []
bins_H4: []
bins_m1: []
2018-07-20 14:43:49,718 INFO 
The datarepo is: 
bins_D1: []
bins_H4: []
bins_m1: []
2018-07-20 14:43:49,720 INFO 
The datarepo is: 
bins_D1: []
bins_H4: []
bins_m1: []
2018-07-20 14:43:49,722 INFO 
The datarepo is: 
bins_D1: []
bins_H4: []
bins_m1: []
2018-07-20 14:43:49,726 INFO 
The datarepo is: 
bins_D1: []
bins_H4: []
bins_m1: []
2018-07-20 14:43:49,729 INFO 
The datarepo is: 
bins_D1: []
bins_H4: []
bins_m1: []
2018-07-20 14:43:49,731 INFO 
The datarepo is: 
bins_D1: []
bins_H4: []
bins_m1: []
2018-07-20 14:43:49,733 INFO 
The datarepo is: 
bins_D1: []
bins_H4: []
bins_m1: []
2018-07-20 14:43:49,736 INFO 
The datarepo is: 
bins_D1: []
bins_H4: []
bins_m1: []
2018-07-20 14:43:49,738 INFO 
The datarepo is: 
bins_D1: []
bins_H4: []
bins_m1: []
2018-07-20 14:43:49,742 INFO 
The datarepo is: 
bins_D1: []
bins_H4: []
bins_m1: []
2018-07-20 14:43:49,744 INFO 
The datarepo is: 
bins_D1: []
bins_H4: []
bins_m1: []
2018-07-20 14:43:49,746 INFO 
The datarepo is: 
bins_D1: []
bins_H4: []
bins_m1: []
2018-07-20 14:43:49,750 INFO 
The datarepo is: 
bins_D1: []
bins_H4: []
bins_m1: []
2018-07-20 14:43:49,752 INFO 
The datarepo is: 
bins_D1: []
bins_H4: []
bins_m1: []
2018-07-20 14:43:49,754 INFO 
The datarepo is: 
bins_D1: []
bins_H4: []
bins_m1: []
2018-07-20 14:43:49,755 INFO 
The datarepo is: 
bins_D1: []
bins_H4: []
bins_m1: []
2018-07-20 14:43:49,759 INFO 
The datarepo is: 
bins_D1: []
bins_H4: []
bins_m1: []
2018-07-20 14:43:49,762 INFO 
The datarepo is: 
bins_D1: []
bins_H4: []
bins_m1: []
2018-07-20 14:43:49,764 INFO 
The datarepo is: 
bins_D1: []
bins_H4: []
bins_m1: []
2018-07-20 14:43:49,766 INFO 
The datarepo is: 
bins_D1: []
bins_H4: []
bins_m1: []
2018-07-20 14:43:49,769 INFO 
The datarepo is: 
bins_D1: []
bins_H4: []
bins_m1: []
2018-07-20 14:43:49,772 INFO 
The datarepo is: 
bins_D1: []
bins_H4: []
bins_m1: []
2018-07-20 14:43:49,774 INFO 
The datarepo is: 
bins_D1: []
bins_H4: []
bins_m1: []
2018-07-20 14:43:49,777 INFO 
The datarepo is: 
bins_D1: []
bins_H4: []
bins_m1: []
2018-07-20 14:43:49,779 INFO 
The datarepo is: 
bins_D1: []
bins_H4: []
bins_m1: []
2018-07-20 14:43:49,782 INFO 
The datarepo is: 
bins_D1: []
bins_H4: []
bins_m1: []
2018-07-20 14:43:49,785 INFO 
The datarepo is: 
bins_D1: []
bins_H4: []
bins_m1: []
2018-07-20 14:43:49,787 INFO 
The datarepo is: 
bins_D1: []
bins_H4: []
bins_m1: []
2018-07-20 14:43:49,789 INFO 
The datarepo is: 
bins_D1: []
bins_H4: []
bins_m1: []
2018-07-20 14:43:49,794 INFO 
The datarepo is: 
bins_D1: []
bins_H4: []
bins_m1: []
2018-07-20 14:43:49,796 INFO 
The datarepo is: 
bins_D1: []
bins_H4: []
bins_m1: []
2018-07-20 14:43:49,798 INFO 
The datarepo is: 
bins_D1: []
bins_H4: []
bins_m1: []
2018-07-20 14:43:49,801 INFO 
The datarepo is: 
bins_D1: []
bins_H4: []
bins_m1: []
2018-07-20 14:43:49,803 INFO 
The datarepo is: 
bins_D1: []
bins_H4: []
bins_m1: []
2018-07-20 14:43:49,805 INFO 
The datarepo is: 
bins_D1: []
bins_H4: []
bins_m1: []
2018-07-20 14:43:49,810 INFO 
The datarepo is: 
bins_D1: []
bins_H4: []
bins_m1: []
2018-07-20 14:43:49,812 INFO 
The datarepo is: 
bins_D1: []
bins_H4: []
bins_m1: []
2018-07-20 14:43:49,814 INFO 
The datarepo is: 
bins_D1: []
bins_H4: []
bins_m1: []
2018-07-20 14:43:49,816 INFO 
The datarepo is: 
bins_D1: []
bins_H4: []
bins_m1: []
2018-07-20 14:43:49,818 INFO 
The datarepo is: 
bins_D1: []
bins_H4: []
bins_m1: []
2018-07-20 14:43:49,820 INFO 
The datarepo is: 
bins_D1: []
bins_H4: []
bins_m1: []
2018-07-20 14:43:49,823 INFO 
The datarepo is: 
bins_D1: []
bins_H4: []
bins_m1: []
2018-07-20 14:43:49,827 INFO 
The datarepo is: 
bins_D1: []
bins_H4: []
bins_m1: []
2018-07-20 14:43:49,829 INFO 
The datarepo is: 
bins_D1: []
bins_H4: []
bins_m1: []
2018-07-20 14:43:49,831 INFO 
The datarepo is: 
bins_D1: []
bins_H4: []
bins_m1: []
2018-07-20 14:43:49,833 INFO 
The datarepo is: 
bins_D1: []
bins_H4: []
bins_m1: []
2018-07-20 14:43:49,836 INFO 
The datarepo is: 
bins_D1: []
bins_H4: []
bins_m1: []
2018-07-20 14:43:49,838 INFO 
The datarepo is: 
bins_D1: []
bins_H4: []
bins_m1: []
2018-07-20 14:43:49,841 INFO 
The datarepo is: 
bins_D1: []
bins_H4: []
bins_m1: []
2018-07-20 14:43:49,845 INFO 
The datarepo is: 
bins_D1: []
bins_H4: []
bins_m1: []
2018-07-20 14:43:49,847 INFO 
The datarepo is: 
bins_D1: []
bins_H4: []
bins_m1: []
2018-07-20 14:43:49,849 INFO 
The datarepo is: 
bins_D1: []
bins_H4: []
bins_m1: []
2018-07-20 14:43:49,851 INFO 
The datarepo is: 
bins_D1: []
bins_H4: []
bins_m1: []
2018-07-20 14:43:49,853 INFO 
The datarepo is: 
bins_D1: []
bins_H4: []
bins_m1: []
2018-07-20 14:43:49,856 INFO 
The datarepo is: 
bins_D1: []
bins_H4: []
bins_m1: []
2018-07-20 14:43:49,860 INFO 
The datarepo is: 
bins_D1: []
bins_H4: []
bins_m1: []
2018-07-20 14:43:49,862 INFO 
The datarepo is: 
bins_D1: []
bins_H4: []
bins_m1: []
2018-07-20 14:43:49,864 INFO 
The datarepo is: 
bins_D1: []
bins_H4: []
bins_m1: []
2018-07-20 14:43:49,866 INFO 
The datarepo is: 
bins_D1: []
bins_H4: []
bins_m1: []
2018-07-20 14:43:49,868 INFO 
The datarepo is: 
bins_D1: []
bins_H4: []
bins_m1: []
2018-07-20 14:43:49,871 INFO 
The datarepo is: 
bins_D1: []
bins_H4: []
bins_m1: []
2018-07-20 14:43:49,872 INFO 
The datarepo is: 
bins_D1: []
bins_H4: []
bins_m1: []
2018-07-20 14:43:49,877 INFO 
The datarepo is: 
bins_D1: []
bins_H4: []
bins_m1: []
2018-07-20 14:43:49,879 INFO 
The datarepo is: 
bins_D1: []
bins_H4: []
bins_m1: []
2018-07-20 14:43:49,881 INFO 
The datarepo is: 
bins_D1: []
bins_H4: []
bins_m1: []
2018-07-20 14:43:49,884 INFO 
The datarepo is: 
bins_D1: []
bins_H4: []
bins_m1: []
2018-07-20 14:43:49,886 INFO 
The datarepo is: 
bins_D1: []
bins_H4: []
bins_m1: []
2018-07-20 14:43:49,889 INFO 
The datarepo is: 
bins_D1: []
bins_H4: []
bins_m1: []
2018-07-20 14:43:49,893 INFO 
The datarepo is: 
bins_D1: []
bins_H4: []
bins_m1: []
2018-07-20 14:43:49,895 INFO 
The datarepo is: 
bins_D1: []
bins_H4: []
bins_m1: []
2018-07-20 14:43:49,898 INFO 
The datarepo is: 
bins_D1: []
bins_H4: []
bins_m1: []
2018-07-20 14:43:49,900 INFO 
The datarepo is: 
bins_D1: []
bins_H4: []
bins_m1: []
2018-07-20 14:43:49,902 INFO 
The datarepo is: 
bins_D1: []
bins_H4: []
bins_m1: []
2018-07-20 14:43:49,904 INFO 
The datarepo is: 
bins_D1: []
bins_H4: []
bins_m1: []
2018-07-20 14:43:49,907 INFO 
The datarepo is: 
bins_D1: []
bins_H4: []
bins_m1: []
2018-07-20 14:43:49,911 INFO 
The datarepo is: 
bins_D1: []
bins_H4: []
bins_m1: []
2018-07-20 14:43:49,913 INFO 
The datarepo is: 
bins_D1: []
bins_H4: []
bins_m1: []
2018-07-20 14:43:49,916 INFO 
The datarepo is: 
bins_D1: []
bins_H4: []
bins_m1: []
2018-07-20 14:43:49,919 INFO 
The datarepo is: 
bins_D1: []
bins_H4: []
bins_m1: []
2018-07-20 14:43:49,922 INFO 
The datarepo is: 
bins_D1: []
bins_H4: []
bins_m1: []
2018-07-20 14:43:49,927 INFO 
The datarepo is: 
bins_D1: []
bins_H4: []
bins_m1: []
2018-07-20 14:43:49,930 INFO 
The datarepo is: 
bins_D1: []
bins_H4: []
bins_m1: []
2018-07-20 14:43:49,933 INFO 
The datarepo is: 
bins_D1: []
bins_H4: []
bins_m1: []
2018-07-20 14:43:49,936 INFO 
The datarepo is: 
bins_D1: []
bins_H4: []
bins_m1: []
2018-07-20 14:43:49,938 INFO 
The datarepo is: 
bins_D1: []
bins_H4: []
bins_m1: []
2018-07-20 14:43:49,941 INFO 
The datarepo is: 
bins_D1: []
bins_H4: []
bins_m1: []
2018-07-20 14:43:49,944 INFO 
The datarepo is: 
bins_D1: []
bins_H4: []
bins_m1: []
2018-07-20 14:43:49,947 INFO 
The datarepo is: 
bins_D1: []
bins_H4: []
bins_m1: []
2018-07-20 14:43:49,949 INFO 
The datarepo is: 
bins_D1: []
bins_H4: []
bins_m1: []
2018-07-20 14:43:49,952 INFO 
The datarepo is: 
bins_D1: []
bins_H4: []
bins_m1: []
2018-07-20 14:43:49,954 INFO 
The datarepo is: 
bins_D1: []
bins_H4: []
bins_m1: []
2018-07-20 14:43:49,957 INFO 
The datarepo is: 
bins_D1: []
bins_H4: []
bins_m1: []
2018-07-20 14:43:49,961 INFO 
The datarepo is: 
bins_D1: []
bins_H4: []
bins_m1: []
2018-07-20 14:43:49,964 INFO 
The datarepo is: 
bins_D1: []
bins_H4: []
bins_m1: []
2018-07-20 14:43:49,966 INFO 
The datarepo is: 
bins_D1: []
bins_H4: []
bins_m1: []
2018-07-20 14:43:49,968 INFO 
The datarepo is: 
bins_D1: []
bins_H4: []
bins_m1: []
2018-07-20 14:43:49,970 INFO 
The datarepo is: 
bins_D1: []
bins_H4: []
bins_m1: []
2018-07-20 14:43:49,972 INFO 
The datarepo is: 
bins_D1: []
bins_H4: []
bins_m1: []
2018-07-20 14:43:49,977 INFO 
The datarepo is: 
bins_D1: []
bins_H4: []
bins_m1: []
2018-07-20 14:43:49,979 INFO 
The datarepo is: 
bins_D1: []
bins_H4: []
bins_m1: []
2018-07-20 14:43:49,982 INFO 
The datarepo is: 
bins_D1: []
bins_H4: []
bins_m1: []
2018-07-20 14:43:49,985 INFO 
The datarepo is: 
bins_D1: []
bins_H4: []
bins_m1: []
2018-07-20 14:43:49,987 INFO 
The datarepo is: 
bins_D1: []
bins_H4: []
bins_m1: []
2018-07-20 14:43:49,989 INFO 
The datarepo is: 
bins_D1: []
bins_H4: []
bins_m1: []
2018-07-20 14:43:49,994 INFO 
The datarepo is: 
bins_D1: []
bins_H4: []
bins_m1: []
2018-07-20 14:43:49,996 INFO 
The datarepo is: 
bins_D1: []
bins_H4: []
bins_m1: []
2018-07-20 14:43:49,998 INFO 
The datarepo is: 
bins_D1: []
bins_H4: []
bins_m1: []
2018-07-20 14:43:50,000 INFO 
The datarepo is: 
bins_D1: []
bins_H4: []
bins_m1: []
2018-07-20 14:43:50,002 INFO 
The datarepo is: 
bins_D1: []
bins_H4: []
bins_m1: []
2018-07-20 14:43:50,005 INFO 
The datarepo is: 
bins_D1: []
bins_H4: []
bins_m1: []
2018-07-20 14:43:50,007 INFO 
The datarepo is: 
bins_D1: []
bins_H4: []
bins_m1: []
2018-07-20 14:43:50,010 INFO 
The datarepo is: 
bins_D1: []
bins_H4: []
bins_m1: []
2018-07-20 14:43:50,013 INFO 
The datarepo is: 
bins_D1: []
bins_H4: []
bins_m1: []
2018-07-20 14:43:50,015 INFO 
The datarepo is: 
bins_D1: []
bins_H4: []
bins_m1: []
2018-07-20 14:43:50,019 INFO 
The datarepo is: 
bins_D1: []
bins_H4: []
bins_m1: []
2018-07-20 14:43:50,021 INFO 
The datarepo is: 
bins_D1: []
bins_H4: []
bins_m1: []
2018-07-20 14:43:50,023 INFO 
The datarepo is: 
bins_D1: []
bins_H4: []
bins_m1: []
2018-07-20 14:43:50,027 INFO 
The datarepo is: 
bins_D1: []
bins_H4: []
bins_m1: []
2018-07-20 14:43:50,030 INFO 
The datarepo is: 
bins_D1: []
bins_H4: []
bins_m1: []
2018-07-20 14:43:50,032 INFO 
The datarepo is: 
bins_D1: []
bins_H4: []
bins_m1: []
2018-07-20 14:43:50,034 INFO 
The datarepo is: 
bins_D1: []
bins_H4: []
bins_m1: []
2018-07-20 14:43:50,036 INFO 
The datarepo is: 
bins_D1: []
bins_H4: []
bins_m1: []
2018-07-20 14:43:50,039 INFO 
The datarepo is: 
bins_D1: []
bins_H4: []
bins_m1: []
2018-07-20 14:43:50,042 INFO 
The datarepo is: 
bins_D1: []
bins_H4: []
bins_m1: []
2018-07-20 14:43:50,045 INFO 
The datarepo is: 
bins_D1: []
bins_H4: []
bins_m1: []
2018-07-20 14:43:50,047 INFO 
The datarepo is: 
bins_D1: []
bins_H4: []
bins_m1: []
2018-07-20 14:43:50,050 INFO 
The datarepo is: 
bins_D1: []
bins_H4: []
bins_m1: []
2018-07-20 14:43:50,052 INFO 
The datarepo is: 
bins_D1: []
bins_H4: []
bins_m1: []
2018-07-20 14:43:50,056 INFO 
The datarepo is: 
bins_D1: []
bins_H4: []
bins_m1: []
2018-07-20 14:43:50,059 INFO 
The datarepo is: 
bins_D1: []
bins_H4: []
bins_m1: []
2018-07-20 14:43:50,063 INFO 
The datarepo is: 
bins_D1: []
bins_H4: []
bins_m1: []
2018-07-20 14:43:50,065 INFO 
The datarepo is: 
bins_D1: []
bins_H4: []
bins_m1: []
2018-07-20 14:43:50,067 INFO 
The datarepo is: 
bins_D1: []
bins_H4: []
bins_m1: []
2018-07-20 14:43:50,070 INFO 
The datarepo is: 
bins_D1: []
bins_H4: []
bins_m1: []
2018-07-20 14:43:50,072 INFO 
The datarepo is: 
bins_D1: []
bins_H4: []
bins_m1: []
2018-07-20 14:43:50,074 INFO 
The datarepo is: 
bins_D1: []
bins_H4: []
bins_m1: []
2018-07-20 14:43:50,078 INFO 
The datarepo is: 
bins_D1: []
bins_H4: []
bins_m1: []
2018-07-20 14:43:50,080 INFO 
The datarepo is: 
bins_D1: []
bins_H4: []
bins_m1: []
2018-07-20 14:43:50,082 INFO 
The datarepo is: 
bins_D1: []
bins_H4: []
bins_m1: []
2018-07-20 14:43:50,084 INFO 
The datarepo is: 
bins_D1: []
bins_H4: []
bins_m1: []
2018-07-20 14:43:50,086 INFO 
The datarepo is: 
bins_D1: []
bins_H4: []
bins_m1: []
2018-07-20 14:43:50,089 INFO 
The datarepo is: 
bins_D1: []
bins_H4: []
bins_m1: []
2018-07-20 14:43:50,093 INFO 
The datarepo is: 
bins_D1: []
bins_H4: []
bins_m1: []
2018-07-20 14:43:50,096 INFO 
The datarepo is: 
bins_D1: []
bins_H4: []
bins_m1: []
2018-07-20 14:43:50,100 INFO 
The datarepo is: 
bins_D1: []
bins_H4: []
bins_m1: []
2018-07-20 14:43:50,103 INFO 
The datarepo is: 
bins_D1: []
bins_H4: []
bins_m1: []
2018-07-20 14:43:50,106 INFO 
The datarepo is: 
bins_D1: []
bins_H4: []
bins_m1: []
2018-07-20 14:43:50,111 INFO 
The datarepo is: 
bins_D1: []
bins_H4: []
bins_m1: []
2018-07-20 14:43:50,114 INFO 
The datarepo is: 
bins_D1: []
bins_H4: []
bins_m1: []
2018-07-20 14:43:50,116 INFO 
The datarepo is: 
bins_D1: []
bins_H4: []
bins_m1: []
2018-07-20 14:43:50,119 INFO 
The datarepo is: 
bins_D1: []
bins_H4: []
bins_m1: []
2018-07-20 14:43:50,121 INFO 
The datarepo is: 
bins_D1: []
bins_H4: []
bins_m1: []
2018-07-20 14:43:50,125 INFO 
The datarepo is: 
bins_D1: []
bins_H4: []
bins_m1: []
