2018-07-21 22:17:19,072 INFO <function database_to_datarepo at 0x0891FC00>: 0.4011 seconds.
2018-07-21 22:17:19,597 INFO <function database_to_datarepo at 0x0891FC00>: 0.5235 seconds.
2018-07-21 22:17:20,135 INFO <function database_to_datarepo at 0x0891FC00>: 0.5373 seconds.
2018-07-21 22:17:20,609 INFO <function database_to_datarepo at 0x0891FC00>: 0.4737 seconds.
2018-07-21 22:17:21,140 INFO <function database_to_datarepo at 0x0891FC00>: 0.5305 seconds.
2018-07-21 22:17:21,555 INFO <function database_to_datarepo at 0x0891FC00>: 0.4142 seconds.
2018-07-21 22:17:22,096 INFO <function database_to_datarepo at 0x0891FC00>: 0.5396 seconds.
2018-07-21 22:17:22,541 INFO <function database_to_datarepo at 0x0891FC00>: 0.4386 seconds.
2018-07-21 22:17:23,080 INFO <function database_to_datarepo at 0x0891FC00>: 0.538 seconds.
2018-07-21 22:17:23,603 INFO <function database_to_datarepo at 0x0891FC00>: 0.5224 seconds.
2018-07-21 22:17:24,086 INFO <function database_to_datarepo at 0x0891FC00>: 0.4828 seconds.
2018-07-21 22:17:24,659 INFO <function database_to_datarepo at 0x0891FC00>: 0.5716 seconds.
2018-07-21 22:17:24,659 INFO 0.013<=R2<=0.019 is False, low_price<open_price-R*0.12 is True
2018-07-21 22:17:24,659 INFO low_price is 0.919895, open_price-R*0.12 is 0.9209012
2018-07-21 22:17:24,660 INFO 0.013<=R2<=0.019 is False, low_price<open_price-R*0.12 is False
2018-07-21 22:17:24,660 INFO low_price is 0.91826, open_price-R*0.12 is 0.9173842
2018-07-21 22:17:24,660 INFO 0.013<=R2<=0.019 is False, low_price<open_price-R*0.12 is False
2018-07-21 22:17:24,660 INFO low_price is 0.91595, open_price-R*0.12 is 0.9148892
2018-07-21 22:17:24,661 INFO 0.013<=R2<=0.019 is False, low_price<open_price-R*0.12 is False
2018-07-21 22:17:24,661 INFO low_price is 0.9161699999999999, open_price-R*0.12 is 0.9146142
2018-07-21 22:17:24,661 INFO 0.013<=R2<=0.019 is False, low_price<open_price-R*0.12 is False
2018-07-21 22:17:24,661 INFO low_price is 0.916355, open_price-R*0.12 is 0.9144492
2018-07-21 22:17:24,661 INFO 0.013<=R2<=0.019 is True, low_price<open_price-R*0.12 is False
2018-07-21 22:17:24,662 INFO low_price is 0.91635, open_price-R*0.12 is 0.9145492000000001
2018-07-21 22:17:24,662 INFO 0.013<=R2<=0.019 is True, low_price<open_price-R*0.12 is True
2018-07-21 22:17:24,662 INFO low_price is 0.912345, open_price-R*0.12 is 0.9128646
2018-07-21 22:17:24,662 INFO 0.013<=R2<=0.019 is True, low_price<open_price-R*0.12 is False
2018-07-21 22:17:24,662 INFO low_price is 0.91269, open_price-R*0.12 is 0.9109146
2018-07-21 22:17:24,662 INFO 0.013<=R2<=0.019 is True, low_price<open_price-R*0.12 is False
2018-07-21 22:17:24,663 INFO low_price is 0.9133549999999999, open_price-R*0.12 is 0.9126146
2018-07-21 22:17:24,663 INFO 0.013<=R2<=0.019 is True, low_price<open_price-R*0.12 is True
2018-07-21 22:17:24,663 INFO low_price is 0.91724, open_price-R*0.12 is 0.9178212
2018-07-21 22:17:24,663 INFO 0.013<=R2<=0.019 is True, low_price<open_price-R*0.12 is False
2018-07-21 22:17:24,663 INFO low_price is 0.9230849999999999, open_price-R*0.12 is 0.9213712
2018-07-21 22:17:24,663 INFO 0.013<=R2<=0.019 is True, low_price<open_price-R*0.12 is False
2018-07-21 22:17:24,664 INFO low_price is 0.929695, open_price-R*0.12 is 0.9287211999999999
2018-07-21 22:17:24,664 INFO 0.013<=R2<=0.019 is True, low_price<open_price-R*0.12 is False
2018-07-21 22:17:24,664 INFO low_price is 0.92902, open_price-R*0.12 is 0.9276162
2018-07-21 22:17:24,664 INFO 0.013<=R2<=0.019 is False, low_price<open_price-R*0.12 is False
2018-07-21 22:17:24,664 INFO low_price is 0.930845, open_price-R*0.12 is 0.9290579999999999
2018-07-21 22:17:24,665 INFO 0.013<=R2<=0.019 is False, low_price<open_price-R*0.12 is False
2018-07-21 22:17:24,665 INFO low_price is 0.928445, open_price-R*0.12 is 0.9271429999999999
2018-07-21 22:17:24,665 INFO 0.013<=R2<=0.019 is False, low_price<open_price-R*0.12 is False
2018-07-21 22:17:24,665 INFO low_price is 0.928545, open_price-R*0.12 is 0.9262104
2018-07-21 22:17:24,665 INFO 0.013<=R2<=0.019 is False, low_price<open_price-R*0.12 is False
2018-07-21 22:17:24,666 INFO low_price is 0.927095, open_price-R*0.12 is 0.9268704
2018-07-21 22:17:24,666 INFO 0.013<=R2<=0.019 is False, low_price<open_price-R*0.12 is True
2018-07-21 22:17:24,666 INFO low_price is 0.923585, open_price-R*0.12 is 0.9237704
2018-07-21 22:17:24,666 INFO 0.013<=R2<=0.019 is False, low_price<open_price-R*0.12 is False
2018-07-21 22:17:24,666 INFO low_price is 0.926245, open_price-R*0.12 is 0.9247704
2018-07-21 22:17:24,666 INFO 0.013<=R2<=0.019 is False, low_price<open_price-R*0.12 is True
2018-07-21 22:17:24,667 INFO low_price is 0.92061, open_price-R*0.12 is 0.9207704
2018-07-21 22:17:24,667 INFO 0.013<=R2<=0.019 is False, low_price<open_price-R*0.12 is False
2018-07-21 22:17:24,667 INFO low_price is 0.921645, open_price-R*0.12 is 0.9199718
2018-07-21 22:17:24,667 INFO 0.013<=R2<=0.019 is False, low_price<open_price-R*0.12 is True
2018-07-21 22:17:24,667 INFO low_price is 0.917095, open_price-R*0.12 is 0.9176766000000001
2018-07-21 22:17:24,667 INFO 0.013<=R2<=0.019 is False, low_price<open_price-R*0.12 is False
2018-07-21 22:17:24,668 INFO low_price is 0.9192499999999999, open_price-R*0.12 is 0.9177378
2018-07-21 22:17:24,668 INFO 0.013<=R2<=0.019 is False, low_price<open_price-R*0.12 is True
2018-07-21 22:17:24,668 INFO low_price is 0.918945, open_price-R*0.12 is 0.9192303999999999
2018-07-21 22:17:24,668 INFO 0.013<=R2<=0.019 is False, low_price<open_price-R*0.12 is False
2018-07-21 22:17:24,668 INFO low_price is 0.921945, open_price-R*0.12 is 0.9208904
2018-07-21 22:17:24,668 INFO 0.013<=R2<=0.019 is False, low_price<open_price-R*0.12 is False
2018-07-21 22:17:24,669 INFO low_price is 0.922855, open_price-R*0.12 is 0.9216304
2018-07-21 22:17:24,669 INFO 0.013<=R2<=0.019 is False, low_price<open_price-R*0.12 is True
2018-07-21 22:17:24,669 INFO low_price is 0.919895, open_price-R*0.12 is 0.9208904
2018-07-21 22:17:24,669 INFO 0.013<=R2<=0.019 is False, low_price<open_price-R*0.12 is False
2018-07-21 22:17:24,669 INFO low_price is 0.9214899999999999, open_price-R*0.12 is 0.9205036
2018-07-21 22:17:24,669 INFO 0.013<=R2<=0.019 is True, low_price<open_price-R*0.12 is True
2018-07-21 22:17:24,670 INFO low_price is 0.9212899999999999, open_price-R*0.12 is 0.9214046
2018-07-21 22:17:24,670 INFO 0.013<=R2<=0.019 is True, low_price<open_price-R*0.12 is False
2018-07-21 22:17:24,670 INFO low_price is 0.927335, open_price-R*0.12 is 0.9266546
2018-07-21 22:17:24,670 INFO 0.013<=R2<=0.019 is True, low_price<open_price-R*0.12 is False
2018-07-21 22:17:24,670 INFO low_price is 0.928545, open_price-R*0.12 is 0.9277989999999999
2018-07-21 22:17:24,671 INFO 0.013<=R2<=0.019 is True, low_price<open_price-R*0.12 is False
2018-07-21 22:17:24,672 INFO low_price is 0.928245, open_price-R*0.12 is 0.9275522
2018-07-21 22:17:24,672 INFO 0.013<=R2<=0.019 is True, low_price<open_price-R*0.12 is False
2018-07-21 22:17:24,672 INFO low_price is 0.928245, open_price-R*0.12 is 0.9263328
2018-07-21 22:17:24,672 INFO 0.013<=R2<=0.019 is True, low_price<open_price-R*0.12 is False
2018-07-21 22:17:24,672 INFO low_price is 0.9301349999999999, open_price-R*0.12 is 0.9285327999999999
2018-07-21 22:17:24,673 INFO 0.013<=R2<=0.019 is True, low_price<open_price-R*0.12 is True
2018-07-21 22:17:24,673 INFO low_price is 0.92912, open_price-R*0.12 is 0.9292828
2018-07-21 22:17:24,673 INFO 0.013<=R2<=0.019 is True, low_price<open_price-R*0.12 is False
2018-07-21 22:17:24,673 INFO low_price is 0.925495, open_price-R*0.12 is 0.9250448000000001
2018-07-21 22:17:24,673 INFO 0.013<=R2<=0.019 is True, low_price<open_price-R*0.12 is True
2018-07-21 22:17:24,673 INFO low_price is 0.9236500000000001, open_price-R*0.12 is 0.9238948
2018-07-21 22:17:24,674 INFO 0.013<=R2<=0.019 is True, low_price<open_price-R*0.12 is False
2018-07-21 22:17:24,674 INFO low_price is 0.92337, open_price-R*0.12 is 0.9228187999999999
2018-07-21 22:17:24,674 INFO 0.013<=R2<=0.019 is True, low_price<open_price-R*0.12 is False
2018-07-21 22:17:24,674 INFO low_price is 0.922145, open_price-R*0.12 is 0.9221288
2018-07-21 22:17:24,674 INFO 0.013<=R2<=0.019 is True, low_price<open_price-R*0.12 is False
2018-07-21 22:17:24,675 INFO low_price is 0.921535, open_price-R*0.12 is 0.9205138
2018-07-21 22:17:24,675 INFO 0.013<=R2<=0.019 is True, low_price<open_price-R*0.12 is False
2018-07-21 22:17:24,675 INFO low_price is 0.923495, open_price-R*0.12 is 0.9221362
2018-07-21 22:17:24,675 INFO 0.013<=R2<=0.019 is True, low_price<open_price-R*0.12 is False
2018-07-21 22:17:24,675 INFO low_price is 0.91747, open_price-R*0.12 is 0.9169262
2018-07-21 22:17:24,675 INFO 0.013<=R2<=0.019 is True, low_price<open_price-R*0.12 is False
2018-07-21 22:17:24,676 INFO low_price is 0.918795, open_price-R*0.12 is 0.9174156
2018-07-21 22:17:24,676 INFO 0.013<=R2<=0.019 is True, low_price<open_price-R*0.12 is False
2018-07-21 22:17:24,676 INFO low_price is 0.922445, open_price-R*0.12 is 0.9208778000000001
2018-07-21 22:17:24,676 INFO 0.013<=R2<=0.019 is True, low_price<open_price-R*0.12 is False
2018-07-21 22:17:24,676 INFO low_price is 0.925145, open_price-R*0.12 is 0.923948
2018-07-21 22:17:24,677 INFO 0.013<=R2<=0.019 is True, low_price<open_price-R*0.12 is False
2018-07-21 22:17:24,677 INFO low_price is 0.926375, open_price-R*0.12 is 0.924803
2018-07-21 22:17:24,677 INFO 0.013<=R2<=0.019 is True, low_price<open_price-R*0.12 is False
2018-07-21 22:17:24,677 INFO low_price is 0.92517, open_price-R*0.12 is 0.9248067999999999
2018-07-21 22:17:24,677 INFO 0.013<=R2<=0.019 is True, low_price<open_price-R*0.12 is False
2018-07-21 22:17:24,678 INFO low_price is 0.9243699999999999, open_price-R*0.12 is 0.9236968
2018-07-21 22:17:24,678 INFO 0.013<=R2<=0.019 is True, low_price<open_price-R*0.12 is False
2018-07-21 22:17:24,678 INFO low_price is 0.922595, open_price-R*0.12 is 0.9222352
2018-07-21 22:17:24,678 INFO 0.013<=R2<=0.019 is True, low_price<open_price-R*0.12 is True
2018-07-21 22:17:24,679 INFO low_price is 0.920645, open_price-R*0.12 is 0.9212485999999999
2018-07-21 22:17:24,679 INFO 0.013<=R2<=0.019 is True, low_price<open_price-R*0.12 is False
2018-07-21 22:17:24,679 INFO low_price is 0.91756, open_price-R*0.12 is 0.9172256
2018-07-21 22:17:24,679 INFO 0.013<=R2<=0.019 is True, low_price<open_price-R*0.12 is False
2018-07-21 22:17:24,680 INFO low_price is 0.920845, open_price-R*0.12 is 0.9197356
2018-07-21 22:17:24,680 INFO 0.013<=R2<=0.019 is True, low_price<open_price-R*0.12 is True
2018-07-21 22:17:24,680 INFO low_price is 0.922655, open_price-R*0.12 is 0.9228356
2018-07-21 22:17:24,680 INFO 0.013<=R2<=0.019 is True, low_price<open_price-R*0.12 is True
2018-07-21 22:17:24,680 INFO low_price is 0.9203950000000001, open_price-R*0.12 is 0.9214306
2018-07-21 22:17:24,681 INFO 0.013<=R2<=0.019 is False, low_price<open_price-R*0.12 is False
2018-07-21 22:17:24,681 INFO low_price is 0.9099999999999999, open_price-R*0.12 is 0.9091855999999999
2018-07-21 22:17:24,681 INFO 0.013<=R2<=0.019 is False, low_price<open_price-R*0.12 is True
2018-07-21 22:17:24,681 INFO low_price is 0.910395, open_price-R*0.12 is 0.9110964
2018-07-21 22:17:24,682 INFO 0.013<=R2<=0.019 is True, low_price<open_price-R*0.12 is False
2018-07-21 22:17:24,682 INFO low_price is 0.905545, open_price-R*0.12 is 0.9043392
2018-07-21 22:17:24,682 INFO 0.013<=R2<=0.019 is True, low_price<open_price-R*0.12 is True
2018-07-21 22:17:24,682 INFO low_price is 0.904155, open_price-R*0.12 is 0.9072942
2018-07-21 22:17:24,683 INFO 0.013<=R2<=0.019 is False, low_price<open_price-R*0.12 is True
2018-07-21 22:17:24,683 INFO low_price is 0.901765, open_price-R*0.12 is 0.9018756
2018-07-21 22:17:24,683 INFO 0.013<=R2<=0.019 is False, low_price<open_price-R*0.12 is False
2018-07-21 22:17:24,683 INFO low_price is 0.899315, open_price-R*0.12 is 0.8972576
2018-07-21 22:17:24,683 INFO 0.013<=R2<=0.019 is False, low_price<open_price-R*0.12 is True
2018-07-21 22:17:24,683 INFO low_price is 0.8982950000000001, open_price-R*0.12 is 0.8984008000000001
2018-07-21 22:17:24,684 INFO 0.013<=R2<=0.019 is False, low_price<open_price-R*0.12 is False
2018-07-21 22:17:24,684 INFO low_price is 0.902095, open_price-R*0.12 is 0.8994616
2018-07-21 22:17:24,684 INFO 0.013<=R2<=0.019 is False, low_price<open_price-R*0.12 is True
2018-07-21 22:17:24,684 INFO low_price is 0.901345, open_price-R*0.12 is 0.9027992
2018-07-21 22:17:24,684 INFO 0.013<=R2<=0.019 is False, low_price<open_price-R*0.12 is False
2018-07-21 22:17:24,685 INFO low_price is 0.901045, open_price-R*0.12 is 0.8989098
2018-07-21 22:17:24,685 INFO 0.013<=R2<=0.019 is False, low_price<open_price-R*0.12 is False
2018-07-21 22:17:24,685 INFO low_price is 0.903045, open_price-R*0.12 is 0.9006298
2018-07-21 22:17:24,685 INFO 0.013<=R2<=0.019 is False, low_price<open_price-R*0.12 is False
2018-07-21 22:17:24,685 INFO low_price is 0.9016949999999999, open_price-R*0.12 is 0.8985297999999999
2018-07-21 22:17:24,686 INFO 0.013<=R2<=0.019 is False, low_price<open_price-R*0.12 is False
2018-07-21 22:17:24,686 INFO low_price is 0.901995, open_price-R*0.12 is 0.8990182000000001
2018-07-21 22:17:24,686 INFO 0.013<=R2<=0.019 is False, low_price<open_price-R*0.12 is False
2018-07-21 22:17:24,686 INFO low_price is 0.904845, open_price-R*0.12 is 0.9036342
2018-07-21 22:17:24,687 INFO 0.013<=R2<=0.019 is False, low_price<open_price-R*0.12 is True
2018-07-21 22:17:24,687 INFO low_price is 0.90335, open_price-R*0.12 is 0.9037842
2018-07-21 22:17:24,687 INFO 0.013<=R2<=0.019 is False, low_price<open_price-R*0.12 is False
2018-07-21 22:17:24,687 INFO low_price is 0.903545, open_price-R*0.12 is 0.9020762
2018-07-21 22:17:24,688 INFO 0.013<=R2<=0.019 is False, low_price<open_price-R*0.12 is False
2018-07-21 22:17:24,688 INFO low_price is 0.902045, open_price-R*0.12 is 0.9010162
2018-07-21 22:17:24,689 INFO 0.013<=R2<=0.019 is False, low_price<open_price-R*0.12 is False
2018-07-21 22:17:24,690 INFO low_price is 0.903185, open_price-R*0.12 is 0.9018695999999999
2018-07-21 22:17:24,690 INFO 0.013<=R2<=0.019 is False, low_price<open_price-R*0.12 is False
2018-07-21 22:17:24,691 INFO low_price is 0.903145, open_price-R*0.12 is 0.9028195999999999
2018-07-21 22:17:24,691 INFO 0.013<=R2<=0.019 is True, low_price<open_price-R*0.12 is True
2018-07-21 22:17:24,692 INFO low_price is 0.895445, open_price-R*0.12 is 0.8968246
2018-07-21 22:17:24,693 INFO 0.013<=R2<=0.019 is True, low_price<open_price-R*0.12 is True
2018-07-21 22:17:24,694 INFO low_price is 0.89456, open_price-R*0.12 is 0.8952996
2018-07-21 22:17:24,694 INFO 0.013<=R2<=0.019 is True, low_price<open_price-R*0.12 is True
2018-07-21 22:17:24,696 INFO low_price is 0.89378, open_price-R*0.12 is 0.8944276
2018-07-21 22:17:24,696 INFO 0.013<=R2<=0.019 is False, low_price<open_price-R*0.12 is False
2018-07-21 22:17:24,696 INFO low_price is 0.895195, open_price-R*0.12 is 0.8935213999999999
2018-07-21 22:17:24,697 INFO 0.013<=R2<=0.019 is True, low_price<open_price-R*0.12 is False
2018-07-21 22:17:24,697 INFO low_price is 0.89812, open_price-R*0.12 is 0.8965178
2018-07-21 22:17:24,698 INFO 0.013<=R2<=0.019 is True, low_price<open_price-R*0.12 is False
2018-07-21 22:17:24,698 INFO low_price is 0.898515, open_price-R*0.12 is 0.8976778000000001
2018-07-21 22:17:24,699 INFO 0.013<=R2<=0.019 is True, low_price<open_price-R*0.12 is False
2018-07-21 22:17:24,699 INFO low_price is 0.89931, open_price-R*0.12 is 0.8989278
2018-07-21 22:17:24,699 INFO 0.013<=R2<=0.019 is True, low_price<open_price-R*0.12 is False
2018-07-21 22:17:24,699 INFO low_price is 0.894745, open_price-R*0.12 is 0.8944128
2018-07-21 22:17:24,700 INFO 0.013<=R2<=0.019 is True, low_price<open_price-R*0.12 is False
2018-07-21 22:17:24,700 INFO low_price is 0.895975, open_price-R*0.12 is 0.8949628000000001
2018-07-21 22:17:24,700 INFO 0.013<=R2<=0.019 is True, low_price<open_price-R*0.12 is True
2018-07-21 22:17:24,700 INFO low_price is 0.89331, open_price-R*0.12 is 0.8936978
2018-07-21 22:17:24,701 INFO 0.013<=R2<=0.019 is True, low_price<open_price-R*0.12 is True
2018-07-21 22:17:24,701 INFO low_price is 0.891045, open_price-R*0.12 is 0.8922952000000001
2018-07-21 22:17:24,701 INFO 0.013<=R2<=0.019 is True, low_price<open_price-R*0.12 is True
2018-07-21 22:17:24,702 INFO low_price is 0.8929199999999999, open_price-R*0.12 is 0.8931288000000001
2018-07-21 22:17:24,702 INFO 0.013<=R2<=0.019 is True, low_price<open_price-R*0.12 is False
2018-07-21 22:17:24,702 INFO low_price is 0.897205, open_price-R*0.12 is 0.896007
2018-07-21 22:17:24,703 INFO 0.013<=R2<=0.019 is True, low_price<open_price-R*0.12 is False
2018-07-21 22:17:24,703 INFO low_price is 0.900345, open_price-R*0.12 is 0.8996702
2018-07-21 22:17:24,703 INFO 0.013<=R2<=0.019 is True, low_price<open_price-R*0.12 is True
2018-07-21 22:17:24,703 INFO low_price is 0.8987149999999999, open_price-R*0.12 is 0.8996152000000001
2018-07-21 22:17:24,704 INFO 0.013<=R2<=0.019 is True, low_price<open_price-R*0.12 is True
2018-07-21 22:17:24,704 INFO low_price is 0.89347, open_price-R*0.12 is 0.8935388
2018-07-21 22:17:24,704 INFO 0.013<=R2<=0.019 is True, low_price<open_price-R*0.12 is False
2018-07-21 22:17:24,704 INFO low_price is 0.893205, open_price-R*0.12 is 0.8925938
2018-07-21 22:17:24,704 INFO 0.013<=R2<=0.019 is True, low_price<open_price-R*0.12 is True
2018-07-21 22:17:24,704 INFO low_price is 0.888555, open_price-R*0.12 is 0.8891438
2018-07-21 22:17:24,705 INFO 0.013<=R2<=0.019 is True, low_price<open_price-R*0.12 is False
2018-07-21 22:17:24,705 INFO low_price is 0.888995, open_price-R*0.12 is 0.8879838
2018-07-21 22:17:24,705 INFO 0.013<=R2<=0.019 is True, low_price<open_price-R*0.12 is False
2018-07-21 22:17:24,705 INFO low_price is 0.891135, open_price-R*0.12 is 0.889765
2018-07-21 22:17:24,705 INFO 0.013<=R2<=0.019 is True, low_price<open_price-R*0.12 is True
2018-07-21 22:17:24,706 INFO low_price is 0.8898699999999999, open_price-R*0.12 is 0.8909699999999999
2018-07-21 22:17:24,706 INFO 0.013<=R2<=0.019 is True, low_price<open_price-R*0.12 is False
2018-07-21 22:17:24,706 INFO low_price is 0.88628, open_price-R*0.12 is 0.8852949999999999
2018-07-21 22:17:24,706 INFO 0.013<=R2<=0.019 is True, low_price<open_price-R*0.12 is False
2018-07-21 22:17:24,706 INFO low_price is 0.88415, open_price-R*0.12 is 0.88275
2018-07-21 22:17:24,707 INFO 0.013<=R2<=0.019 is True, low_price<open_price-R*0.12 is True
2018-07-21 22:17:24,707 INFO low_price is 0.8800349999999999, open_price-R*0.12 is 0.880892
2018-07-21 22:17:24,707 INFO 0.013<=R2<=0.019 is False, low_price<open_price-R*0.12 is False
2018-07-21 22:17:24,707 INFO low_price is 0.881095, open_price-R*0.12 is 0.8795164
2018-07-21 22:17:24,708 INFO 0.013<=R2<=0.019 is False, low_price<open_price-R*0.12 is False
2018-07-21 22:17:24,709 INFO low_price is 0.88136, open_price-R*0.12 is 0.8794676
2018-07-21 22:17:24,710 INFO 0.013<=R2<=0.019 is False, low_price<open_price-R*0.12 is False
2018-07-21 22:17:24,710 INFO low_price is 0.8788499999999999, open_price-R*0.12 is 0.8759826
2018-07-21 22:17:24,711 INFO 0.013<=R2<=0.019 is False, low_price<open_price-R*0.12 is False
2018-07-21 22:17:24,712 INFO low_price is 0.882395, open_price-R*0.12 is 0.8800924
2018-07-21 22:17:24,712 INFO 0.013<=R2<=0.019 is False, low_price<open_price-R*0.12 is False
2018-07-21 22:17:24,712 INFO low_price is 0.888845, open_price-R*0.12 is 0.8870136000000001
2018-07-21 22:17:24,713 INFO 0.013<=R2<=0.019 is False, low_price<open_price-R*0.12 is False
2018-07-21 22:17:24,713 INFO low_price is 0.889945, open_price-R*0.12 is 0.8892334000000001
2018-07-21 22:17:24,713 INFO 0.013<=R2<=0.019 is False, low_price<open_price-R*0.12 is True
2018-07-21 22:17:24,713 INFO low_price is 0.87815, open_price-R*0.12 is 0.8781595999999999
2018-07-21 22:17:24,714 INFO 0.013<=R2<=0.019 is False, low_price<open_price-R*0.12 is False
2018-07-21 22:17:24,714 INFO low_price is 0.8780600000000001, open_price-R*0.12 is 0.8778795999999999
2018-07-21 22:17:24,714 INFO 0.013<=R2<=0.019 is False, low_price<open_price-R*0.12 is False
2018-07-21 22:17:24,715 INFO low_price is 0.878945, open_price-R*0.12 is 0.8780705999999999
2018-07-21 22:17:24,715 INFO 0.013<=R2<=0.019 is False, low_price<open_price-R*0.12 is False
2018-07-21 22:17:24,715 INFO low_price is 0.8810549999999999, open_price-R*0.12 is 0.8792198
2018-07-21 22:17:24,715 INFO 0.013<=R2<=0.019 is False, low_price<open_price-R*0.12 is False
2018-07-21 22:17:24,715 INFO low_price is 0.884245, open_price-R*0.12 is 0.883142
2018-07-21 22:17:24,716 INFO 0.013<=R2<=0.019 is True, low_price<open_price-R*0.12 is False
2018-07-21 22:17:24,716 INFO low_price is 0.885345, open_price-R*0.12 is 0.8844719999999999
2018-07-21 22:17:24,716 INFO 0.013<=R2<=0.019 is True, low_price<open_price-R*0.12 is True
2018-07-21 22:17:24,716 INFO low_price is 0.88286, open_price-R*0.12 is 0.882887
2018-07-21 22:17:24,717 INFO 0.013<=R2<=0.019 is True, low_price<open_price-R*0.12 is False
2018-07-21 22:17:24,718 INFO low_price is 0.886145, open_price-R*0.12 is 0.885217
2018-07-21 22:17:24,718 INFO 0.013<=R2<=0.019 is True, low_price<open_price-R*0.12 is True
2018-07-21 22:17:24,718 INFO low_price is 0.88381, open_price-R*0.12 is 0.886837
2018-07-21 22:17:24,718 INFO 0.013<=R2<=0.019 is True, low_price<open_price-R*0.12 is False
2018-07-21 22:17:24,719 INFO low_price is 0.881415, open_price-R*0.12 is 0.879922
2018-07-21 22:17:24,719 INFO 0.013<=R2<=0.019 is True, low_price<open_price-R*0.12 is False
2018-07-21 22:17:24,719 INFO low_price is 0.881495, open_price-R*0.12 is 0.880737
2018-07-21 22:17:24,719 INFO 0.013<=R2<=0.019 is True, low_price<open_price-R*0.12 is True
2018-07-21 22:17:24,720 INFO low_price is 0.8773949999999999, open_price-R*0.12 is 0.878137
2018-07-21 22:17:24,720 INFO 0.013<=R2<=0.019 is True, low_price<open_price-R*0.12 is False
2018-07-21 22:17:24,720 INFO low_price is 0.87995, open_price-R*0.12 is 0.8787470000000001
2018-07-21 22:17:24,721 INFO 0.013<=R2<=0.019 is True, low_price<open_price-R*0.12 is False
2018-07-21 22:17:24,721 INFO low_price is 0.878125, open_price-R*0.12 is 0.8767121999999999
2018-07-21 22:17:24,722 INFO 0.013<=R2<=0.019 is True, low_price<open_price-R*0.12 is False
2018-07-21 22:17:24,722 INFO low_price is 0.878295, open_price-R*0.12 is 0.877198
2018-07-21 22:17:24,722 INFO 0.013<=R2<=0.019 is True, low_price<open_price-R*0.12 is True
2018-07-21 22:17:24,722 INFO low_price is 0.86078, open_price-R*0.12 is 0.8627630000000001
2018-07-21 22:17:24,723 INFO 0.013<=R2<=0.019 is True, low_price<open_price-R*0.12 is False
2018-07-21 22:17:24,723 INFO low_price is 0.863545, open_price-R*0.12 is 0.8629479999999999
2018-07-21 22:17:24,723 INFO 0.013<=R2<=0.019 is False, low_price<open_price-R*0.12 is False
2018-07-21 22:17:24,723 INFO low_price is 0.864345, open_price-R*0.12 is 0.8609441999999999
2018-07-21 22:17:24,724 INFO 0.013<=R2<=0.019 is False, low_price<open_price-R*0.12 is False
2018-07-21 22:17:24,724 INFO low_price is 0.865595, open_price-R*0.12 is 0.8628792
2018-07-21 22:17:24,724 INFO 0.013<=R2<=0.019 is False, low_price<open_price-R*0.12 is False
2018-07-21 22:17:24,724 INFO low_price is 0.862545, open_price-R*0.12 is 0.8603992
2018-07-21 22:17:24,725 INFO 0.013<=R2<=0.019 is False, low_price<open_price-R*0.12 is False
2018-07-21 22:17:24,725 INFO low_price is 0.862035, open_price-R*0.12 is 0.8601941999999999
2018-07-21 22:17:24,726 INFO 0.013<=R2<=0.019 is False, low_price<open_price-R*0.12 is False
2018-07-21 22:17:24,726 INFO low_price is 0.8596950000000001, open_price-R*0.12 is 0.858049
2018-07-21 22:17:24,727 INFO 0.013<=R2<=0.019 is False, low_price<open_price-R*0.12 is False
2018-07-21 22:17:24,728 INFO low_price is 0.8578349999999999, open_price-R*0.12 is 0.8549822
2018-07-21 22:17:24,728 INFO 0.013<=R2<=0.019 is False, low_price<open_price-R*0.12 is False
2018-07-21 22:17:24,729 INFO low_price is 0.8651500000000001, open_price-R*0.12 is 0.8628078
2018-07-21 22:17:24,729 INFO 0.013<=R2<=0.019 is False, low_price<open_price-R*0.12 is False
2018-07-21 22:17:24,729 INFO low_price is 0.86425, open_price-R*0.12 is 0.8622318
2018-07-21 22:17:24,729 INFO 0.013<=R2<=0.019 is False, low_price<open_price-R*0.12 is False
2018-07-21 22:17:24,730 INFO low_price is 0.864295, open_price-R*0.12 is 0.8617896
2018-07-21 22:17:24,730 INFO 0.013<=R2<=0.019 is False, low_price<open_price-R*0.12 is False
2018-07-21 22:17:24,730 INFO low_price is 0.865145, open_price-R*0.12 is 0.8638979999999999
2018-07-21 22:17:24,730 INFO 0.013<=R2<=0.019 is False, low_price<open_price-R*0.12 is False
2018-07-21 22:17:24,731 INFO low_price is 0.866475, open_price-R*0.12 is 0.8653068
2018-07-21 22:17:24,731 INFO 0.013<=R2<=0.019 is False, low_price<open_price-R*0.12 is False
2018-07-21 22:17:24,731 INFO low_price is 0.864055, open_price-R*0.12 is 0.8620645999999998
2018-07-21 22:17:24,731 INFO 0.013<=R2<=0.019 is False, low_price<open_price-R*0.12 is True
2018-07-21 22:17:24,732 INFO low_price is 0.8613500000000001, open_price-R*0.12 is 0.8615956
2018-07-21 22:17:24,732 INFO 0.013<=R2<=0.019 is False, low_price<open_price-R*0.12 is True
2018-07-21 22:17:24,732 INFO low_price is 0.87437, open_price-R*0.12 is 0.8748656
2018-07-21 22:17:24,733 INFO 0.013<=R2<=0.019 is False, low_price<open_price-R*0.12 is False
2018-07-21 22:17:24,733 INFO low_price is 0.8736200000000001, open_price-R*0.12 is 0.8732656
2018-07-21 22:17:24,733 INFO 0.013<=R2<=0.019 is False, low_price<open_price-R*0.12 is False
2018-07-21 22:17:24,733 INFO low_price is 0.87486, open_price-R*0.12 is 0.8724065999999999
2018-07-21 22:17:24,734 INFO 0.013<=R2<=0.019 is False, low_price<open_price-R*0.12 is True
2018-07-21 22:17:24,734 INFO low_price is 0.871035, open_price-R*0.12 is 0.8724715999999999
2018-07-21 22:17:24,734 INFO 0.013<=R2<=0.019 is False, low_price<open_price-R*0.12 is False
2018-07-21 22:17:24,734 INFO low_price is 0.870945, open_price-R*0.12 is 0.8699465999999999
2018-07-21 22:17:24,735 INFO 0.013<=R2<=0.019 is False, low_price<open_price-R*0.12 is False
2018-07-21 22:17:24,735 INFO low_price is 0.874695, open_price-R*0.12 is 0.8725966
2018-07-21 22:17:24,735 INFO 0.013<=R2<=0.019 is False, low_price<open_price-R*0.12 is False
2018-07-21 22:17:24,735 INFO low_price is 0.876595, open_price-R*0.12 is 0.8748134
2018-07-21 22:17:24,735 INFO 0.013<=R2<=0.019 is False, low_price<open_price-R*0.12 is False
2018-07-21 22:17:24,736 INFO low_price is 0.88715, open_price-R*0.12 is 0.8853934
2018-07-21 22:17:24,736 INFO 0.013<=R2<=0.019 is False, low_price<open_price-R*0.12 is False
2018-07-21 22:17:24,736 INFO low_price is 0.88622, open_price-R*0.12 is 0.8847198
2018-07-21 22:17:24,736 INFO 0.013<=R2<=0.019 is False, low_price<open_price-R*0.12 is False
2018-07-21 22:17:24,736 INFO low_price is 0.8836200000000001, open_price-R*0.12 is 0.8813574
2018-07-21 22:17:24,737 INFO 0.013<=R2<=0.019 is False, low_price<open_price-R*0.12 is False
2018-07-21 22:17:24,737 INFO low_price is 0.883845, open_price-R*0.12 is 0.880814
2018-07-21 22:17:24,737 INFO 0.013<=R2<=0.019 is False, low_price<open_price-R*0.12 is False
2018-07-21 22:17:24,737 INFO low_price is 0.889545, open_price-R*0.12 is 0.8867940000000001
2018-07-21 22:17:24,737 INFO 0.013<=R2<=0.019 is False, low_price<open_price-R*0.12 is False
2018-07-21 22:17:24,738 INFO low_price is 0.887945, open_price-R*0.12 is 0.8849038
2018-07-21 22:17:24,738 INFO 0.013<=R2<=0.019 is False, low_price<open_price-R*0.12 is False
2018-07-21 22:17:24,738 INFO low_price is 0.888095, open_price-R*0.12 is 0.8863552
2018-07-21 22:17:24,739 INFO 0.013<=R2<=0.019 is False, low_price<open_price-R*0.12 is False
2018-07-21 22:17:24,739 INFO low_price is 0.878665, open_price-R*0.12 is 0.8779202
2018-07-21 22:17:24,739 INFO 0.013<=R2<=0.019 is False, low_price<open_price-R*0.12 is False
2018-07-21 22:17:24,739 INFO low_price is 0.878575, open_price-R*0.12 is 0.8785102
2018-07-21 22:17:24,740 INFO 0.013<=R2<=0.019 is False, low_price<open_price-R*0.12 is False
2018-07-21 22:17:24,740 INFO low_price is 0.88147, open_price-R*0.12 is 0.8791202
2018-07-21 22:17:24,740 INFO 0.013<=R2<=0.019 is False, low_price<open_price-R*0.12 is False
2018-07-21 22:17:24,741 INFO low_price is 0.8855999999999999, open_price-R*0.12 is 0.8844252
2018-07-21 22:17:24,741 INFO 0.013<=R2<=0.019 is False, low_price<open_price-R*0.12 is False
2018-07-21 22:17:24,742 INFO low_price is 0.886345, open_price-R*0.12 is 0.8844702
2018-07-21 22:17:24,743 INFO 0.013<=R2<=0.019 is False, low_price<open_price-R*0.12 is False
2018-07-21 22:17:24,744 INFO low_price is 0.88571, open_price-R*0.12 is 0.8850432
2018-07-21 22:17:24,745 INFO 0.013<=R2<=0.019 is False, low_price<open_price-R*0.12 is True
2018-07-21 22:17:24,745 INFO low_price is 0.88491, open_price-R*0.12 is 0.8850008
2018-07-21 22:17:24,746 INFO 0.013<=R2<=0.019 is False, low_price<open_price-R*0.12 is False
2018-07-21 22:17:24,746 INFO low_price is 0.88815, open_price-R*0.12 is 0.8875608
2018-07-21 22:17:24,746 INFO 0.013<=R2<=0.019 is False, low_price<open_price-R*0.12 is False
2018-07-21 22:17:24,746 INFO low_price is 0.887275, open_price-R*0.12 is 0.8857708
2018-07-21 22:17:24,747 INFO 0.013<=R2<=0.019 is False, low_price<open_price-R*0.12 is False
2018-07-21 22:17:24,747 INFO low_price is 0.8883, open_price-R*0.12 is 0.8872508
2018-07-21 22:17:24,747 INFO 0.013<=R2<=0.019 is True, low_price<open_price-R*0.12 is False
2018-07-21 22:17:24,748 INFO low_price is 0.8877200000000001, open_price-R*0.12 is 0.8869956000000001
2018-07-21 22:17:24,749 INFO 0.013<=R2<=0.019 is True, low_price<open_price-R*0.12 is False
2018-07-21 22:17:24,749 INFO low_price is 0.890045, open_price-R*0.12 is 0.8887518000000001
2018-07-21 22:17:24,749 INFO 0.013<=R2<=0.019 is True, low_price<open_price-R*0.12 is False
2018-07-21 22:17:24,749 INFO low_price is 0.8934200000000001, open_price-R*0.12 is 0.8928018
2018-07-21 22:17:24,750 INFO 0.013<=R2<=0.019 is True, low_price<open_price-R*0.12 is False
2018-07-21 22:17:24,750 INFO low_price is 0.8929549999999999, open_price-R*0.12 is 0.8917826
2018-07-21 22:17:24,750 INFO 0.013<=R2<=0.019 is True, low_price<open_price-R*0.12 is False
2018-07-21 22:17:24,750 INFO low_price is 0.897365, open_price-R*0.12 is 0.8959862
2018-07-21 22:17:24,751 INFO 0.013<=R2<=0.019 is False, low_price<open_price-R*0.12 is False
2018-07-21 22:17:24,751 INFO low_price is 0.900345, open_price-R*0.12 is 0.8988876
2018-07-21 22:17:24,752 INFO 0.013<=R2<=0.019 is False, low_price<open_price-R*0.12 is False
2018-07-21 22:17:24,752 INFO low_price is 0.899845, open_price-R*0.12 is 0.8981781999999999
2018-07-21 22:17:24,752 INFO 0.013<=R2<=0.019 is False, low_price<open_price-R*0.12 is False
2018-07-21 22:17:24,753 INFO low_price is 0.9001399999999999, open_price-R*0.12 is 0.8982598
2018-07-21 22:17:24,753 INFO 0.013<=R2<=0.019 is False, low_price<open_price-R*0.12 is False
2018-07-21 22:17:24,753 INFO low_price is 0.899545, open_price-R*0.12 is 0.8984548
2018-07-21 22:17:24,753 INFO 0.013<=R2<=0.019 is False, low_price<open_price-R*0.12 is False
2018-07-21 22:17:24,754 INFO low_price is 0.900495, open_price-R*0.12 is 0.8994548
2018-07-21 22:17:24,754 INFO 0.013<=R2<=0.019 is False, low_price<open_price-R*0.12 is False
2018-07-21 22:17:24,754 INFO low_price is 0.89815, open_price-R*0.12 is 0.8973911999999999
2018-07-21 22:17:24,755 INFO 0.013<=R2<=0.019 is False, low_price<open_price-R*0.12 is False
2018-07-21 22:17:24,755 INFO low_price is 0.8964700000000001, open_price-R*0.12 is 0.8953824
2018-07-21 22:17:24,755 INFO 0.013<=R2<=0.019 is True, low_price<open_price-R*0.12 is False
2018-07-21 22:17:24,756 INFO low_price is 0.8944300000000001, open_price-R*0.12 is 0.8935858000000001
2018-07-21 22:17:24,756 INFO 0.013<=R2<=0.019 is True, low_price<open_price-R*0.12 is False
2018-07-21 22:17:24,756 INFO low_price is 0.894845, open_price-R*0.12 is 0.8933508
2018-07-21 22:17:24,756 INFO 0.013<=R2<=0.019 is True, low_price<open_price-R*0.12 is False
2018-07-21 22:17:24,756 INFO low_price is 0.8938550000000001, open_price-R*0.12 is 0.8927648
2018-07-21 22:17:24,757 INFO 0.013<=R2<=0.019 is True, low_price<open_price-R*0.12 is False
2018-07-21 22:17:24,757 INFO low_price is 0.8953949999999999, open_price-R*0.12 is 0.895124
2018-07-21 22:17:24,757 INFO 0.013<=R2<=0.019 is True, low_price<open_price-R*0.12 is False
2018-07-21 22:17:24,757 INFO low_price is 0.8963099999999999, open_price-R*0.12 is 0.895699
2018-07-21 22:17:24,758 INFO 0.013<=R2<=0.019 is True, low_price<open_price-R*0.12 is True
2018-07-21 22:17:24,759 INFO low_price is 0.8914550000000001, open_price-R*0.12 is 0.893542
2018-07-21 22:17:24,762 INFO 0.013<=R2<=0.019 is True, low_price<open_price-R*0.12 is False
2018-07-21 22:17:24,762 INFO low_price is 0.8888849999999999, open_price-R*0.12 is 0.8887470000000001
2018-07-21 22:17:24,762 INFO 0.013<=R2<=0.019 is True, low_price<open_price-R*0.12 is False
2018-07-21 22:17:24,763 INFO low_price is 0.89838, open_price-R*0.12 is 0.8969189999999999
2018-07-21 22:17:24,763 INFO 0.013<=R2<=0.019 is True, low_price<open_price-R*0.12 is False
2018-07-21 22:17:24,763 INFO low_price is 0.900495, open_price-R*0.12 is 0.8993356
2018-07-21 22:17:24,764 INFO 0.013<=R2<=0.019 is True, low_price<open_price-R*0.12 is False
2018-07-21 22:17:24,764 INFO low_price is 0.8973450000000001, open_price-R*0.12 is 0.8965755999999999
2018-07-21 22:17:24,765 INFO 0.013<=R2<=0.019 is True, low_price<open_price-R*0.12 is False
2018-07-21 22:17:24,765 INFO low_price is 0.8986000000000001, open_price-R*0.12 is 0.8971756
2018-07-21 22:17:24,765 INFO 0.013<=R2<=0.019 is True, low_price<open_price-R*0.12 is False
2018-07-21 22:17:24,765 INFO low_price is 0.89768, open_price-R*0.12 is 0.8976218
2018-07-21 22:17:24,766 INFO 0.013<=R2<=0.019 is True, low_price<open_price-R*0.12 is False
2018-07-21 22:17:24,766 INFO low_price is 0.899445, open_price-R*0.12 is 0.8982668
2018-07-21 22:17:24,767 INFO 0.013<=R2<=0.019 is True, low_price<open_price-R*0.12 is False
2018-07-21 22:17:24,767 INFO low_price is 0.8993, open_price-R*0.12 is 0.8984968
2018-07-21 22:17:24,767 INFO 0.013<=R2<=0.019 is True, low_price<open_price-R*0.12 is False
2018-07-21 22:17:24,767 INFO low_price is 0.898345, open_price-R*0.12 is 0.8977968000000001
2018-07-21 22:17:24,768 INFO 0.013<=R2<=0.019 is True, low_price<open_price-R*0.12 is False
2018-07-21 22:17:24,768 INFO low_price is 0.900745, open_price-R*0.12 is 0.8995968
2018-07-21 22:17:24,768 INFO 0.013<=R2<=0.019 is True, low_price<open_price-R*0.12 is False
2018-07-21 22:17:24,769 INFO low_price is 0.8983699999999999, open_price-R*0.12 is 0.8980468
2018-07-21 22:17:24,769 INFO 0.013<=R2<=0.019 is True, low_price<open_price-R*0.12 is True
2018-07-21 22:17:24,770 INFO low_price is 0.88786, open_price-R*0.12 is 0.891228
2018-07-21 22:17:24,770 INFO 0.013<=R2<=0.019 is True, low_price<open_price-R*0.12 is False
2018-07-21 22:17:24,770 INFO low_price is 0.888045, open_price-R*0.12 is 0.886458
2018-07-21 22:17:24,771 INFO 0.013<=R2<=0.019 is False, low_price<open_price-R*0.12 is False
2018-07-21 22:17:24,771 INFO low_price is 0.890595, open_price-R*0.12 is 0.88903
2018-07-21 22:17:24,771 INFO 0.013<=R2<=0.019 is False, low_price<open_price-R*0.12 is False
2018-07-21 22:17:24,771 INFO low_price is 0.892495, open_price-R*0.12 is 0.8905749999999999
2018-07-21 22:17:24,772 INFO 0.013<=R2<=0.019 is False, low_price<open_price-R*0.12 is False
2018-07-21 22:17:24,773 INFO low_price is 0.8857999999999999, open_price-R*0.12 is 0.884455
2018-07-21 22:17:24,773 INFO 0.013<=R2<=0.019 is False, low_price<open_price-R*0.12 is False
2018-07-21 22:17:24,773 INFO low_price is 0.886905, open_price-R*0.12 is 0.88534
2018-07-21 22:17:24,774 INFO 0.013<=R2<=0.019 is False, low_price<open_price-R*0.12 is True
2018-07-21 22:17:24,774 INFO low_price is 0.8891249999999999, open_price-R*0.12 is 0.8894527999999999
2018-07-21 22:17:24,774 INFO 0.013<=R2<=0.019 is False, low_price<open_price-R*0.12 is False
2018-07-21 22:17:24,775 INFO low_price is 0.891545, open_price-R*0.12 is 0.8892878
2018-07-21 22:17:24,775 INFO 0.013<=R2<=0.019 is False, low_price<open_price-R*0.12 is False
2018-07-21 22:17:24,776 INFO low_price is 0.89073, open_price-R*0.12 is 0.8905928
2018-07-21 22:17:24,777 INFO 0.013<=R2<=0.019 is False, low_price<open_price-R*0.12 is False
2018-07-21 22:17:24,777 INFO low_price is 0.886935, open_price-R*0.12 is 0.8856377999999999
2018-07-21 22:17:24,778 INFO 0.013<=R2<=0.019 is False, low_price<open_price-R*0.12 is False
2018-07-21 22:17:24,778 INFO low_price is 0.88605, open_price-R*0.12 is 0.8852028
2018-07-21 22:17:24,778 INFO 0.013<=R2<=0.019 is False, low_price<open_price-R*0.12 is True
2018-07-21 22:17:24,778 INFO low_price is 0.88314, open_price-R*0.12 is 0.8858178
2018-07-21 22:17:24,778 INFO 0.013<=R2<=0.019 is False, low_price<open_price-R*0.12 is False
2018-07-21 22:17:24,779 INFO low_price is 0.88008, open_price-R*0.12 is 0.878621
2018-07-21 22:17:24,779 INFO 0.013<=R2<=0.019 is False, low_price<open_price-R*0.12 is False
2018-07-21 22:17:24,780 INFO low_price is 0.88338, open_price-R*0.12 is 0.8818144
2018-07-21 22:17:24,780 INFO 0.013<=R2<=0.019 is False, low_price<open_price-R*0.12 is False
2018-07-21 22:17:24,780 INFO low_price is 0.8855949999999999, open_price-R*0.12 is 0.8837763999999999
2018-07-21 22:17:24,781 INFO 0.013<=R2<=0.019 is False, low_price<open_price-R*0.12 is False
2018-07-21 22:17:24,781 INFO low_price is 0.888745, open_price-R*0.12 is 0.8873764
2018-07-21 22:17:24,781 INFO 0.013<=R2<=0.019 is False, low_price<open_price-R*0.12 is False
2018-07-21 22:17:24,781 INFO low_price is 0.88704, open_price-R*0.12 is 0.8857364000000001
2018-07-21 22:17:24,782 INFO 0.013<=R2<=0.019 is False, low_price<open_price-R*0.12 is False
2018-07-21 22:17:24,783 INFO low_price is 0.88854, open_price-R*0.12 is 0.8873764
2018-07-21 22:17:24,783 INFO 0.013<=R2<=0.019 is False, low_price<open_price-R*0.12 is True
2018-07-21 22:17:24,783 INFO low_price is 0.887845, open_price-R*0.12 is 0.8892264
2018-07-21 22:17:24,784 INFO 0.013<=R2<=0.019 is False, low_price<open_price-R*0.12 is False
2018-07-21 22:17:24,784 INFO low_price is 0.8935649999999999, open_price-R*0.12 is 0.8920314
2018-07-21 22:17:24,784 INFO 0.013<=R2<=0.019 is True, low_price<open_price-R*0.12 is False
2018-07-21 22:17:24,784 INFO low_price is 0.895945, open_price-R*0.12 is 0.8940047999999999
2018-07-21 22:17:24,785 INFO 0.013<=R2<=0.019 is True, low_price<open_price-R*0.12 is True
2018-07-21 22:17:24,785 INFO low_price is 0.895625, open_price-R*0.12 is 0.8965648
2018-07-21 22:17:24,785 INFO 0.013<=R2<=0.019 is False, low_price<open_price-R*0.12 is False
2018-07-21 22:17:24,786 INFO low_price is 0.8966050000000001, open_price-R*0.12 is 0.8943708
2018-07-21 22:17:24,786 INFO 0.013<=R2<=0.019 is False, low_price<open_price-R*0.12 is False
2018-07-21 22:17:24,786 INFO low_price is 0.897545, open_price-R*0.12 is 0.8964622
2018-07-21 22:17:24,786 INFO 0.013<=R2<=0.019 is False, low_price<open_price-R*0.12 is False
2018-07-21 22:17:24,787 INFO low_price is 0.90195, open_price-R*0.12 is 0.8995172
2018-07-21 22:17:24,787 INFO 0.013<=R2<=0.019 is False, low_price<open_price-R*0.12 is False
2018-07-21 22:17:24,787 INFO low_price is 0.9015, open_price-R*0.12 is 0.9004622
2018-07-21 22:17:24,787 INFO 0.013<=R2<=0.019 is False, low_price<open_price-R*0.12 is False
2018-07-21 22:17:24,787 INFO low_price is 0.9024650000000001, open_price-R*0.12 is 0.900704
2018-07-21 22:17:24,788 INFO 0.013<=R2<=0.019 is False, low_price<open_price-R*0.12 is False
2018-07-21 22:17:24,788 INFO low_price is 0.9030549999999999, open_price-R*0.12 is 0.901253
2018-07-21 22:17:24,789 INFO 0.013<=R2<=0.019 is False, low_price<open_price-R*0.12 is False
2018-07-21 22:17:24,789 INFO low_price is 0.90276, open_price-R*0.12 is 0.9014264000000001
2018-07-21 22:17:24,789 INFO 0.013<=R2<=0.019 is False, low_price<open_price-R*0.12 is False
2018-07-21 22:17:24,790 INFO low_price is 0.900795, open_price-R*0.12 is 0.8994622
2018-07-21 22:17:24,790 INFO 0.013<=R2<=0.019 is False, low_price<open_price-R*0.12 is False
2018-07-21 22:17:24,790 INFO low_price is 0.901595, open_price-R*0.12 is 0.8999588
2018-07-21 22:17:24,791 INFO 0.013<=R2<=0.019 is False, low_price<open_price-R*0.12 is False
2018-07-21 22:17:24,791 INFO low_price is 0.904885, open_price-R*0.12 is 0.9036738
2018-07-21 22:17:24,793 INFO 0.013<=R2<=0.019 is False, low_price<open_price-R*0.12 is False
2018-07-21 22:17:24,793 INFO low_price is 0.904345, open_price-R*0.12 is 0.9035012
2018-07-21 22:17:24,794 INFO 0.013<=R2<=0.019 is False, low_price<open_price-R*0.12 is False
2018-07-21 22:17:24,796 INFO low_price is 0.90255, open_price-R*0.12 is 0.9024404
2018-07-21 22:17:24,796 INFO 0.013<=R2<=0.019 is False, low_price<open_price-R*0.12 is False
2018-07-21 22:17:24,797 INFO low_price is 0.897875, open_price-R*0.12 is 0.8977404
2018-07-21 22:17:24,797 INFO 0.013<=R2<=0.019 is False, low_price<open_price-R*0.12 is False
2018-07-21 22:17:24,797 INFO low_price is 0.898395, open_price-R*0.12 is 0.897158
2018-07-21 22:17:24,797 INFO 0.013<=R2<=0.019 is False, low_price<open_price-R*0.12 is True
2018-07-21 22:17:24,798 INFO low_price is 0.89869, open_price-R*0.12 is 0.9008708
2018-07-21 22:17:24,798 INFO 0.013<=R2<=0.019 is False, low_price<open_price-R*0.12 is False
2018-07-21 22:17:24,798 INFO low_price is 0.8981950000000001, open_price-R*0.12 is 0.8978104
2018-07-21 22:17:24,799 INFO 0.013<=R2<=0.019 is True, low_price<open_price-R*0.12 is False
2018-07-21 22:17:24,799 INFO low_price is 0.8984700000000001, open_price-R*0.12 is 0.8973604000000001
2018-07-21 22:17:24,800 INFO 0.013<=R2<=0.019 is False, low_price<open_price-R*0.12 is False
2018-07-21 22:17:24,800 INFO low_price is 0.899245, open_price-R*0.12 is 0.8982704000000001
2018-07-21 22:17:24,801 INFO 0.013<=R2<=0.019 is False, low_price<open_price-R*0.12 is False
2018-07-21 22:17:24,801 INFO low_price is 0.899545, open_price-R*0.12 is 0.8992554
2018-07-21 22:17:24,801 INFO 0.013<=R2<=0.019 is False, low_price<open_price-R*0.12 is True
2018-07-21 22:17:24,802 INFO low_price is 0.90056, open_price-R*0.12 is 0.9006604
2018-07-21 22:17:24,802 INFO 0.013<=R2<=0.019 is False, low_price<open_price-R*0.12 is False
2018-07-21 22:17:24,802 INFO low_price is 0.902225, open_price-R*0.12 is 0.9016254
2018-07-21 22:17:24,803 INFO 0.013<=R2<=0.019 is False, low_price<open_price-R*0.12 is False
2018-07-21 22:17:24,803 INFO low_price is 0.905645, open_price-R*0.12 is 0.9051254
2018-07-21 22:17:24,804 INFO 0.013<=R2<=0.019 is False, low_price<open_price-R*0.12 is False
2018-07-21 22:17:24,804 INFO low_price is 0.907595, open_price-R*0.12 is 0.9063692
2018-07-21 22:17:24,805 INFO 0.013<=R2<=0.019 is False, low_price<open_price-R*0.12 is False
2018-07-21 22:17:24,805 INFO low_price is 0.9079349999999999, open_price-R*0.12 is 0.9075192
2018-07-21 22:17:24,805 INFO 0.013<=R2<=0.019 is False, low_price<open_price-R*0.12 is False
2018-07-21 22:17:24,806 INFO low_price is 0.910095, open_price-R*0.12 is 0.9094892
2018-07-21 22:17:24,806 INFO 0.013<=R2<=0.019 is True, low_price<open_price-R*0.12 is False
2018-07-21 22:17:24,806 INFO low_price is 0.910745, open_price-R*0.12 is 0.9095025999999999
2018-07-21 22:17:24,806 INFO 0.013<=R2<=0.019 is True, low_price<open_price-R*0.12 is False
2018-07-21 22:17:24,807 INFO low_price is 0.9103399999999999, open_price-R*0.12 is 0.9090582
2018-07-21 22:17:24,807 INFO 0.013<=R2<=0.019 is True, low_price<open_price-R*0.12 is False
2018-07-21 22:17:24,807 INFO low_price is 0.90767, open_price-R*0.12 is 0.906539
2018-07-21 22:17:24,807 INFO 0.013<=R2<=0.019 is True, low_price<open_price-R*0.12 is False
2018-07-21 22:17:24,807 INFO low_price is 0.908395, open_price-R*0.12 is 0.9071176000000001
2018-07-21 22:17:24,808 INFO 0.013<=R2<=0.019 is True, low_price<open_price-R*0.12 is False
2018-07-21 22:17:24,808 INFO low_price is 0.907435, open_price-R*0.12 is 0.9067006
2018-07-21 22:17:24,809 INFO 0.013<=R2<=0.019 is True, low_price<open_price-R*0.12 is False
2018-07-21 22:17:24,810 INFO low_price is 0.908295, open_price-R*0.12 is 0.9067035999999999
2018-07-21 22:17:24,811 INFO 0.013<=R2<=0.019 is True, low_price<open_price-R*0.12 is True
2018-07-21 22:17:24,811 INFO low_price is 0.90625, open_price-R*0.12 is 0.9068396000000001
2018-07-21 22:17:24,812 INFO 0.013<=R2<=0.019 is True, low_price<open_price-R*0.12 is False
2018-07-21 22:17:24,812 INFO low_price is 0.905555, open_price-R*0.12 is 0.9051114
2018-07-21 22:17:24,812 INFO 0.013<=R2<=0.019 is True, low_price<open_price-R*0.12 is False
2018-07-21 22:17:24,813 INFO low_price is 0.91025, open_price-R*0.12 is 0.9095112
2018-07-21 22:17:24,813 INFO 0.013<=R2<=0.019 is True, low_price<open_price-R*0.12 is True
2018-07-21 22:17:24,813 INFO low_price is 0.912045, open_price-R*0.12 is 0.9122658
2018-07-21 22:17:24,814 INFO 0.013<=R2<=0.019 is True, low_price<open_price-R*0.12 is False
2018-07-21 22:17:24,814 INFO low_price is 0.913235, open_price-R*0.12 is 0.9124172000000002
2018-07-21 22:17:24,814 INFO 0.013<=R2<=0.019 is True, low_price<open_price-R*0.12 is False
2018-07-21 22:17:24,814 INFO low_price is 0.9142250000000001, open_price-R*0.12 is 0.9136516
2018-07-21 22:17:24,815 INFO 0.013<=R2<=0.019 is True, low_price<open_price-R*0.12 is False
2018-07-21 22:17:24,815 INFO low_price is 0.913145, open_price-R*0.12 is 0.9129912
2018-07-21 22:17:24,815 INFO 0.013<=R2<=0.019 is True, low_price<open_price-R*0.12 is False
2018-07-21 22:17:24,815 INFO low_price is 0.9149, open_price-R*0.12 is 0.9137794
2018-07-21 22:17:24,815 INFO 0.013<=R2<=0.019 is True, low_price<open_price-R*0.12 is True
2018-07-21 22:17:24,816 INFO low_price is 0.91265, open_price-R*0.12 is 0.9134041999999999
2018-07-21 22:17:24,816 INFO 0.013<=R2<=0.019 is False, low_price<open_price-R*0.12 is False
2018-07-21 22:17:24,816 INFO low_price is 0.913745, open_price-R*0.12 is 0.9125780000000001
2018-07-21 22:17:24,816 INFO 0.013<=R2<=0.019 is True, low_price<open_price-R*0.12 is True
2018-07-21 22:17:24,816 INFO low_price is 0.91188, open_price-R*0.12 is 0.91216
2018-07-21 22:17:24,817 INFO 0.013<=R2<=0.019 is True, low_price<open_price-R*0.12 is False
2018-07-21 22:17:24,817 INFO low_price is 0.9140550000000001, open_price-R*0.12 is 0.9128850000000001
2018-07-21 22:17:24,817 INFO 0.013<=R2<=0.019 is True, low_price<open_price-R*0.12 is False
2018-07-21 22:17:24,817 INFO low_price is 0.91544, open_price-R*0.12 is 0.914045
2018-07-21 22:17:24,818 INFO 0.013<=R2<=0.019 is True, low_price<open_price-R*0.12 is False
2018-07-21 22:17:24,818 INFO low_price is 0.9162049999999999, open_price-R*0.12 is 0.914925
2018-07-21 22:17:24,818 INFO 0.013<=R2<=0.019 is True, low_price<open_price-R*0.12 is True
2018-07-21 22:17:24,818 INFO low_price is 0.91415, open_price-R*0.12 is 0.91484
2018-07-21 22:17:24,819 INFO 0.013<=R2<=0.019 is True, low_price<open_price-R*0.12 is False
2018-07-21 22:17:24,819 INFO low_price is 0.91426, open_price-R*0.12 is 0.9139554
2018-07-21 22:17:24,819 INFO 0.013<=R2<=0.019 is True, low_price<open_price-R*0.12 is False
2018-07-21 22:17:24,819 INFO low_price is 0.915145, open_price-R*0.12 is 0.9146610000000001
2018-07-21 22:17:24,820 INFO 0.013<=R2<=0.019 is True, low_price<open_price-R*0.12 is False
2018-07-21 22:17:24,820 INFO low_price is 0.9133549999999999, open_price-R*0.12 is 0.9127810000000001
2018-07-21 22:17:24,820 INFO 0.013<=R2<=0.019 is True, low_price<open_price-R*0.12 is False
2018-07-21 22:17:24,820 INFO low_price is 0.91288, open_price-R*0.12 is 0.912826
2018-07-21 22:17:24,821 INFO 0.013<=R2<=0.019 is True, low_price<open_price-R*0.12 is False
2018-07-21 22:17:24,821 INFO low_price is 0.911895, open_price-R*0.12 is 0.9117360000000001
2018-07-21 22:17:24,821 INFO 0.013<=R2<=0.019 is True, low_price<open_price-R*0.12 is False
2018-07-21 22:17:24,822 INFO low_price is 0.91206, open_price-R*0.12 is 0.911336
2018-07-21 22:17:24,822 INFO 0.013<=R2<=0.019 is False, low_price<open_price-R*0.12 is True
2018-07-21 22:17:24,822 INFO low_price is 0.909535, open_price-R*0.12 is 0.910436
2018-07-21 22:17:24,823 INFO 0.013<=R2<=0.019 is False, low_price<open_price-R*0.12 is False
2018-07-21 22:17:24,823 INFO low_price is 0.91321, open_price-R*0.12 is 0.912336
2018-07-21 22:17:24,823 INFO 0.013<=R2<=0.019 is False, low_price<open_price-R*0.12 is False
2018-07-21 22:17:24,823 INFO low_price is 0.911945, open_price-R*0.12 is 0.9117546
2018-07-21 22:17:24,824 INFO 0.013<=R2<=0.019 is False, low_price<open_price-R*0.12 is False
2018-07-21 22:17:24,824 INFO low_price is 0.914095, open_price-R*0.12 is 0.9129546
2018-07-21 22:17:24,824 INFO 0.013<=R2<=0.019 is False, low_price<open_price-R*0.12 is False
2018-07-21 22:17:24,825 INFO low_price is 0.9134599999999999, open_price-R*0.12 is 0.9128046
2018-07-21 22:17:24,825 INFO 0.013<=R2<=0.019 is False, low_price<open_price-R*0.12 is False
2018-07-21 22:17:24,826 INFO low_price is 0.91235, open_price-R*0.12 is 0.9113346
2018-07-21 22:17:24,828 INFO 0.013<=R2<=0.019 is False, low_price<open_price-R*0.12 is False
2018-07-21 22:17:24,828 INFO low_price is 0.913445, open_price-R*0.12 is 0.9130045999999999
2018-07-21 22:17:24,829 INFO 0.013<=R2<=0.019 is False, low_price<open_price-R*0.12 is True
2018-07-21 22:17:24,829 INFO low_price is 0.916245, open_price-R*0.12 is 0.916309
2018-07-21 22:17:24,829 INFO 0.013<=R2<=0.019 is False, low_price<open_price-R*0.12 is False
2018-07-21 22:17:24,830 INFO low_price is 0.917395, open_price-R*0.12 is 0.9168949999999999
2018-07-21 22:17:24,830 INFO 0.013<=R2<=0.019 is False, low_price<open_price-R*0.12 is False
2018-07-21 22:17:24,830 INFO low_price is 0.917695, open_price-R*0.12 is 0.9165791999999999
2018-07-21 22:17:24,831 INFO 0.013<=R2<=0.019 is False, low_price<open_price-R*0.12 is False
2018-07-21 22:17:24,831 INFO low_price is 0.91885, open_price-R*0.12 is 0.9175342
2018-07-21 22:17:24,831 INFO 0.013<=R2<=0.019 is False, low_price<open_price-R*0.12 is False
2018-07-21 22:17:24,831 INFO low_price is 0.92213, open_price-R*0.12 is 0.9209791999999999
2018-07-21 22:17:24,832 INFO 0.013<=R2<=0.019 is True, low_price<open_price-R*0.12 is False
2018-07-21 22:17:24,832 INFO low_price is 0.921745, open_price-R*0.12 is 0.920736
2018-07-21 22:17:24,832 INFO 0.013<=R2<=0.019 is True, low_price<open_price-R*0.12 is False
2018-07-21 22:17:24,833 INFO low_price is 0.922245, open_price-R*0.12 is 0.9211248000000001
2018-07-21 22:17:24,833 INFO 0.013<=R2<=0.019 is True, low_price<open_price-R*0.12 is False
2018-07-21 22:17:24,833 INFO low_price is 0.92091, open_price-R*0.12 is 0.920002
2018-07-21 22:17:24,834 INFO 0.013<=R2<=0.019 is True, low_price<open_price-R*0.12 is False
2018-07-21 22:17:24,834 INFO low_price is 0.9192750000000001, open_price-R*0.12 is 0.9186570000000001
2018-07-21 22:17:24,834 INFO 0.013<=R2<=0.019 is True, low_price<open_price-R*0.12 is False
2018-07-21 22:17:24,834 INFO low_price is 0.9194, open_price-R*0.12 is 0.9182906
2018-07-21 22:17:24,835 INFO 0.013<=R2<=0.019 is True, low_price<open_price-R*0.12 is False
2018-07-21 22:17:24,835 INFO low_price is 0.919745, open_price-R*0.12 is 0.9193356
2018-07-21 22:17:24,835 INFO 0.013<=R2<=0.019 is True, low_price<open_price-R*0.12 is True
2018-07-21 22:17:24,836 INFO low_price is 0.91804, open_price-R*0.12 is 0.9184756000000001
2018-07-21 22:17:24,836 INFO 0.013<=R2<=0.019 is True, low_price<open_price-R*0.12 is False
2018-07-21 22:17:24,836 INFO low_price is 0.91906, open_price-R*0.12 is 0.918657
2018-07-21 22:17:24,837 INFO 0.013<=R2<=0.019 is True, low_price<open_price-R*0.12 is False
2018-07-21 22:17:24,837 INFO low_price is 0.919295, open_price-R*0.12 is 0.9185430000000001
2018-07-21 22:17:24,837 INFO 0.013<=R2<=0.019 is True, low_price<open_price-R*0.12 is False
2018-07-21 22:17:24,837 INFO low_price is 0.920745, open_price-R*0.12 is 0.919851
2018-07-21 22:17:24,838 INFO 0.013<=R2<=0.019 is False, low_price<open_price-R*0.12 is False
2018-07-21 22:17:24,838 INFO low_price is 0.91925, open_price-R*0.12 is 0.918732
2018-07-21 22:17:24,838 INFO 0.013<=R2<=0.019 is False, low_price<open_price-R*0.12 is True
2018-07-21 22:17:24,838 INFO low_price is 0.91344, open_price-R*0.12 is 0.9179834
2018-07-21 22:17:24,839 INFO 0.013<=R2<=0.019 is False, low_price<open_price-R*0.12 is True
2018-07-21 22:17:24,839 INFO low_price is 0.9128700000000001, open_price-R*0.12 is 0.9134384
2018-07-21 22:17:24,839 INFO 0.013<=R2<=0.019 is False, low_price<open_price-R*0.12 is False
2018-07-21 22:17:24,839 INFO low_price is 0.914845, open_price-R*0.12 is 0.9144314
2018-07-21 22:17:24,840 INFO 0.013<=R2<=0.019 is False, low_price<open_price-R*0.12 is False
2018-07-21 22:17:24,840 INFO low_price is 0.912555, open_price-R*0.12 is 0.912484
2018-07-21 22:17:24,840 INFO 0.013<=R2<=0.019 is False, low_price<open_price-R*0.12 is True
2018-07-21 22:17:24,840 INFO low_price is 0.91117, open_price-R*0.12 is 0.9118626
2018-07-21 22:17:24,841 INFO 0.013<=R2<=0.019 is False, low_price<open_price-R*0.12 is True
2018-07-21 22:17:24,841 INFO low_price is 0.90925, open_price-R*0.12 is 0.9095898
2018-07-21 22:17:24,841 INFO 0.013<=R2<=0.019 is True, low_price<open_price-R*0.12 is False
2018-07-21 22:17:24,841 INFO low_price is 0.908455, open_price-R*0.12 is 0.9077607999999999
2018-07-21 22:17:24,843 INFO 0.013<=R2<=0.019 is True, low_price<open_price-R*0.12 is False
2018-07-21 22:17:24,844 INFO low_price is 0.914445, open_price-R*0.12 is 0.9136454
2018-07-21 22:17:24,845 INFO 0.013<=R2<=0.019 is True, low_price<open_price-R*0.12 is False
2018-07-21 22:17:24,845 INFO low_price is 0.917165, open_price-R*0.12 is 0.9159562
2018-07-21 22:17:24,846 INFO 0.013<=R2<=0.019 is True, low_price<open_price-R*0.12 is False
2018-07-21 22:17:24,846 INFO low_price is 0.916265, open_price-R*0.12 is 0.9147312
2018-07-21 22:17:24,847 INFO 0.013<=R2<=0.019 is True, low_price<open_price-R*0.12 is False
2018-07-21 22:17:24,847 INFO low_price is 0.91476, open_price-R*0.12 is 0.9138662000000001
2018-07-21 22:17:24,847 INFO 0.013<=R2<=0.019 is True, low_price<open_price-R*0.12 is False
2018-07-21 22:17:24,848 INFO low_price is 0.91364, open_price-R*0.12 is 0.9129262
2018-07-21 22:17:24,848 INFO 0.013<=R2<=0.019 is True, low_price<open_price-R*0.12 is False
2018-07-21 22:17:24,848 INFO low_price is 0.914255, open_price-R*0.12 is 0.912677
2018-07-21 22:17:24,848 INFO 0.013<=R2<=0.019 is True, low_price<open_price-R*0.12 is False
2018-07-21 22:17:24,849 INFO low_price is 0.916265, open_price-R*0.12 is 0.9150064
2018-07-21 22:17:24,849 INFO 0.013<=R2<=0.019 is True, low_price<open_price-R*0.12 is True
2018-07-21 22:17:24,849 INFO low_price is 0.917195, open_price-R*0.12 is 0.9173452
2018-07-21 22:17:24,849 INFO 0.013<=R2<=0.019 is True, low_price<open_price-R*0.12 is False
2018-07-21 22:17:24,850 INFO low_price is 0.916895, open_price-R*0.12 is 0.9161788000000001
2018-07-21 22:17:24,850 INFO 0.013<=R2<=0.019 is True, low_price<open_price-R*0.12 is False
2018-07-21 22:17:24,850 INFO low_price is 0.914955, open_price-R*0.12 is 0.9142988
2018-07-21 22:17:24,850 INFO 0.013<=R2<=0.019 is True, low_price<open_price-R*0.12 is True
2018-07-21 22:17:24,850 INFO low_price is 0.9106350000000001, open_price-R*0.12 is 0.9110138
2018-07-21 22:17:24,851 INFO 0.013<=R2<=0.019 is True, low_price<open_price-R*0.12 is True
2018-07-21 22:17:24,851 INFO low_price is 0.90757, open_price-R*0.12 is 0.9094788
2018-07-21 22:17:24,851 INFO 0.013<=R2<=0.019 is False, low_price<open_price-R*0.12 is True
2018-07-21 22:17:24,851 INFO low_price is 0.9073549999999999, open_price-R*0.12 is 0.9073838
2018-07-21 22:17:24,852 INFO 0.013<=R2<=0.019 is False, low_price<open_price-R*0.12 is False
2018-07-21 22:17:24,852 INFO low_price is 0.906595, open_price-R*0.12 is 0.9058276
2018-07-21 22:17:24,852 INFO 0.013<=R2<=0.019 is False, low_price<open_price-R*0.12 is False
2018-07-21 22:17:24,853 INFO low_price is 0.9105650000000001, open_price-R*0.12 is 0.9096968
2018-07-21 22:17:24,853 INFO 0.013<=R2<=0.019 is True, low_price<open_price-R*0.12 is False
2018-07-21 22:17:24,853 INFO low_price is 0.908775, open_price-R*0.12 is 0.9078305999999999
2018-07-21 22:17:24,853 INFO 0.013<=R2<=0.019 is True, low_price<open_price-R*0.12 is False
2018-07-21 22:17:24,854 INFO low_price is 0.9109050000000001, open_price-R*0.12 is 0.9095606
2018-07-21 22:17:24,854 INFO 0.013<=R2<=0.019 is True, low_price<open_price-R*0.12 is False
2018-07-21 22:17:24,854 INFO low_price is 0.9102600000000001, open_price-R*0.12 is 0.9096106
2018-07-21 22:17:24,855 INFO 0.013<=R2<=0.019 is True, low_price<open_price-R*0.12 is False
2018-07-21 22:17:24,855 INFO low_price is 0.90709, open_price-R*0.12 is 0.9069106
2018-07-21 22:17:24,856 INFO 0.013<=R2<=0.019 is True, low_price<open_price-R*0.12 is False
2018-07-21 22:17:24,856 INFO low_price is 0.906265, open_price-R*0.12 is 0.9048006000000001
2018-07-21 22:17:24,857 INFO 0.013<=R2<=0.019 is True, low_price<open_price-R*0.12 is False
2018-07-21 22:17:24,857 INFO low_price is 0.906895, open_price-R*0.12 is 0.90562
2018-07-21 22:17:24,858 INFO 0.013<=R2<=0.019 is True, low_price<open_price-R*0.12 is False
2018-07-21 22:17:24,858 INFO low_price is 0.90865, open_price-R*0.12 is 0.9076998
2018-07-21 22:17:24,858 INFO 0.013<=R2<=0.019 is True, low_price<open_price-R*0.12 is True
2018-07-21 22:17:24,859 INFO low_price is 0.9042650000000001, open_price-R*0.12 is 0.9043976
2018-07-21 22:17:24,860 INFO 0.013<=R2<=0.019 is True, low_price<open_price-R*0.12 is True
2018-07-21 22:17:24,860 INFO low_price is 0.9019550000000001, open_price-R*0.12 is 0.9020776
2018-07-21 22:17:24,861 INFO 0.013<=R2<=0.019 is True, low_price<open_price-R*0.12 is False
2018-07-21 22:17:24,862 INFO low_price is 0.9001399999999999, open_price-R*0.12 is 0.8991154
2018-07-21 22:17:24,862 INFO 0.013<=R2<=0.019 is True, low_price<open_price-R*0.12 is False
2018-07-21 22:17:24,863 INFO low_price is 0.903345, open_price-R*0.12 is 0.9019231999999999
2018-07-21 22:17:24,863 INFO 0.013<=R2<=0.019 is False, low_price<open_price-R*0.12 is False
2018-07-21 22:17:24,864 INFO low_price is 0.903345, open_price-R*0.12 is 0.9019704000000001
2018-07-21 22:17:24,865 INFO 0.013<=R2<=0.019 is True, low_price<open_price-R*0.12 is False
2018-07-21 22:17:24,865 INFO low_price is 0.905805, open_price-R*0.12 is 0.9044004
2018-07-21 22:17:24,865 INFO 0.013<=R2<=0.019 is True, low_price<open_price-R*0.12 is False
2018-07-21 22:17:24,866 INFO low_price is 0.908355, open_price-R*0.12 is 0.9071654
2018-07-21 22:17:24,866 INFO 0.013<=R2<=0.019 is True, low_price<open_price-R*0.12 is False
2018-07-21 22:17:24,867 INFO low_price is 0.91235, open_price-R*0.12 is 0.9110454
2018-07-21 22:17:24,867 INFO 0.013<=R2<=0.019 is True, low_price<open_price-R*0.12 is False
2018-07-21 22:17:24,867 INFO low_price is 0.91405, open_price-R*0.12 is 0.9126251999999999
2018-07-21 22:17:24,868 INFO 0.013<=R2<=0.019 is True, low_price<open_price-R*0.12 is False
2018-07-21 22:17:24,868 INFO low_price is 0.915305, open_price-R*0.12 is 0.913713
2018-07-21 22:17:24,868 INFO 0.013<=R2<=0.019 is True, low_price<open_price-R*0.12 is False
2018-07-21 22:17:24,868 INFO low_price is 0.91591, open_price-R*0.12 is 0.9145173999999999
2018-07-21 22:17:24,869 INFO 0.013<=R2<=0.019 is True, low_price<open_price-R*0.12 is False
2018-07-21 22:17:24,869 INFO low_price is 0.917245, open_price-R*0.12 is 0.9152526
2018-07-21 22:17:24,869 INFO 0.013<=R2<=0.019 is True, low_price<open_price-R*0.12 is False
2018-07-21 22:17:24,869 INFO low_price is 0.918745, open_price-R*0.12 is 0.9171775999999999
2018-07-21 22:17:24,870 INFO 0.013<=R2<=0.019 is False, low_price<open_price-R*0.12 is False
2018-07-21 22:17:24,870 INFO low_price is 0.919395, open_price-R*0.12 is 0.9176252
2018-07-21 22:17:24,870 INFO 0.013<=R2<=0.019 is False, low_price<open_price-R*0.12 is False
2018-07-21 22:17:24,870 INFO low_price is 0.917065, open_price-R*0.12 is 0.9157091999999999
2018-07-21 22:17:24,870 INFO 0.013<=R2<=0.019 is False, low_price<open_price-R*0.12 is False
2018-07-21 22:17:24,871 INFO low_price is 0.91769, open_price-R*0.12 is 0.9155608
2018-07-21 22:17:24,871 INFO 0.013<=R2<=0.019 is False, low_price<open_price-R*0.12 is True
2018-07-21 22:17:24,871 INFO low_price is 0.9142699999999999, open_price-R*0.12 is 0.9160254
2018-07-21 22:17:24,871 INFO 0.013<=R2<=0.019 is False, low_price<open_price-R*0.12 is False
2018-07-21 22:17:24,872 INFO low_price is 0.915445, open_price-R*0.12 is 0.9134904
2018-07-21 22:17:24,872 INFO 0.013<=R2<=0.019 is False, low_price<open_price-R*0.12 is False
2018-07-21 22:17:24,872 INFO low_price is 0.91566, open_price-R*0.12 is 0.9144456
2018-07-21 22:17:24,872 INFO 0.013<=R2<=0.019 is False, low_price<open_price-R*0.12 is False
2018-07-21 22:17:24,873 INFO low_price is 0.916785, open_price-R*0.12 is 0.9159616
2018-07-21 22:17:24,873 INFO 0.013<=R2<=0.019 is False, low_price<open_price-R*0.12 is False
2018-07-21 22:17:24,873 INFO low_price is 0.91674, open_price-R*0.12 is 0.915776
2018-07-21 22:17:24,874 INFO 0.013<=R2<=0.019 is False, low_price<open_price-R*0.12 is False
2018-07-21 22:17:24,874 INFO low_price is 0.9184, open_price-R*0.12 is 0.9183199999999999
2018-07-21 22:17:24,874 INFO 0.013<=R2<=0.019 is True, low_price<open_price-R*0.12 is False
2018-07-21 22:17:24,874 INFO low_price is 0.919645, open_price-R*0.12 is 0.9194728
2018-07-21 22:17:24,876 INFO 0.013<=R2<=0.019 is True, low_price<open_price-R*0.12 is False
2018-07-21 22:17:24,876 INFO low_price is 0.919295, open_price-R*0.12 is 0.9188578000000001
2018-07-21 22:17:24,877 INFO 0.013<=R2<=0.019 is True, low_price<open_price-R*0.12 is False
2018-07-21 22:17:24,879 INFO low_price is 0.91822, open_price-R*0.12 is 0.9177877999999999
2018-07-21 22:17:24,879 INFO 0.013<=R2<=0.019 is True, low_price<open_price-R*0.12 is False
2018-07-21 22:17:24,880 INFO low_price is 0.918265, open_price-R*0.12 is 0.9176378000000001
2018-07-21 22:17:24,880 INFO 0.013<=R2<=0.019 is False, low_price<open_price-R*0.12 is False
2018-07-21 22:17:24,880 INFO low_price is 0.91832, open_price-R*0.12 is 0.9179778000000001
2018-07-21 22:17:24,881 INFO 0.013<=R2<=0.019 is False, low_price<open_price-R*0.12 is False
2018-07-21 22:17:24,881 INFO low_price is 0.91837, open_price-R*0.12 is 0.9177128
2018-07-21 22:17:24,881 INFO 0.013<=R2<=0.019 is False, low_price<open_price-R*0.12 is False
2018-07-21 22:17:24,881 INFO low_price is 0.9191, open_price-R*0.12 is 0.9182528
2018-07-21 22:17:24,882 INFO 0.013<=R2<=0.019 is False, low_price<open_price-R*0.12 is False
2018-07-21 22:17:24,882 INFO low_price is 0.9187449999999999, open_price-R*0.12 is 0.9181528
2018-07-21 22:17:24,882 INFO 0.013<=R2<=0.019 is False, low_price<open_price-R*0.12 is False
2018-07-21 22:17:24,883 INFO low_price is 0.9206350000000001, open_price-R*0.12 is 0.9199738000000001
2018-07-21 22:17:24,883 INFO 0.013<=R2<=0.019 is False, low_price<open_price-R*0.12 is False
2018-07-21 22:17:24,883 INFO low_price is 0.9199949999999999, open_price-R*0.12 is 0.9197136
2018-07-21 22:17:24,884 INFO 0.013<=R2<=0.019 is False, low_price<open_price-R*0.12 is False
2018-07-21 22:17:24,884 INFO low_price is 0.919115, open_price-R*0.12 is 0.9188782
2018-07-21 22:17:24,884 INFO 0.013<=R2<=0.019 is False, low_price<open_price-R*0.12 is False
2018-07-21 22:17:24,885 INFO low_price is 0.9197500000000001, open_price-R*0.12 is 0.9196832
2018-07-21 22:17:24,885 INFO 0.013<=R2<=0.019 is False, low_price<open_price-R*0.12 is True
2018-07-21 22:17:24,885 INFO low_price is 0.919795, open_price-R*0.12 is 0.9198725999999999
2018-07-21 22:17:24,885 INFO 0.013<=R2<=0.019 is False, low_price<open_price-R*0.12 is True
2018-07-21 22:17:24,885 INFO low_price is 0.917345, open_price-R*0.12 is 0.9177276
2018-07-21 22:17:24,885 INFO 0.013<=R2<=0.019 is False, low_price<open_price-R*0.12 is True
2018-07-21 22:17:24,885 INFO low_price is 0.9165449999999999, open_price-R*0.12 is 0.9170726
2018-07-21 22:17:24,886 INFO 0.013<=R2<=0.019 is False, low_price<open_price-R*0.12 is False
2018-07-21 22:17:24,888 INFO low_price is 0.9221349999999999, open_price-R*0.12 is 0.9219575999999999
2018-07-21 22:17:24,888 INFO 0.013<=R2<=0.019 is False, low_price<open_price-R*0.12 is True
2018-07-21 22:17:24,889 INFO low_price is 0.921205, open_price-R*0.12 is 0.9216
2018-07-21 22:17:24,889 INFO 0.013<=R2<=0.019 is False, low_price<open_price-R*0.12 is False
2018-07-21 22:17:24,889 INFO low_price is 0.9223049999999999, open_price-R*0.12 is 0.9220024
2018-07-21 22:17:24,890 INFO 0.013<=R2<=0.019 is False, low_price<open_price-R*0.12 is False
2018-07-21 22:17:24,890 INFO low_price is 0.92534, open_price-R*0.12 is 0.9242404
2018-07-21 22:17:24,890 INFO 0.013<=R2<=0.019 is False, low_price<open_price-R*0.12 is False
2018-07-21 22:17:24,890 INFO low_price is 0.92605, open_price-R*0.12 is 0.9252125999999999
2018-07-21 22:17:24,891 INFO 0.013<=R2<=0.019 is False, low_price<open_price-R*0.12 is False
2018-07-21 22:17:24,891 INFO low_price is 0.92595, open_price-R*0.12 is 0.9252992
2018-07-21 22:17:24,891 INFO 0.013<=R2<=0.019 is False, low_price<open_price-R*0.12 is False
2018-07-21 22:17:24,892 INFO low_price is 0.9256, open_price-R*0.12 is 0.9245742000000001
2018-07-21 22:17:24,892 INFO 0.013<=R2<=0.019 is False, low_price<open_price-R*0.12 is False
2018-07-21 22:17:24,893 INFO low_price is 0.924915, open_price-R*0.12 is 0.9243142000000001
2018-07-21 22:17:24,893 INFO 0.013<=R2<=0.019 is False, low_price<open_price-R*0.12 is False
2018-07-21 22:17:24,894 INFO low_price is 0.925945, open_price-R*0.12 is 0.9249592
2018-07-21 22:17:24,895 INFO 0.013<=R2<=0.019 is False, low_price<open_price-R*0.12 is False
2018-07-21 22:17:24,895 INFO low_price is 0.92595, open_price-R*0.12 is 0.9252642000000001
2018-07-21 22:17:24,896 INFO 0.013<=R2<=0.019 is True, low_price<open_price-R*0.12 is True
2018-07-21 22:17:24,896 INFO low_price is 0.924515, open_price-R*0.12 is 0.9247411999999999
2018-07-21 22:17:24,896 INFO 0.013<=R2<=0.019 is True, low_price<open_price-R*0.12 is False
2018-07-21 22:17:24,896 INFO low_price is 0.926895, open_price-R*0.12 is 0.9255561999999999
2018-07-21 22:17:24,897 INFO 0.013<=R2<=0.019 is True, low_price<open_price-R*0.12 is False
2018-07-21 22:17:24,897 INFO low_price is 0.922345, open_price-R*0.12 is 0.9218061999999999
2018-07-21 22:17:24,897 INFO 0.013<=R2<=0.019 is True, low_price<open_price-R*0.12 is False
2018-07-21 22:17:24,898 INFO low_price is 0.9235, open_price-R*0.12 is 0.9228554000000001
2018-07-21 22:17:24,899 INFO 0.013<=R2<=0.019 is True, low_price<open_price-R*0.12 is False
2018-07-21 22:17:24,899 INFO low_price is 0.924245, open_price-R*0.12 is 0.9235753999999999
2018-07-21 22:17:24,899 INFO 0.013<=R2<=0.019 is True, low_price<open_price-R*0.12 is False
2018-07-21 22:17:24,900 INFO low_price is 0.9277, open_price-R*0.12 is 0.9270474
2018-07-21 22:17:24,900 INFO 0.013<=R2<=0.019 is True, low_price<open_price-R*0.12 is False
2018-07-21 22:17:24,900 INFO low_price is 0.92793, open_price-R*0.12 is 0.9274421999999999
2018-07-21 22:17:24,901 INFO 0.013<=R2<=0.019 is True, low_price<open_price-R*0.12 is False
2018-07-21 22:17:24,901 INFO low_price is 0.9266449999999999, open_price-R*0.12 is 0.9266021999999999
2018-07-21 22:17:24,901 INFO 0.013<=R2<=0.019 is True, low_price<open_price-R*0.12 is False
2018-07-21 22:17:24,902 INFO low_price is 0.92745, open_price-R*0.12 is 0.9265871999999999
2018-07-21 22:17:24,902 INFO 0.013<=R2<=0.019 is False, low_price<open_price-R*0.12 is False
2018-07-21 22:17:24,902 INFO low_price is 0.929745, open_price-R*0.12 is 0.9294022000000001
2018-07-21 22:17:24,902 INFO 0.013<=R2<=0.019 is False, low_price<open_price-R*0.12 is False
2018-07-21 22:17:24,903 INFO low_price is 0.93055, open_price-R*0.12 is 0.9302655999999999
2018-07-21 22:17:24,903 INFO 0.013<=R2<=0.019 is False, low_price<open_price-R*0.12 is False
2018-07-21 22:17:24,903 INFO low_price is 0.931835, open_price-R*0.12 is 0.930843
2018-07-21 22:17:24,903 INFO 0.013<=R2<=0.019 is False, low_price<open_price-R*0.12 is False
2018-07-21 22:17:24,904 INFO low_price is 0.93355, open_price-R*0.12 is 0.932119
2018-07-21 22:17:24,904 INFO 0.013<=R2<=0.019 is False, low_price<open_price-R*0.12 is False
2018-07-21 22:17:24,904 INFO low_price is 0.933395, open_price-R*0.12 is 0.9324890000000001
2018-07-21 22:17:24,904 INFO 0.013<=R2<=0.019 is True, low_price<open_price-R*0.12 is False
2018-07-21 22:17:24,905 INFO low_price is 0.927935, open_price-R*0.12 is 0.9263
2018-07-21 22:17:24,905 INFO 0.013<=R2<=0.019 is True, low_price<open_price-R*0.12 is True
2018-07-21 22:17:24,905 INFO low_price is 0.925245, open_price-R*0.12 is 0.92527
2018-07-21 22:17:24,906 INFO 0.013<=R2<=0.019 is True, low_price<open_price-R*0.12 is False
2018-07-21 22:17:24,906 INFO low_price is 0.9273549999999999, open_price-R*0.12 is 0.9256036
2018-07-21 22:17:24,906 INFO 0.013<=R2<=0.019 is True, low_price<open_price-R*0.12 is False
2018-07-21 22:17:24,906 INFO low_price is 0.9273199999999999, open_price-R*0.12 is 0.9258930000000001
2018-07-21 22:17:24,907 INFO 0.013<=R2<=0.019 is True, low_price<open_price-R*0.12 is False
2018-07-21 22:17:24,907 INFO low_price is 0.923745, open_price-R*0.12 is 0.922413
2018-07-21 22:17:24,907 INFO 0.013<=R2<=0.019 is True, low_price<open_price-R*0.12 is False
2018-07-21 22:17:24,908 INFO low_price is 0.92255, open_price-R*0.12 is 0.921423
2018-07-21 22:17:24,909 INFO 0.013<=R2<=0.019 is True, low_price<open_price-R*0.12 is False
2018-07-21 22:17:24,910 INFO low_price is 0.92236, open_price-R*0.12 is 0.921078
2018-07-21 22:17:24,911 INFO 0.013<=R2<=0.019 is True, low_price<open_price-R*0.12 is False
2018-07-21 22:17:24,912 INFO low_price is 0.9246000000000001, open_price-R*0.12 is 0.9232496000000001
2018-07-21 22:17:24,913 INFO 0.013<=R2<=0.019 is True, low_price<open_price-R*0.12 is False
2018-07-21 22:17:24,913 INFO low_price is 0.923735, open_price-R*0.12 is 0.9225967999999999
2018-07-21 22:17:24,914 INFO 0.013<=R2<=0.019 is True, low_price<open_price-R*0.12 is False
2018-07-21 22:17:24,914 INFO low_price is 0.9265699999999999, open_price-R*0.12 is 0.9246667999999999
2018-07-21 22:17:24,914 INFO 0.013<=R2<=0.019 is True, low_price<open_price-R*0.12 is False
2018-07-21 22:17:24,915 INFO low_price is 0.9273, open_price-R*0.12 is 0.9258917999999999
2018-07-21 22:17:24,915 INFO 0.013<=R2<=0.019 is True, low_price<open_price-R*0.12 is False
2018-07-21 22:17:24,915 INFO low_price is 0.93035, open_price-R*0.12 is 0.9287717999999999
2018-07-21 22:17:24,916 INFO 0.013<=R2<=0.019 is True, low_price<open_price-R*0.12 is False
2018-07-21 22:17:24,916 INFO low_price is 0.930515, open_price-R*0.12 is 0.9292448
2018-07-21 22:17:24,916 INFO 0.013<=R2<=0.019 is True, low_price<open_price-R*0.12 is False
2018-07-21 22:17:24,916 INFO low_price is 0.93184, open_price-R*0.12 is 0.9312839999999999
2018-07-21 22:17:24,917 INFO 0.013<=R2<=0.019 is True, low_price<open_price-R*0.12 is False
2018-07-21 22:17:24,917 INFO low_price is 0.93285, open_price-R*0.12 is 0.9327124
2018-07-21 22:17:24,917 INFO 0.013<=R2<=0.019 is True, low_price<open_price-R*0.12 is False
2018-07-21 22:17:24,918 INFO low_price is 0.93448, open_price-R*0.12 is 0.933161
2018-07-21 22:17:24,918 INFO 0.013<=R2<=0.019 is True, low_price<open_price-R*0.12 is False
2018-07-21 22:17:24,918 INFO low_price is 0.9344349999999999, open_price-R*0.12 is 0.9335129999999999
2018-07-21 22:17:24,918 INFO 0.013<=R2<=0.019 is True, low_price<open_price-R*0.12 is False
2018-07-21 22:17:24,919 INFO low_price is 0.93364, open_price-R*0.12 is 0.932923
2018-07-21 22:17:24,920 INFO 0.013<=R2<=0.019 is True, low_price<open_price-R*0.12 is False
2018-07-21 22:17:24,920 INFO low_price is 0.933235, open_price-R*0.12 is 0.9322465999999999
2018-07-21 22:17:24,921 INFO 0.013<=R2<=0.019 is True, low_price<open_price-R*0.12 is False
2018-07-21 22:17:24,921 INFO low_price is 0.931055, open_price-R*0.12 is 0.9294216
2018-07-21 22:17:24,921 INFO 0.013<=R2<=0.019 is True, low_price<open_price-R*0.12 is False
2018-07-21 22:17:24,921 INFO low_price is 0.93191, open_price-R*0.12 is 0.9305716
2018-07-21 22:17:24,922 INFO 0.013<=R2<=0.019 is True, low_price<open_price-R*0.12 is False
2018-07-21 22:17:24,922 INFO low_price is 0.9323349999999999, open_price-R*0.12 is 0.9311816
2018-07-21 22:17:24,922 INFO 0.013<=R2<=0.019 is True, low_price<open_price-R*0.12 is True
2018-07-21 22:17:24,922 INFO low_price is 0.930695, open_price-R*0.12 is 0.9323617999999999
2018-07-21 22:17:24,923 INFO 0.013<=R2<=0.019 is True, low_price<open_price-R*0.12 is False
2018-07-21 22:17:24,923 INFO low_price is 0.9285049999999999, open_price-R*0.12 is 0.9283094000000001
2018-07-21 22:17:24,923 INFO 0.013<=R2<=0.019 is True, low_price<open_price-R*0.12 is True
2018-07-21 22:17:24,923 INFO low_price is 0.92885, open_price-R*0.12 is 0.9290654
2018-07-21 22:17:24,924 INFO 0.013<=R2<=0.019 is True, low_price<open_price-R*0.12 is False
2018-07-21 22:17:24,924 INFO low_price is 0.9304399999999999, open_price-R*0.12 is 0.930344
2018-07-21 22:17:24,924 INFO 0.013<=R2<=0.019 is False, low_price<open_price-R*0.12 is True
2018-07-21 22:17:24,924 INFO low_price is 0.923135, open_price-R*0.12 is 0.924079
2018-07-21 22:17:24,925 INFO 0.013<=R2<=0.019 is False, low_price<open_price-R*0.12 is False
2018-07-21 22:17:24,926 INFO low_price is 0.923835, open_price-R*0.12 is 0.923499
2018-07-21 22:17:24,927 INFO 0.013<=R2<=0.019 is True, low_price<open_price-R*0.12 is False
2018-07-21 22:17:24,929 INFO low_price is 0.9203950000000001, open_price-R*0.12 is 0.9192996
2018-07-21 22:17:24,929 INFO 0.013<=R2<=0.019 is True, low_price<open_price-R*0.12 is False
2018-07-21 22:17:24,929 INFO low_price is 0.91826, open_price-R*0.12 is 0.9176496
2018-07-21 22:17:24,930 INFO 0.013<=R2<=0.019 is True, low_price<open_price-R*0.12 is False
2018-07-21 22:17:24,930 INFO low_price is 0.9157649999999999, open_price-R*0.12 is 0.9144578
2018-07-21 22:17:24,930 INFO 0.013<=R2<=0.019 is True, low_price<open_price-R*0.12 is False
2018-07-21 22:17:24,931 INFO low_price is 0.916145, open_price-R*0.12 is 0.9152252
2018-07-21 22:17:24,931 INFO 0.013<=R2<=0.019 is False, low_price<open_price-R*0.12 is False
2018-07-21 22:17:24,931 INFO low_price is 0.91776, open_price-R*0.12 is 0.9160408000000001
2018-07-21 22:17:24,932 INFO 0.013<=R2<=0.019 is False, low_price<open_price-R*0.12 is False
2018-07-21 22:17:24,932 INFO low_price is 0.91934, open_price-R*0.12 is 0.9173958
2018-07-21 22:17:24,932 INFO 0.013<=R2<=0.019 is False, low_price<open_price-R*0.12 is False
2018-07-21 22:17:24,933 INFO low_price is 0.923775, open_price-R*0.12 is 0.9215057999999999
2018-07-21 22:17:24,933 INFO 0.013<=R2<=0.019 is False, low_price<open_price-R*0.12 is False
2018-07-21 22:17:24,933 INFO low_price is 0.929445, open_price-R*0.12 is 0.9274707999999999
2018-07-21 22:17:24,934 INFO 0.013<=R2<=0.019 is False, low_price<open_price-R*0.12 is False
2018-07-21 22:17:24,934 INFO low_price is 0.931445, open_price-R*0.12 is 0.9297842000000001
2018-07-21 22:17:24,934 INFO 0.013<=R2<=0.019 is False, low_price<open_price-R*0.12 is False
2018-07-21 22:17:24,934 INFO low_price is 0.928945, open_price-R*0.12 is 0.9287342000000001
2018-07-21 22:17:24,935 INFO 0.013<=R2<=0.019 is False, low_price<open_price-R*0.12 is True
2018-07-21 22:17:24,935 INFO low_price is 0.926365, open_price-R*0.12 is 0.9267098
2018-07-21 22:17:24,935 INFO 0.013<=R2<=0.019 is False, low_price<open_price-R*0.12 is False
2018-07-21 22:17:24,935 INFO low_price is 0.92591, open_price-R*0.12 is 0.9254847999999999
2018-07-21 22:17:24,936 INFO 0.013<=R2<=0.019 is False, low_price<open_price-R*0.12 is False
2018-07-21 22:17:24,936 INFO low_price is 0.925655, open_price-R*0.12 is 0.9245298
2018-07-21 22:17:24,936 INFO 0.013<=R2<=0.019 is False, low_price<open_price-R*0.12 is False
2018-07-21 22:17:24,936 INFO low_price is 0.92466, open_price-R*0.12 is 0.9233048
2018-07-21 22:17:24,937 INFO 0.013<=R2<=0.019 is True, low_price<open_price-R*0.12 is False
2018-07-21 22:17:24,937 INFO low_price is 0.92616, open_price-R*0.12 is 0.9245548
2018-07-21 22:17:24,938 INFO 0.013<=R2<=0.019 is True, low_price<open_price-R*0.12 is False
2018-07-21 22:17:24,938 INFO low_price is 0.925045, open_price-R*0.12 is 0.9240098
2018-07-21 22:17:24,938 INFO 0.013<=R2<=0.019 is True, low_price<open_price-R*0.12 is False
2018-07-21 22:17:24,939 INFO low_price is 0.922745, open_price-R*0.12 is 0.9216254
2018-07-21 22:17:24,939 INFO 0.013<=R2<=0.019 is True, low_price<open_price-R*0.12 is False
2018-07-21 22:17:24,939 INFO low_price is 0.9239999999999999, open_price-R*0.12 is 0.9226141999999999
2018-07-21 22:17:24,940 INFO 0.013<=R2<=0.019 is True, low_price<open_price-R*0.12 is True
2018-07-21 22:17:24,940 INFO low_price is 0.923735, open_price-R*0.12 is 0.9239638
2018-07-21 22:17:24,942 INFO 0.013<=R2<=0.019 is True, low_price<open_price-R*0.12 is True
2018-07-21 22:17:24,942 INFO low_price is 0.921035, open_price-R*0.12 is 0.9231623999999999
2018-07-21 22:17:24,943 INFO 0.013<=R2<=0.019 is True, low_price<open_price-R*0.12 is False
2018-07-21 22:17:24,943 INFO low_price is 0.9184, open_price-R*0.12 is 0.9180573999999999
2018-07-21 22:17:24,945 INFO 0.013<=R2<=0.019 is True, low_price<open_price-R*0.12 is False
2018-07-21 22:17:24,945 INFO low_price is 0.91998, open_price-R*0.12 is 0.9186871999999999
2018-07-21 22:17:24,946 INFO 0.013<=R2<=0.019 is True, low_price<open_price-R*0.12 is True
2018-07-21 22:17:24,946 INFO low_price is 0.91711, open_price-R*0.12 is 0.9171210000000001
2018-07-21 22:17:24,947 INFO 0.013<=R2<=0.019 is True, low_price<open_price-R*0.12 is False
2018-07-21 22:17:24,947 INFO low_price is 0.9226099999999999, open_price-R*0.12 is 0.9211978
2018-07-21 22:17:24,947 INFO 0.013<=R2<=0.019 is True, low_price<open_price-R*0.12 is False
2018-07-21 22:17:24,948 INFO low_price is 0.926695, open_price-R*0.12 is 0.9250948
2018-07-21 22:17:24,948 INFO 0.013<=R2<=0.019 is True, low_price<open_price-R*0.12 is False
2018-07-21 22:17:24,948 INFO low_price is 0.92575, open_price-R*0.12 is 0.9242947999999999
2018-07-21 22:17:24,949 INFO 0.013<=R2<=0.019 is True, low_price<open_price-R*0.12 is False
2018-07-21 22:17:24,949 INFO low_price is 0.9275599999999999, open_price-R*0.12 is 0.9262198
2018-07-21 22:17:24,949 INFO 0.013<=R2<=0.019 is True, low_price<open_price-R*0.12 is False
2018-07-21 22:17:24,950 INFO low_price is 0.927155, open_price-R*0.12 is 0.9266998
2018-07-21 22:17:24,950 INFO 0.013<=R2<=0.019 is True, low_price<open_price-R*0.12 is False
2018-07-21 22:17:24,950 INFO low_price is 0.927125, open_price-R*0.12 is 0.9261798
2018-07-21 22:17:24,951 INFO 0.013<=R2<=0.019 is True, low_price<open_price-R*0.12 is False
2018-07-21 22:17:24,951 INFO low_price is 0.9258649999999999, open_price-R*0.12 is 0.9254441999999999
2018-07-21 22:17:24,952 INFO 0.013<=R2<=0.019 is True, low_price<open_price-R*0.12 is False
2018-07-21 22:17:24,952 INFO low_price is 0.9257200000000001, open_price-R*0.12 is 0.9244818
2018-07-21 22:17:24,952 INFO 0.013<=R2<=0.019 is True, low_price<open_price-R*0.12 is False
2018-07-21 22:17:24,952 INFO low_price is 0.9258850000000001, open_price-R*0.12 is 0.9257918
2018-07-21 22:17:24,953 INFO 0.013<=R2<=0.019 is True, low_price<open_price-R*0.12 is False
2018-07-21 22:17:24,953 INFO low_price is 0.92436, open_price-R*0.12 is 0.9232218
2018-07-21 22:17:24,954 INFO 0.013<=R2<=0.019 is True, low_price<open_price-R*0.12 is False
2018-07-21 22:17:24,954 INFO low_price is 0.9232450000000001, open_price-R*0.12 is 0.9222918000000001
2018-07-21 22:17:24,954 INFO 0.013<=R2<=0.019 is True, low_price<open_price-R*0.12 is False
2018-07-21 22:17:24,954 INFO low_price is 0.921445, open_price-R*0.12 is 0.9207018
2018-07-21 22:17:24,955 INFO 0.013<=R2<=0.019 is True, low_price<open_price-R*0.12 is False
2018-07-21 22:17:24,955 INFO low_price is 0.915755, open_price-R*0.12 is 0.9151218
2018-07-21 22:17:24,955 INFO 0.013<=R2<=0.019 is True, low_price<open_price-R*0.12 is False
2018-07-21 22:17:24,955 INFO low_price is 0.913555, open_price-R*0.12 is 0.9132319999999999
2018-07-21 22:17:24,956 INFO 0.013<=R2<=0.019 is True, low_price<open_price-R*0.12 is False
2018-07-21 22:17:24,956 INFO low_price is 0.914945, open_price-R*0.12 is 0.9130892
2018-07-21 22:17:24,956 INFO 0.013<=R2<=0.019 is True, low_price<open_price-R*0.12 is False
2018-07-21 22:17:24,956 INFO low_price is 0.918445, open_price-R*0.12 is 0.9167452
2018-07-21 22:17:24,957 INFO 0.013<=R2<=0.019 is True, low_price<open_price-R*0.12 is False
2018-07-21 22:17:24,957 INFO low_price is 0.9156599999999999, open_price-R*0.12 is 0.9147452
2018-07-21 22:17:24,957 INFO 0.013<=R2<=0.019 is True, low_price<open_price-R*0.12 is False
2018-07-21 22:17:24,957 INFO low_price is 0.918345, open_price-R*0.12 is 0.9169001999999999
2018-07-21 22:17:24,958 INFO 0.013<=R2<=0.019 is True, low_price<open_price-R*0.12 is False
2018-07-21 22:17:24,958 INFO low_price is 0.919975, open_price-R*0.12 is 0.9197852
2018-07-21 22:17:24,959 INFO 0.013<=R2<=0.019 is True, low_price<open_price-R*0.12 is False
2018-07-21 22:17:24,959 INFO low_price is 0.922895, open_price-R*0.12 is 0.9213558000000001
2018-07-21 22:17:24,960 INFO 0.013<=R2<=0.019 is True, low_price<open_price-R*0.12 is False
2018-07-21 22:17:24,961 INFO low_price is 0.922275, open_price-R*0.12 is 0.9215106
2018-07-21 22:17:24,962 INFO 0.013<=R2<=0.019 is True, low_price<open_price-R*0.12 is False
2018-07-21 22:17:24,963 INFO low_price is 0.92291, open_price-R*0.12 is 0.9214606000000001
2018-07-21 22:17:24,963 INFO 0.013<=R2<=0.019 is True, low_price<open_price-R*0.12 is False
2018-07-21 22:17:24,963 INFO low_price is 0.9245650000000001, open_price-R*0.12 is 0.9235748
2018-07-21 22:17:24,964 INFO 0.013<=R2<=0.019 is True, low_price<open_price-R*0.12 is False
2018-07-21 22:17:24,964 INFO low_price is 0.92737, open_price-R*0.12 is 0.9261148
2018-07-21 22:17:24,965 INFO 0.013<=R2<=0.019 is True, low_price<open_price-R*0.12 is True
2018-07-21 22:17:24,965 INFO low_price is 0.925725, open_price-R*0.12 is 0.9258520000000001
2018-07-21 22:17:24,965 INFO 0.013<=R2<=0.019 is True, low_price<open_price-R*0.12 is False
2018-07-21 22:17:24,966 INFO low_price is 0.9261699999999999, open_price-R*0.12 is 0.9256968
2018-07-21 22:17:24,966 INFO 0.013<=R2<=0.019 is True, low_price<open_price-R*0.12 is False
2018-07-21 22:17:24,966 INFO low_price is 0.927035, open_price-R*0.12 is 0.9260967999999999
